2021-10-28 21:06:45,131 ERROR [http-nio-8080-exec-1] c.z.h.p.HikariPool [HikariPool.java:574] HikariPool-1 - Exception during pool initialization.
java.sql.SQLNonTransientConnectionException: Public Key Retrieval is not allowed
	at com.mysql.cj.jdbc.exceptions.SQLError.createSQLException(SQLError.java:110)
	at com.mysql.cj.jdbc.exceptions.SQLError.createSQLException(SQLError.java:97)
	at com.mysql.cj.jdbc.exceptions.SQLExceptionsMapping.translateException(SQLExceptionsMapping.java:122)
	at com.mysql.cj.jdbc.ConnectionImpl.createNewIO(ConnectionImpl.java:835)
	at com.mysql.cj.jdbc.ConnectionImpl.<init>(ConnectionImpl.java:455)
	at com.mysql.cj.jdbc.ConnectionImpl.getInstance(ConnectionImpl.java:240)
	at com.mysql.cj.jdbc.NonRegisteringDriver.connect(NonRegisteringDriver.java:199)
	at com.zaxxer.hikari.util.DriverDataSource.getConnection(DriverDataSource.java:136)
	at com.zaxxer.hikari.pool.PoolBase.newConnection(PoolBase.java:369)
	at com.zaxxer.hikari.pool.PoolBase.newPoolEntry(PoolBase.java:198)
	at com.zaxxer.hikari.pool.HikariPool.createPoolEntry(HikariPool.java:467)
	at com.zaxxer.hikari.pool.HikariPool.checkFailFast(HikariPool.java:541)
	at com.zaxxer.hikari.pool.HikariPool.<init>(HikariPool.java:115)
	at com.zaxxer.hikari.HikariDataSource.getConnection(HikariDataSource.java:112)
	at org.springframework.jdbc.datasource.DataSourceUtils.fetchConnection(DataSourceUtils.java:157)
	at org.springframework.jdbc.datasource.DataSourceUtils.doGetConnection(DataSourceUtils.java:115)
	at org.springframework.jdbc.datasource.DataSourceUtils.getConnection(DataSourceUtils.java:78)
	at org.mybatis.spring.transaction.SpringManagedTransaction.openConnection(SpringManagedTransaction.java:82)
	at org.mybatis.spring.transaction.SpringManagedTransaction.getConnection(SpringManagedTransaction.java:68)
	at org.apache.ibatis.executor.BaseExecutor.getConnection(BaseExecutor.java:336)
	at org.apache.ibatis.executor.SimpleExecutor.prepareStatement(SimpleExecutor.java:85)
	at org.apache.ibatis.executor.SimpleExecutor.doQuery(SimpleExecutor.java:62)
	at org.apache.ibatis.executor.BaseExecutor.queryFromDatabase(BaseExecutor.java:324)
	at org.apache.ibatis.executor.BaseExecutor.query(BaseExecutor.java:156)
	at org.apache.ibatis.executor.CachingExecutor.query(CachingExecutor.java:109)
	at org.apache.ibatis.executor.CachingExecutor.query(CachingExecutor.java:83)
	at org.apache.ibatis.session.defaults.DefaultSqlSession.selectList(DefaultSqlSession.java:147)
	at org.apache.ibatis.session.defaults.DefaultSqlSession.selectList(DefaultSqlSession.java:140)
	at org.apache.ibatis.session.defaults.DefaultSqlSession.selectOne(DefaultSqlSession.java:76)
	at java.base/jdk.internal.reflect.NativeMethodAccessorImpl.invoke0(Native Method)
	at java.base/jdk.internal.reflect.NativeMethodAccessorImpl.invoke(NativeMethodAccessorImpl.java:62)
	at java.base/jdk.internal.reflect.DelegatingMethodAccessorImpl.invoke(DelegatingMethodAccessorImpl.java:43)
	at java.base/java.lang.reflect.Method.invoke(Method.java:567)
	at org.mybatis.spring.SqlSessionTemplate$SqlSessionInterceptor.invoke(SqlSessionTemplate.java:433)
	at com.sun.proxy.$Proxy76.selectOne(Unknown Source)
	at org.mybatis.spring.SqlSessionTemplate.selectOne(SqlSessionTemplate.java:166)
	at org.apache.ibatis.binding.MapperMethod.execute(MapperMethod.java:87)
	at org.apache.ibatis.binding.MapperProxy.invoke(MapperProxy.java:58)
	at com.sun.proxy.$Proxy89.selectDiscussPostRows(Unknown Source)
	at java.base/jdk.internal.reflect.NativeMethodAccessorImpl.invoke0(Native Method)
	at java.base/jdk.internal.reflect.NativeMethodAccessorImpl.invoke(NativeMethodAccessorImpl.java:62)
	at java.base/jdk.internal.reflect.DelegatingMethodAccessorImpl.invoke(DelegatingMethodAccessorImpl.java:43)
	at java.base/java.lang.reflect.Method.invoke(Method.java:567)
	at org.springframework.aop.support.AopUtils.invokeJoinpointUsingReflection(AopUtils.java:343)
	at org.springframework.aop.framework.ReflectiveMethodInvocation.invokeJoinpoint(ReflectiveMethodInvocation.java:198)
	at org.springframework.aop.framework.ReflectiveMethodInvocation.proceed(ReflectiveMethodInvocation.java:163)
	at org.springframework.dao.support.PersistenceExceptionTranslationInterceptor.invoke(PersistenceExceptionTranslationInterceptor.java:139)
	at org.springframework.aop.framework.ReflectiveMethodInvocation.proceed(ReflectiveMethodInvocation.java:186)
	at org.springframework.aop.framework.JdkDynamicAopProxy.invoke(JdkDynamicAopProxy.java:212)
	at com.sun.proxy.$Proxy90.selectDiscussPostRows(Unknown Source)
	at com.nowcoder.community.service.DiscussPostService.findDiscussPostRows(DiscussPostService.java:26)
	at com.nowcoder.community.service.DiscussPostService$$FastClassBySpringCGLIB$$438c48e5.invoke(<generated>)
	at org.springframework.cglib.proxy.MethodProxy.invoke(MethodProxy.java:218)
	at org.springframework.aop.framework.CglibAopProxy$CglibMethodInvocation.invokeJoinpoint(CglibAopProxy.java:749)
	at org.springframework.aop.framework.ReflectiveMethodInvocation.proceed(ReflectiveMethodInvocation.java:163)
	at org.springframework.aop.framework.adapter.MethodBeforeAdviceInterceptor.invoke(MethodBeforeAdviceInterceptor.java:56)
	at org.springframework.aop.framework.ReflectiveMethodInvocation.proceed(ReflectiveMethodInvocation.java:186)
	at org.springframework.aop.interceptor.ExposeInvocationInterceptor.invoke(ExposeInvocationInterceptor.java:93)
	at org.springframework.aop.framework.ReflectiveMethodInvocation.proceed(ReflectiveMethodInvocation.java:186)
	at org.springframework.aop.framework.CglibAopProxy$DynamicAdvisedInterceptor.intercept(CglibAopProxy.java:688)
	at com.nowcoder.community.service.DiscussPostService$$EnhancerBySpringCGLIB$$ed277f48.findDiscussPostRows(<generated>)
	at com.nowcoder.community.controller.HomeController.getIndexPage(HomeController.java:37)
	at java.base/jdk.internal.reflect.NativeMethodAccessorImpl.invoke0(Native Method)
	at java.base/jdk.internal.reflect.NativeMethodAccessorImpl.invoke(NativeMethodAccessorImpl.java:62)
	at java.base/jdk.internal.reflect.DelegatingMethodAccessorImpl.invoke(DelegatingMethodAccessorImpl.java:43)
	at java.base/java.lang.reflect.Method.invoke(Method.java:567)
	at org.springframework.web.method.support.InvocableHandlerMethod.doInvoke(InvocableHandlerMethod.java:190)
	at org.springframework.web.method.support.InvocableHandlerMethod.invokeForRequest(InvocableHandlerMethod.java:138)
	at org.springframework.web.servlet.mvc.method.annotation.ServletInvocableHandlerMethod.invokeAndHandle(ServletInvocableHandlerMethod.java:104)
	at org.springframework.web.servlet.mvc.method.annotation.RequestMappingHandlerAdapter.invokeHandlerMethod(RequestMappingHandlerAdapter.java:892)
	at org.springframework.web.servlet.mvc.method.annotation.RequestMappingHandlerAdapter.handleInternal(RequestMappingHandlerAdapter.java:797)
	at org.springframework.web.servlet.mvc.method.AbstractHandlerMethodAdapter.handle(AbstractHandlerMethodAdapter.java:87)
	at org.springframework.web.servlet.DispatcherServlet.doDispatch(DispatcherServlet.java:1039)
	at org.springframework.web.servlet.DispatcherServlet.doService(DispatcherServlet.java:942)
	at org.springframework.web.servlet.FrameworkServlet.processRequest(FrameworkServlet.java:1005)
	at org.springframework.web.servlet.FrameworkServlet.doGet(FrameworkServlet.java:897)
	at javax.servlet.http.HttpServlet.service(HttpServlet.java:634)
	at org.springframework.web.servlet.FrameworkServlet.service(FrameworkServlet.java:882)
	at javax.servlet.http.HttpServlet.service(HttpServlet.java:741)
	at org.apache.catalina.core.ApplicationFilterChain.internalDoFilter(ApplicationFilterChain.java:231)
	at org.apache.catalina.core.ApplicationFilterChain.doFilter(ApplicationFilterChain.java:166)
	at org.apache.tomcat.websocket.server.WsFilter.doFilter(WsFilter.java:53)
	at org.apache.catalina.core.ApplicationFilterChain.internalDoFilter(ApplicationFilterChain.java:193)
	at org.apache.catalina.core.ApplicationFilterChain.doFilter(ApplicationFilterChain.java:166)
	at org.springframework.web.filter.RequestContextFilter.doFilterInternal(RequestContextFilter.java:99)
	at org.springframework.web.filter.OncePerRequestFilter.doFilter(OncePerRequestFilter.java:107)
	at org.apache.catalina.core.ApplicationFilterChain.internalDoFilter(ApplicationFilterChain.java:193)
	at org.apache.catalina.core.ApplicationFilterChain.doFilter(ApplicationFilterChain.java:166)
	at org.springframework.web.filter.FormContentFilter.doFilterInternal(FormContentFilter.java:92)
	at org.springframework.web.filter.OncePerRequestFilter.doFilter(OncePerRequestFilter.java:107)
	at org.apache.catalina.core.ApplicationFilterChain.internalDoFilter(ApplicationFilterChain.java:193)
	at org.apache.catalina.core.ApplicationFilterChain.doFilter(ApplicationFilterChain.java:166)
	at org.springframework.web.filter.HiddenHttpMethodFilter.doFilterInternal(HiddenHttpMethodFilter.java:93)
	at org.springframework.web.filter.OncePerRequestFilter.doFilter(OncePerRequestFilter.java:107)
	at org.apache.catalina.core.ApplicationFilterChain.internalDoFilter(ApplicationFilterChain.java:193)
	at org.apache.catalina.core.ApplicationFilterChain.doFilter(ApplicationFilterChain.java:166)
	at org.springframework.web.filter.CharacterEncodingFilter.doFilterInternal(CharacterEncodingFilter.java:200)
	at org.springframework.web.filter.OncePerRequestFilter.doFilter(OncePerRequestFilter.java:107)
	at org.apache.catalina.core.ApplicationFilterChain.internalDoFilter(ApplicationFilterChain.java:193)
	at org.apache.catalina.core.ApplicationFilterChain.doFilter(ApplicationFilterChain.java:166)
	at org.apache.catalina.core.StandardWrapperValve.invoke(StandardWrapperValve.java:200)
	at org.apache.catalina.core.StandardContextValve.invoke(StandardContextValve.java:96)
	at org.apache.catalina.authenticator.AuthenticatorBase.invoke(AuthenticatorBase.java:490)
	at org.apache.catalina.core.StandardHostValve.invoke(StandardHostValve.java:139)
	at org.apache.catalina.valves.ErrorReportValve.invoke(ErrorReportValve.java:92)
	at org.apache.catalina.core.StandardEngineValve.invoke(StandardEngineValve.java:74)
	at org.apache.catalina.connector.CoyoteAdapter.service(CoyoteAdapter.java:343)
	at org.apache.coyote.http11.Http11Processor.service(Http11Processor.java:408)
	at org.apache.coyote.AbstractProcessorLight.process(AbstractProcessorLight.java:66)
	at org.apache.coyote.AbstractProtocol$ConnectionHandler.process(AbstractProtocol.java:836)
	at org.apache.tomcat.util.net.NioEndpoint$SocketProcessor.doRun(NioEndpoint.java:1747)
	at org.apache.tomcat.util.net.SocketProcessorBase.run(SocketProcessorBase.java:49)
	at java.base/java.util.concurrent.ThreadPoolExecutor.runWorker(ThreadPoolExecutor.java:1128)
	at java.base/java.util.concurrent.ThreadPoolExecutor$Worker.run(ThreadPoolExecutor.java:628)
	at org.apache.tomcat.util.threads.TaskThread$WrappingRunnable.run(TaskThread.java:61)
	at java.base/java.lang.Thread.run(Thread.java:835)
2021-10-28 21:06:45,142 ERROR [http-nio-8080-exec-1] c.n.c.c.a.ExceptionAdvice [ExceptionAdvice.java:20] 服务器发生异常: nested exception is org.apache.ibatis.exceptions.PersistenceException: 
### Error querying database.  Cause: org.springframework.jdbc.CannotGetJdbcConnectionException: Failed to obtain JDBC Connection; nested exception is java.sql.SQLNonTransientConnectionException: Public Key Retrieval is not allowed
### The error may exist in file [D:\CSLearning\ideaProjects\community\target\classes\mapper\discusspost-mapper.xml]
### The error may involve com.nowcoder.community.dao.DiscussPostMapper.selectDiscussPostRows
### The error occurred while executing a query
### Cause: org.springframework.jdbc.CannotGetJdbcConnectionException: Failed to obtain JDBC Connection; nested exception is java.sql.SQLNonTransientConnectionException: Public Key Retrieval is not allowed
2021-10-28 21:06:45,142 ERROR [http-nio-8080-exec-1] c.n.c.c.a.ExceptionAdvice [ExceptionAdvice.java:22] org.mybatis.spring.MyBatisExceptionTranslator.translateExceptionIfPossible(MyBatisExceptionTranslator.java:77)
2021-10-28 21:06:45,142 ERROR [http-nio-8080-exec-1] c.n.c.c.a.ExceptionAdvice [ExceptionAdvice.java:22] org.mybatis.spring.SqlSessionTemplate$SqlSessionInterceptor.invoke(SqlSessionTemplate.java:446)
2021-10-28 21:06:45,142 ERROR [http-nio-8080-exec-1] c.n.c.c.a.ExceptionAdvice [ExceptionAdvice.java:22] com.sun.proxy.$Proxy76.selectOne(Unknown Source)
2021-10-28 21:06:45,143 ERROR [http-nio-8080-exec-1] c.n.c.c.a.ExceptionAdvice [ExceptionAdvice.java:22] org.mybatis.spring.SqlSessionTemplate.selectOne(SqlSessionTemplate.java:166)
2021-10-28 21:06:45,143 ERROR [http-nio-8080-exec-1] c.n.c.c.a.ExceptionAdvice [ExceptionAdvice.java:22] org.apache.ibatis.binding.MapperMethod.execute(MapperMethod.java:87)
2021-10-28 21:06:45,143 ERROR [http-nio-8080-exec-1] c.n.c.c.a.ExceptionAdvice [ExceptionAdvice.java:22] org.apache.ibatis.binding.MapperProxy.invoke(MapperProxy.java:58)
2021-10-28 21:06:45,143 ERROR [http-nio-8080-exec-1] c.n.c.c.a.ExceptionAdvice [ExceptionAdvice.java:22] com.sun.proxy.$Proxy89.selectDiscussPostRows(Unknown Source)
2021-10-28 21:06:45,143 ERROR [http-nio-8080-exec-1] c.n.c.c.a.ExceptionAdvice [ExceptionAdvice.java:22] java.base/jdk.internal.reflect.NativeMethodAccessorImpl.invoke0(Native Method)
2021-10-28 21:06:45,143 ERROR [http-nio-8080-exec-1] c.n.c.c.a.ExceptionAdvice [ExceptionAdvice.java:22] java.base/jdk.internal.reflect.NativeMethodAccessorImpl.invoke(NativeMethodAccessorImpl.java:62)
2021-10-28 21:06:45,144 ERROR [http-nio-8080-exec-1] c.n.c.c.a.ExceptionAdvice [ExceptionAdvice.java:22] java.base/jdk.internal.reflect.DelegatingMethodAccessorImpl.invoke(DelegatingMethodAccessorImpl.java:43)
2021-10-28 21:06:45,144 ERROR [http-nio-8080-exec-1] c.n.c.c.a.ExceptionAdvice [ExceptionAdvice.java:22] java.base/java.lang.reflect.Method.invoke(Method.java:567)
2021-10-28 21:06:45,144 ERROR [http-nio-8080-exec-1] c.n.c.c.a.ExceptionAdvice [ExceptionAdvice.java:22] org.springframework.aop.support.AopUtils.invokeJoinpointUsingReflection(AopUtils.java:343)
2021-10-28 21:06:45,144 ERROR [http-nio-8080-exec-1] c.n.c.c.a.ExceptionAdvice [ExceptionAdvice.java:22] org.springframework.aop.framework.ReflectiveMethodInvocation.invokeJoinpoint(ReflectiveMethodInvocation.java:198)
2021-10-28 21:06:45,144 ERROR [http-nio-8080-exec-1] c.n.c.c.a.ExceptionAdvice [ExceptionAdvice.java:22] org.springframework.aop.framework.ReflectiveMethodInvocation.proceed(ReflectiveMethodInvocation.java:163)
2021-10-28 21:06:45,144 ERROR [http-nio-8080-exec-1] c.n.c.c.a.ExceptionAdvice [ExceptionAdvice.java:22] org.springframework.dao.support.PersistenceExceptionTranslationInterceptor.invoke(PersistenceExceptionTranslationInterceptor.java:139)
2021-10-28 21:06:45,144 ERROR [http-nio-8080-exec-1] c.n.c.c.a.ExceptionAdvice [ExceptionAdvice.java:22] org.springframework.aop.framework.ReflectiveMethodInvocation.proceed(ReflectiveMethodInvocation.java:186)
2021-10-28 21:06:45,145 ERROR [http-nio-8080-exec-1] c.n.c.c.a.ExceptionAdvice [ExceptionAdvice.java:22] org.springframework.aop.framework.JdkDynamicAopProxy.invoke(JdkDynamicAopProxy.java:212)
2021-10-28 21:06:45,145 ERROR [http-nio-8080-exec-1] c.n.c.c.a.ExceptionAdvice [ExceptionAdvice.java:22] com.sun.proxy.$Proxy90.selectDiscussPostRows(Unknown Source)
2021-10-28 21:06:45,145 ERROR [http-nio-8080-exec-1] c.n.c.c.a.ExceptionAdvice [ExceptionAdvice.java:22] com.nowcoder.community.service.DiscussPostService.findDiscussPostRows(DiscussPostService.java:26)
2021-10-28 21:06:45,145 ERROR [http-nio-8080-exec-1] c.n.c.c.a.ExceptionAdvice [ExceptionAdvice.java:22] com.nowcoder.community.service.DiscussPostService$$FastClassBySpringCGLIB$$438c48e5.invoke(<generated>)
2021-10-28 21:06:45,145 ERROR [http-nio-8080-exec-1] c.n.c.c.a.ExceptionAdvice [ExceptionAdvice.java:22] org.springframework.cglib.proxy.MethodProxy.invoke(MethodProxy.java:218)
2021-10-28 21:06:45,145 ERROR [http-nio-8080-exec-1] c.n.c.c.a.ExceptionAdvice [ExceptionAdvice.java:22] org.springframework.aop.framework.CglibAopProxy$CglibMethodInvocation.invokeJoinpoint(CglibAopProxy.java:749)
2021-10-28 21:06:45,146 ERROR [http-nio-8080-exec-1] c.n.c.c.a.ExceptionAdvice [ExceptionAdvice.java:22] org.springframework.aop.framework.ReflectiveMethodInvocation.proceed(ReflectiveMethodInvocation.java:163)
2021-10-28 21:06:45,146 ERROR [http-nio-8080-exec-1] c.n.c.c.a.ExceptionAdvice [ExceptionAdvice.java:22] org.springframework.aop.framework.adapter.MethodBeforeAdviceInterceptor.invoke(MethodBeforeAdviceInterceptor.java:56)
2021-10-28 21:06:45,146 ERROR [http-nio-8080-exec-1] c.n.c.c.a.ExceptionAdvice [ExceptionAdvice.java:22] org.springframework.aop.framework.ReflectiveMethodInvocation.proceed(ReflectiveMethodInvocation.java:186)
2021-10-28 21:06:45,146 ERROR [http-nio-8080-exec-1] c.n.c.c.a.ExceptionAdvice [ExceptionAdvice.java:22] org.springframework.aop.interceptor.ExposeInvocationInterceptor.invoke(ExposeInvocationInterceptor.java:93)
2021-10-28 21:06:45,147 ERROR [http-nio-8080-exec-1] c.n.c.c.a.ExceptionAdvice [ExceptionAdvice.java:22] org.springframework.aop.framework.ReflectiveMethodInvocation.proceed(ReflectiveMethodInvocation.java:186)
2021-10-28 21:06:45,147 ERROR [http-nio-8080-exec-1] c.n.c.c.a.ExceptionAdvice [ExceptionAdvice.java:22] org.springframework.aop.framework.CglibAopProxy$DynamicAdvisedInterceptor.intercept(CglibAopProxy.java:688)
2021-10-28 21:06:45,147 ERROR [http-nio-8080-exec-1] c.n.c.c.a.ExceptionAdvice [ExceptionAdvice.java:22] com.nowcoder.community.service.DiscussPostService$$EnhancerBySpringCGLIB$$ed277f48.findDiscussPostRows(<generated>)
2021-10-28 21:06:45,147 ERROR [http-nio-8080-exec-1] c.n.c.c.a.ExceptionAdvice [ExceptionAdvice.java:22] com.nowcoder.community.controller.HomeController.getIndexPage(HomeController.java:37)
2021-10-28 21:06:45,147 ERROR [http-nio-8080-exec-1] c.n.c.c.a.ExceptionAdvice [ExceptionAdvice.java:22] java.base/jdk.internal.reflect.NativeMethodAccessorImpl.invoke0(Native Method)
2021-10-28 21:06:45,147 ERROR [http-nio-8080-exec-1] c.n.c.c.a.ExceptionAdvice [ExceptionAdvice.java:22] java.base/jdk.internal.reflect.NativeMethodAccessorImpl.invoke(NativeMethodAccessorImpl.java:62)
2021-10-28 21:06:45,148 ERROR [http-nio-8080-exec-1] c.n.c.c.a.ExceptionAdvice [ExceptionAdvice.java:22] java.base/jdk.internal.reflect.DelegatingMethodAccessorImpl.invoke(DelegatingMethodAccessorImpl.java:43)
2021-10-28 21:06:45,148 ERROR [http-nio-8080-exec-1] c.n.c.c.a.ExceptionAdvice [ExceptionAdvice.java:22] java.base/java.lang.reflect.Method.invoke(Method.java:567)
2021-10-28 21:06:45,148 ERROR [http-nio-8080-exec-1] c.n.c.c.a.ExceptionAdvice [ExceptionAdvice.java:22] org.springframework.web.method.support.InvocableHandlerMethod.doInvoke(InvocableHandlerMethod.java:190)
2021-10-28 21:06:45,148 ERROR [http-nio-8080-exec-1] c.n.c.c.a.ExceptionAdvice [ExceptionAdvice.java:22] org.springframework.web.method.support.InvocableHandlerMethod.invokeForRequest(InvocableHandlerMethod.java:138)
2021-10-28 21:06:45,149 ERROR [http-nio-8080-exec-1] c.n.c.c.a.ExceptionAdvice [ExceptionAdvice.java:22] org.springframework.web.servlet.mvc.method.annotation.ServletInvocableHandlerMethod.invokeAndHandle(ServletInvocableHandlerMethod.java:104)
2021-10-28 21:06:45,149 ERROR [http-nio-8080-exec-1] c.n.c.c.a.ExceptionAdvice [ExceptionAdvice.java:22] org.springframework.web.servlet.mvc.method.annotation.RequestMappingHandlerAdapter.invokeHandlerMethod(RequestMappingHandlerAdapter.java:892)
2021-10-28 21:06:45,149 ERROR [http-nio-8080-exec-1] c.n.c.c.a.ExceptionAdvice [ExceptionAdvice.java:22] org.springframework.web.servlet.mvc.method.annotation.RequestMappingHandlerAdapter.handleInternal(RequestMappingHandlerAdapter.java:797)
2021-10-28 21:06:45,150 ERROR [http-nio-8080-exec-1] c.n.c.c.a.ExceptionAdvice [ExceptionAdvice.java:22] org.springframework.web.servlet.mvc.method.AbstractHandlerMethodAdapter.handle(AbstractHandlerMethodAdapter.java:87)
2021-10-28 21:06:45,150 ERROR [http-nio-8080-exec-1] c.n.c.c.a.ExceptionAdvice [ExceptionAdvice.java:22] org.springframework.web.servlet.DispatcherServlet.doDispatch(DispatcherServlet.java:1039)
2021-10-28 21:06:45,150 ERROR [http-nio-8080-exec-1] c.n.c.c.a.ExceptionAdvice [ExceptionAdvice.java:22] org.springframework.web.servlet.DispatcherServlet.doService(DispatcherServlet.java:942)
2021-10-28 21:06:45,150 ERROR [http-nio-8080-exec-1] c.n.c.c.a.ExceptionAdvice [ExceptionAdvice.java:22] org.springframework.web.servlet.FrameworkServlet.processRequest(FrameworkServlet.java:1005)
2021-10-28 21:06:45,150 ERROR [http-nio-8080-exec-1] c.n.c.c.a.ExceptionAdvice [ExceptionAdvice.java:22] org.springframework.web.servlet.FrameworkServlet.doGet(FrameworkServlet.java:897)
2021-10-28 21:06:45,151 ERROR [http-nio-8080-exec-1] c.n.c.c.a.ExceptionAdvice [ExceptionAdvice.java:22] javax.servlet.http.HttpServlet.service(HttpServlet.java:634)
2021-10-28 21:06:45,151 ERROR [http-nio-8080-exec-1] c.n.c.c.a.ExceptionAdvice [ExceptionAdvice.java:22] org.springframework.web.servlet.FrameworkServlet.service(FrameworkServlet.java:882)
2021-10-28 21:06:45,151 ERROR [http-nio-8080-exec-1] c.n.c.c.a.ExceptionAdvice [ExceptionAdvice.java:22] javax.servlet.http.HttpServlet.service(HttpServlet.java:741)
2021-10-28 21:06:45,151 ERROR [http-nio-8080-exec-1] c.n.c.c.a.ExceptionAdvice [ExceptionAdvice.java:22] org.apache.catalina.core.ApplicationFilterChain.internalDoFilter(ApplicationFilterChain.java:231)
2021-10-28 21:06:45,151 ERROR [http-nio-8080-exec-1] c.n.c.c.a.ExceptionAdvice [ExceptionAdvice.java:22] org.apache.catalina.core.ApplicationFilterChain.doFilter(ApplicationFilterChain.java:166)
2021-10-28 21:06:45,151 ERROR [http-nio-8080-exec-1] c.n.c.c.a.ExceptionAdvice [ExceptionAdvice.java:22] org.apache.tomcat.websocket.server.WsFilter.doFilter(WsFilter.java:53)
2021-10-28 21:06:45,151 ERROR [http-nio-8080-exec-1] c.n.c.c.a.ExceptionAdvice [ExceptionAdvice.java:22] org.apache.catalina.core.ApplicationFilterChain.internalDoFilter(ApplicationFilterChain.java:193)
2021-10-28 21:06:45,151 ERROR [http-nio-8080-exec-1] c.n.c.c.a.ExceptionAdvice [ExceptionAdvice.java:22] org.apache.catalina.core.ApplicationFilterChain.doFilter(ApplicationFilterChain.java:166)
2021-10-28 21:06:45,151 ERROR [http-nio-8080-exec-1] c.n.c.c.a.ExceptionAdvice [ExceptionAdvice.java:22] org.springframework.web.filter.RequestContextFilter.doFilterInternal(RequestContextFilter.java:99)
2021-10-28 21:06:45,151 ERROR [http-nio-8080-exec-1] c.n.c.c.a.ExceptionAdvice [ExceptionAdvice.java:22] org.springframework.web.filter.OncePerRequestFilter.doFilter(OncePerRequestFilter.java:107)
2021-10-28 21:06:45,152 ERROR [http-nio-8080-exec-1] c.n.c.c.a.ExceptionAdvice [ExceptionAdvice.java:22] org.apache.catalina.core.ApplicationFilterChain.internalDoFilter(ApplicationFilterChain.java:193)
2021-10-28 21:06:45,152 ERROR [http-nio-8080-exec-1] c.n.c.c.a.ExceptionAdvice [ExceptionAdvice.java:22] org.apache.catalina.core.ApplicationFilterChain.doFilter(ApplicationFilterChain.java:166)
2021-10-28 21:06:45,152 ERROR [http-nio-8080-exec-1] c.n.c.c.a.ExceptionAdvice [ExceptionAdvice.java:22] org.springframework.web.filter.FormContentFilter.doFilterInternal(FormContentFilter.java:92)
2021-10-28 21:06:45,152 ERROR [http-nio-8080-exec-1] c.n.c.c.a.ExceptionAdvice [ExceptionAdvice.java:22] org.springframework.web.filter.OncePerRequestFilter.doFilter(OncePerRequestFilter.java:107)
2021-10-28 21:06:45,152 ERROR [http-nio-8080-exec-1] c.n.c.c.a.ExceptionAdvice [ExceptionAdvice.java:22] org.apache.catalina.core.ApplicationFilterChain.internalDoFilter(ApplicationFilterChain.java:193)
2021-10-28 21:06:45,152 ERROR [http-nio-8080-exec-1] c.n.c.c.a.ExceptionAdvice [ExceptionAdvice.java:22] org.apache.catalina.core.ApplicationFilterChain.doFilter(ApplicationFilterChain.java:166)
2021-10-28 21:06:45,152 ERROR [http-nio-8080-exec-1] c.n.c.c.a.ExceptionAdvice [ExceptionAdvice.java:22] org.springframework.web.filter.HiddenHttpMethodFilter.doFilterInternal(HiddenHttpMethodFilter.java:93)
2021-10-28 21:06:45,153 ERROR [http-nio-8080-exec-1] c.n.c.c.a.ExceptionAdvice [ExceptionAdvice.java:22] org.springframework.web.filter.OncePerRequestFilter.doFilter(OncePerRequestFilter.java:107)
2021-10-28 21:06:45,153 ERROR [http-nio-8080-exec-1] c.n.c.c.a.ExceptionAdvice [ExceptionAdvice.java:22] org.apache.catalina.core.ApplicationFilterChain.internalDoFilter(ApplicationFilterChain.java:193)
2021-10-28 21:06:45,153 ERROR [http-nio-8080-exec-1] c.n.c.c.a.ExceptionAdvice [ExceptionAdvice.java:22] org.apache.catalina.core.ApplicationFilterChain.doFilter(ApplicationFilterChain.java:166)
2021-10-28 21:06:45,153 ERROR [http-nio-8080-exec-1] c.n.c.c.a.ExceptionAdvice [ExceptionAdvice.java:22] org.springframework.web.filter.CharacterEncodingFilter.doFilterInternal(CharacterEncodingFilter.java:200)
2021-10-28 21:06:45,153 ERROR [http-nio-8080-exec-1] c.n.c.c.a.ExceptionAdvice [ExceptionAdvice.java:22] org.springframework.web.filter.OncePerRequestFilter.doFilter(OncePerRequestFilter.java:107)
2021-10-28 21:06:45,153 ERROR [http-nio-8080-exec-1] c.n.c.c.a.ExceptionAdvice [ExceptionAdvice.java:22] org.apache.catalina.core.ApplicationFilterChain.internalDoFilter(ApplicationFilterChain.java:193)
2021-10-28 21:06:45,153 ERROR [http-nio-8080-exec-1] c.n.c.c.a.ExceptionAdvice [ExceptionAdvice.java:22] org.apache.catalina.core.ApplicationFilterChain.doFilter(ApplicationFilterChain.java:166)
2021-10-28 21:06:45,153 ERROR [http-nio-8080-exec-1] c.n.c.c.a.ExceptionAdvice [ExceptionAdvice.java:22] org.apache.catalina.core.StandardWrapperValve.invoke(StandardWrapperValve.java:200)
2021-10-28 21:06:45,154 ERROR [http-nio-8080-exec-1] c.n.c.c.a.ExceptionAdvice [ExceptionAdvice.java:22] org.apache.catalina.core.StandardContextValve.invoke(StandardContextValve.java:96)
2021-10-28 21:06:45,154 ERROR [http-nio-8080-exec-1] c.n.c.c.a.ExceptionAdvice [ExceptionAdvice.java:22] org.apache.catalina.authenticator.AuthenticatorBase.invoke(AuthenticatorBase.java:490)
2021-10-28 21:06:45,154 ERROR [http-nio-8080-exec-1] c.n.c.c.a.ExceptionAdvice [ExceptionAdvice.java:22] org.apache.catalina.core.StandardHostValve.invoke(StandardHostValve.java:139)
2021-10-28 21:06:45,154 ERROR [http-nio-8080-exec-1] c.n.c.c.a.ExceptionAdvice [ExceptionAdvice.java:22] org.apache.catalina.valves.ErrorReportValve.invoke(ErrorReportValve.java:92)
2021-10-28 21:06:45,154 ERROR [http-nio-8080-exec-1] c.n.c.c.a.ExceptionAdvice [ExceptionAdvice.java:22] org.apache.catalina.core.StandardEngineValve.invoke(StandardEngineValve.java:74)
2021-10-28 21:06:45,154 ERROR [http-nio-8080-exec-1] c.n.c.c.a.ExceptionAdvice [ExceptionAdvice.java:22] org.apache.catalina.connector.CoyoteAdapter.service(CoyoteAdapter.java:343)
2021-10-28 21:06:45,154 ERROR [http-nio-8080-exec-1] c.n.c.c.a.ExceptionAdvice [ExceptionAdvice.java:22] org.apache.coyote.http11.Http11Processor.service(Http11Processor.java:408)
2021-10-28 21:06:45,154 ERROR [http-nio-8080-exec-1] c.n.c.c.a.ExceptionAdvice [ExceptionAdvice.java:22] org.apache.coyote.AbstractProcessorLight.process(AbstractProcessorLight.java:66)
2021-10-28 21:06:45,154 ERROR [http-nio-8080-exec-1] c.n.c.c.a.ExceptionAdvice [ExceptionAdvice.java:22] org.apache.coyote.AbstractProtocol$ConnectionHandler.process(AbstractProtocol.java:836)
2021-10-28 21:06:45,155 ERROR [http-nio-8080-exec-1] c.n.c.c.a.ExceptionAdvice [ExceptionAdvice.java:22] org.apache.tomcat.util.net.NioEndpoint$SocketProcessor.doRun(NioEndpoint.java:1747)
2021-10-28 21:06:45,155 ERROR [http-nio-8080-exec-1] c.n.c.c.a.ExceptionAdvice [ExceptionAdvice.java:22] org.apache.tomcat.util.net.SocketProcessorBase.run(SocketProcessorBase.java:49)
2021-10-28 21:06:45,155 ERROR [http-nio-8080-exec-1] c.n.c.c.a.ExceptionAdvice [ExceptionAdvice.java:22] java.base/java.util.concurrent.ThreadPoolExecutor.runWorker(ThreadPoolExecutor.java:1128)
2021-10-28 21:06:45,155 ERROR [http-nio-8080-exec-1] c.n.c.c.a.ExceptionAdvice [ExceptionAdvice.java:22] java.base/java.util.concurrent.ThreadPoolExecutor$Worker.run(ThreadPoolExecutor.java:628)
2021-10-28 21:06:45,155 ERROR [http-nio-8080-exec-1] c.n.c.c.a.ExceptionAdvice [ExceptionAdvice.java:22] org.apache.tomcat.util.threads.TaskThread$WrappingRunnable.run(TaskThread.java:61)
2021-10-28 21:06:45,156 ERROR [http-nio-8080-exec-1] c.n.c.c.a.ExceptionAdvice [ExceptionAdvice.java:22] java.base/java.lang.Thread.run(Thread.java:835)
2021-10-28 21:06:52,739 ERROR [http-nio-8080-exec-6] c.z.h.p.HikariPool [HikariPool.java:574] HikariPool-1 - Exception during pool initialization.
java.sql.SQLNonTransientConnectionException: Public Key Retrieval is not allowed
	at com.mysql.cj.jdbc.exceptions.SQLError.createSQLException(SQLError.java:110)
	at com.mysql.cj.jdbc.exceptions.SQLError.createSQLException(SQLError.java:97)
	at com.mysql.cj.jdbc.exceptions.SQLExceptionsMapping.translateException(SQLExceptionsMapping.java:122)
	at com.mysql.cj.jdbc.ConnectionImpl.createNewIO(ConnectionImpl.java:835)
	at com.mysql.cj.jdbc.ConnectionImpl.<init>(ConnectionImpl.java:455)
	at com.mysql.cj.jdbc.ConnectionImpl.getInstance(ConnectionImpl.java:240)
	at com.mysql.cj.jdbc.NonRegisteringDriver.connect(NonRegisteringDriver.java:199)
	at com.zaxxer.hikari.util.DriverDataSource.getConnection(DriverDataSource.java:136)
	at com.zaxxer.hikari.pool.PoolBase.newConnection(PoolBase.java:369)
	at com.zaxxer.hikari.pool.PoolBase.newPoolEntry(PoolBase.java:198)
	at com.zaxxer.hikari.pool.HikariPool.createPoolEntry(HikariPool.java:467)
	at com.zaxxer.hikari.pool.HikariPool.checkFailFast(HikariPool.java:541)
	at com.zaxxer.hikari.pool.HikariPool.<init>(HikariPool.java:115)
	at com.zaxxer.hikari.HikariDataSource.getConnection(HikariDataSource.java:112)
	at org.springframework.jdbc.datasource.DataSourceUtils.fetchConnection(DataSourceUtils.java:157)
	at org.springframework.jdbc.datasource.DataSourceUtils.doGetConnection(DataSourceUtils.java:115)
	at org.springframework.jdbc.datasource.DataSourceUtils.getConnection(DataSourceUtils.java:78)
	at org.mybatis.spring.transaction.SpringManagedTransaction.openConnection(SpringManagedTransaction.java:82)
	at org.mybatis.spring.transaction.SpringManagedTransaction.getConnection(SpringManagedTransaction.java:68)
	at org.apache.ibatis.executor.BaseExecutor.getConnection(BaseExecutor.java:336)
	at org.apache.ibatis.executor.SimpleExecutor.prepareStatement(SimpleExecutor.java:85)
	at org.apache.ibatis.executor.SimpleExecutor.doQuery(SimpleExecutor.java:62)
	at org.apache.ibatis.executor.BaseExecutor.queryFromDatabase(BaseExecutor.java:324)
	at org.apache.ibatis.executor.BaseExecutor.query(BaseExecutor.java:156)
	at org.apache.ibatis.executor.CachingExecutor.query(CachingExecutor.java:109)
	at org.apache.ibatis.executor.CachingExecutor.query(CachingExecutor.java:83)
	at org.apache.ibatis.session.defaults.DefaultSqlSession.selectList(DefaultSqlSession.java:147)
	at org.apache.ibatis.session.defaults.DefaultSqlSession.selectList(DefaultSqlSession.java:140)
	at org.apache.ibatis.session.defaults.DefaultSqlSession.selectOne(DefaultSqlSession.java:76)
	at java.base/jdk.internal.reflect.NativeMethodAccessorImpl.invoke0(Native Method)
	at java.base/jdk.internal.reflect.NativeMethodAccessorImpl.invoke(NativeMethodAccessorImpl.java:62)
	at java.base/jdk.internal.reflect.DelegatingMethodAccessorImpl.invoke(DelegatingMethodAccessorImpl.java:43)
	at java.base/java.lang.reflect.Method.invoke(Method.java:567)
	at org.mybatis.spring.SqlSessionTemplate$SqlSessionInterceptor.invoke(SqlSessionTemplate.java:433)
	at com.sun.proxy.$Proxy76.selectOne(Unknown Source)
	at org.mybatis.spring.SqlSessionTemplate.selectOne(SqlSessionTemplate.java:166)
	at org.apache.ibatis.binding.MapperMethod.execute(MapperMethod.java:87)
	at org.apache.ibatis.binding.MapperProxy.invoke(MapperProxy.java:58)
	at com.sun.proxy.$Proxy89.selectDiscussPostRows(Unknown Source)
	at java.base/jdk.internal.reflect.NativeMethodAccessorImpl.invoke0(Native Method)
	at java.base/jdk.internal.reflect.NativeMethodAccessorImpl.invoke(NativeMethodAccessorImpl.java:62)
	at java.base/jdk.internal.reflect.DelegatingMethodAccessorImpl.invoke(DelegatingMethodAccessorImpl.java:43)
	at java.base/java.lang.reflect.Method.invoke(Method.java:567)
	at org.springframework.aop.support.AopUtils.invokeJoinpointUsingReflection(AopUtils.java:343)
	at org.springframework.aop.framework.ReflectiveMethodInvocation.invokeJoinpoint(ReflectiveMethodInvocation.java:198)
	at org.springframework.aop.framework.ReflectiveMethodInvocation.proceed(ReflectiveMethodInvocation.java:163)
	at org.springframework.dao.support.PersistenceExceptionTranslationInterceptor.invoke(PersistenceExceptionTranslationInterceptor.java:139)
	at org.springframework.aop.framework.ReflectiveMethodInvocation.proceed(ReflectiveMethodInvocation.java:186)
	at org.springframework.aop.framework.JdkDynamicAopProxy.invoke(JdkDynamicAopProxy.java:212)
	at com.sun.proxy.$Proxy90.selectDiscussPostRows(Unknown Source)
	at com.nowcoder.community.service.DiscussPostService.findDiscussPostRows(DiscussPostService.java:26)
	at com.nowcoder.community.service.DiscussPostService$$FastClassBySpringCGLIB$$438c48e5.invoke(<generated>)
	at org.springframework.cglib.proxy.MethodProxy.invoke(MethodProxy.java:218)
	at org.springframework.aop.framework.CglibAopProxy$CglibMethodInvocation.invokeJoinpoint(CglibAopProxy.java:749)
	at org.springframework.aop.framework.ReflectiveMethodInvocation.proceed(ReflectiveMethodInvocation.java:163)
	at org.springframework.aop.framework.adapter.MethodBeforeAdviceInterceptor.invoke(MethodBeforeAdviceInterceptor.java:56)
	at org.springframework.aop.framework.ReflectiveMethodInvocation.proceed(ReflectiveMethodInvocation.java:186)
	at org.springframework.aop.interceptor.ExposeInvocationInterceptor.invoke(ExposeInvocationInterceptor.java:93)
	at org.springframework.aop.framework.ReflectiveMethodInvocation.proceed(ReflectiveMethodInvocation.java:186)
	at org.springframework.aop.framework.CglibAopProxy$DynamicAdvisedInterceptor.intercept(CglibAopProxy.java:688)
	at com.nowcoder.community.service.DiscussPostService$$EnhancerBySpringCGLIB$$ed277f48.findDiscussPostRows(<generated>)
	at com.nowcoder.community.controller.HomeController.getIndexPage(HomeController.java:37)
	at java.base/jdk.internal.reflect.NativeMethodAccessorImpl.invoke0(Native Method)
	at java.base/jdk.internal.reflect.NativeMethodAccessorImpl.invoke(NativeMethodAccessorImpl.java:62)
	at java.base/jdk.internal.reflect.DelegatingMethodAccessorImpl.invoke(DelegatingMethodAccessorImpl.java:43)
	at java.base/java.lang.reflect.Method.invoke(Method.java:567)
	at org.springframework.web.method.support.InvocableHandlerMethod.doInvoke(InvocableHandlerMethod.java:190)
	at org.springframework.web.method.support.InvocableHandlerMethod.invokeForRequest(InvocableHandlerMethod.java:138)
	at org.springframework.web.servlet.mvc.method.annotation.ServletInvocableHandlerMethod.invokeAndHandle(ServletInvocableHandlerMethod.java:104)
	at org.springframework.web.servlet.mvc.method.annotation.RequestMappingHandlerAdapter.invokeHandlerMethod(RequestMappingHandlerAdapter.java:892)
	at org.springframework.web.servlet.mvc.method.annotation.RequestMappingHandlerAdapter.handleInternal(RequestMappingHandlerAdapter.java:797)
	at org.springframework.web.servlet.mvc.method.AbstractHandlerMethodAdapter.handle(AbstractHandlerMethodAdapter.java:87)
	at org.springframework.web.servlet.DispatcherServlet.doDispatch(DispatcherServlet.java:1039)
	at org.springframework.web.servlet.DispatcherServlet.doService(DispatcherServlet.java:942)
	at org.springframework.web.servlet.FrameworkServlet.processRequest(FrameworkServlet.java:1005)
	at org.springframework.web.servlet.FrameworkServlet.doGet(FrameworkServlet.java:897)
	at javax.servlet.http.HttpServlet.service(HttpServlet.java:634)
	at org.springframework.web.servlet.FrameworkServlet.service(FrameworkServlet.java:882)
	at javax.servlet.http.HttpServlet.service(HttpServlet.java:741)
	at org.apache.catalina.core.ApplicationFilterChain.internalDoFilter(ApplicationFilterChain.java:231)
	at org.apache.catalina.core.ApplicationFilterChain.doFilter(ApplicationFilterChain.java:166)
	at org.apache.tomcat.websocket.server.WsFilter.doFilter(WsFilter.java:53)
	at org.apache.catalina.core.ApplicationFilterChain.internalDoFilter(ApplicationFilterChain.java:193)
	at org.apache.catalina.core.ApplicationFilterChain.doFilter(ApplicationFilterChain.java:166)
	at org.springframework.web.filter.RequestContextFilter.doFilterInternal(RequestContextFilter.java:99)
	at org.springframework.web.filter.OncePerRequestFilter.doFilter(OncePerRequestFilter.java:107)
	at org.apache.catalina.core.ApplicationFilterChain.internalDoFilter(ApplicationFilterChain.java:193)
	at org.apache.catalina.core.ApplicationFilterChain.doFilter(ApplicationFilterChain.java:166)
	at org.springframework.web.filter.FormContentFilter.doFilterInternal(FormContentFilter.java:92)
	at org.springframework.web.filter.OncePerRequestFilter.doFilter(OncePerRequestFilter.java:107)
	at org.apache.catalina.core.ApplicationFilterChain.internalDoFilter(ApplicationFilterChain.java:193)
	at org.apache.catalina.core.ApplicationFilterChain.doFilter(ApplicationFilterChain.java:166)
	at org.springframework.web.filter.HiddenHttpMethodFilter.doFilterInternal(HiddenHttpMethodFilter.java:93)
	at org.springframework.web.filter.OncePerRequestFilter.doFilter(OncePerRequestFilter.java:107)
	at org.apache.catalina.core.ApplicationFilterChain.internalDoFilter(ApplicationFilterChain.java:193)
	at org.apache.catalina.core.ApplicationFilterChain.doFilter(ApplicationFilterChain.java:166)
	at org.springframework.web.filter.CharacterEncodingFilter.doFilterInternal(CharacterEncodingFilter.java:200)
	at org.springframework.web.filter.OncePerRequestFilter.doFilter(OncePerRequestFilter.java:107)
	at org.apache.catalina.core.ApplicationFilterChain.internalDoFilter(ApplicationFilterChain.java:193)
	at org.apache.catalina.core.ApplicationFilterChain.doFilter(ApplicationFilterChain.java:166)
	at org.apache.catalina.core.StandardWrapperValve.invoke(StandardWrapperValve.java:200)
	at org.apache.catalina.core.StandardContextValve.invoke(StandardContextValve.java:96)
	at org.apache.catalina.authenticator.AuthenticatorBase.invoke(AuthenticatorBase.java:490)
	at org.apache.catalina.core.StandardHostValve.invoke(StandardHostValve.java:139)
	at org.apache.catalina.valves.ErrorReportValve.invoke(ErrorReportValve.java:92)
	at org.apache.catalina.core.StandardEngineValve.invoke(StandardEngineValve.java:74)
	at org.apache.catalina.connector.CoyoteAdapter.service(CoyoteAdapter.java:343)
	at org.apache.coyote.http11.Http11Processor.service(Http11Processor.java:408)
	at org.apache.coyote.AbstractProcessorLight.process(AbstractProcessorLight.java:66)
	at org.apache.coyote.AbstractProtocol$ConnectionHandler.process(AbstractProtocol.java:836)
	at org.apache.tomcat.util.net.NioEndpoint$SocketProcessor.doRun(NioEndpoint.java:1747)
	at org.apache.tomcat.util.net.SocketProcessorBase.run(SocketProcessorBase.java:49)
	at java.base/java.util.concurrent.ThreadPoolExecutor.runWorker(ThreadPoolExecutor.java:1128)
	at java.base/java.util.concurrent.ThreadPoolExecutor$Worker.run(ThreadPoolExecutor.java:628)
	at org.apache.tomcat.util.threads.TaskThread$WrappingRunnable.run(TaskThread.java:61)
	at java.base/java.lang.Thread.run(Thread.java:835)
2021-10-28 21:06:52,742 ERROR [http-nio-8080-exec-6] c.n.c.c.a.ExceptionAdvice [ExceptionAdvice.java:20] 服务器发生异常: nested exception is org.apache.ibatis.exceptions.PersistenceException: 
### Error querying database.  Cause: org.springframework.jdbc.CannotGetJdbcConnectionException: Failed to obtain JDBC Connection; nested exception is java.sql.SQLNonTransientConnectionException: Public Key Retrieval is not allowed
### The error may exist in file [D:\CSLearning\ideaProjects\community\target\classes\mapper\discusspost-mapper.xml]
### The error may involve com.nowcoder.community.dao.DiscussPostMapper.selectDiscussPostRows
### The error occurred while executing a query
### Cause: org.springframework.jdbc.CannotGetJdbcConnectionException: Failed to obtain JDBC Connection; nested exception is java.sql.SQLNonTransientConnectionException: Public Key Retrieval is not allowed
2021-10-28 21:06:52,743 ERROR [http-nio-8080-exec-6] c.n.c.c.a.ExceptionAdvice [ExceptionAdvice.java:22] org.mybatis.spring.MyBatisExceptionTranslator.translateExceptionIfPossible(MyBatisExceptionTranslator.java:77)
2021-10-28 21:06:52,743 ERROR [http-nio-8080-exec-6] c.n.c.c.a.ExceptionAdvice [ExceptionAdvice.java:22] org.mybatis.spring.SqlSessionTemplate$SqlSessionInterceptor.invoke(SqlSessionTemplate.java:446)
2021-10-28 21:06:52,745 ERROR [http-nio-8080-exec-6] c.n.c.c.a.ExceptionAdvice [ExceptionAdvice.java:22] com.sun.proxy.$Proxy76.selectOne(Unknown Source)
2021-10-28 21:06:52,745 ERROR [http-nio-8080-exec-6] c.n.c.c.a.ExceptionAdvice [ExceptionAdvice.java:22] org.mybatis.spring.SqlSessionTemplate.selectOne(SqlSessionTemplate.java:166)
2021-10-28 21:06:52,746 ERROR [http-nio-8080-exec-6] c.n.c.c.a.ExceptionAdvice [ExceptionAdvice.java:22] org.apache.ibatis.binding.MapperMethod.execute(MapperMethod.java:87)
2021-10-28 21:06:52,746 ERROR [http-nio-8080-exec-6] c.n.c.c.a.ExceptionAdvice [ExceptionAdvice.java:22] org.apache.ibatis.binding.MapperProxy.invoke(MapperProxy.java:58)
2021-10-28 21:06:52,746 ERROR [http-nio-8080-exec-6] c.n.c.c.a.ExceptionAdvice [ExceptionAdvice.java:22] com.sun.proxy.$Proxy89.selectDiscussPostRows(Unknown Source)
2021-10-28 21:06:52,746 ERROR [http-nio-8080-exec-6] c.n.c.c.a.ExceptionAdvice [ExceptionAdvice.java:22] java.base/jdk.internal.reflect.NativeMethodAccessorImpl.invoke0(Native Method)
2021-10-28 21:06:52,747 ERROR [http-nio-8080-exec-6] c.n.c.c.a.ExceptionAdvice [ExceptionAdvice.java:22] java.base/jdk.internal.reflect.NativeMethodAccessorImpl.invoke(NativeMethodAccessorImpl.java:62)
2021-10-28 21:06:52,747 ERROR [http-nio-8080-exec-6] c.n.c.c.a.ExceptionAdvice [ExceptionAdvice.java:22] java.base/jdk.internal.reflect.DelegatingMethodAccessorImpl.invoke(DelegatingMethodAccessorImpl.java:43)
2021-10-28 21:06:52,747 ERROR [http-nio-8080-exec-6] c.n.c.c.a.ExceptionAdvice [ExceptionAdvice.java:22] java.base/java.lang.reflect.Method.invoke(Method.java:567)
2021-10-28 21:06:52,748 ERROR [http-nio-8080-exec-6] c.n.c.c.a.ExceptionAdvice [ExceptionAdvice.java:22] org.springframework.aop.support.AopUtils.invokeJoinpointUsingReflection(AopUtils.java:343)
2021-10-28 21:06:52,748 ERROR [http-nio-8080-exec-6] c.n.c.c.a.ExceptionAdvice [ExceptionAdvice.java:22] org.springframework.aop.framework.ReflectiveMethodInvocation.invokeJoinpoint(ReflectiveMethodInvocation.java:198)
2021-10-28 21:06:52,748 ERROR [http-nio-8080-exec-6] c.n.c.c.a.ExceptionAdvice [ExceptionAdvice.java:22] org.springframework.aop.framework.ReflectiveMethodInvocation.proceed(ReflectiveMethodInvocation.java:163)
2021-10-28 21:06:52,748 ERROR [http-nio-8080-exec-6] c.n.c.c.a.ExceptionAdvice [ExceptionAdvice.java:22] org.springframework.dao.support.PersistenceExceptionTranslationInterceptor.invoke(PersistenceExceptionTranslationInterceptor.java:139)
2021-10-28 21:06:52,748 ERROR [http-nio-8080-exec-6] c.n.c.c.a.ExceptionAdvice [ExceptionAdvice.java:22] org.springframework.aop.framework.ReflectiveMethodInvocation.proceed(ReflectiveMethodInvocation.java:186)
2021-10-28 21:06:52,748 ERROR [http-nio-8080-exec-6] c.n.c.c.a.ExceptionAdvice [ExceptionAdvice.java:22] org.springframework.aop.framework.JdkDynamicAopProxy.invoke(JdkDynamicAopProxy.java:212)
2021-10-28 21:06:52,749 ERROR [http-nio-8080-exec-6] c.n.c.c.a.ExceptionAdvice [ExceptionAdvice.java:22] com.sun.proxy.$Proxy90.selectDiscussPostRows(Unknown Source)
2021-10-28 21:06:52,749 ERROR [http-nio-8080-exec-6] c.n.c.c.a.ExceptionAdvice [ExceptionAdvice.java:22] com.nowcoder.community.service.DiscussPostService.findDiscussPostRows(DiscussPostService.java:26)
2021-10-28 21:06:52,749 ERROR [http-nio-8080-exec-6] c.n.c.c.a.ExceptionAdvice [ExceptionAdvice.java:22] com.nowcoder.community.service.DiscussPostService$$FastClassBySpringCGLIB$$438c48e5.invoke(<generated>)
2021-10-28 21:06:52,749 ERROR [http-nio-8080-exec-6] c.n.c.c.a.ExceptionAdvice [ExceptionAdvice.java:22] org.springframework.cglib.proxy.MethodProxy.invoke(MethodProxy.java:218)
2021-10-28 21:06:52,749 ERROR [http-nio-8080-exec-6] c.n.c.c.a.ExceptionAdvice [ExceptionAdvice.java:22] org.springframework.aop.framework.CglibAopProxy$CglibMethodInvocation.invokeJoinpoint(CglibAopProxy.java:749)
2021-10-28 21:06:52,749 ERROR [http-nio-8080-exec-6] c.n.c.c.a.ExceptionAdvice [ExceptionAdvice.java:22] org.springframework.aop.framework.ReflectiveMethodInvocation.proceed(ReflectiveMethodInvocation.java:163)
2021-10-28 21:06:52,749 ERROR [http-nio-8080-exec-6] c.n.c.c.a.ExceptionAdvice [ExceptionAdvice.java:22] org.springframework.aop.framework.adapter.MethodBeforeAdviceInterceptor.invoke(MethodBeforeAdviceInterceptor.java:56)
2021-10-28 21:06:52,750 ERROR [http-nio-8080-exec-6] c.n.c.c.a.ExceptionAdvice [ExceptionAdvice.java:22] org.springframework.aop.framework.ReflectiveMethodInvocation.proceed(ReflectiveMethodInvocation.java:186)
2021-10-28 21:06:52,750 ERROR [http-nio-8080-exec-6] c.n.c.c.a.ExceptionAdvice [ExceptionAdvice.java:22] org.springframework.aop.interceptor.ExposeInvocationInterceptor.invoke(ExposeInvocationInterceptor.java:93)
2021-10-28 21:06:52,750 ERROR [http-nio-8080-exec-6] c.n.c.c.a.ExceptionAdvice [ExceptionAdvice.java:22] org.springframework.aop.framework.ReflectiveMethodInvocation.proceed(ReflectiveMethodInvocation.java:186)
2021-10-28 21:06:52,750 ERROR [http-nio-8080-exec-6] c.n.c.c.a.ExceptionAdvice [ExceptionAdvice.java:22] org.springframework.aop.framework.CglibAopProxy$DynamicAdvisedInterceptor.intercept(CglibAopProxy.java:688)
2021-10-28 21:06:52,750 ERROR [http-nio-8080-exec-6] c.n.c.c.a.ExceptionAdvice [ExceptionAdvice.java:22] com.nowcoder.community.service.DiscussPostService$$EnhancerBySpringCGLIB$$ed277f48.findDiscussPostRows(<generated>)
2021-10-28 21:06:52,750 ERROR [http-nio-8080-exec-6] c.n.c.c.a.ExceptionAdvice [ExceptionAdvice.java:22] com.nowcoder.community.controller.HomeController.getIndexPage(HomeController.java:37)
2021-10-28 21:06:52,750 ERROR [http-nio-8080-exec-6] c.n.c.c.a.ExceptionAdvice [ExceptionAdvice.java:22] java.base/jdk.internal.reflect.NativeMethodAccessorImpl.invoke0(Native Method)
2021-10-28 21:06:52,751 ERROR [http-nio-8080-exec-6] c.n.c.c.a.ExceptionAdvice [ExceptionAdvice.java:22] java.base/jdk.internal.reflect.NativeMethodAccessorImpl.invoke(NativeMethodAccessorImpl.java:62)
2021-10-28 21:06:52,751 ERROR [http-nio-8080-exec-6] c.n.c.c.a.ExceptionAdvice [ExceptionAdvice.java:22] java.base/jdk.internal.reflect.DelegatingMethodAccessorImpl.invoke(DelegatingMethodAccessorImpl.java:43)
2021-10-28 21:06:52,751 ERROR [http-nio-8080-exec-6] c.n.c.c.a.ExceptionAdvice [ExceptionAdvice.java:22] java.base/java.lang.reflect.Method.invoke(Method.java:567)
2021-10-28 21:06:52,751 ERROR [http-nio-8080-exec-6] c.n.c.c.a.ExceptionAdvice [ExceptionAdvice.java:22] org.springframework.web.method.support.InvocableHandlerMethod.doInvoke(InvocableHandlerMethod.java:190)
2021-10-28 21:06:52,751 ERROR [http-nio-8080-exec-6] c.n.c.c.a.ExceptionAdvice [ExceptionAdvice.java:22] org.springframework.web.method.support.InvocableHandlerMethod.invokeForRequest(InvocableHandlerMethod.java:138)
2021-10-28 21:06:52,751 ERROR [http-nio-8080-exec-6] c.n.c.c.a.ExceptionAdvice [ExceptionAdvice.java:22] org.springframework.web.servlet.mvc.method.annotation.ServletInvocableHandlerMethod.invokeAndHandle(ServletInvocableHandlerMethod.java:104)
2021-10-28 21:06:52,751 ERROR [http-nio-8080-exec-6] c.n.c.c.a.ExceptionAdvice [ExceptionAdvice.java:22] org.springframework.web.servlet.mvc.method.annotation.RequestMappingHandlerAdapter.invokeHandlerMethod(RequestMappingHandlerAdapter.java:892)
2021-10-28 21:06:52,752 ERROR [http-nio-8080-exec-6] c.n.c.c.a.ExceptionAdvice [ExceptionAdvice.java:22] org.springframework.web.servlet.mvc.method.annotation.RequestMappingHandlerAdapter.handleInternal(RequestMappingHandlerAdapter.java:797)
2021-10-28 21:06:52,752 ERROR [http-nio-8080-exec-6] c.n.c.c.a.ExceptionAdvice [ExceptionAdvice.java:22] org.springframework.web.servlet.mvc.method.AbstractHandlerMethodAdapter.handle(AbstractHandlerMethodAdapter.java:87)
2021-10-28 21:06:52,752 ERROR [http-nio-8080-exec-6] c.n.c.c.a.ExceptionAdvice [ExceptionAdvice.java:22] org.springframework.web.servlet.DispatcherServlet.doDispatch(DispatcherServlet.java:1039)
2021-10-28 21:06:52,752 ERROR [http-nio-8080-exec-6] c.n.c.c.a.ExceptionAdvice [ExceptionAdvice.java:22] org.springframework.web.servlet.DispatcherServlet.doService(DispatcherServlet.java:942)
2021-10-28 21:06:52,752 ERROR [http-nio-8080-exec-6] c.n.c.c.a.ExceptionAdvice [ExceptionAdvice.java:22] org.springframework.web.servlet.FrameworkServlet.processRequest(FrameworkServlet.java:1005)
2021-10-28 21:06:52,752 ERROR [http-nio-8080-exec-6] c.n.c.c.a.ExceptionAdvice [ExceptionAdvice.java:22] org.springframework.web.servlet.FrameworkServlet.doGet(FrameworkServlet.java:897)
2021-10-28 21:06:52,753 ERROR [http-nio-8080-exec-6] c.n.c.c.a.ExceptionAdvice [ExceptionAdvice.java:22] javax.servlet.http.HttpServlet.service(HttpServlet.java:634)
2021-10-28 21:06:52,753 ERROR [http-nio-8080-exec-6] c.n.c.c.a.ExceptionAdvice [ExceptionAdvice.java:22] org.springframework.web.servlet.FrameworkServlet.service(FrameworkServlet.java:882)
2021-10-28 21:06:52,754 ERROR [http-nio-8080-exec-6] c.n.c.c.a.ExceptionAdvice [ExceptionAdvice.java:22] javax.servlet.http.HttpServlet.service(HttpServlet.java:741)
2021-10-28 21:06:52,755 ERROR [http-nio-8080-exec-6] c.n.c.c.a.ExceptionAdvice [ExceptionAdvice.java:22] org.apache.catalina.core.ApplicationFilterChain.internalDoFilter(ApplicationFilterChain.java:231)
2021-10-28 21:06:52,755 ERROR [http-nio-8080-exec-6] c.n.c.c.a.ExceptionAdvice [ExceptionAdvice.java:22] org.apache.catalina.core.ApplicationFilterChain.doFilter(ApplicationFilterChain.java:166)
2021-10-28 21:06:52,755 ERROR [http-nio-8080-exec-6] c.n.c.c.a.ExceptionAdvice [ExceptionAdvice.java:22] org.apache.tomcat.websocket.server.WsFilter.doFilter(WsFilter.java:53)
2021-10-28 21:06:52,755 ERROR [http-nio-8080-exec-6] c.n.c.c.a.ExceptionAdvice [ExceptionAdvice.java:22] org.apache.catalina.core.ApplicationFilterChain.internalDoFilter(ApplicationFilterChain.java:193)
2021-10-28 21:06:52,755 ERROR [http-nio-8080-exec-6] c.n.c.c.a.ExceptionAdvice [ExceptionAdvice.java:22] org.apache.catalina.core.ApplicationFilterChain.doFilter(ApplicationFilterChain.java:166)
2021-10-28 21:06:52,755 ERROR [http-nio-8080-exec-6] c.n.c.c.a.ExceptionAdvice [ExceptionAdvice.java:22] org.springframework.web.filter.RequestContextFilter.doFilterInternal(RequestContextFilter.java:99)
2021-10-28 21:06:52,756 ERROR [http-nio-8080-exec-6] c.n.c.c.a.ExceptionAdvice [ExceptionAdvice.java:22] org.springframework.web.filter.OncePerRequestFilter.doFilter(OncePerRequestFilter.java:107)
2021-10-28 21:06:52,756 ERROR [http-nio-8080-exec-6] c.n.c.c.a.ExceptionAdvice [ExceptionAdvice.java:22] org.apache.catalina.core.ApplicationFilterChain.internalDoFilter(ApplicationFilterChain.java:193)
2021-10-28 21:06:52,756 ERROR [http-nio-8080-exec-6] c.n.c.c.a.ExceptionAdvice [ExceptionAdvice.java:22] org.apache.catalina.core.ApplicationFilterChain.doFilter(ApplicationFilterChain.java:166)
2021-10-28 21:06:52,756 ERROR [http-nio-8080-exec-6] c.n.c.c.a.ExceptionAdvice [ExceptionAdvice.java:22] org.springframework.web.filter.FormContentFilter.doFilterInternal(FormContentFilter.java:92)
2021-10-28 21:06:52,756 ERROR [http-nio-8080-exec-6] c.n.c.c.a.ExceptionAdvice [ExceptionAdvice.java:22] org.springframework.web.filter.OncePerRequestFilter.doFilter(OncePerRequestFilter.java:107)
2021-10-28 21:06:52,756 ERROR [http-nio-8080-exec-6] c.n.c.c.a.ExceptionAdvice [ExceptionAdvice.java:22] org.apache.catalina.core.ApplicationFilterChain.internalDoFilter(ApplicationFilterChain.java:193)
2021-10-28 21:06:52,756 ERROR [http-nio-8080-exec-6] c.n.c.c.a.ExceptionAdvice [ExceptionAdvice.java:22] org.apache.catalina.core.ApplicationFilterChain.doFilter(ApplicationFilterChain.java:166)
2021-10-28 21:06:52,757 ERROR [http-nio-8080-exec-6] c.n.c.c.a.ExceptionAdvice [ExceptionAdvice.java:22] org.springframework.web.filter.HiddenHttpMethodFilter.doFilterInternal(HiddenHttpMethodFilter.java:93)
2021-10-28 21:06:52,757 ERROR [http-nio-8080-exec-6] c.n.c.c.a.ExceptionAdvice [ExceptionAdvice.java:22] org.springframework.web.filter.OncePerRequestFilter.doFilter(OncePerRequestFilter.java:107)
2021-10-28 21:06:52,757 ERROR [http-nio-8080-exec-6] c.n.c.c.a.ExceptionAdvice [ExceptionAdvice.java:22] org.apache.catalina.core.ApplicationFilterChain.internalDoFilter(ApplicationFilterChain.java:193)
2021-10-28 21:06:52,757 ERROR [http-nio-8080-exec-6] c.n.c.c.a.ExceptionAdvice [ExceptionAdvice.java:22] org.apache.catalina.core.ApplicationFilterChain.doFilter(ApplicationFilterChain.java:166)
2021-10-28 21:06:52,757 ERROR [http-nio-8080-exec-6] c.n.c.c.a.ExceptionAdvice [ExceptionAdvice.java:22] org.springframework.web.filter.CharacterEncodingFilter.doFilterInternal(CharacterEncodingFilter.java:200)
2021-10-28 21:06:52,757 ERROR [http-nio-8080-exec-6] c.n.c.c.a.ExceptionAdvice [ExceptionAdvice.java:22] org.springframework.web.filter.OncePerRequestFilter.doFilter(OncePerRequestFilter.java:107)
2021-10-28 21:06:52,757 ERROR [http-nio-8080-exec-6] c.n.c.c.a.ExceptionAdvice [ExceptionAdvice.java:22] org.apache.catalina.core.ApplicationFilterChain.internalDoFilter(ApplicationFilterChain.java:193)
2021-10-28 21:06:52,758 ERROR [http-nio-8080-exec-6] c.n.c.c.a.ExceptionAdvice [ExceptionAdvice.java:22] org.apache.catalina.core.ApplicationFilterChain.doFilter(ApplicationFilterChain.java:166)
2021-10-28 21:06:52,758 ERROR [http-nio-8080-exec-6] c.n.c.c.a.ExceptionAdvice [ExceptionAdvice.java:22] org.apache.catalina.core.StandardWrapperValve.invoke(StandardWrapperValve.java:200)
2021-10-28 21:06:52,758 ERROR [http-nio-8080-exec-6] c.n.c.c.a.ExceptionAdvice [ExceptionAdvice.java:22] org.apache.catalina.core.StandardContextValve.invoke(StandardContextValve.java:96)
2021-10-28 21:06:52,758 ERROR [http-nio-8080-exec-6] c.n.c.c.a.ExceptionAdvice [ExceptionAdvice.java:22] org.apache.catalina.authenticator.AuthenticatorBase.invoke(AuthenticatorBase.java:490)
2021-10-28 21:06:52,758 ERROR [http-nio-8080-exec-6] c.n.c.c.a.ExceptionAdvice [ExceptionAdvice.java:22] org.apache.catalina.core.StandardHostValve.invoke(StandardHostValve.java:139)
2021-10-28 21:06:52,758 ERROR [http-nio-8080-exec-6] c.n.c.c.a.ExceptionAdvice [ExceptionAdvice.java:22] org.apache.catalina.valves.ErrorReportValve.invoke(ErrorReportValve.java:92)
2021-10-28 21:06:52,758 ERROR [http-nio-8080-exec-6] c.n.c.c.a.ExceptionAdvice [ExceptionAdvice.java:22] org.apache.catalina.core.StandardEngineValve.invoke(StandardEngineValve.java:74)
2021-10-28 21:06:52,759 ERROR [http-nio-8080-exec-6] c.n.c.c.a.ExceptionAdvice [ExceptionAdvice.java:22] org.apache.catalina.connector.CoyoteAdapter.service(CoyoteAdapter.java:343)
2021-10-28 21:06:52,759 ERROR [http-nio-8080-exec-6] c.n.c.c.a.ExceptionAdvice [ExceptionAdvice.java:22] org.apache.coyote.http11.Http11Processor.service(Http11Processor.java:408)
2021-10-28 21:06:52,759 ERROR [http-nio-8080-exec-6] c.n.c.c.a.ExceptionAdvice [ExceptionAdvice.java:22] org.apache.coyote.AbstractProcessorLight.process(AbstractProcessorLight.java:66)
2021-10-28 21:06:52,759 ERROR [http-nio-8080-exec-6] c.n.c.c.a.ExceptionAdvice [ExceptionAdvice.java:22] org.apache.coyote.AbstractProtocol$ConnectionHandler.process(AbstractProtocol.java:836)
2021-10-28 21:06:52,759 ERROR [http-nio-8080-exec-6] c.n.c.c.a.ExceptionAdvice [ExceptionAdvice.java:22] org.apache.tomcat.util.net.NioEndpoint$SocketProcessor.doRun(NioEndpoint.java:1747)
2021-10-28 21:06:52,759 ERROR [http-nio-8080-exec-6] c.n.c.c.a.ExceptionAdvice [ExceptionAdvice.java:22] org.apache.tomcat.util.net.SocketProcessorBase.run(SocketProcessorBase.java:49)
2021-10-28 21:06:52,759 ERROR [http-nio-8080-exec-6] c.n.c.c.a.ExceptionAdvice [ExceptionAdvice.java:22] java.base/java.util.concurrent.ThreadPoolExecutor.runWorker(ThreadPoolExecutor.java:1128)
2021-10-28 21:06:52,759 ERROR [http-nio-8080-exec-6] c.n.c.c.a.ExceptionAdvice [ExceptionAdvice.java:22] java.base/java.util.concurrent.ThreadPoolExecutor$Worker.run(ThreadPoolExecutor.java:628)
2021-10-28 21:06:52,760 ERROR [http-nio-8080-exec-6] c.n.c.c.a.ExceptionAdvice [ExceptionAdvice.java:22] org.apache.tomcat.util.threads.TaskThread$WrappingRunnable.run(TaskThread.java:61)
2021-10-28 21:06:52,760 ERROR [http-nio-8080-exec-6] c.n.c.c.a.ExceptionAdvice [ExceptionAdvice.java:22] java.base/java.lang.Thread.run(Thread.java:835)
2021-10-28 21:07:45,913 ERROR [http-nio-8080-exec-1] c.n.c.c.a.ExceptionAdvice [ExceptionAdvice.java:20] 服务器发生异常: Failed to convert value of type 'java.lang.String' to required type 'int'; nested exception is java.lang.NumberFormatException: For input string: "follower.html"
2021-10-28 21:07:45,913 ERROR [http-nio-8080-exec-1] c.n.c.c.a.ExceptionAdvice [ExceptionAdvice.java:22] org.springframework.web.method.annotation.AbstractNamedValueMethodArgumentResolver.resolveArgument(AbstractNamedValueMethodArgumentResolver.java:132)
2021-10-28 21:07:45,914 ERROR [http-nio-8080-exec-1] c.n.c.c.a.ExceptionAdvice [ExceptionAdvice.java:22] org.springframework.web.method.support.HandlerMethodArgumentResolverComposite.resolveArgument(HandlerMethodArgumentResolverComposite.java:126)
2021-10-28 21:07:45,914 ERROR [http-nio-8080-exec-1] c.n.c.c.a.ExceptionAdvice [ExceptionAdvice.java:22] org.springframework.web.method.support.InvocableHandlerMethod.getMethodArgumentValues(InvocableHandlerMethod.java:167)
2021-10-28 21:07:45,914 ERROR [http-nio-8080-exec-1] c.n.c.c.a.ExceptionAdvice [ExceptionAdvice.java:22] org.springframework.web.method.support.InvocableHandlerMethod.invokeForRequest(InvocableHandlerMethod.java:134)
2021-10-28 21:07:45,914 ERROR [http-nio-8080-exec-1] c.n.c.c.a.ExceptionAdvice [ExceptionAdvice.java:22] org.springframework.web.servlet.mvc.method.annotation.ServletInvocableHandlerMethod.invokeAndHandle(ServletInvocableHandlerMethod.java:104)
2021-10-28 21:07:45,914 ERROR [http-nio-8080-exec-1] c.n.c.c.a.ExceptionAdvice [ExceptionAdvice.java:22] org.springframework.web.servlet.mvc.method.annotation.RequestMappingHandlerAdapter.invokeHandlerMethod(RequestMappingHandlerAdapter.java:892)
2021-10-28 21:07:45,914 ERROR [http-nio-8080-exec-1] c.n.c.c.a.ExceptionAdvice [ExceptionAdvice.java:22] org.springframework.web.servlet.mvc.method.annotation.RequestMappingHandlerAdapter.handleInternal(RequestMappingHandlerAdapter.java:797)
2021-10-28 21:07:45,914 ERROR [http-nio-8080-exec-1] c.n.c.c.a.ExceptionAdvice [ExceptionAdvice.java:22] org.springframework.web.servlet.mvc.method.AbstractHandlerMethodAdapter.handle(AbstractHandlerMethodAdapter.java:87)
2021-10-28 21:07:45,914 ERROR [http-nio-8080-exec-1] c.n.c.c.a.ExceptionAdvice [ExceptionAdvice.java:22] org.springframework.web.servlet.DispatcherServlet.doDispatch(DispatcherServlet.java:1039)
2021-10-28 21:07:45,914 ERROR [http-nio-8080-exec-1] c.n.c.c.a.ExceptionAdvice [ExceptionAdvice.java:22] org.springframework.web.servlet.DispatcherServlet.doService(DispatcherServlet.java:942)
2021-10-28 21:07:45,914 ERROR [http-nio-8080-exec-1] c.n.c.c.a.ExceptionAdvice [ExceptionAdvice.java:22] org.springframework.web.servlet.FrameworkServlet.processRequest(FrameworkServlet.java:1005)
2021-10-28 21:07:45,914 ERROR [http-nio-8080-exec-1] c.n.c.c.a.ExceptionAdvice [ExceptionAdvice.java:22] org.springframework.web.servlet.FrameworkServlet.doGet(FrameworkServlet.java:897)
2021-10-28 21:07:45,914 ERROR [http-nio-8080-exec-1] c.n.c.c.a.ExceptionAdvice [ExceptionAdvice.java:22] javax.servlet.http.HttpServlet.service(HttpServlet.java:634)
2021-10-28 21:07:45,914 ERROR [http-nio-8080-exec-1] c.n.c.c.a.ExceptionAdvice [ExceptionAdvice.java:22] org.springframework.web.servlet.FrameworkServlet.service(FrameworkServlet.java:882)
2021-10-28 21:07:45,914 ERROR [http-nio-8080-exec-1] c.n.c.c.a.ExceptionAdvice [ExceptionAdvice.java:22] javax.servlet.http.HttpServlet.service(HttpServlet.java:741)
2021-10-28 21:07:45,914 ERROR [http-nio-8080-exec-1] c.n.c.c.a.ExceptionAdvice [ExceptionAdvice.java:22] org.apache.catalina.core.ApplicationFilterChain.internalDoFilter(ApplicationFilterChain.java:231)
2021-10-28 21:07:45,915 ERROR [http-nio-8080-exec-1] c.n.c.c.a.ExceptionAdvice [ExceptionAdvice.java:22] org.apache.catalina.core.ApplicationFilterChain.doFilter(ApplicationFilterChain.java:166)
2021-10-28 21:07:45,915 ERROR [http-nio-8080-exec-1] c.n.c.c.a.ExceptionAdvice [ExceptionAdvice.java:22] org.apache.tomcat.websocket.server.WsFilter.doFilter(WsFilter.java:53)
2021-10-28 21:07:45,915 ERROR [http-nio-8080-exec-1] c.n.c.c.a.ExceptionAdvice [ExceptionAdvice.java:22] org.apache.catalina.core.ApplicationFilterChain.internalDoFilter(ApplicationFilterChain.java:193)
2021-10-28 21:07:45,915 ERROR [http-nio-8080-exec-1] c.n.c.c.a.ExceptionAdvice [ExceptionAdvice.java:22] org.apache.catalina.core.ApplicationFilterChain.doFilter(ApplicationFilterChain.java:166)
2021-10-28 21:07:45,915 ERROR [http-nio-8080-exec-1] c.n.c.c.a.ExceptionAdvice [ExceptionAdvice.java:22] org.springframework.web.filter.RequestContextFilter.doFilterInternal(RequestContextFilter.java:99)
2021-10-28 21:07:45,915 ERROR [http-nio-8080-exec-1] c.n.c.c.a.ExceptionAdvice [ExceptionAdvice.java:22] org.springframework.web.filter.OncePerRequestFilter.doFilter(OncePerRequestFilter.java:107)
2021-10-28 21:07:45,915 ERROR [http-nio-8080-exec-1] c.n.c.c.a.ExceptionAdvice [ExceptionAdvice.java:22] org.apache.catalina.core.ApplicationFilterChain.internalDoFilter(ApplicationFilterChain.java:193)
2021-10-28 21:07:45,916 ERROR [http-nio-8080-exec-1] c.n.c.c.a.ExceptionAdvice [ExceptionAdvice.java:22] org.apache.catalina.core.ApplicationFilterChain.doFilter(ApplicationFilterChain.java:166)
2021-10-28 21:07:45,916 ERROR [http-nio-8080-exec-1] c.n.c.c.a.ExceptionAdvice [ExceptionAdvice.java:22] org.springframework.web.filter.FormContentFilter.doFilterInternal(FormContentFilter.java:92)
2021-10-28 21:07:45,916 ERROR [http-nio-8080-exec-1] c.n.c.c.a.ExceptionAdvice [ExceptionAdvice.java:22] org.springframework.web.filter.OncePerRequestFilter.doFilter(OncePerRequestFilter.java:107)
2021-10-28 21:07:45,916 ERROR [http-nio-8080-exec-1] c.n.c.c.a.ExceptionAdvice [ExceptionAdvice.java:22] org.apache.catalina.core.ApplicationFilterChain.internalDoFilter(ApplicationFilterChain.java:193)
2021-10-28 21:07:45,916 ERROR [http-nio-8080-exec-1] c.n.c.c.a.ExceptionAdvice [ExceptionAdvice.java:22] org.apache.catalina.core.ApplicationFilterChain.doFilter(ApplicationFilterChain.java:166)
2021-10-28 21:07:45,916 ERROR [http-nio-8080-exec-1] c.n.c.c.a.ExceptionAdvice [ExceptionAdvice.java:22] org.springframework.web.filter.HiddenHttpMethodFilter.doFilterInternal(HiddenHttpMethodFilter.java:93)
2021-10-28 21:07:45,916 ERROR [http-nio-8080-exec-1] c.n.c.c.a.ExceptionAdvice [ExceptionAdvice.java:22] org.springframework.web.filter.OncePerRequestFilter.doFilter(OncePerRequestFilter.java:107)
2021-10-28 21:07:45,916 ERROR [http-nio-8080-exec-1] c.n.c.c.a.ExceptionAdvice [ExceptionAdvice.java:22] org.apache.catalina.core.ApplicationFilterChain.internalDoFilter(ApplicationFilterChain.java:193)
2021-10-28 21:07:45,917 ERROR [http-nio-8080-exec-1] c.n.c.c.a.ExceptionAdvice [ExceptionAdvice.java:22] org.apache.catalina.core.ApplicationFilterChain.doFilter(ApplicationFilterChain.java:166)
2021-10-28 21:07:45,917 ERROR [http-nio-8080-exec-1] c.n.c.c.a.ExceptionAdvice [ExceptionAdvice.java:22] org.springframework.web.filter.CharacterEncodingFilter.doFilterInternal(CharacterEncodingFilter.java:200)
2021-10-28 21:07:45,917 ERROR [http-nio-8080-exec-1] c.n.c.c.a.ExceptionAdvice [ExceptionAdvice.java:22] org.springframework.web.filter.OncePerRequestFilter.doFilter(OncePerRequestFilter.java:107)
2021-10-28 21:07:45,917 ERROR [http-nio-8080-exec-1] c.n.c.c.a.ExceptionAdvice [ExceptionAdvice.java:22] org.apache.catalina.core.ApplicationFilterChain.internalDoFilter(ApplicationFilterChain.java:193)
2021-10-28 21:07:45,917 ERROR [http-nio-8080-exec-1] c.n.c.c.a.ExceptionAdvice [ExceptionAdvice.java:22] org.apache.catalina.core.ApplicationFilterChain.doFilter(ApplicationFilterChain.java:166)
2021-10-28 21:07:45,917 ERROR [http-nio-8080-exec-1] c.n.c.c.a.ExceptionAdvice [ExceptionAdvice.java:22] org.apache.catalina.core.StandardWrapperValve.invoke(StandardWrapperValve.java:200)
2021-10-28 21:07:45,917 ERROR [http-nio-8080-exec-1] c.n.c.c.a.ExceptionAdvice [ExceptionAdvice.java:22] org.apache.catalina.core.StandardContextValve.invoke(StandardContextValve.java:96)
2021-10-28 21:07:45,917 ERROR [http-nio-8080-exec-1] c.n.c.c.a.ExceptionAdvice [ExceptionAdvice.java:22] org.apache.catalina.authenticator.AuthenticatorBase.invoke(AuthenticatorBase.java:490)
2021-10-28 21:07:45,917 ERROR [http-nio-8080-exec-1] c.n.c.c.a.ExceptionAdvice [ExceptionAdvice.java:22] org.apache.catalina.core.StandardHostValve.invoke(StandardHostValve.java:139)
2021-10-28 21:07:45,917 ERROR [http-nio-8080-exec-1] c.n.c.c.a.ExceptionAdvice [ExceptionAdvice.java:22] org.apache.catalina.valves.ErrorReportValve.invoke(ErrorReportValve.java:92)
2021-10-28 21:07:45,918 ERROR [http-nio-8080-exec-1] c.n.c.c.a.ExceptionAdvice [ExceptionAdvice.java:22] org.apache.catalina.core.StandardEngineValve.invoke(StandardEngineValve.java:74)
2021-10-28 21:07:45,918 ERROR [http-nio-8080-exec-1] c.n.c.c.a.ExceptionAdvice [ExceptionAdvice.java:22] org.apache.catalina.connector.CoyoteAdapter.service(CoyoteAdapter.java:343)
2021-10-28 21:07:45,918 ERROR [http-nio-8080-exec-1] c.n.c.c.a.ExceptionAdvice [ExceptionAdvice.java:22] org.apache.coyote.http11.Http11Processor.service(Http11Processor.java:408)
2021-10-28 21:07:45,918 ERROR [http-nio-8080-exec-1] c.n.c.c.a.ExceptionAdvice [ExceptionAdvice.java:22] org.apache.coyote.AbstractProcessorLight.process(AbstractProcessorLight.java:66)
2021-10-28 21:07:45,918 ERROR [http-nio-8080-exec-1] c.n.c.c.a.ExceptionAdvice [ExceptionAdvice.java:22] org.apache.coyote.AbstractProtocol$ConnectionHandler.process(AbstractProtocol.java:836)
2021-10-28 21:07:45,918 ERROR [http-nio-8080-exec-1] c.n.c.c.a.ExceptionAdvice [ExceptionAdvice.java:22] org.apache.tomcat.util.net.NioEndpoint$SocketProcessor.doRun(NioEndpoint.java:1747)
2021-10-28 21:07:45,918 ERROR [http-nio-8080-exec-1] c.n.c.c.a.ExceptionAdvice [ExceptionAdvice.java:22] org.apache.tomcat.util.net.SocketProcessorBase.run(SocketProcessorBase.java:49)
2021-10-28 21:07:45,918 ERROR [http-nio-8080-exec-1] c.n.c.c.a.ExceptionAdvice [ExceptionAdvice.java:22] java.base/java.util.concurrent.ThreadPoolExecutor.runWorker(ThreadPoolExecutor.java:1128)
2021-10-28 21:07:45,918 ERROR [http-nio-8080-exec-1] c.n.c.c.a.ExceptionAdvice [ExceptionAdvice.java:22] java.base/java.util.concurrent.ThreadPoolExecutor$Worker.run(ThreadPoolExecutor.java:628)
2021-10-28 21:07:45,918 ERROR [http-nio-8080-exec-1] c.n.c.c.a.ExceptionAdvice [ExceptionAdvice.java:22] org.apache.tomcat.util.threads.TaskThread$WrappingRunnable.run(TaskThread.java:61)
2021-10-28 21:07:45,918 ERROR [http-nio-8080-exec-1] c.n.c.c.a.ExceptionAdvice [ExceptionAdvice.java:22] java.base/java.lang.Thread.run(Thread.java:835)
2021-10-28 21:11:44,292 ERROR [http-nio-8080-exec-6] c.n.c.c.a.ExceptionAdvice [ExceptionAdvice.java:20] 服务器发生异常: Failed to convert value of type 'java.lang.String' to required type 'int'; nested exception is java.lang.NumberFormatException: For input string: "profile.html"
2021-10-28 21:11:44,292 ERROR [http-nio-8080-exec-6] c.n.c.c.a.ExceptionAdvice [ExceptionAdvice.java:22] org.springframework.web.method.annotation.AbstractNamedValueMethodArgumentResolver.resolveArgument(AbstractNamedValueMethodArgumentResolver.java:132)
2021-10-28 21:11:44,292 ERROR [http-nio-8080-exec-6] c.n.c.c.a.ExceptionAdvice [ExceptionAdvice.java:22] org.springframework.web.method.support.HandlerMethodArgumentResolverComposite.resolveArgument(HandlerMethodArgumentResolverComposite.java:126)
2021-10-28 21:11:44,292 ERROR [http-nio-8080-exec-6] c.n.c.c.a.ExceptionAdvice [ExceptionAdvice.java:22] org.springframework.web.method.support.InvocableHandlerMethod.getMethodArgumentValues(InvocableHandlerMethod.java:167)
2021-10-28 21:11:44,292 ERROR [http-nio-8080-exec-6] c.n.c.c.a.ExceptionAdvice [ExceptionAdvice.java:22] org.springframework.web.method.support.InvocableHandlerMethod.invokeForRequest(InvocableHandlerMethod.java:134)
2021-10-28 21:11:44,292 ERROR [http-nio-8080-exec-6] c.n.c.c.a.ExceptionAdvice [ExceptionAdvice.java:22] org.springframework.web.servlet.mvc.method.annotation.ServletInvocableHandlerMethod.invokeAndHandle(ServletInvocableHandlerMethod.java:104)
2021-10-28 21:11:44,292 ERROR [http-nio-8080-exec-6] c.n.c.c.a.ExceptionAdvice [ExceptionAdvice.java:22] org.springframework.web.servlet.mvc.method.annotation.RequestMappingHandlerAdapter.invokeHandlerMethod(RequestMappingHandlerAdapter.java:892)
2021-10-28 21:11:44,292 ERROR [http-nio-8080-exec-6] c.n.c.c.a.ExceptionAdvice [ExceptionAdvice.java:22] org.springframework.web.servlet.mvc.method.annotation.RequestMappingHandlerAdapter.handleInternal(RequestMappingHandlerAdapter.java:797)
2021-10-28 21:11:44,292 ERROR [http-nio-8080-exec-6] c.n.c.c.a.ExceptionAdvice [ExceptionAdvice.java:22] org.springframework.web.servlet.mvc.method.AbstractHandlerMethodAdapter.handle(AbstractHandlerMethodAdapter.java:87)
2021-10-28 21:11:44,292 ERROR [http-nio-8080-exec-6] c.n.c.c.a.ExceptionAdvice [ExceptionAdvice.java:22] org.springframework.web.servlet.DispatcherServlet.doDispatch(DispatcherServlet.java:1039)
2021-10-28 21:11:44,292 ERROR [http-nio-8080-exec-6] c.n.c.c.a.ExceptionAdvice [ExceptionAdvice.java:22] org.springframework.web.servlet.DispatcherServlet.doService(DispatcherServlet.java:942)
2021-10-28 21:11:44,292 ERROR [http-nio-8080-exec-6] c.n.c.c.a.ExceptionAdvice [ExceptionAdvice.java:22] org.springframework.web.servlet.FrameworkServlet.processRequest(FrameworkServlet.java:1005)
2021-10-28 21:11:44,292 ERROR [http-nio-8080-exec-6] c.n.c.c.a.ExceptionAdvice [ExceptionAdvice.java:22] org.springframework.web.servlet.FrameworkServlet.doGet(FrameworkServlet.java:897)
2021-10-28 21:11:44,292 ERROR [http-nio-8080-exec-6] c.n.c.c.a.ExceptionAdvice [ExceptionAdvice.java:22] javax.servlet.http.HttpServlet.service(HttpServlet.java:634)
2021-10-28 21:11:44,292 ERROR [http-nio-8080-exec-6] c.n.c.c.a.ExceptionAdvice [ExceptionAdvice.java:22] org.springframework.web.servlet.FrameworkServlet.service(FrameworkServlet.java:882)
2021-10-28 21:11:44,293 ERROR [http-nio-8080-exec-6] c.n.c.c.a.ExceptionAdvice [ExceptionAdvice.java:22] javax.servlet.http.HttpServlet.service(HttpServlet.java:741)
2021-10-28 21:11:44,293 ERROR [http-nio-8080-exec-6] c.n.c.c.a.ExceptionAdvice [ExceptionAdvice.java:22] org.apache.catalina.core.ApplicationFilterChain.internalDoFilter(ApplicationFilterChain.java:231)
2021-10-28 21:11:44,293 ERROR [http-nio-8080-exec-6] c.n.c.c.a.ExceptionAdvice [ExceptionAdvice.java:22] org.apache.catalina.core.ApplicationFilterChain.doFilter(ApplicationFilterChain.java:166)
2021-10-28 21:11:44,293 ERROR [http-nio-8080-exec-6] c.n.c.c.a.ExceptionAdvice [ExceptionAdvice.java:22] org.apache.tomcat.websocket.server.WsFilter.doFilter(WsFilter.java:53)
2021-10-28 21:11:44,293 ERROR [http-nio-8080-exec-6] c.n.c.c.a.ExceptionAdvice [ExceptionAdvice.java:22] org.apache.catalina.core.ApplicationFilterChain.internalDoFilter(ApplicationFilterChain.java:193)
2021-10-28 21:11:44,293 ERROR [http-nio-8080-exec-6] c.n.c.c.a.ExceptionAdvice [ExceptionAdvice.java:22] org.apache.catalina.core.ApplicationFilterChain.doFilter(ApplicationFilterChain.java:166)
2021-10-28 21:11:44,293 ERROR [http-nio-8080-exec-6] c.n.c.c.a.ExceptionAdvice [ExceptionAdvice.java:22] org.springframework.web.filter.RequestContextFilter.doFilterInternal(RequestContextFilter.java:99)
2021-10-28 21:11:44,293 ERROR [http-nio-8080-exec-6] c.n.c.c.a.ExceptionAdvice [ExceptionAdvice.java:22] org.springframework.web.filter.OncePerRequestFilter.doFilter(OncePerRequestFilter.java:107)
2021-10-28 21:11:44,293 ERROR [http-nio-8080-exec-6] c.n.c.c.a.ExceptionAdvice [ExceptionAdvice.java:22] org.apache.catalina.core.ApplicationFilterChain.internalDoFilter(ApplicationFilterChain.java:193)
2021-10-28 21:11:44,293 ERROR [http-nio-8080-exec-6] c.n.c.c.a.ExceptionAdvice [ExceptionAdvice.java:22] org.apache.catalina.core.ApplicationFilterChain.doFilter(ApplicationFilterChain.java:166)
2021-10-28 21:11:44,293 ERROR [http-nio-8080-exec-6] c.n.c.c.a.ExceptionAdvice [ExceptionAdvice.java:22] org.springframework.web.filter.FormContentFilter.doFilterInternal(FormContentFilter.java:92)
2021-10-28 21:11:44,293 ERROR [http-nio-8080-exec-6] c.n.c.c.a.ExceptionAdvice [ExceptionAdvice.java:22] org.springframework.web.filter.OncePerRequestFilter.doFilter(OncePerRequestFilter.java:107)
2021-10-28 21:11:44,293 ERROR [http-nio-8080-exec-6] c.n.c.c.a.ExceptionAdvice [ExceptionAdvice.java:22] org.apache.catalina.core.ApplicationFilterChain.internalDoFilter(ApplicationFilterChain.java:193)
2021-10-28 21:11:44,293 ERROR [http-nio-8080-exec-6] c.n.c.c.a.ExceptionAdvice [ExceptionAdvice.java:22] org.apache.catalina.core.ApplicationFilterChain.doFilter(ApplicationFilterChain.java:166)
2021-10-28 21:11:44,293 ERROR [http-nio-8080-exec-6] c.n.c.c.a.ExceptionAdvice [ExceptionAdvice.java:22] org.springframework.web.filter.HiddenHttpMethodFilter.doFilterInternal(HiddenHttpMethodFilter.java:93)
2021-10-28 21:11:44,293 ERROR [http-nio-8080-exec-6] c.n.c.c.a.ExceptionAdvice [ExceptionAdvice.java:22] org.springframework.web.filter.OncePerRequestFilter.doFilter(OncePerRequestFilter.java:107)
2021-10-28 21:11:44,294 ERROR [http-nio-8080-exec-6] c.n.c.c.a.ExceptionAdvice [ExceptionAdvice.java:22] org.apache.catalina.core.ApplicationFilterChain.internalDoFilter(ApplicationFilterChain.java:193)
2021-10-28 21:11:44,294 ERROR [http-nio-8080-exec-6] c.n.c.c.a.ExceptionAdvice [ExceptionAdvice.java:22] org.apache.catalina.core.ApplicationFilterChain.doFilter(ApplicationFilterChain.java:166)
2021-10-28 21:11:44,294 ERROR [http-nio-8080-exec-6] c.n.c.c.a.ExceptionAdvice [ExceptionAdvice.java:22] org.springframework.web.filter.CharacterEncodingFilter.doFilterInternal(CharacterEncodingFilter.java:200)
2021-10-28 21:11:44,294 ERROR [http-nio-8080-exec-6] c.n.c.c.a.ExceptionAdvice [ExceptionAdvice.java:22] org.springframework.web.filter.OncePerRequestFilter.doFilter(OncePerRequestFilter.java:107)
2021-10-28 21:11:44,294 ERROR [http-nio-8080-exec-6] c.n.c.c.a.ExceptionAdvice [ExceptionAdvice.java:22] org.apache.catalina.core.ApplicationFilterChain.internalDoFilter(ApplicationFilterChain.java:193)
2021-10-28 21:11:44,294 ERROR [http-nio-8080-exec-6] c.n.c.c.a.ExceptionAdvice [ExceptionAdvice.java:22] org.apache.catalina.core.ApplicationFilterChain.doFilter(ApplicationFilterChain.java:166)
2021-10-28 21:11:44,294 ERROR [http-nio-8080-exec-6] c.n.c.c.a.ExceptionAdvice [ExceptionAdvice.java:22] org.apache.catalina.core.StandardWrapperValve.invoke(StandardWrapperValve.java:200)
2021-10-28 21:11:44,294 ERROR [http-nio-8080-exec-6] c.n.c.c.a.ExceptionAdvice [ExceptionAdvice.java:22] org.apache.catalina.core.StandardContextValve.invoke(StandardContextValve.java:96)
2021-10-28 21:11:44,294 ERROR [http-nio-8080-exec-6] c.n.c.c.a.ExceptionAdvice [ExceptionAdvice.java:22] org.apache.catalina.authenticator.AuthenticatorBase.invoke(AuthenticatorBase.java:490)
2021-10-28 21:11:44,294 ERROR [http-nio-8080-exec-6] c.n.c.c.a.ExceptionAdvice [ExceptionAdvice.java:22] org.apache.catalina.core.StandardHostValve.invoke(StandardHostValve.java:139)
2021-10-28 21:11:44,294 ERROR [http-nio-8080-exec-6] c.n.c.c.a.ExceptionAdvice [ExceptionAdvice.java:22] org.apache.catalina.valves.ErrorReportValve.invoke(ErrorReportValve.java:92)
2021-10-28 21:11:44,294 ERROR [http-nio-8080-exec-6] c.n.c.c.a.ExceptionAdvice [ExceptionAdvice.java:22] org.apache.catalina.core.StandardEngineValve.invoke(StandardEngineValve.java:74)
2021-10-28 21:11:44,294 ERROR [http-nio-8080-exec-6] c.n.c.c.a.ExceptionAdvice [ExceptionAdvice.java:22] org.apache.catalina.connector.CoyoteAdapter.service(CoyoteAdapter.java:343)
2021-10-28 21:11:44,294 ERROR [http-nio-8080-exec-6] c.n.c.c.a.ExceptionAdvice [ExceptionAdvice.java:22] org.apache.coyote.http11.Http11Processor.service(Http11Processor.java:408)
2021-10-28 21:11:44,294 ERROR [http-nio-8080-exec-6] c.n.c.c.a.ExceptionAdvice [ExceptionAdvice.java:22] org.apache.coyote.AbstractProcessorLight.process(AbstractProcessorLight.java:66)
2021-10-28 21:11:44,295 ERROR [http-nio-8080-exec-6] c.n.c.c.a.ExceptionAdvice [ExceptionAdvice.java:22] org.apache.coyote.AbstractProtocol$ConnectionHandler.process(AbstractProtocol.java:836)
2021-10-28 21:11:44,295 ERROR [http-nio-8080-exec-6] c.n.c.c.a.ExceptionAdvice [ExceptionAdvice.java:22] org.apache.tomcat.util.net.NioEndpoint$SocketProcessor.doRun(NioEndpoint.java:1747)
2021-10-28 21:11:44,295 ERROR [http-nio-8080-exec-6] c.n.c.c.a.ExceptionAdvice [ExceptionAdvice.java:22] org.apache.tomcat.util.net.SocketProcessorBase.run(SocketProcessorBase.java:49)
2021-10-28 21:11:44,295 ERROR [http-nio-8080-exec-6] c.n.c.c.a.ExceptionAdvice [ExceptionAdvice.java:22] java.base/java.util.concurrent.ThreadPoolExecutor.runWorker(ThreadPoolExecutor.java:1128)
2021-10-28 21:11:44,295 ERROR [http-nio-8080-exec-6] c.n.c.c.a.ExceptionAdvice [ExceptionAdvice.java:22] java.base/java.util.concurrent.ThreadPoolExecutor$Worker.run(ThreadPoolExecutor.java:628)
2021-10-28 21:11:44,295 ERROR [http-nio-8080-exec-6] c.n.c.c.a.ExceptionAdvice [ExceptionAdvice.java:22] org.apache.tomcat.util.threads.TaskThread$WrappingRunnable.run(TaskThread.java:61)
2021-10-28 21:11:44,295 ERROR [http-nio-8080-exec-6] c.n.c.c.a.ExceptionAdvice [ExceptionAdvice.java:22] java.base/java.lang.Thread.run(Thread.java:835)
