2021-09-25 20:30:59,761 ERROR [http-nio-8080-exec-9] c.n.c.c.a.ExceptionAdvice [ExceptionAdvice.java:20] 服务器发生异常: Failed to convert value of type 'java.lang.String' to required type 'int'; nested exception is java.lang.NumberFormatException: For input string: "follower.html"
2021-09-25 20:30:59,762 ERROR [http-nio-8080-exec-9] c.n.c.c.a.ExceptionAdvice [ExceptionAdvice.java:22] org.springframework.web.method.annotation.AbstractNamedValueMethodArgumentResolver.resolveArgument(AbstractNamedValueMethodArgumentResolver.java:132)
2021-09-25 20:30:59,762 ERROR [http-nio-8080-exec-9] c.n.c.c.a.ExceptionAdvice [ExceptionAdvice.java:22] org.springframework.web.method.support.HandlerMethodArgumentResolverComposite.resolveArgument(HandlerMethodArgumentResolverComposite.java:126)
2021-09-25 20:30:59,766 ERROR [http-nio-8080-exec-9] c.n.c.c.a.ExceptionAdvice [ExceptionAdvice.java:22] org.springframework.web.method.support.InvocableHandlerMethod.getMethodArgumentValues(InvocableHandlerMethod.java:167)
2021-09-25 20:30:59,766 ERROR [http-nio-8080-exec-9] c.n.c.c.a.ExceptionAdvice [ExceptionAdvice.java:22] org.springframework.web.method.support.InvocableHandlerMethod.invokeForRequest(InvocableHandlerMethod.java:134)
2021-09-25 20:30:59,766 ERROR [http-nio-8080-exec-9] c.n.c.c.a.ExceptionAdvice [ExceptionAdvice.java:22] org.springframework.web.servlet.mvc.method.annotation.ServletInvocableHandlerMethod.invokeAndHandle(ServletInvocableHandlerMethod.java:104)
2021-09-25 20:30:59,766 ERROR [http-nio-8080-exec-9] c.n.c.c.a.ExceptionAdvice [ExceptionAdvice.java:22] org.springframework.web.servlet.mvc.method.annotation.RequestMappingHandlerAdapter.invokeHandlerMethod(RequestMappingHandlerAdapter.java:892)
2021-09-25 20:30:59,766 ERROR [http-nio-8080-exec-9] c.n.c.c.a.ExceptionAdvice [ExceptionAdvice.java:22] org.springframework.web.servlet.mvc.method.annotation.RequestMappingHandlerAdapter.handleInternal(RequestMappingHandlerAdapter.java:797)
2021-09-25 20:30:59,767 ERROR [http-nio-8080-exec-9] c.n.c.c.a.ExceptionAdvice [ExceptionAdvice.java:22] org.springframework.web.servlet.mvc.method.AbstractHandlerMethodAdapter.handle(AbstractHandlerMethodAdapter.java:87)
2021-09-25 20:30:59,767 ERROR [http-nio-8080-exec-9] c.n.c.c.a.ExceptionAdvice [ExceptionAdvice.java:22] org.springframework.web.servlet.DispatcherServlet.doDispatch(DispatcherServlet.java:1039)
2021-09-25 20:30:59,767 ERROR [http-nio-8080-exec-9] c.n.c.c.a.ExceptionAdvice [ExceptionAdvice.java:22] org.springframework.web.servlet.DispatcherServlet.doService(DispatcherServlet.java:942)
2021-09-25 20:30:59,767 ERROR [http-nio-8080-exec-9] c.n.c.c.a.ExceptionAdvice [ExceptionAdvice.java:22] org.springframework.web.servlet.FrameworkServlet.processRequest(FrameworkServlet.java:1005)
2021-09-25 20:30:59,767 ERROR [http-nio-8080-exec-9] c.n.c.c.a.ExceptionAdvice [ExceptionAdvice.java:22] org.springframework.web.servlet.FrameworkServlet.doGet(FrameworkServlet.java:897)
2021-09-25 20:30:59,767 ERROR [http-nio-8080-exec-9] c.n.c.c.a.ExceptionAdvice [ExceptionAdvice.java:22] javax.servlet.http.HttpServlet.service(HttpServlet.java:634)
2021-09-25 20:30:59,767 ERROR [http-nio-8080-exec-9] c.n.c.c.a.ExceptionAdvice [ExceptionAdvice.java:22] org.springframework.web.servlet.FrameworkServlet.service(FrameworkServlet.java:882)
2021-09-25 20:30:59,767 ERROR [http-nio-8080-exec-9] c.n.c.c.a.ExceptionAdvice [ExceptionAdvice.java:22] javax.servlet.http.HttpServlet.service(HttpServlet.java:741)
2021-09-25 20:30:59,767 ERROR [http-nio-8080-exec-9] c.n.c.c.a.ExceptionAdvice [ExceptionAdvice.java:22] org.apache.catalina.core.ApplicationFilterChain.internalDoFilter(ApplicationFilterChain.java:231)
2021-09-25 20:30:59,767 ERROR [http-nio-8080-exec-9] c.n.c.c.a.ExceptionAdvice [ExceptionAdvice.java:22] org.apache.catalina.core.ApplicationFilterChain.doFilter(ApplicationFilterChain.java:166)
2021-09-25 20:30:59,767 ERROR [http-nio-8080-exec-9] c.n.c.c.a.ExceptionAdvice [ExceptionAdvice.java:22] org.apache.tomcat.websocket.server.WsFilter.doFilter(WsFilter.java:53)
2021-09-25 20:30:59,767 ERROR [http-nio-8080-exec-9] c.n.c.c.a.ExceptionAdvice [ExceptionAdvice.java:22] org.apache.catalina.core.ApplicationFilterChain.internalDoFilter(ApplicationFilterChain.java:193)
2021-09-25 20:30:59,768 ERROR [http-nio-8080-exec-9] c.n.c.c.a.ExceptionAdvice [ExceptionAdvice.java:22] org.apache.catalina.core.ApplicationFilterChain.doFilter(ApplicationFilterChain.java:166)
2021-09-25 20:30:59,768 ERROR [http-nio-8080-exec-9] c.n.c.c.a.ExceptionAdvice [ExceptionAdvice.java:22] org.springframework.web.filter.RequestContextFilter.doFilterInternal(RequestContextFilter.java:99)
2021-09-25 20:30:59,768 ERROR [http-nio-8080-exec-9] c.n.c.c.a.ExceptionAdvice [ExceptionAdvice.java:22] org.springframework.web.filter.OncePerRequestFilter.doFilter(OncePerRequestFilter.java:107)
2021-09-25 20:30:59,768 ERROR [http-nio-8080-exec-9] c.n.c.c.a.ExceptionAdvice [ExceptionAdvice.java:22] org.apache.catalina.core.ApplicationFilterChain.internalDoFilter(ApplicationFilterChain.java:193)
2021-09-25 20:30:59,768 ERROR [http-nio-8080-exec-9] c.n.c.c.a.ExceptionAdvice [ExceptionAdvice.java:22] org.apache.catalina.core.ApplicationFilterChain.doFilter(ApplicationFilterChain.java:166)
2021-09-25 20:30:59,768 ERROR [http-nio-8080-exec-9] c.n.c.c.a.ExceptionAdvice [ExceptionAdvice.java:22] org.springframework.web.filter.FormContentFilter.doFilterInternal(FormContentFilter.java:92)
2021-09-25 20:30:59,768 ERROR [http-nio-8080-exec-9] c.n.c.c.a.ExceptionAdvice [ExceptionAdvice.java:22] org.springframework.web.filter.OncePerRequestFilter.doFilter(OncePerRequestFilter.java:107)
2021-09-25 20:30:59,768 ERROR [http-nio-8080-exec-9] c.n.c.c.a.ExceptionAdvice [ExceptionAdvice.java:22] org.apache.catalina.core.ApplicationFilterChain.internalDoFilter(ApplicationFilterChain.java:193)
2021-09-25 20:30:59,768 ERROR [http-nio-8080-exec-9] c.n.c.c.a.ExceptionAdvice [ExceptionAdvice.java:22] org.apache.catalina.core.ApplicationFilterChain.doFilter(ApplicationFilterChain.java:166)
2021-09-25 20:30:59,768 ERROR [http-nio-8080-exec-9] c.n.c.c.a.ExceptionAdvice [ExceptionAdvice.java:22] org.springframework.web.filter.HiddenHttpMethodFilter.doFilterInternal(HiddenHttpMethodFilter.java:93)
2021-09-25 20:30:59,768 ERROR [http-nio-8080-exec-9] c.n.c.c.a.ExceptionAdvice [ExceptionAdvice.java:22] org.springframework.web.filter.OncePerRequestFilter.doFilter(OncePerRequestFilter.java:107)
2021-09-25 20:30:59,768 ERROR [http-nio-8080-exec-9] c.n.c.c.a.ExceptionAdvice [ExceptionAdvice.java:22] org.apache.catalina.core.ApplicationFilterChain.internalDoFilter(ApplicationFilterChain.java:193)
2021-09-25 20:30:59,768 ERROR [http-nio-8080-exec-9] c.n.c.c.a.ExceptionAdvice [ExceptionAdvice.java:22] org.apache.catalina.core.ApplicationFilterChain.doFilter(ApplicationFilterChain.java:166)
2021-09-25 20:30:59,768 ERROR [http-nio-8080-exec-9] c.n.c.c.a.ExceptionAdvice [ExceptionAdvice.java:22] org.springframework.web.filter.CharacterEncodingFilter.doFilterInternal(CharacterEncodingFilter.java:200)
2021-09-25 20:30:59,768 ERROR [http-nio-8080-exec-9] c.n.c.c.a.ExceptionAdvice [ExceptionAdvice.java:22] org.springframework.web.filter.OncePerRequestFilter.doFilter(OncePerRequestFilter.java:107)
2021-09-25 20:30:59,769 ERROR [http-nio-8080-exec-9] c.n.c.c.a.ExceptionAdvice [ExceptionAdvice.java:22] org.apache.catalina.core.ApplicationFilterChain.internalDoFilter(ApplicationFilterChain.java:193)
2021-09-25 20:30:59,769 ERROR [http-nio-8080-exec-9] c.n.c.c.a.ExceptionAdvice [ExceptionAdvice.java:22] org.apache.catalina.core.ApplicationFilterChain.doFilter(ApplicationFilterChain.java:166)
2021-09-25 20:30:59,769 ERROR [http-nio-8080-exec-9] c.n.c.c.a.ExceptionAdvice [ExceptionAdvice.java:22] org.apache.catalina.core.StandardWrapperValve.invoke(StandardWrapperValve.java:200)
2021-09-25 20:30:59,769 ERROR [http-nio-8080-exec-9] c.n.c.c.a.ExceptionAdvice [ExceptionAdvice.java:22] org.apache.catalina.core.StandardContextValve.invoke(StandardContextValve.java:96)
2021-09-25 20:30:59,769 ERROR [http-nio-8080-exec-9] c.n.c.c.a.ExceptionAdvice [ExceptionAdvice.java:22] org.apache.catalina.authenticator.AuthenticatorBase.invoke(AuthenticatorBase.java:490)
2021-09-25 20:30:59,769 ERROR [http-nio-8080-exec-9] c.n.c.c.a.ExceptionAdvice [ExceptionAdvice.java:22] org.apache.catalina.core.StandardHostValve.invoke(StandardHostValve.java:139)
2021-09-25 20:30:59,769 ERROR [http-nio-8080-exec-9] c.n.c.c.a.ExceptionAdvice [ExceptionAdvice.java:22] org.apache.catalina.valves.ErrorReportValve.invoke(ErrorReportValve.java:92)
2021-09-25 20:30:59,769 ERROR [http-nio-8080-exec-9] c.n.c.c.a.ExceptionAdvice [ExceptionAdvice.java:22] org.apache.catalina.core.StandardEngineValve.invoke(StandardEngineValve.java:74)
2021-09-25 20:30:59,769 ERROR [http-nio-8080-exec-9] c.n.c.c.a.ExceptionAdvice [ExceptionAdvice.java:22] org.apache.catalina.connector.CoyoteAdapter.service(CoyoteAdapter.java:343)
2021-09-25 20:30:59,769 ERROR [http-nio-8080-exec-9] c.n.c.c.a.ExceptionAdvice [ExceptionAdvice.java:22] org.apache.coyote.http11.Http11Processor.service(Http11Processor.java:408)
2021-09-25 20:30:59,769 ERROR [http-nio-8080-exec-9] c.n.c.c.a.ExceptionAdvice [ExceptionAdvice.java:22] org.apache.coyote.AbstractProcessorLight.process(AbstractProcessorLight.java:66)
2021-09-25 20:30:59,769 ERROR [http-nio-8080-exec-9] c.n.c.c.a.ExceptionAdvice [ExceptionAdvice.java:22] org.apache.coyote.AbstractProtocol$ConnectionHandler.process(AbstractProtocol.java:836)
2021-09-25 20:30:59,769 ERROR [http-nio-8080-exec-9] c.n.c.c.a.ExceptionAdvice [ExceptionAdvice.java:22] org.apache.tomcat.util.net.NioEndpoint$SocketProcessor.doRun(NioEndpoint.java:1747)
2021-09-25 20:30:59,770 ERROR [http-nio-8080-exec-9] c.n.c.c.a.ExceptionAdvice [ExceptionAdvice.java:22] org.apache.tomcat.util.net.SocketProcessorBase.run(SocketProcessorBase.java:49)
2021-09-25 20:30:59,770 ERROR [http-nio-8080-exec-9] c.n.c.c.a.ExceptionAdvice [ExceptionAdvice.java:22] java.base/java.util.concurrent.ThreadPoolExecutor.runWorker(ThreadPoolExecutor.java:1128)
2021-09-25 20:30:59,770 ERROR [http-nio-8080-exec-9] c.n.c.c.a.ExceptionAdvice [ExceptionAdvice.java:22] java.base/java.util.concurrent.ThreadPoolExecutor$Worker.run(ThreadPoolExecutor.java:628)
2021-09-25 20:30:59,770 ERROR [http-nio-8080-exec-9] c.n.c.c.a.ExceptionAdvice [ExceptionAdvice.java:22] org.apache.tomcat.util.threads.TaskThread$WrappingRunnable.run(TaskThread.java:61)
2021-09-25 20:30:59,770 ERROR [http-nio-8080-exec-9] c.n.c.c.a.ExceptionAdvice [ExceptionAdvice.java:22] java.base/java.lang.Thread.run(Thread.java:835)
2021-09-25 20:31:02,819 ERROR [http-nio-8080-exec-3] c.n.c.c.a.ExceptionAdvice [ExceptionAdvice.java:20] 服务器发生异常: Failed to convert value of type 'java.lang.String' to required type 'int'; nested exception is java.lang.NumberFormatException: For input string: "followee.html"
2021-09-25 20:31:02,820 ERROR [http-nio-8080-exec-3] c.n.c.c.a.ExceptionAdvice [ExceptionAdvice.java:22] org.springframework.web.method.annotation.AbstractNamedValueMethodArgumentResolver.resolveArgument(AbstractNamedValueMethodArgumentResolver.java:132)
2021-09-25 20:31:02,820 ERROR [http-nio-8080-exec-3] c.n.c.c.a.ExceptionAdvice [ExceptionAdvice.java:22] org.springframework.web.method.support.HandlerMethodArgumentResolverComposite.resolveArgument(HandlerMethodArgumentResolverComposite.java:126)
2021-09-25 20:31:02,820 ERROR [http-nio-8080-exec-3] c.n.c.c.a.ExceptionAdvice [ExceptionAdvice.java:22] org.springframework.web.method.support.InvocableHandlerMethod.getMethodArgumentValues(InvocableHandlerMethod.java:167)
2021-09-25 20:31:02,821 ERROR [http-nio-8080-exec-3] c.n.c.c.a.ExceptionAdvice [ExceptionAdvice.java:22] org.springframework.web.method.support.InvocableHandlerMethod.invokeForRequest(InvocableHandlerMethod.java:134)
2021-09-25 20:31:02,821 ERROR [http-nio-8080-exec-3] c.n.c.c.a.ExceptionAdvice [ExceptionAdvice.java:22] org.springframework.web.servlet.mvc.method.annotation.ServletInvocableHandlerMethod.invokeAndHandle(ServletInvocableHandlerMethod.java:104)
2021-09-25 20:31:02,821 ERROR [http-nio-8080-exec-3] c.n.c.c.a.ExceptionAdvice [ExceptionAdvice.java:22] org.springframework.web.servlet.mvc.method.annotation.RequestMappingHandlerAdapter.invokeHandlerMethod(RequestMappingHandlerAdapter.java:892)
2021-09-25 20:31:02,821 ERROR [http-nio-8080-exec-3] c.n.c.c.a.ExceptionAdvice [ExceptionAdvice.java:22] org.springframework.web.servlet.mvc.method.annotation.RequestMappingHandlerAdapter.handleInternal(RequestMappingHandlerAdapter.java:797)
2021-09-25 20:31:02,821 ERROR [http-nio-8080-exec-3] c.n.c.c.a.ExceptionAdvice [ExceptionAdvice.java:22] org.springframework.web.servlet.mvc.method.AbstractHandlerMethodAdapter.handle(AbstractHandlerMethodAdapter.java:87)
2021-09-25 20:31:02,821 ERROR [http-nio-8080-exec-3] c.n.c.c.a.ExceptionAdvice [ExceptionAdvice.java:22] org.springframework.web.servlet.DispatcherServlet.doDispatch(DispatcherServlet.java:1039)
2021-09-25 20:31:02,821 ERROR [http-nio-8080-exec-3] c.n.c.c.a.ExceptionAdvice [ExceptionAdvice.java:22] org.springframework.web.servlet.DispatcherServlet.doService(DispatcherServlet.java:942)
2021-09-25 20:31:02,821 ERROR [http-nio-8080-exec-3] c.n.c.c.a.ExceptionAdvice [ExceptionAdvice.java:22] org.springframework.web.servlet.FrameworkServlet.processRequest(FrameworkServlet.java:1005)
2021-09-25 20:31:02,822 ERROR [http-nio-8080-exec-3] c.n.c.c.a.ExceptionAdvice [ExceptionAdvice.java:22] org.springframework.web.servlet.FrameworkServlet.doGet(FrameworkServlet.java:897)
2021-09-25 20:31:02,822 ERROR [http-nio-8080-exec-3] c.n.c.c.a.ExceptionAdvice [ExceptionAdvice.java:22] javax.servlet.http.HttpServlet.service(HttpServlet.java:634)
2021-09-25 20:31:02,822 ERROR [http-nio-8080-exec-3] c.n.c.c.a.ExceptionAdvice [ExceptionAdvice.java:22] org.springframework.web.servlet.FrameworkServlet.service(FrameworkServlet.java:882)
2021-09-25 20:31:02,822 ERROR [http-nio-8080-exec-3] c.n.c.c.a.ExceptionAdvice [ExceptionAdvice.java:22] javax.servlet.http.HttpServlet.service(HttpServlet.java:741)
2021-09-25 20:31:02,822 ERROR [http-nio-8080-exec-3] c.n.c.c.a.ExceptionAdvice [ExceptionAdvice.java:22] org.apache.catalina.core.ApplicationFilterChain.internalDoFilter(ApplicationFilterChain.java:231)
2021-09-25 20:31:02,822 ERROR [http-nio-8080-exec-3] c.n.c.c.a.ExceptionAdvice [ExceptionAdvice.java:22] org.apache.catalina.core.ApplicationFilterChain.doFilter(ApplicationFilterChain.java:166)
2021-09-25 20:31:02,822 ERROR [http-nio-8080-exec-3] c.n.c.c.a.ExceptionAdvice [ExceptionAdvice.java:22] org.apache.tomcat.websocket.server.WsFilter.doFilter(WsFilter.java:53)
2021-09-25 20:31:02,822 ERROR [http-nio-8080-exec-3] c.n.c.c.a.ExceptionAdvice [ExceptionAdvice.java:22] org.apache.catalina.core.ApplicationFilterChain.internalDoFilter(ApplicationFilterChain.java:193)
2021-09-25 20:31:02,822 ERROR [http-nio-8080-exec-3] c.n.c.c.a.ExceptionAdvice [ExceptionAdvice.java:22] org.apache.catalina.core.ApplicationFilterChain.doFilter(ApplicationFilterChain.java:166)
2021-09-25 20:31:02,823 ERROR [http-nio-8080-exec-3] c.n.c.c.a.ExceptionAdvice [ExceptionAdvice.java:22] org.springframework.web.filter.RequestContextFilter.doFilterInternal(RequestContextFilter.java:99)
2021-09-25 20:31:02,823 ERROR [http-nio-8080-exec-3] c.n.c.c.a.ExceptionAdvice [ExceptionAdvice.java:22] org.springframework.web.filter.OncePerRequestFilter.doFilter(OncePerRequestFilter.java:107)
2021-09-25 20:31:02,823 ERROR [http-nio-8080-exec-3] c.n.c.c.a.ExceptionAdvice [ExceptionAdvice.java:22] org.apache.catalina.core.ApplicationFilterChain.internalDoFilter(ApplicationFilterChain.java:193)
2021-09-25 20:31:02,823 ERROR [http-nio-8080-exec-3] c.n.c.c.a.ExceptionAdvice [ExceptionAdvice.java:22] org.apache.catalina.core.ApplicationFilterChain.doFilter(ApplicationFilterChain.java:166)
2021-09-25 20:31:02,823 ERROR [http-nio-8080-exec-3] c.n.c.c.a.ExceptionAdvice [ExceptionAdvice.java:22] org.springframework.web.filter.FormContentFilter.doFilterInternal(FormContentFilter.java:92)
2021-09-25 20:31:02,823 ERROR [http-nio-8080-exec-3] c.n.c.c.a.ExceptionAdvice [ExceptionAdvice.java:22] org.springframework.web.filter.OncePerRequestFilter.doFilter(OncePerRequestFilter.java:107)
2021-09-25 20:31:02,823 ERROR [http-nio-8080-exec-3] c.n.c.c.a.ExceptionAdvice [ExceptionAdvice.java:22] org.apache.catalina.core.ApplicationFilterChain.internalDoFilter(ApplicationFilterChain.java:193)
2021-09-25 20:31:02,823 ERROR [http-nio-8080-exec-3] c.n.c.c.a.ExceptionAdvice [ExceptionAdvice.java:22] org.apache.catalina.core.ApplicationFilterChain.doFilter(ApplicationFilterChain.java:166)
2021-09-25 20:31:02,823 ERROR [http-nio-8080-exec-3] c.n.c.c.a.ExceptionAdvice [ExceptionAdvice.java:22] org.springframework.web.filter.HiddenHttpMethodFilter.doFilterInternal(HiddenHttpMethodFilter.java:93)
2021-09-25 20:31:02,824 ERROR [http-nio-8080-exec-3] c.n.c.c.a.ExceptionAdvice [ExceptionAdvice.java:22] org.springframework.web.filter.OncePerRequestFilter.doFilter(OncePerRequestFilter.java:107)
2021-09-25 20:31:02,824 ERROR [http-nio-8080-exec-3] c.n.c.c.a.ExceptionAdvice [ExceptionAdvice.java:22] org.apache.catalina.core.ApplicationFilterChain.internalDoFilter(ApplicationFilterChain.java:193)
2021-09-25 20:31:02,824 ERROR [http-nio-8080-exec-3] c.n.c.c.a.ExceptionAdvice [ExceptionAdvice.java:22] org.apache.catalina.core.ApplicationFilterChain.doFilter(ApplicationFilterChain.java:166)
2021-09-25 20:31:02,824 ERROR [http-nio-8080-exec-3] c.n.c.c.a.ExceptionAdvice [ExceptionAdvice.java:22] org.springframework.web.filter.CharacterEncodingFilter.doFilterInternal(CharacterEncodingFilter.java:200)
2021-09-25 20:31:02,824 ERROR [http-nio-8080-exec-3] c.n.c.c.a.ExceptionAdvice [ExceptionAdvice.java:22] org.springframework.web.filter.OncePerRequestFilter.doFilter(OncePerRequestFilter.java:107)
2021-09-25 20:31:02,824 ERROR [http-nio-8080-exec-3] c.n.c.c.a.ExceptionAdvice [ExceptionAdvice.java:22] org.apache.catalina.core.ApplicationFilterChain.internalDoFilter(ApplicationFilterChain.java:193)
2021-09-25 20:31:02,824 ERROR [http-nio-8080-exec-3] c.n.c.c.a.ExceptionAdvice [ExceptionAdvice.java:22] org.apache.catalina.core.ApplicationFilterChain.doFilter(ApplicationFilterChain.java:166)
2021-09-25 20:31:02,824 ERROR [http-nio-8080-exec-3] c.n.c.c.a.ExceptionAdvice [ExceptionAdvice.java:22] org.apache.catalina.core.StandardWrapperValve.invoke(StandardWrapperValve.java:200)
2021-09-25 20:31:02,824 ERROR [http-nio-8080-exec-3] c.n.c.c.a.ExceptionAdvice [ExceptionAdvice.java:22] org.apache.catalina.core.StandardContextValve.invoke(StandardContextValve.java:96)
2021-09-25 20:31:02,824 ERROR [http-nio-8080-exec-3] c.n.c.c.a.ExceptionAdvice [ExceptionAdvice.java:22] org.apache.catalina.authenticator.AuthenticatorBase.invoke(AuthenticatorBase.java:490)
2021-09-25 20:31:02,825 ERROR [http-nio-8080-exec-3] c.n.c.c.a.ExceptionAdvice [ExceptionAdvice.java:22] org.apache.catalina.core.StandardHostValve.invoke(StandardHostValve.java:139)
2021-09-25 20:31:02,825 ERROR [http-nio-8080-exec-3] c.n.c.c.a.ExceptionAdvice [ExceptionAdvice.java:22] org.apache.catalina.valves.ErrorReportValve.invoke(ErrorReportValve.java:92)
2021-09-25 20:31:02,825 ERROR [http-nio-8080-exec-3] c.n.c.c.a.ExceptionAdvice [ExceptionAdvice.java:22] org.apache.catalina.core.StandardEngineValve.invoke(StandardEngineValve.java:74)
2021-09-25 20:31:02,825 ERROR [http-nio-8080-exec-3] c.n.c.c.a.ExceptionAdvice [ExceptionAdvice.java:22] org.apache.catalina.connector.CoyoteAdapter.service(CoyoteAdapter.java:343)
2021-09-25 20:31:02,825 ERROR [http-nio-8080-exec-3] c.n.c.c.a.ExceptionAdvice [ExceptionAdvice.java:22] org.apache.coyote.http11.Http11Processor.service(Http11Processor.java:408)
2021-09-25 20:31:02,825 ERROR [http-nio-8080-exec-3] c.n.c.c.a.ExceptionAdvice [ExceptionAdvice.java:22] org.apache.coyote.AbstractProcessorLight.process(AbstractProcessorLight.java:66)
2021-09-25 20:31:02,825 ERROR [http-nio-8080-exec-3] c.n.c.c.a.ExceptionAdvice [ExceptionAdvice.java:22] org.apache.coyote.AbstractProtocol$ConnectionHandler.process(AbstractProtocol.java:836)
2021-09-25 20:31:02,825 ERROR [http-nio-8080-exec-3] c.n.c.c.a.ExceptionAdvice [ExceptionAdvice.java:22] org.apache.tomcat.util.net.NioEndpoint$SocketProcessor.doRun(NioEndpoint.java:1747)
2021-09-25 20:31:02,825 ERROR [http-nio-8080-exec-3] c.n.c.c.a.ExceptionAdvice [ExceptionAdvice.java:22] org.apache.tomcat.util.net.SocketProcessorBase.run(SocketProcessorBase.java:49)
2021-09-25 20:31:02,825 ERROR [http-nio-8080-exec-3] c.n.c.c.a.ExceptionAdvice [ExceptionAdvice.java:22] java.base/java.util.concurrent.ThreadPoolExecutor.runWorker(ThreadPoolExecutor.java:1128)
2021-09-25 20:31:02,825 ERROR [http-nio-8080-exec-3] c.n.c.c.a.ExceptionAdvice [ExceptionAdvice.java:22] java.base/java.util.concurrent.ThreadPoolExecutor$Worker.run(ThreadPoolExecutor.java:628)
2021-09-25 20:31:02,825 ERROR [http-nio-8080-exec-3] c.n.c.c.a.ExceptionAdvice [ExceptionAdvice.java:22] org.apache.tomcat.util.threads.TaskThread$WrappingRunnable.run(TaskThread.java:61)
2021-09-25 20:31:02,826 ERROR [http-nio-8080-exec-3] c.n.c.c.a.ExceptionAdvice [ExceptionAdvice.java:22] java.base/java.lang.Thread.run(Thread.java:835)
2021-09-25 20:31:05,507 ERROR [http-nio-8080-exec-10] c.n.c.c.a.ExceptionAdvice [ExceptionAdvice.java:20] 服务器发生异常: Failed to convert value of type 'java.lang.String' to required type 'int'; nested exception is java.lang.NumberFormatException: For input string: "my-post.html"
2021-09-25 20:31:05,507 ERROR [http-nio-8080-exec-10] c.n.c.c.a.ExceptionAdvice [ExceptionAdvice.java:22] org.springframework.web.method.annotation.AbstractNamedValueMethodArgumentResolver.resolveArgument(AbstractNamedValueMethodArgumentResolver.java:132)
2021-09-25 20:31:05,507 ERROR [http-nio-8080-exec-10] c.n.c.c.a.ExceptionAdvice [ExceptionAdvice.java:22] org.springframework.web.method.support.HandlerMethodArgumentResolverComposite.resolveArgument(HandlerMethodArgumentResolverComposite.java:126)
2021-09-25 20:31:05,507 ERROR [http-nio-8080-exec-10] c.n.c.c.a.ExceptionAdvice [ExceptionAdvice.java:22] org.springframework.web.method.support.InvocableHandlerMethod.getMethodArgumentValues(InvocableHandlerMethod.java:167)
2021-09-25 20:31:05,508 ERROR [http-nio-8080-exec-10] c.n.c.c.a.ExceptionAdvice [ExceptionAdvice.java:22] org.springframework.web.method.support.InvocableHandlerMethod.invokeForRequest(InvocableHandlerMethod.java:134)
2021-09-25 20:31:05,508 ERROR [http-nio-8080-exec-10] c.n.c.c.a.ExceptionAdvice [ExceptionAdvice.java:22] org.springframework.web.servlet.mvc.method.annotation.ServletInvocableHandlerMethod.invokeAndHandle(ServletInvocableHandlerMethod.java:104)
2021-09-25 20:31:05,508 ERROR [http-nio-8080-exec-10] c.n.c.c.a.ExceptionAdvice [ExceptionAdvice.java:22] org.springframework.web.servlet.mvc.method.annotation.RequestMappingHandlerAdapter.invokeHandlerMethod(RequestMappingHandlerAdapter.java:892)
2021-09-25 20:31:05,508 ERROR [http-nio-8080-exec-10] c.n.c.c.a.ExceptionAdvice [ExceptionAdvice.java:22] org.springframework.web.servlet.mvc.method.annotation.RequestMappingHandlerAdapter.handleInternal(RequestMappingHandlerAdapter.java:797)
2021-09-25 20:31:05,508 ERROR [http-nio-8080-exec-10] c.n.c.c.a.ExceptionAdvice [ExceptionAdvice.java:22] org.springframework.web.servlet.mvc.method.AbstractHandlerMethodAdapter.handle(AbstractHandlerMethodAdapter.java:87)
2021-09-25 20:31:05,508 ERROR [http-nio-8080-exec-10] c.n.c.c.a.ExceptionAdvice [ExceptionAdvice.java:22] org.springframework.web.servlet.DispatcherServlet.doDispatch(DispatcherServlet.java:1039)
2021-09-25 20:31:05,508 ERROR [http-nio-8080-exec-10] c.n.c.c.a.ExceptionAdvice [ExceptionAdvice.java:22] org.springframework.web.servlet.DispatcherServlet.doService(DispatcherServlet.java:942)
2021-09-25 20:31:05,508 ERROR [http-nio-8080-exec-10] c.n.c.c.a.ExceptionAdvice [ExceptionAdvice.java:22] org.springframework.web.servlet.FrameworkServlet.processRequest(FrameworkServlet.java:1005)
2021-09-25 20:31:05,508 ERROR [http-nio-8080-exec-10] c.n.c.c.a.ExceptionAdvice [ExceptionAdvice.java:22] org.springframework.web.servlet.FrameworkServlet.doGet(FrameworkServlet.java:897)
2021-09-25 20:31:05,508 ERROR [http-nio-8080-exec-10] c.n.c.c.a.ExceptionAdvice [ExceptionAdvice.java:22] javax.servlet.http.HttpServlet.service(HttpServlet.java:634)
2021-09-25 20:31:05,508 ERROR [http-nio-8080-exec-10] c.n.c.c.a.ExceptionAdvice [ExceptionAdvice.java:22] org.springframework.web.servlet.FrameworkServlet.service(FrameworkServlet.java:882)
2021-09-25 20:31:05,508 ERROR [http-nio-8080-exec-10] c.n.c.c.a.ExceptionAdvice [ExceptionAdvice.java:22] javax.servlet.http.HttpServlet.service(HttpServlet.java:741)
2021-09-25 20:31:05,508 ERROR [http-nio-8080-exec-10] c.n.c.c.a.ExceptionAdvice [ExceptionAdvice.java:22] org.apache.catalina.core.ApplicationFilterChain.internalDoFilter(ApplicationFilterChain.java:231)
2021-09-25 20:31:05,508 ERROR [http-nio-8080-exec-10] c.n.c.c.a.ExceptionAdvice [ExceptionAdvice.java:22] org.apache.catalina.core.ApplicationFilterChain.doFilter(ApplicationFilterChain.java:166)
2021-09-25 20:31:05,508 ERROR [http-nio-8080-exec-10] c.n.c.c.a.ExceptionAdvice [ExceptionAdvice.java:22] org.apache.tomcat.websocket.server.WsFilter.doFilter(WsFilter.java:53)
2021-09-25 20:31:05,509 ERROR [http-nio-8080-exec-10] c.n.c.c.a.ExceptionAdvice [ExceptionAdvice.java:22] org.apache.catalina.core.ApplicationFilterChain.internalDoFilter(ApplicationFilterChain.java:193)
2021-09-25 20:31:05,509 ERROR [http-nio-8080-exec-10] c.n.c.c.a.ExceptionAdvice [ExceptionAdvice.java:22] org.apache.catalina.core.ApplicationFilterChain.doFilter(ApplicationFilterChain.java:166)
2021-09-25 20:31:05,509 ERROR [http-nio-8080-exec-10] c.n.c.c.a.ExceptionAdvice [ExceptionAdvice.java:22] org.springframework.web.filter.RequestContextFilter.doFilterInternal(RequestContextFilter.java:99)
2021-09-25 20:31:05,509 ERROR [http-nio-8080-exec-10] c.n.c.c.a.ExceptionAdvice [ExceptionAdvice.java:22] org.springframework.web.filter.OncePerRequestFilter.doFilter(OncePerRequestFilter.java:107)
2021-09-25 20:31:05,509 ERROR [http-nio-8080-exec-10] c.n.c.c.a.ExceptionAdvice [ExceptionAdvice.java:22] org.apache.catalina.core.ApplicationFilterChain.internalDoFilter(ApplicationFilterChain.java:193)
2021-09-25 20:31:05,509 ERROR [http-nio-8080-exec-10] c.n.c.c.a.ExceptionAdvice [ExceptionAdvice.java:22] org.apache.catalina.core.ApplicationFilterChain.doFilter(ApplicationFilterChain.java:166)
2021-09-25 20:31:05,509 ERROR [http-nio-8080-exec-10] c.n.c.c.a.ExceptionAdvice [ExceptionAdvice.java:22] org.springframework.web.filter.FormContentFilter.doFilterInternal(FormContentFilter.java:92)
2021-09-25 20:31:05,509 ERROR [http-nio-8080-exec-10] c.n.c.c.a.ExceptionAdvice [ExceptionAdvice.java:22] org.springframework.web.filter.OncePerRequestFilter.doFilter(OncePerRequestFilter.java:107)
2021-09-25 20:31:05,509 ERROR [http-nio-8080-exec-10] c.n.c.c.a.ExceptionAdvice [ExceptionAdvice.java:22] org.apache.catalina.core.ApplicationFilterChain.internalDoFilter(ApplicationFilterChain.java:193)
2021-09-25 20:31:05,509 ERROR [http-nio-8080-exec-10] c.n.c.c.a.ExceptionAdvice [ExceptionAdvice.java:22] org.apache.catalina.core.ApplicationFilterChain.doFilter(ApplicationFilterChain.java:166)
2021-09-25 20:31:05,509 ERROR [http-nio-8080-exec-10] c.n.c.c.a.ExceptionAdvice [ExceptionAdvice.java:22] org.springframework.web.filter.HiddenHttpMethodFilter.doFilterInternal(HiddenHttpMethodFilter.java:93)
2021-09-25 20:31:05,509 ERROR [http-nio-8080-exec-10] c.n.c.c.a.ExceptionAdvice [ExceptionAdvice.java:22] org.springframework.web.filter.OncePerRequestFilter.doFilter(OncePerRequestFilter.java:107)
2021-09-25 20:31:05,509 ERROR [http-nio-8080-exec-10] c.n.c.c.a.ExceptionAdvice [ExceptionAdvice.java:22] org.apache.catalina.core.ApplicationFilterChain.internalDoFilter(ApplicationFilterChain.java:193)
2021-09-25 20:31:05,509 ERROR [http-nio-8080-exec-10] c.n.c.c.a.ExceptionAdvice [ExceptionAdvice.java:22] org.apache.catalina.core.ApplicationFilterChain.doFilter(ApplicationFilterChain.java:166)
2021-09-25 20:31:05,510 ERROR [http-nio-8080-exec-10] c.n.c.c.a.ExceptionAdvice [ExceptionAdvice.java:22] org.springframework.web.filter.CharacterEncodingFilter.doFilterInternal(CharacterEncodingFilter.java:200)
2021-09-25 20:31:05,510 ERROR [http-nio-8080-exec-10] c.n.c.c.a.ExceptionAdvice [ExceptionAdvice.java:22] org.springframework.web.filter.OncePerRequestFilter.doFilter(OncePerRequestFilter.java:107)
2021-09-25 20:31:05,510 ERROR [http-nio-8080-exec-10] c.n.c.c.a.ExceptionAdvice [ExceptionAdvice.java:22] org.apache.catalina.core.ApplicationFilterChain.internalDoFilter(ApplicationFilterChain.java:193)
2021-09-25 20:31:05,510 ERROR [http-nio-8080-exec-10] c.n.c.c.a.ExceptionAdvice [ExceptionAdvice.java:22] org.apache.catalina.core.ApplicationFilterChain.doFilter(ApplicationFilterChain.java:166)
2021-09-25 20:31:05,510 ERROR [http-nio-8080-exec-10] c.n.c.c.a.ExceptionAdvice [ExceptionAdvice.java:22] org.apache.catalina.core.StandardWrapperValve.invoke(StandardWrapperValve.java:200)
2021-09-25 20:31:05,510 ERROR [http-nio-8080-exec-10] c.n.c.c.a.ExceptionAdvice [ExceptionAdvice.java:22] org.apache.catalina.core.StandardContextValve.invoke(StandardContextValve.java:96)
2021-09-25 20:31:05,510 ERROR [http-nio-8080-exec-10] c.n.c.c.a.ExceptionAdvice [ExceptionAdvice.java:22] org.apache.catalina.authenticator.AuthenticatorBase.invoke(AuthenticatorBase.java:490)
2021-09-25 20:31:05,510 ERROR [http-nio-8080-exec-10] c.n.c.c.a.ExceptionAdvice [ExceptionAdvice.java:22] org.apache.catalina.core.StandardHostValve.invoke(StandardHostValve.java:139)
2021-09-25 20:31:05,510 ERROR [http-nio-8080-exec-10] c.n.c.c.a.ExceptionAdvice [ExceptionAdvice.java:22] org.apache.catalina.valves.ErrorReportValve.invoke(ErrorReportValve.java:92)
2021-09-25 20:31:05,510 ERROR [http-nio-8080-exec-10] c.n.c.c.a.ExceptionAdvice [ExceptionAdvice.java:22] org.apache.catalina.core.StandardEngineValve.invoke(StandardEngineValve.java:74)
2021-09-25 20:31:05,510 ERROR [http-nio-8080-exec-10] c.n.c.c.a.ExceptionAdvice [ExceptionAdvice.java:22] org.apache.catalina.connector.CoyoteAdapter.service(CoyoteAdapter.java:343)
2021-09-25 20:31:05,510 ERROR [http-nio-8080-exec-10] c.n.c.c.a.ExceptionAdvice [ExceptionAdvice.java:22] org.apache.coyote.http11.Http11Processor.service(Http11Processor.java:408)
2021-09-25 20:31:05,510 ERROR [http-nio-8080-exec-10] c.n.c.c.a.ExceptionAdvice [ExceptionAdvice.java:22] org.apache.coyote.AbstractProcessorLight.process(AbstractProcessorLight.java:66)
2021-09-25 20:31:05,510 ERROR [http-nio-8080-exec-10] c.n.c.c.a.ExceptionAdvice [ExceptionAdvice.java:22] org.apache.coyote.AbstractProtocol$ConnectionHandler.process(AbstractProtocol.java:836)
2021-09-25 20:31:05,510 ERROR [http-nio-8080-exec-10] c.n.c.c.a.ExceptionAdvice [ExceptionAdvice.java:22] org.apache.tomcat.util.net.NioEndpoint$SocketProcessor.doRun(NioEndpoint.java:1747)
2021-09-25 20:31:05,510 ERROR [http-nio-8080-exec-10] c.n.c.c.a.ExceptionAdvice [ExceptionAdvice.java:22] org.apache.tomcat.util.net.SocketProcessorBase.run(SocketProcessorBase.java:49)
2021-09-25 20:31:05,510 ERROR [http-nio-8080-exec-10] c.n.c.c.a.ExceptionAdvice [ExceptionAdvice.java:22] java.base/java.util.concurrent.ThreadPoolExecutor.runWorker(ThreadPoolExecutor.java:1128)
2021-09-25 20:31:05,510 ERROR [http-nio-8080-exec-10] c.n.c.c.a.ExceptionAdvice [ExceptionAdvice.java:22] java.base/java.util.concurrent.ThreadPoolExecutor$Worker.run(ThreadPoolExecutor.java:628)
2021-09-25 20:31:05,510 ERROR [http-nio-8080-exec-10] c.n.c.c.a.ExceptionAdvice [ExceptionAdvice.java:22] org.apache.tomcat.util.threads.TaskThread$WrappingRunnable.run(TaskThread.java:61)
2021-09-25 20:31:05,510 ERROR [http-nio-8080-exec-10] c.n.c.c.a.ExceptionAdvice [ExceptionAdvice.java:22] java.base/java.lang.Thread.run(Thread.java:835)
