#
# There is insufficient memory for the Java Runtime Environment to continue.
# Native memory allocation (mmap) failed to map 31457280 bytes for Failed to commit area from 0x000000074f500000 to 0x0000000751300000 of length 31457280.
# Possible reasons:
#   The system is out of physical RAM or swap space
#   The process is running with CompressedOops enabled, and the Java Heap may be blocking the growth of the native heap
# Possible solutions:
#   Reduce memory load on the system
#   Increase physical memory or swap space
#   Check if swap backing store is full
#   Decrease Java heap size (-Xmx/-Xms)
#   Decrease number of Java threads
#   Decrease Java thread stack sizes (-Xss)
#   Set larger code cache with -XX:ReservedCodeCacheSize=
#   JVM is running with Zero Based Compressed Oops mode in which the Java heap is
#     placed in the first 32GB address space. The Java Heap base address is the
#     maximum limit for the native heap growth. Please use -XX:HeapBaseMinAddress
#     to set the Java Heap base and to place the Java Heap above 32GB virtual address.
# This output file may be truncated or incomplete.
#
#  Out of Memory Error (t:/workspace/open/src/hotspot/os/windows/os_windows.cpp:3264), pid=1340, tid=2100
#
# JRE version: Java(TM) SE Runtime Environment (12.0.2+10) (build 12.0.2+10)
# Java VM: Java HotSpot(TM) 64-Bit Server VM (12.0.2+10, mixed mode, sharing, tiered, compressed oops, g1 gc, windows-amd64)
# No core dump will be written. Minidumps are not enabled by default on client versions of Windows
#

---------------  S U M M A R Y ------------

Command Line: -XX:TieredStopAtLevel=1 -Xverify:none -Dspring.output.ansi.enabled=always -Dcom.sun.management.jmxremote -Dspring.jmx.enabled=true -Dspring.liveBeansView.mbeanDomain -Dspring.application.admin.enabled=true -javaagent:D:\Program Files\JetBrains\IntelliJ IDEA 2019.3.2\lib\idea_rt.jar=3501:D:\Program Files\JetBrains\IntelliJ IDEA 2019.3.2\bin -Dfile.encoding=UTF-8 com.nowcoder.community.CommunityApplication

Host: Intel(R) Core(TM) i5-4210H CPU @ 2.90GHz, 4 cores, 11G,  Windows 10 , 64 bit Build 19041 (10.0.19041.1348)
Time: Sun Jan 16 16:08:31 2022 中国标准时间 elapsed time: 17 seconds (0d 0h 0m 17s)

---------------  T H R E A D  ---------------

Current thread (0x000001985a929000):  VMThread "VM Thread" [stack: 0x0000007ef8400000,0x0000007ef8500000] [id=2100]

Stack: [0x0000007ef8400000,0x0000007ef8500000]
[error occurred during error reporting (printing stack bounds), id 0xc0000005, EXCEPTION_ACCESS_VIOLATION (0xc0000005) at pc=0x00000198422b0bad]

Native frames: (J=compiled Java code, j=interpreted, Vv=VM code, C=native code)
V  [jvm.dll+0x63aa2a]
V  [jvm.dll+0x78ce1e]
V  [jvm.dll+0x78e4c1]
V  [jvm.dll+0x78ea75]
V  [jvm.dll+0x78ea2b]
V  [jvm.dll+0x63a134]
V  [jvm.dll+0x63a4f8]
C  [ntdll.dll+0xa20cf]
C  [ntdll.dll+0x51454]
C  [ntdll.dll+0xa0bfe]
C  0x00000198422b0bad

VM_Operation (0x0000007ef80ff8b0): G1Concurrent, mode: safepoint, requested by thread 0x0000019839f19800


---------------  P R O C E S S  ---------------

Threads class SMR info:
_java_thread_list=0x0000019862c2d4e0, length=72, elements={
0x000001985a92e800, 0x000001985a930000, 0x000001985b156000, 0x000001985b157000,
0x000001985b158000, 0x000001985b15b000, 0x000001985a913000, 0x000001985b909800,
0x000001985b90a800, 0x000001985ba18000, 0x000001985e67d800, 0x000001985e73f800,
0x000001985c9da800, 0x000001985bcd8800, 0x000001985c200800, 0x000001985b1d5800,
0x000001985ea71800, 0x000001985ea73000, 0x000001985ea6f000, 0x000001985ea70000,
0x000001985ea6e800, 0x000001985ea70800, 0x000001985ea72800, 0x000001985ea74000,
0x000001985ea75000, 0x000001985ebc3800, 0x000001985ebc5800, 0x000001985ebc1800,
0x000001985ebc4800, 0x000001985ebc6000, 0x000001985ebc7000, 0x000001985ebc3000,
0x000001985ebc8000, 0x000001985ebc2000, 0x000001985ebcd800, 0x000001985ebcb000,
0x000001985ebcc800, 0x000001985ebce800, 0x000001985ebc8800, 0x000001985ebc9800,
0x000001985ebd0000, 0x000001985ebca800, 0x000001985ebcc000, 0x0000019863437000,
0x0000019863435800, 0x0000019863437800, 0x000001986343b000, 0x0000019863438800,
0x0000019863439800, 0x000001986343c000, 0x0000019863436000, 0x000001986343c800,
0x000001986343d800, 0x000001986343f000, 0x0000019863440000, 0x000001986343a000,
0x0000019863441800, 0x0000019863440800, 0x000001986343e800, 0x0000019863442800,
0x0000019863443000, 0x0000019863444000, 0x0000019863495800, 0x0000019863493000,
0x0000019863494800, 0x0000019863494000, 0x0000019863496800, 0x0000019863492000,
0x0000019863497000, 0x0000019863491800, 0x0000019863498000, 0x000001986349e800
}

Java Threads: ( => current thread )
  0x000001985a92e800 JavaThread "Reference Handler" daemon [_thread_blocked, id=5996, stack(0x0000007ef8500000,0x0000007ef8600000)]
  0x000001985a930000 JavaThread "Finalizer" daemon [_thread_blocked, id=16476, stack(0x0000007ef8600000,0x0000007ef8700000)]
  0x000001985b156000 JavaThread "Signal Dispatcher" daemon [_thread_blocked, id=1256, stack(0x0000007ef8700000,0x0000007ef8800000)]
  0x000001985b157000 JavaThread "Attach Listener" daemon [_thread_blocked, id=14244, stack(0x0000007ef8800000,0x0000007ef8900000)]
  0x000001985b158000 JavaThread "C1 CompilerThread0" daemon [_thread_blocked, id=5596, stack(0x0000007ef8900000,0x0000007ef8a00000)]
  0x000001985b15b000 JavaThread "Sweeper thread" daemon [_thread_blocked, id=7660, stack(0x0000007ef8a00000,0x0000007ef8b00000)]
  0x000001985a913000 JavaThread "Common-Cleaner" daemon [_thread_blocked, id=16236, stack(0x0000007ef8b00000,0x0000007ef8c00000)]
  0x000001985b909800 JavaThread "Monitor Ctrl-Break" daemon [_thread_in_native, id=14920, stack(0x0000007ef8c00000,0x0000007ef8d00000)]
  0x000001985b90a800 JavaThread "Service Thread" daemon [_thread_blocked, id=4556, stack(0x0000007ef8d00000,0x0000007ef8e00000)]
  0x000001985ba18000 JavaThread "RMI TCP Accept-0" daemon [_thread_in_native, id=8036, stack(0x0000007ef8e00000,0x0000007ef8f00000)]
  0x000001985e67d800 JavaThread "mysql-cj-abandoned-connection-cleanup" daemon [_thread_blocked, id=17404, stack(0x0000007ef9600000,0x0000007ef9700000)]
  0x000001985e73f800 JavaThread "elasticsearch[_client_][[timer]]" daemon [_thread_blocked, id=13824, stack(0x0000007ef9700000,0x0000007ef9800000)]
  0x000001985c9da800 JavaThread "elasticsearch[_client_][scheduler][T#1]" daemon [_thread_blocked, id=8252, stack(0x0000007ef9800000,0x0000007ef9900000)]
  0x000001985bcd8800 JavaThread "elasticsearch[_client_][transport_client_boss][T#1]" daemon [_thread_in_native, id=7300, stack(0x0000007ef9900000,0x0000007ef9a00000)]
  0x000001985c200800 JavaThread "elasticsearch[_client_][generic][T#1]" daemon [_thread_blocked, id=14772, stack(0x0000007ef9b00000,0x0000007ef9c00000)]
  0x000001985b1d5800 JavaThread "elasticsearch[_client_][transport_client_boss][T#2]" daemon [_thread_in_native, id=6820, stack(0x0000007ef9c00000,0x0000007ef9d00000)]
  0x000001985ea71800 JavaThread "elasticsearch[_client_][transport_client_boss][T#3]" daemon [_thread_in_native, id=2016, stack(0x0000007ef9d00000,0x0000007ef9e00000)]
  0x000001985ea73000 JavaThread "elasticsearch[_client_][transport_client_boss][T#4]" daemon [_thread_in_native, id=9284, stack(0x0000007ef9e00000,0x0000007ef9f00000)]
  0x000001985ea6f000 JavaThread "elasticsearch[_client_][transport_client_boss][T#5]" daemon [_thread_in_native, id=13336, stack(0x0000007ef9f00000,0x0000007efa000000)]
  0x000001985ea70000 JavaThread "elasticsearch[_client_][transport_client_boss][T#6]" daemon [_thread_in_native, id=16452, stack(0x0000007efa000000,0x0000007efa100000)]
  0x000001985ea6e800 JavaThread "elasticsearch[_client_][transport_client_boss][T#7]" daemon [_thread_in_native, id=1672, stack(0x0000007efa100000,0x0000007efa200000)]
  0x000001985ea70800 JavaThread "elasticsearch[_client_][transport_client_boss][T#8]" daemon [_thread_in_native, id=13288, stack(0x0000007efa200000,0x0000007efa300000)]
  0x000001985ea72800 JavaThread "pool-1-thread-1" [_thread_in_native, id=13584, stack(0x0000007efa300000,0x0000007efa400000)]
  0x000001985ea74000 JavaThread "I/O dispatcher 1" [_thread_in_native, id=16068, stack(0x0000007efa400000,0x0000007efa500000)]
  0x000001985ea75000 JavaThread "I/O dispatcher 2" [_thread_in_native, id=15160, stack(0x0000007efa500000,0x0000007efa600000)]
  0x000001985ebc3800 JavaThread "I/O dispatcher 3" [_thread_in_native, id=17332, stack(0x0000007efa600000,0x0000007efa700000)]
  0x000001985ebc5800 JavaThread "I/O dispatcher 4" [_thread_in_native, id=2444, stack(0x0000007efa700000,0x0000007efa800000)]
  0x000001985ebc1800 JavaThread "lettuce-eventExecutorLoop-2-1" daemon [_thread_blocked, id=13544, stack(0x0000007efa800000,0x0000007efa900000)]
  0x000001985ebc4800 JavaThread "Catalina-utility-1" [_thread_blocked, id=17376, stack(0x0000007efa900000,0x0000007efaa00000)]
  0x000001985ebc6000 JavaThread "Catalina-utility-2" [_thread_blocked, id=14668, stack(0x0000007efaa00000,0x0000007efab00000)]
  0x000001985ebc7000 JavaThread "container-0" [_thread_blocked, id=860, stack(0x0000007efab00000,0x0000007efac00000)]
  0x000001985ebc3000 JavaThread "Live Reload Server" daemon [_thread_in_native, id=13972, stack(0x0000007efad00000,0x0000007efae00000)]
  0x000001985ebc8000 JavaThread "HikariPool-1 housekeeper" daemon [_thread_blocked, id=2476, stack(0x0000007efac00000,0x0000007efad00000)]
  0x000001985ebc2000 JavaThread "communityScheduler_Worker-1" [_thread_blocked, id=8916, stack(0x0000007efae00000,0x0000007efaf00000)]
  0x000001985ebcd800 JavaThread "communityScheduler_Worker-2" [_thread_blocked, id=9820, stack(0x0000007efaf00000,0x0000007efb000000)]
  0x000001985ebcb000 JavaThread "communityScheduler_Worker-3" [_thread_blocked, id=10092, stack(0x0000007efb000000,0x0000007efb100000)]
  0x000001985ebcc800 JavaThread "communityScheduler_Worker-4" [_thread_blocked, id=9324, stack(0x0000007efb100000,0x0000007efb200000)]
  0x000001985ebce800 JavaThread "communityScheduler_Worker-5" [_thread_blocked, id=7904, stack(0x0000007efb200000,0x0000007efb300000)]
  0x000001985ebc8800 JavaThread "communityScheduler_QuartzSchedulerThread" [_thread_blocked, id=32, stack(0x0000007efb300000,0x0000007efb400000)]
  0x000001985ebc9800 JavaThread "File Watcher" daemon [_thread_blocked, id=1364, stack(0x0000007efb500000,0x0000007efb600000)]
  0x000001985ebd0000 JavaThread "ThreadPoolTaskScheduler-1" [_thread_blocked, id=11908, stack(0x0000007efb600000,0x0000007efb700000)]
  0x000001985ebca800 JavaThread "org.springframework.kafka.KafkaListenerEndpointContainer#2-0-C-1" [_thread_in_native, id=11016, stack(0x0000007efb700000,0x0000007efb800000)]
  0x000001985ebcc000 JavaThread "kafka-coordinator-heartbeat-thread | community-consumer-group" daemon [_thread_blocked, id=14028, stack(0x0000007efb800000,0x0000007efb900000)]
  0x0000019863437000 JavaThread "ThreadPoolTaskScheduler-1" [_thread_blocked, id=3724, stack(0x0000007efb900000,0x0000007efba00000)]
  0x0000019863435800 JavaThread "org.springframework.kafka.KafkaListenerEndpointContainer#3-0-C-1" [_thread_in_native, id=2392, stack(0x0000007efba00000,0x0000007efbb00000)]
  0x0000019863437800 JavaThread "kafka-coordinator-heartbeat-thread | community-consumer-group" daemon [_thread_blocked, id=14632, stack(0x0000007efbb00000,0x0000007efbc00000)]
  0x000001986343b000 JavaThread "ThreadPoolTaskScheduler-1" [_thread_blocked, id=2448, stack(0x0000007efbc00000,0x0000007efbd00000)]
  0x0000019863438800 JavaThread "org.springframework.kafka.KafkaListenerEndpointContainer#0-0-C-1" [_thread_in_native, id=6396, stack(0x0000007efbd00000,0x0000007efbe00000)]
  0x0000019863439800 JavaThread "kafka-coordinator-heartbeat-thread | community-consumer-group" daemon [_thread_blocked, id=8376, stack(0x0000007efbe00000,0x0000007efbf00000)]
  0x000001986343c000 JavaThread "ThreadPoolTaskScheduler-1" [_thread_blocked, id=4872, stack(0x0000007efbf00000,0x0000007efc000000)]
  0x0000019863436000 JavaThread "org.springframework.kafka.KafkaListenerEndpointContainer#1-0-C-1" [_thread_in_native, id=12744, stack(0x0000007efc000000,0x0000007efc100000)]
  0x000001986343c800 JavaThread "kafka-coordinator-heartbeat-thread | community-consumer-group" daemon [_thread_blocked, id=17328, stack(0x0000007efc100000,0x0000007efc200000)]
  0x000001986343d800 JavaThread "QuartzScheduler_communityScheduler-Lenovo-PC1642320504894_ClusterManager" [_thread_blocked, id=15484, stack(0x0000007efc200000,0x0000007efc300000)]
  0x000001986343f000 JavaThread "QuartzScheduler_communityScheduler-Lenovo-PC1642320504894_MisfireHandler" [_thread_blocked, id=3536, stack(0x0000007efc300000,0x0000007efc400000)]
  0x0000019863440000 JavaThread "NioBlockingSelector.BlockPoller-1" daemon [_thread_in_native, id=16580, stack(0x0000007efc400000,0x0000007efc500000)]
  0x000001986343a000 JavaThread "http-nio-8080-exec-1" daemon [_thread_blocked, id=15264, stack(0x0000007efc500000,0x0000007efc600000)]
  0x0000019863441800 JavaThread "http-nio-8080-exec-2" daemon [_thread_blocked, id=16816, stack(0x0000007efc600000,0x0000007efc700000)]
  0x0000019863440800 JavaThread "http-nio-8080-exec-3" daemon [_thread_blocked, id=5508, stack(0x0000007efc700000,0x0000007efc800000)]
  0x000001986343e800 JavaThread "http-nio-8080-exec-4" daemon [_thread_blocked, id=17004, stack(0x0000007efc800000,0x0000007efc900000)]
  0x0000019863442800 JavaThread "http-nio-8080-exec-5" daemon [_thread_blocked, id=3188, stack(0x0000007efc900000,0x0000007efca00000)]
  0x0000019863443000 JavaThread "http-nio-8080-exec-6" daemon [_thread_blocked, id=15148, stack(0x0000007efca00000,0x0000007efcb00000)]
  0x0000019863444000 JavaThread "http-nio-8080-exec-7" daemon [_thread_blocked, id=17104, stack(0x0000007efcb00000,0x0000007efcc00000)]
  0x0000019863495800 JavaThread "http-nio-8080-exec-8" daemon [_thread_blocked, id=12464, stack(0x0000007efcc00000,0x0000007efcd00000)]
  0x0000019863493000 JavaThread "http-nio-8080-exec-9" daemon [_thread_blocked, id=9400, stack(0x0000007efcd00000,0x0000007efce00000)]
  0x0000019863494800 JavaThread "http-nio-8080-exec-10" daemon [_thread_blocked, id=920, stack(0x0000007efce00000,0x0000007efcf00000)]
  0x0000019863494000 JavaThread "http-nio-8080-ClientPoller-0" daemon [_thread_in_native, id=1296, stack(0x0000007efcf00000,0x0000007efd000000)]
  0x0000019863496800 JavaThread "http-nio-8080-ClientPoller-1" daemon [_thread_in_native, id=13320, stack(0x0000007efd000000,0x0000007efd100000)]
  0x0000019863492000 JavaThread "http-nio-8080-Acceptor-0" daemon [_thread_in_native, id=16464, stack(0x0000007efd100000,0x0000007efd200000)]
  0x0000019863497000 JavaThread "DestroyJavaVM" [_thread_blocked, id=16336, stack(0x0000007ef7e00000,0x0000007ef7f00000)]
  0x0000019863491800 JavaThread "elasticsearch[_client_][generic][T#2]" daemon [_thread_blocked, id=10028, stack(0x0000007ef9400000,0x0000007ef9500000)]
  0x0000019863498000 JavaThread "elasticsearch[_client_][generic][T#3]" daemon [_thread_blocked, id=14376, stack(0x0000007ef9500000,0x0000007ef9600000)]
  0x000001986349e800 JavaThread "elasticsearch[_client_][generic][T#4]" daemon [_thread_blocked, id=12716, stack(0x0000007efd200000,0x0000007efd300000)]

Other Threads:
=>0x000001985a929000 VMThread "VM Thread" [stack: 0x0000007ef8400000,0x0000007ef8500000] [id=2100]
  0x000001985ba02000 WatcherThread [stack: 0x0000007ef8f00000,0x0000007ef9000000] [id=10136]
  0x0000019839f06000 GCTaskThread "GC Thread#0" [stack: 0x0000007ef7f00000,0x0000007ef8000000] [id=4140]
  0x000001985ba61000 GCTaskThread "GC Thread#1" [stack: 0x0000007ef9000000,0x0000007ef9100000] [id=4664]
  0x000001985ba8d800 GCTaskThread "GC Thread#2" [stack: 0x0000007ef9100000,0x0000007ef9200000] [id=15324]
  0x000001985ba8e000 GCTaskThread "GC Thread#3" [stack: 0x0000007ef9200000,0x0000007ef9300000] [id=9792]
  0x0000019839f19800 ConcurrentGCThread "G1 Main Marker" [stack: 0x0000007ef8000000,0x0000007ef8100000] [id=16124]
  0x0000019839f1b000 ConcurrentGCThread "G1 Conc#0" [stack: 0x0000007ef8100000,0x0000007ef8200000] [id=14396]
  0x000001985a7a7800 ConcurrentGCThread "G1 Refine#0" [stack: 0x0000007ef8200000,0x0000007ef8300000] [id=15332]
  0x000001985b338800 ConcurrentGCThread "G1 Refine#1" [stack: 0x0000007ef9300000,0x0000007ef9400000] [id=10628]
  0x000001985a7a8000 ConcurrentGCThread "G1 Young RemSet Sampling" [stack: 0x0000007ef8300000,0x0000007ef8400000] [id=13836]

Threads with active compile tasks:

VM state:at safepoint (normal execution)

VM Mutex/Monitor currently owned by a thread:  ([mutex/lock_event])
[0x0000019839eae140] Threads_lock - owner thread: 0x000001985a929000
[0x0000019839eae380] Heap_lock - owner thread: 0x0000019839f19800

Heap address: 0x0000000741400000, size: 3052 MB, Compressed Oops mode: Zero based, Oop shift amount: 3
Narrow klass base: 0x0000000800000000, Narrow klass shift: 3
Compressed class space size: 1073741824 Address: 0x0000000801190000

Heap:
 garbage-first heap   total 261120K, used 153821K [0x0000000741400000, 0x0000000800000000)
  region size 1024K, 5 young (5120K), 3 survivors (3072K)
 Metaspace       used 69807K, capacity 72448K, committed 72780K, reserved 1112064K
  class space    used 9401K, capacity 10495K, committed 10624K, reserved 1048576K
Heap Regions: E=young(eden), S=young(survivor), O=old, HS=humongous(starts), HC=humongous(continues), CS=collection set, F=free, A=archive, TAMS=top-at-mark-start (previous, next)
|   0|0x0000000741400000, 0x0000000741500000, 0x0000000741500000|100%|HS|  |TAMS 0x0000000741500000, 0x0000000741400000| Complete 
|   1|0x0000000741500000, 0x0000000741600000, 0x0000000741600000|100%| O|  |TAMS 0x0000000741600000, 0x0000000741500000| Updating 
|   2|0x0000000741600000, 0x0000000741700000, 0x0000000741700000|100%| O|  |TAMS 0x0000000741700000, 0x0000000741600000| Updating 
|   3|0x0000000741700000, 0x0000000741800000, 0x0000000741800000|100%| O|  |TAMS 0x0000000741800000, 0x0000000741700000| Updating 
|   4|0x0000000741800000, 0x0000000741900000, 0x0000000741900000|100%| O|  |TAMS 0x0000000741900000, 0x0000000741800000| Updating 
|   5|0x0000000741900000, 0x0000000741a00000, 0x0000000741a00000|100%| O|  |TAMS 0x0000000741a00000, 0x0000000741900000| Updating 
|   6|0x0000000741a00000, 0x0000000741b00000, 0x0000000741b00000|100%| O|  |TAMS 0x0000000741b00000, 0x0000000741a00000| Updating 
|   7|0x0000000741b00000, 0x0000000741c00000, 0x0000000741c00000|100%| O|  |TAMS 0x0000000741c00000, 0x0000000741b00000| Updating 
|   8|0x0000000741c00000, 0x0000000741c7d400, 0x0000000741d00000| 48%| O|  |TAMS 0x0000000741c7d400, 0x0000000741c00000| Updating 
|   9|0x0000000741d00000, 0x0000000741e00000, 0x0000000741e00000|100%| O|  |TAMS 0x0000000741e00000, 0x0000000741d00000| Updating 
|  10|0x0000000741e00000, 0x0000000741f00000, 0x0000000741f00000|100%| O|  |TAMS 0x0000000741f00000, 0x0000000741e00000| Updating 
|  11|0x0000000741f00000, 0x0000000742000000, 0x0000000742000000|100%| O|  |TAMS 0x0000000742000000, 0x0000000741f00000| Updating 
|  12|0x0000000742000000, 0x0000000742100000, 0x0000000742100000|100%| O|  |TAMS 0x0000000742100000, 0x0000000742000000| Updating 
|  13|0x0000000742100000, 0x0000000742200000, 0x0000000742200000|100%| O|  |TAMS 0x0000000742200000, 0x0000000742100000| Updating 
|  14|0x0000000742200000, 0x0000000742300000, 0x0000000742300000|100%| O|  |TAMS 0x0000000742300000, 0x0000000742200000| Updating 
|  15|0x0000000742300000, 0x0000000742400000, 0x0000000742400000|100%| O|  |TAMS 0x0000000742400000, 0x0000000742300000| Updating 
|  16|0x0000000742400000, 0x0000000742500000, 0x0000000742500000|100%| O|  |TAMS 0x0000000742500000, 0x0000000742400000| Updating 
|  17|0x0000000742500000, 0x0000000742600000, 0x0000000742600000|100%| O|  |TAMS 0x0000000742600000, 0x0000000742500000| Updating 
|  18|0x0000000742600000, 0x0000000742700000, 0x0000000742700000|100%| O|  |TAMS 0x0000000742700000, 0x0000000742600000| Updating 
|  19|0x0000000742700000, 0x0000000742800000, 0x0000000742800000|100%| O|  |TAMS 0x0000000742800000, 0x0000000742700000| Updating 
|  20|0x0000000742800000, 0x0000000742900000, 0x0000000742900000|100%| O|  |TAMS 0x0000000742900000, 0x0000000742800000| Updating 
|  21|0x0000000742900000, 0x0000000742a00000, 0x0000000742a00000|100%| O|  |TAMS 0x0000000742a00000, 0x0000000742900000| Updating 
|  22|0x0000000742a00000, 0x0000000742b00000, 0x0000000742b00000|100%| O|  |TAMS 0x0000000742b00000, 0x0000000742a00000| Updating 
|  23|0x0000000742b00000, 0x0000000742c00000, 0x0000000742c00000|100%| O|  |TAMS 0x0000000742c00000, 0x0000000742b00000| Updating 
|  24|0x0000000742c00000, 0x0000000742d00000, 0x0000000742d00000|100%| O|  |TAMS 0x0000000742d00000, 0x0000000742c00000| Updating 
|  25|0x0000000742d00000, 0x0000000742e00000, 0x0000000742e00000|100%| O|  |TAMS 0x0000000742e00000, 0x0000000742d00000| Updating 
|  26|0x0000000742e00000, 0x0000000742f00000, 0x0000000742f00000|100%|HS|  |TAMS 0x0000000742f00000, 0x0000000742e00000| Complete 
|  27|0x0000000742f00000, 0x0000000743000000, 0x0000000743000000|100%|HC|  |TAMS 0x0000000743000000, 0x0000000742f00000| Complete 
|  28|0x0000000743000000, 0x0000000743100000, 0x0000000743100000|100%|HC|  |TAMS 0x0000000743100000, 0x0000000743000000| Complete 
|  29|0x0000000743100000, 0x0000000743200000, 0x0000000743200000|100%|HC|  |TAMS 0x0000000743200000, 0x0000000743100000| Complete 
|  30|0x0000000743200000, 0x0000000743300000, 0x0000000743300000|100%|HC|  |TAMS 0x0000000743300000, 0x0000000743200000| Complete 
|  31|0x0000000743300000, 0x0000000743400000, 0x0000000743400000|100%|HC|  |TAMS 0x0000000743400000, 0x0000000743300000| Complete 
|  32|0x0000000743400000, 0x0000000743500000, 0x0000000743500000|100%|HC|  |TAMS 0x0000000743500000, 0x0000000743400000| Complete 
|  33|0x0000000743500000, 0x0000000743600000, 0x0000000743600000|100%|HC|  |TAMS 0x0000000743600000, 0x0000000743500000| Complete 
|  34|0x0000000743600000, 0x0000000743700000, 0x0000000743700000|100%|HC|  |TAMS 0x0000000743700000, 0x0000000743600000| Complete 
|  35|0x0000000743700000, 0x0000000743800000, 0x0000000743800000|100%|HC|  |TAMS 0x0000000743800000, 0x0000000743700000| Complete 
|  36|0x0000000743800000, 0x0000000743900000, 0x0000000743900000|100%|HC|  |TAMS 0x0000000743900000, 0x0000000743800000| Complete 
|  37|0x0000000743900000, 0x0000000743a00000, 0x0000000743a00000|100%|HC|  |TAMS 0x0000000743a00000, 0x0000000743900000| Complete 
|  38|0x0000000743a00000, 0x0000000743b00000, 0x0000000743b00000|100%|HC|  |TAMS 0x0000000743b00000, 0x0000000743a00000| Complete 
|  39|0x0000000743b00000, 0x0000000743c00000, 0x0000000743c00000|100%|HC|  |TAMS 0x0000000743c00000, 0x0000000743b00000| Complete 
|  40|0x0000000743c00000, 0x0000000743d00000, 0x0000000743d00000|100%|HC|  |TAMS 0x0000000743d00000, 0x0000000743c00000| Complete 
|  41|0x0000000743d00000, 0x0000000743e00000, 0x0000000743e00000|100%|HC|  |TAMS 0x0000000743e00000, 0x0000000743d00000| Complete 
|  42|0x0000000743e00000, 0x0000000743f00000, 0x0000000743f00000|100%|HC|  |TAMS 0x0000000743f00000, 0x0000000743e00000| Complete 
|  43|0x0000000743f00000, 0x0000000744000000, 0x0000000744000000|100%| O|  |TAMS 0x0000000744000000, 0x0000000743f00000| Updating 
|  44|0x0000000744000000, 0x0000000744100000, 0x0000000744100000|100%| O|  |TAMS 0x0000000744100000, 0x0000000744000000| Updating 
|  45|0x0000000744100000, 0x0000000744200000, 0x0000000744200000|100%| O|  |TAMS 0x0000000744200000, 0x0000000744100000| Updating 
|  46|0x0000000744200000, 0x0000000744300000, 0x0000000744300000|100%| O|  |TAMS 0x0000000744300000, 0x0000000744200000| Updating 
|  47|0x0000000744300000, 0x0000000744400000, 0x0000000744400000|100%| O|  |TAMS 0x0000000744400000, 0x0000000744300000| Updating 
|  48|0x0000000744400000, 0x0000000744500000, 0x0000000744500000|100%| O|  |TAMS 0x0000000744500000, 0x0000000744400000| Updating 
|  49|0x0000000744500000, 0x0000000744600000, 0x0000000744600000|100%| O|  |TAMS 0x0000000744600000, 0x0000000744500000| Updating 
|  50|0x0000000744600000, 0x0000000744700000, 0x0000000744700000|100%|HS|  |TAMS 0x0000000744700000, 0x0000000744600000| Complete 
|  51|0x0000000744700000, 0x0000000744800000, 0x0000000744800000|100%|HC|  |TAMS 0x0000000744800000, 0x0000000744700000| Complete 
|  52|0x0000000744800000, 0x0000000744900000, 0x0000000744900000|100%|HC|  |TAMS 0x0000000744900000, 0x0000000744800000| Complete 
|  53|0x0000000744900000, 0x0000000744a00000, 0x0000000744a00000|100%|HC|  |TAMS 0x0000000744a00000, 0x0000000744900000| Complete 
|  54|0x0000000744a00000, 0x0000000744b00000, 0x0000000744b00000|100%|HC|  |TAMS 0x0000000744b00000, 0x0000000744a00000| Complete 
|  55|0x0000000744b00000, 0x0000000744c00000, 0x0000000744c00000|100%|HC|  |TAMS 0x0000000744c00000, 0x0000000744b00000| Complete 
|  56|0x0000000744c00000, 0x0000000744d00000, 0x0000000744d00000|100%|HC|  |TAMS 0x0000000744d00000, 0x0000000744c00000| Complete 
|  57|0x0000000744d00000, 0x0000000744e00000, 0x0000000744e00000|100%|HC|  |TAMS 0x0000000744e00000, 0x0000000744d00000| Complete 
|  58|0x0000000744e00000, 0x0000000744f00000, 0x0000000744f00000|100%|HC|  |TAMS 0x0000000744f00000, 0x0000000744e00000| Complete 
|  59|0x0000000744f00000, 0x0000000745000000, 0x0000000745000000|100%|HC|  |TAMS 0x0000000745000000, 0x0000000744f00000| Complete 
|  60|0x0000000745000000, 0x0000000745100000, 0x0000000745100000|100%|HC|  |TAMS 0x0000000745100000, 0x0000000745000000| Complete 
|  61|0x0000000745100000, 0x0000000745200000, 0x0000000745200000|100%|HC|  |TAMS 0x0000000745200000, 0x0000000745100000| Complete 
|  62|0x0000000745200000, 0x0000000745300000, 0x0000000745300000|100%|HC|  |TAMS 0x0000000745300000, 0x0000000745200000| Complete 
|  63|0x0000000745300000, 0x0000000745400000, 0x0000000745400000|100%|HC|  |TAMS 0x0000000745400000, 0x0000000745300000| Complete 
|  64|0x0000000745400000, 0x0000000745500000, 0x0000000745500000|100%|HC|  |TAMS 0x0000000745500000, 0x0000000745400000| Complete 
|  65|0x0000000745500000, 0x0000000745600000, 0x0000000745600000|100%|HC|  |TAMS 0x0000000745600000, 0x0000000745500000| Complete 
|  66|0x0000000745600000, 0x0000000745700000, 0x0000000745700000|100%|HC|  |TAMS 0x0000000745700000, 0x0000000745600000| Complete 
|  67|0x0000000745700000, 0x0000000745800000, 0x0000000745800000|100%|HS|  |TAMS 0x0000000745800000, 0x0000000745700000| Complete 
|  68|0x0000000745800000, 0x0000000745900000, 0x0000000745900000|100%|HC|  |TAMS 0x0000000745900000, 0x0000000745800000| Complete 
|  69|0x0000000745900000, 0x0000000745a00000, 0x0000000745a00000|100%|HC|  |TAMS 0x0000000745a00000, 0x0000000745900000| Complete 
|  70|0x0000000745a00000, 0x0000000745b00000, 0x0000000745b00000|100%|HC|  |TAMS 0x0000000745b00000, 0x0000000745a00000| Complete 
|  71|0x0000000745b00000, 0x0000000745c00000, 0x0000000745c00000|100%|HC|  |TAMS 0x0000000745c00000, 0x0000000745b00000| Complete 
|  72|0x0000000745c00000, 0x0000000745d00000, 0x0000000745d00000|100%|HC|  |TAMS 0x0000000745d00000, 0x0000000745c00000| Complete 
|  73|0x0000000745d00000, 0x0000000745e00000, 0x0000000745e00000|100%|HC|  |TAMS 0x0000000745e00000, 0x0000000745d00000| Complete 
|  74|0x0000000745e00000, 0x0000000745f00000, 0x0000000745f00000|100%|HC|  |TAMS 0x0000000745f00000, 0x0000000745e00000| Complete 
|  75|0x0000000745f00000, 0x0000000746000000, 0x0000000746000000|100%|HC|  |TAMS 0x0000000746000000, 0x0000000745f00000| Complete 
|  76|0x0000000746000000, 0x0000000746100000, 0x0000000746100000|100%|HC|  |TAMS 0x0000000746100000, 0x0000000746000000| Complete 
|  77|0x0000000746100000, 0x0000000746200000, 0x0000000746200000|100%|HC|  |TAMS 0x0000000746200000, 0x0000000746100000| Complete 
|  78|0x0000000746200000, 0x0000000746300000, 0x0000000746300000|100%|HC|  |TAMS 0x0000000746300000, 0x0000000746200000| Complete 
|  79|0x0000000746300000, 0x0000000746400000, 0x0000000746400000|100%|HC|  |TAMS 0x0000000746400000, 0x0000000746300000| Complete 
|  80|0x0000000746400000, 0x0000000746500000, 0x0000000746500000|100%|HC|  |TAMS 0x0000000746500000, 0x0000000746400000| Complete 
|  81|0x0000000746500000, 0x0000000746600000, 0x0000000746600000|100%|HC|  |TAMS 0x0000000746600000, 0x0000000746500000| Complete 
|  82|0x0000000746600000, 0x0000000746700000, 0x0000000746700000|100%|HC|  |TAMS 0x0000000746700000, 0x0000000746600000| Complete 
|  83|0x0000000746700000, 0x0000000746800000, 0x0000000746800000|100%|HC|  |TAMS 0x0000000746800000, 0x0000000746700000| Complete 
|  84|0x0000000746800000, 0x0000000746900000, 0x0000000746900000|100%| O|  |TAMS 0x0000000746900000, 0x0000000746800000| Updating 
|  85|0x0000000746900000, 0x0000000746a00000, 0x0000000746a00000|100%| O|  |TAMS 0x0000000746a00000, 0x0000000746900000| Updating 
|  86|0x0000000746a00000, 0x0000000746b00000, 0x0000000746b00000|100%| O|  |TAMS 0x0000000746b00000, 0x0000000746a00000| Updating 
|  87|0x0000000746b00000, 0x0000000746c00000, 0x0000000746c00000|100%| O|  |TAMS 0x0000000746c00000, 0x0000000746b00000| Updating 
|  88|0x0000000746c00000, 0x0000000746d00000, 0x0000000746d00000|100%| O|  |TAMS 0x0000000746d00000, 0x0000000746c00000| Updating 
|  89|0x0000000746d00000, 0x0000000746e00000, 0x0000000746e00000|100%| O|  |TAMS 0x0000000746e00000, 0x0000000746d00000| Updating 
|  90|0x0000000746e00000, 0x0000000746f00000, 0x0000000746f00000|100%| O|  |TAMS 0x0000000746f00000, 0x0000000746e00000| Updating 
|  91|0x0000000746f00000, 0x0000000747000000, 0x0000000747000000|100%| O|  |TAMS 0x0000000747000000, 0x0000000746f00000| Updating 
|  92|0x0000000747000000, 0x0000000747100000, 0x0000000747100000|100%| O|  |TAMS 0x00000007470c2200, 0x0000000747000000| Updating 
|  93|0x0000000747100000, 0x0000000747200000, 0x0000000747200000|100%| O|  |TAMS 0x0000000747100000, 0x0000000747100000| Untracked 
|  94|0x0000000747200000, 0x0000000747300000, 0x0000000747300000|100%| O|  |TAMS 0x0000000747200000, 0x0000000747200000| Untracked 
|  95|0x0000000747300000, 0x0000000747400000, 0x0000000747400000|100%| O|  |TAMS 0x0000000747300000, 0x0000000747300000| Untracked 
|  96|0x0000000747400000, 0x0000000747479600, 0x0000000747500000| 47%| O|  |TAMS 0x0000000747400000, 0x0000000747400000| Updating 
|  97|0x0000000747500000, 0x0000000747600000, 0x0000000747600000|100%|HS|  |TAMS 0x0000000747600000, 0x0000000747500000| Complete 
|  98|0x0000000747600000, 0x0000000747700000, 0x0000000747700000|100%|HC|  |TAMS 0x0000000747700000, 0x0000000747600000| Complete 
|  99|0x0000000747700000, 0x0000000747800000, 0x0000000747800000|100%|HC|  |TAMS 0x0000000747800000, 0x0000000747700000| Complete 
| 100|0x0000000747800000, 0x0000000747900000, 0x0000000747900000|100%|HC|  |TAMS 0x0000000747900000, 0x0000000747800000| Complete 
| 101|0x0000000747900000, 0x0000000747a00000, 0x0000000747a00000|100%|HC|  |TAMS 0x0000000747a00000, 0x0000000747900000| Complete 
| 102|0x0000000747a00000, 0x0000000747b00000, 0x0000000747b00000|100%|HC|  |TAMS 0x0000000747b00000, 0x0000000747a00000| Complete 
| 103|0x0000000747b00000, 0x0000000747c00000, 0x0000000747c00000|100%|HC|  |TAMS 0x0000000747c00000, 0x0000000747b00000| Complete 
| 104|0x0000000747c00000, 0x0000000747d00000, 0x0000000747d00000|100%|HC|  |TAMS 0x0000000747d00000, 0x0000000747c00000| Complete 
| 105|0x0000000747d00000, 0x0000000747e00000, 0x0000000747e00000|100%|HC|  |TAMS 0x0000000747e00000, 0x0000000747d00000| Complete 
| 106|0x0000000747e00000, 0x0000000747f00000, 0x0000000747f00000|100%|HC|  |TAMS 0x0000000747f00000, 0x0000000747e00000| Complete 
| 107|0x0000000747f00000, 0x0000000748000000, 0x0000000748000000|100%|HC|  |TAMS 0x0000000748000000, 0x0000000747f00000| Complete 
| 108|0x0000000748000000, 0x0000000748100000, 0x0000000748100000|100%|HC|  |TAMS 0x0000000748100000, 0x0000000748000000| Complete 
| 109|0x0000000748100000, 0x0000000748200000, 0x0000000748200000|100%|HC|  |TAMS 0x0000000748200000, 0x0000000748100000| Complete 
| 110|0x0000000748200000, 0x0000000748300000, 0x0000000748300000|100%|HC|  |TAMS 0x0000000748300000, 0x0000000748200000| Complete 
| 111|0x0000000748300000, 0x0000000748400000, 0x0000000748400000|100%|HC|  |TAMS 0x0000000748400000, 0x0000000748300000| Complete 
| 112|0x0000000748400000, 0x0000000748500000, 0x0000000748500000|100%|HC|  |TAMS 0x0000000748500000, 0x0000000748400000| Complete 
| 113|0x0000000748500000, 0x0000000748600000, 0x0000000748600000|100%|HC|  |TAMS 0x0000000748600000, 0x0000000748500000| Complete 
| 114|0x0000000748600000, 0x0000000748700000, 0x0000000748700000|100%|HS|  |TAMS 0x0000000748700000, 0x0000000748600000| Complete 
| 115|0x0000000748700000, 0x0000000748800000, 0x0000000748800000|100%|HC|  |TAMS 0x0000000748800000, 0x0000000748700000| Complete 
| 116|0x0000000748800000, 0x0000000748900000, 0x0000000748900000|100%|HC|  |TAMS 0x0000000748900000, 0x0000000748800000| Complete 
| 117|0x0000000748900000, 0x0000000748a00000, 0x0000000748a00000|100%|HC|  |TAMS 0x0000000748a00000, 0x0000000748900000| Complete 
| 118|0x0000000748a00000, 0x0000000748b00000, 0x0000000748b00000|100%|HC|  |TAMS 0x0000000748b00000, 0x0000000748a00000| Complete 
| 119|0x0000000748b00000, 0x0000000748c00000, 0x0000000748c00000|100%|HC|  |TAMS 0x0000000748c00000, 0x0000000748b00000| Complete 
| 120|0x0000000748c00000, 0x0000000748d00000, 0x0000000748d00000|100%|HC|  |TAMS 0x0000000748d00000, 0x0000000748c00000| Complete 
| 121|0x0000000748d00000, 0x0000000748e00000, 0x0000000748e00000|100%|HC|  |TAMS 0x0000000748e00000, 0x0000000748d00000| Complete 
| 122|0x0000000748e00000, 0x0000000748f00000, 0x0000000748f00000|100%|HC|  |TAMS 0x0000000748f00000, 0x0000000748e00000| Complete 
| 123|0x0000000748f00000, 0x0000000749000000, 0x0000000749000000|100%|HC|  |TAMS 0x0000000749000000, 0x0000000748f00000| Complete 
| 124|0x0000000749000000, 0x0000000749100000, 0x0000000749100000|100%|HC|  |TAMS 0x0000000749100000, 0x0000000749000000| Complete 
| 125|0x0000000749100000, 0x0000000749200000, 0x0000000749200000|100%|HC|  |TAMS 0x0000000749200000, 0x0000000749100000| Complete 
| 126|0x0000000749200000, 0x0000000749300000, 0x0000000749300000|100%|HC|  |TAMS 0x0000000749300000, 0x0000000749200000| Complete 
| 127|0x0000000749300000, 0x0000000749400000, 0x0000000749400000|100%|HC|  |TAMS 0x0000000749400000, 0x0000000749300000| Complete 
| 128|0x0000000749400000, 0x0000000749500000, 0x0000000749500000|100%|HC|  |TAMS 0x0000000749500000, 0x0000000749400000| Complete 
| 129|0x0000000749500000, 0x0000000749600000, 0x0000000749600000|100%|HC|  |TAMS 0x0000000749600000, 0x0000000749500000| Complete 
| 130|0x0000000749600000, 0x0000000749700000, 0x0000000749700000|100%|HC|  |TAMS 0x0000000749700000, 0x0000000749600000| Complete 
| 131|0x0000000749700000, 0x0000000749800000, 0x0000000749800000|100%|HS|  |TAMS 0x0000000749700000, 0x0000000749700000| Complete 
| 132|0x0000000749800000, 0x0000000749900000, 0x0000000749900000|100%|HC|  |TAMS 0x0000000749800000, 0x0000000749800000| Complete 
| 133|0x0000000749900000, 0x0000000749a00000, 0x0000000749a00000|100%|HC|  |TAMS 0x0000000749900000, 0x0000000749900000| Complete 
| 134|0x0000000749a00000, 0x0000000749b00000, 0x0000000749b00000|100%|HC|  |TAMS 0x0000000749a00000, 0x0000000749a00000| Complete 
| 135|0x0000000749b00000, 0x0000000749c00000, 0x0000000749c00000|100%|HC|  |TAMS 0x0000000749b00000, 0x0000000749b00000| Complete 
| 136|0x0000000749c00000, 0x0000000749d00000, 0x0000000749d00000|100%|HC|  |TAMS 0x0000000749c00000, 0x0000000749c00000| Complete 
| 137|0x0000000749d00000, 0x0000000749e00000, 0x0000000749e00000|100%|HC|  |TAMS 0x0000000749d00000, 0x0000000749d00000| Complete 
| 138|0x0000000749e00000, 0x0000000749f00000, 0x0000000749f00000|100%|HC|  |TAMS 0x0000000749e00000, 0x0000000749e00000| Complete 
| 139|0x0000000749f00000, 0x000000074a000000, 0x000000074a000000|100%|HC|  |TAMS 0x0000000749f00000, 0x0000000749f00000| Complete 
| 140|0x000000074a000000, 0x000000074a100000, 0x000000074a100000|100%|HC|  |TAMS 0x000000074a000000, 0x000000074a000000| Complete 
| 141|0x000000074a100000, 0x000000074a200000, 0x000000074a200000|100%|HC|  |TAMS 0x000000074a100000, 0x000000074a100000| Complete 
| 142|0x000000074a200000, 0x000000074a300000, 0x000000074a300000|100%|HC|  |TAMS 0x000000074a200000, 0x000000074a200000| Complete 
| 143|0x000000074a300000, 0x000000074a400000, 0x000000074a400000|100%|HC|  |TAMS 0x000000074a300000, 0x000000074a300000| Complete 
| 144|0x000000074a400000, 0x000000074a500000, 0x000000074a500000|100%|HC|  |TAMS 0x000000074a400000, 0x000000074a400000| Complete 
| 145|0x000000074a500000, 0x000000074a600000, 0x000000074a600000|100%|HC|  |TAMS 0x000000074a500000, 0x000000074a500000| Complete 
| 146|0x000000074a600000, 0x000000074a700000, 0x000000074a700000|100%|HC|  |TAMS 0x000000074a600000, 0x000000074a600000| Complete 
| 147|0x000000074a700000, 0x000000074a800000, 0x000000074a800000|100%|HC|  |TAMS 0x000000074a700000, 0x000000074a700000| Complete 
| 148|0x000000074a800000, 0x000000074a800000, 0x000000074a900000|  0%| F|  |TAMS 0x000000074a800000, 0x000000074a800000| Untracked 
| 149|0x000000074a900000, 0x000000074a900000, 0x000000074aa00000|  0%| F|  |TAMS 0x000000074a900000, 0x000000074a900000| Untracked 
| 150|0x000000074aa00000, 0x000000074aa00000, 0x000000074ab00000|  0%| F|  |TAMS 0x000000074aa00000, 0x000000074aa00000| Untracked 
| 151|0x000000074ab00000, 0x000000074ab00000, 0x000000074ac00000|  0%| F|  |TAMS 0x000000074ab00000, 0x000000074ab00000| Untracked 
| 152|0x000000074ac00000, 0x000000074ac00000, 0x000000074ad00000|  0%| F|  |TAMS 0x000000074ac00000, 0x000000074ac00000| Untracked 
| 153|0x000000074ad00000, 0x000000074ad00000, 0x000000074ae00000|  0%| F|  |TAMS 0x000000074ad00000, 0x000000074ad00000| Untracked 
| 154|0x000000074ae00000, 0x000000074ae00000, 0x000000074af00000|  0%| F|  |TAMS 0x000000074ae00000, 0x000000074ae00000| Untracked 
| 155|0x000000074af00000, 0x000000074af00000, 0x000000074b000000|  0%| F|  |TAMS 0x000000074af00000, 0x000000074af00000| Untracked 
| 156|0x000000074b000000, 0x000000074b000000, 0x000000074b100000|  0%| F|  |TAMS 0x000000074b000000, 0x000000074b000000| Untracked 
| 157|0x000000074b100000, 0x000000074b100000, 0x000000074b200000|  0%| F|  |TAMS 0x000000074b100000, 0x000000074b100000| Untracked 
| 158|0x000000074b200000, 0x000000074b200000, 0x000000074b300000|  0%| F|  |TAMS 0x000000074b200000, 0x000000074b200000| Untracked 
| 159|0x000000074b300000, 0x000000074b300000, 0x000000074b400000|  0%| F|  |TAMS 0x000000074b300000, 0x000000074b300000| Untracked 
| 160|0x000000074b400000, 0x000000074b400000, 0x000000074b500000|  0%| F|  |TAMS 0x000000074b400000, 0x000000074b400000| Untracked 
| 161|0x000000074b500000, 0x000000074b500000, 0x000000074b600000|  0%| F|  |TAMS 0x000000074b500000, 0x000000074b500000| Untracked 
| 162|0x000000074b600000, 0x000000074b600000, 0x000000074b700000|  0%| F|  |TAMS 0x000000074b600000, 0x000000074b600000| Untracked 
| 163|0x000000074b700000, 0x000000074b700000, 0x000000074b800000|  0%| F|  |TAMS 0x000000074b700000, 0x000000074b700000| Untracked 
| 164|0x000000074b800000, 0x000000074b800000, 0x000000074b900000|  0%| F|  |TAMS 0x000000074b800000, 0x000000074b800000| Untracked 
| 165|0x000000074b900000, 0x000000074b900000, 0x000000074ba00000|  0%| F|  |TAMS 0x000000074b900000, 0x000000074b900000| Untracked 
| 166|0x000000074ba00000, 0x000000074ba00000, 0x000000074bb00000|  0%| F|  |TAMS 0x000000074ba00000, 0x000000074ba00000| Untracked 
| 167|0x000000074bb00000, 0x000000074bb00000, 0x000000074bc00000|  0%| F|  |TAMS 0x000000074bb00000, 0x000000074bb00000| Untracked 
| 168|0x000000074bc00000, 0x000000074bc00000, 0x000000074bd00000|  0%| F|  |TAMS 0x000000074bc00000, 0x000000074bc00000| Untracked 
| 169|0x000000074bd00000, 0x000000074bd00000, 0x000000074be00000|  0%| F|  |TAMS 0x000000074bd00000, 0x000000074bd00000| Untracked 
| 170|0x000000074be00000, 0x000000074be00000, 0x000000074bf00000|  0%| F|  |TAMS 0x000000074be00000, 0x000000074be00000| Untracked 
| 171|0x000000074bf00000, 0x000000074bf00000, 0x000000074c000000|  0%| F|  |TAMS 0x000000074bf00000, 0x000000074bf00000| Untracked 
| 172|0x000000074c000000, 0x000000074c000000, 0x000000074c100000|  0%| F|  |TAMS 0x000000074c000000, 0x000000074c000000| Untracked 
| 173|0x000000074c100000, 0x000000074c100000, 0x000000074c200000|  0%| F|  |TAMS 0x000000074c100000, 0x000000074c100000| Untracked 
| 174|0x000000074c200000, 0x000000074c200000, 0x000000074c300000|  0%| F|  |TAMS 0x000000074c200000, 0x000000074c200000| Untracked 
| 175|0x000000074c300000, 0x000000074c300000, 0x000000074c400000|  0%| F|  |TAMS 0x000000074c300000, 0x000000074c300000| Untracked 
| 176|0x000000074c400000, 0x000000074c400000, 0x000000074c500000|  0%| F|  |TAMS 0x000000074c400000, 0x000000074c400000| Untracked 
| 177|0x000000074c500000, 0x000000074c500000, 0x000000074c600000|  0%| F|  |TAMS 0x000000074c500000, 0x000000074c500000| Untracked 
| 178|0x000000074c600000, 0x000000074c600000, 0x000000074c700000|  0%| F|  |TAMS 0x000000074c600000, 0x000000074c600000| Untracked 
| 179|0x000000074c700000, 0x000000074c700000, 0x000000074c800000|  0%| F|  |TAMS 0x000000074c700000, 0x000000074c700000| Untracked 
| 180|0x000000074c800000, 0x000000074c800000, 0x000000074c900000|  0%| F|  |TAMS 0x000000074c800000, 0x000000074c800000| Untracked 
| 181|0x000000074c900000, 0x000000074c900000, 0x000000074ca00000|  0%| F|  |TAMS 0x000000074c900000, 0x000000074c900000| Untracked 
| 182|0x000000074ca00000, 0x000000074ca00000, 0x000000074cb00000|  0%| F|  |TAMS 0x000000074ca00000, 0x000000074ca00000| Untracked 
| 183|0x000000074cb00000, 0x000000074cb00000, 0x000000074cc00000|  0%| F|  |TAMS 0x000000074cb00000, 0x000000074cb00000| Untracked 
| 184|0x000000074cc00000, 0x000000074cc00000, 0x000000074cd00000|  0%| F|  |TAMS 0x000000074cc00000, 0x000000074cc00000| Untracked 
| 185|0x000000074cd00000, 0x000000074cd00000, 0x000000074ce00000|  0%| F|  |TAMS 0x000000074cd00000, 0x000000074cd00000| Untracked 
| 186|0x000000074ce00000, 0x000000074ce00000, 0x000000074cf00000|  0%| F|  |TAMS 0x000000074ce00000, 0x000000074ce00000| Untracked 
| 187|0x000000074cf00000, 0x000000074cf00000, 0x000000074d000000|  0%| F|  |TAMS 0x000000074cf00000, 0x000000074cf00000| Untracked 
| 188|0x000000074d000000, 0x000000074d000000, 0x000000074d100000|  0%| F|  |TAMS 0x000000074d000000, 0x000000074d000000| Untracked 
| 189|0x000000074d100000, 0x000000074d100000, 0x000000074d200000|  0%| F|  |TAMS 0x000000074d100000, 0x000000074d100000| Untracked 
| 190|0x000000074d200000, 0x000000074d200000, 0x000000074d300000|  0%| F|  |TAMS 0x000000074d200000, 0x000000074d200000| Untracked 
| 191|0x000000074d300000, 0x000000074d300000, 0x000000074d400000|  0%| F|  |TAMS 0x000000074d300000, 0x000000074d300000| Untracked 
| 192|0x000000074d400000, 0x000000074d400000, 0x000000074d500000|  0%| F|  |TAMS 0x000000074d400000, 0x000000074d400000| Untracked 
| 193|0x000000074d500000, 0x000000074d500000, 0x000000074d600000|  0%| F|  |TAMS 0x000000074d500000, 0x000000074d500000| Untracked 
| 194|0x000000074d600000, 0x000000074d600000, 0x000000074d700000|  0%| F|  |TAMS 0x000000074d600000, 0x000000074d600000| Untracked 
| 195|0x000000074d700000, 0x000000074d700000, 0x000000074d800000|  0%| F|  |TAMS 0x000000074d700000, 0x000000074d700000| Untracked 
| 196|0x000000074d800000, 0x000000074d800000, 0x000000074d900000|  0%| F|  |TAMS 0x000000074d800000, 0x000000074d800000| Untracked 
| 197|0x000000074d900000, 0x000000074d900000, 0x000000074da00000|  0%| F|  |TAMS 0x000000074d900000, 0x000000074d900000| Untracked 
| 198|0x000000074da00000, 0x000000074da00000, 0x000000074db00000|  0%| F|  |TAMS 0x000000074da00000, 0x000000074da00000| Untracked 
| 199|0x000000074db00000, 0x000000074db00000, 0x000000074dc00000|  0%| F|  |TAMS 0x000000074db00000, 0x000000074db00000| Untracked 
| 200|0x000000074dc00000, 0x000000074dc00000, 0x000000074dd00000|  0%| F|  |TAMS 0x000000074dc00000, 0x000000074dc00000| Untracked 
| 201|0x000000074dd00000, 0x000000074dd00000, 0x000000074de00000|  0%| F|  |TAMS 0x000000074dd00000, 0x000000074dd00000| Untracked 
| 202|0x000000074de00000, 0x000000074de00000, 0x000000074df00000|  0%| F|  |TAMS 0x000000074de00000, 0x000000074de00000| Untracked 
| 203|0x000000074df00000, 0x000000074df00000, 0x000000074e000000|  0%| F|  |TAMS 0x000000074df00000, 0x000000074df00000| Untracked 
| 204|0x000000074e000000, 0x000000074e000000, 0x000000074e100000|  0%| F|  |TAMS 0x000000074e000000, 0x000000074e000000| Untracked 
| 205|0x000000074e100000, 0x000000074e100000, 0x000000074e200000|  0%| F|  |TAMS 0x000000074e100000, 0x000000074e100000| Untracked 
| 206|0x000000074e200000, 0x000000074e200000, 0x000000074e300000|  0%| F|  |TAMS 0x000000074e200000, 0x000000074e200000| Untracked 
| 207|0x000000074e300000, 0x000000074e300000, 0x000000074e400000|  0%| F|  |TAMS 0x000000074e300000, 0x000000074e300000| Untracked 
| 208|0x000000074e400000, 0x000000074e400000, 0x000000074e500000|  0%| F|  |TAMS 0x000000074e400000, 0x000000074e400000| Untracked 
| 209|0x000000074e500000, 0x000000074e500000, 0x000000074e600000|  0%| F|  |TAMS 0x000000074e500000, 0x000000074e500000| Untracked 
| 210|0x000000074e600000, 0x000000074e600000, 0x000000074e700000|  0%| F|  |TAMS 0x000000074e600000, 0x000000074e600000| Untracked 
| 211|0x000000074e700000, 0x000000074e700000, 0x000000074e800000|  0%| F|  |TAMS 0x000000074e700000, 0x000000074e700000| Untracked 
| 212|0x000000074e800000, 0x000000074e800000, 0x000000074e900000|  0%| F|  |TAMS 0x000000074e800000, 0x000000074e800000| Untracked 
| 213|0x000000074e900000, 0x000000074e900000, 0x000000074ea00000|  0%| F|  |TAMS 0x000000074e900000, 0x000000074e900000| Untracked 
| 214|0x000000074ea00000, 0x000000074ea00000, 0x000000074eb00000|  0%| F|  |TAMS 0x000000074ea00000, 0x000000074ea00000| Untracked 
| 215|0x000000074eb00000, 0x000000074eb40dc0, 0x000000074ec00000| 25%| S|CS|TAMS 0x000000074eb00000, 0x000000074eb00000| Complete 
| 216|0x000000074ec00000, 0x000000074ed00000, 0x000000074ed00000|100%| S|CS|TAMS 0x000000074ec00000, 0x000000074ec00000| Complete 
| 217|0x000000074ed00000, 0x000000074ee00000, 0x000000074ee00000|100%| S|CS|TAMS 0x000000074ed00000, 0x000000074ed00000| Complete 
| 218|0x000000074ee00000, 0x000000074ee00000, 0x000000074ef00000|  0%| F|  |TAMS 0x000000074ee00000, 0x000000074ee00000| Untracked 
| 219|0x000000074ef00000, 0x000000074ef00000, 0x000000074f000000|  0%| F|  |TAMS 0x000000074ef00000, 0x000000074ef00000| Untracked 
| 220|0x000000074f000000, 0x000000074f000000, 0x000000074f100000|  0%| F|  |TAMS 0x000000074f000000, 0x000000074f000000| Untracked 
| 221|0x000000074f100000, 0x000000074f100000, 0x000000074f200000|  0%| F|  |TAMS 0x000000074f100000, 0x000000074f100000| Untracked 
| 222|0x000000074f200000, 0x000000074f200000, 0x000000074f300000|  0%| F|  |TAMS 0x000000074f200000, 0x000000074f200000| Untracked 
| 223|0x000000074f300000, 0x000000074f30c098, 0x000000074f400000|  4%| E|  |TAMS 0x000000074f300000, 0x000000074f300000| Complete 
| 224|0x000000074f400000, 0x000000074f500000, 0x000000074f500000|100%| E|CS|TAMS 0x000000074f400000, 0x000000074f400000| Complete 

Card table byte_map: [0x00000198518b0000,0x0000019851eb0000] _byte_map_base: 0x000001984dea6000

Marking Bits (Prev, Next): (CMBitMap*) 0x0000019839f06f08, (CMBitMap*) 0x0000019839f06ec8
 Prev Bits: [0x0000019855460000, 0x0000019858410000)
 Next Bits: [0x00000198524b0000, 0x0000019855460000)

Polling page: 0x0000019837e20000

Metaspace:

Usage:
  Non-class:     60.50 MB capacity,    58.99 MB ( 98%) used,     1.22 MB (  2%) free+waste,   299.63 KB ( <1%) overhead. 
      Class:     10.25 MB capacity,     9.18 MB ( 90%) used,   931.54 KB (  9%) free+waste,   162.13 KB (  2%) overhead. 
       Both:     70.75 MB capacity,    68.17 MB ( 96%) used,     2.13 MB (  3%) free+waste,   461.75 KB ( <1%) overhead. 

Virtual space:
  Non-class space:       62.00 MB reserved,      60.70 MB ( 98%) committed 
      Class space:        1.00 GB reserved,      10.38 MB (  1%) committed 
             Both:        1.06 GB reserved,      71.07 MB (  7%) committed 

Chunk freelists:
   Non-Class:  9.38 KB
       Class:  4.13 KB
        Both:  13.50 KB

CodeHeap 'non-profiled nmethods': size=238912Kb used=12346Kb max_used=12346Kb free=226565Kb
 bounds [0x0000019842960000, 0x0000019843580000, 0x00000198512b0000]
CodeHeap 'non-nmethods': size=6848Kb used=1347Kb max_used=1347Kb free=5500Kb
 bounds [0x00000198422b0000, 0x0000019842520000, 0x0000019842960000]
 total_blobs=7637 nmethods=6743 adapters=684
 compilation: enabled
              stopped_count=0, restarted_count=0
 full_count=0

Compilation events (10 events):
Event: 17.405 Thread 0x000001985b158000 6860       1       io.netty.util.internal.MathUtil::isOutOfBounds (22 bytes)
Event: 17.406 Thread 0x000001985b158000 nmethod 6860 0x0000019843570010 code [0x00000198435701c0, 0x00000198435702d8]
Event: 17.406 Thread 0x000001985b158000 6858       1       java.lang.invoke.VarHandleLongs$FieldInstanceReadWrite::compareAndSet (25 bytes)
Event: 17.406 Thread 0x000001985b158000 nmethod 6858 0x0000019843570390 code [0x0000019843570580, 0x00000198435708b0]
Event: 17.406 Thread 0x000001985b158000 6861       1       java.util.concurrent.atomic.AtomicReferenceFieldUpdater$AtomicReferenceFieldUpdaterImpl::compareAndSet (24 bytes)
Event: 17.407 Thread 0x000001985b158000 nmethod 6861 0x0000019843570a90 code [0x0000019843570c60, 0x0000019843570fa0]
Event: 17.407 Thread 0x000001985b158000 6862       1       java.util.concurrent.atomic.Striped64::casBase (10 bytes)
Event: 17.407 Thread 0x000001985b158000 nmethod 6862 0x0000019843571110 code [0x00000198435712e0, 0x0000019843571580]
Event: 17.407 Thread 0x000001985b158000 6859       1       io.netty.util.internal.InternalThreadLocalMap::setFutureListenerStackDepth (6 bytes)
Event: 17.407 Thread 0x000001985b158000 nmethod 6859 0x0000019843571690 code [0x0000019843571840, 0x0000019843571978]

GC Heap History (10 events):
Event: 9.645 GC heap before
{Heap before GC invocations=22 (full 0):
 garbage-first heap   total 191488K, used 150275K [0x0000000741400000, 0x0000000800000000)
  region size 1024K, 47 young (48128K), 5 survivors (5120K)
 Metaspace       used 59750K, capacity 62071K, committed 62284K, reserved 1101824K
  class space    used 8076K, capacity 9060K, committed 9088K, reserved 1048576K
}
Event: 9.656 GC heap after
{Heap after GC invocations=23 (full 0):
 garbage-first heap   total 191488K, used 109903K [0x0000000741400000, 0x0000000800000000)
  region size 1024K, 6 young (6144K), 6 survivors (6144K)
 Metaspace       used 59750K, capacity 62071K, committed 62284K, reserved 1101824K
  class space    used 8076K, capacity 9060K, committed 9088K, reserved 1048576K
}
Event: 10.057 GC heap before
{Heap before GC invocations=23 (full 0):
 garbage-first heap   total 191488K, used 158031K [0x0000000741400000, 0x0000000800000000)
  region size 1024K, 53 young (54272K), 6 survivors (6144K)
 Metaspace       used 62150K, capacity 64576K, committed 64844K, reserved 1103872K
  class space    used 8472K, capacity 9487K, committed 9600K, reserved 1048576K
}
Event: 10.068 GC heap after
{Heap after GC invocations=24 (full 0):
 garbage-first heap   total 230400K, used 112099K [0x0000000741400000, 0x0000000800000000)
  region size 1024K, 5 young (5120K), 5 survivors (5120K)
 Metaspace       used 62150K, capacity 64576K, committed 64844K, reserved 1103872K
  class space    used 8472K, capacity 9487K, committed 9600K, reserved 1048576K
}
Event: 10.767 GC heap before
{Heap before GC invocations=25 (full 0):
 garbage-first heap   total 230400K, used 174563K [0x0000000741400000, 0x0000000800000000)
  region size 1024K, 66 young (67584K), 5 survivors (5120K)
 Metaspace       used 68671K, capacity 71235K, committed 71500K, reserved 1110016K
  class space    used 9254K, capacity 10321K, committed 10368K, reserved 1048576K
}
Event: 10.781 GC heap after
{Heap after GC invocations=26 (full 0):
 garbage-first heap   total 230400K, used 116358K [0x0000000741400000, 0x0000000800000000)
  region size 1024K, 7 young (7168K), 7 survivors (7168K)
 Metaspace       used 68671K, capacity 71235K, committed 71500K, reserved 1110016K
  class space    used 9254K, capacity 10321K, committed 10368K, reserved 1048576K
}
Event: 12.326 GC heap before
{Heap before GC invocations=26 (full 0):
 garbage-first heap   total 230400K, used 141958K [0x0000000741400000, 0x0000000800000000)
  region size 1024K, 33 young (33792K), 7 survivors (7168K)
 Metaspace       used 69786K, capacity 72466K, committed 72780K, reserved 1112064K
  class space    used 9395K, capacity 10498K, committed 10624K, reserved 1048576K
}
Event: 12.335 GC heap after
{Heap after GC invocations=27 (full 0):
 garbage-first heap   total 230400K, used 117273K [0x0000000741400000, 0x0000000800000000)
  region size 1024K, 6 young (6144K), 6 survivors (6144K)
 Metaspace       used 69786K, capacity 72466K, committed 72780K, reserved 1112064K
  class space    used 9395K, capacity 10498K, committed 10624K, reserved 1048576K
}
Event: 17.348 GC heap before
{Heap before GC invocations=28 (full 0):
 garbage-first heap   total 230400K, used 140825K [0x0000000741400000, 0x0000000800000000)
  region size 1024K, 13 young (13312K), 6 survivors (6144K)
 Metaspace       used 69807K, capacity 72448K, committed 72780K, reserved 1112064K
  class space    used 9401K, capacity 10495K, committed 10624K, reserved 1048576K
}
Event: 17.357 GC heap after
{Heap after GC invocations=29 (full 0):
 garbage-first heap   total 230400K, used 135389K [0x0000000741400000, 0x0000000800000000)
  region size 1024K, 3 young (3072K), 3 survivors (3072K)
 Metaspace       used 69807K, capacity 72448K, committed 72780K, reserved 1112064K
  class space    used 9401K, capacity 10495K, committed 10624K, reserved 1048576K
}

Deoptimization events (0 events):
No events

Classes redefined (0 events):
No events

Internal exceptions (10 events):
Event: 10.464 Thread 0x000001985c21d800 Exception <a 'java/lang/ClassNotFoundException'{0x000000074d12bdd0}: java/lang/ObjectCustomizer> (0x000000074d12bdd0) thrown at [t:/workspace/open/src/hotspot/share/classfile/systemDictionary.cpp, line 235]
Event: 10.466 Thread 0x000001985c21d800 Exception <a 'java/lang/ClassNotFoundException'{0x000000074d14b240}: org/springframework/boot/autoconfigure/reactor/core/ReactorCoreAutoConfigurationCustomizer> (0x000000074d14b240) thrown at [t:/workspace/open/src/hotspot/share/classfile/systemDictionary
Event: 10.467 Thread 0x000001985c21d800 Exception <a 'java/lang/ClassNotFoundException'{0x000000074d16ec10}: org/springframework/boot/autoconfigure/reactor/core/ReactorCoreAutoConfiguration$$EnhancerBySpringCGLIB$$41f5eeeeCustomizer> (0x000000074d16ec10) thrown at [t:/workspace/open/src/hotspot
Event: 10.469 Thread 0x000001985c21d800 Exception <a 'java/lang/ClassNotFoundException'{0x000000074d198e70}: org/springframework/context/annotation/ConfigurationClassEnhancer$EnhancedConfigurationCustomizer> (0x000000074d198e70) thrown at [t:/workspace/open/src/hotspot/share/classfile/systemDic
Event: 10.470 Thread 0x000001985c21d800 Exception <a 'java/lang/ClassNotFoundException'{0x000000074d1af6d8}: org/springframework/beans/factory/BeanFactoryAwareCustomizer> (0x000000074d1af6d8) thrown at [t:/workspace/open/src/hotspot/share/classfile/systemDictionary.cpp, line 235]
Event: 10.473 Thread 0x000001985c21d800 Exception <a 'java/lang/ClassNotFoundException'{0x000000074d1c4918}: org/springframework/beans/factory/AwareCustomizer> (0x000000074d1c4918) thrown at [t:/workspace/open/src/hotspot/share/classfile/systemDictionary.cpp, line 235]
Event: 10.604 Thread 0x000001985c21d800 Exception <a 'java/lang/NoSuchMethodError'{0x000000074c7b7688}: java.lang.invoke.Invokers$Holder.linkToTargetMethod(Ljava/lang/Object;ILjava/lang/Object;)Ljava/lang/Object;> (0x000000074c7b7688) thrown at [t:/workspace/open/src/hotspot/share/interpreter/l
Event: 10.606 Thread 0x000001985c21d800 Exception <a 'java/lang/ClassNotFoundException'{0x000000074c7cbcb0}: java/lang/ObjectCustomizer> (0x000000074c7cbcb0) thrown at [t:/workspace/open/src/hotspot/share/classfile/systemDictionary.cpp, line 235]
Event: 10.606 Thread 0x000001985c21d800 Exception <a 'java/lang/ClassNotFoundException'{0x000000074c7e5e18}: org/springframework/kafka/listener/ContainerPropertiesCustomizer> (0x000000074c7e5e18) thrown at [t:/workspace/open/src/hotspot/share/classfile/systemDictionary.cpp, line 235]
Event: 11.040 Thread 0x000001985c21d800 Exception <a 'java/lang/NoSuchMethodError'{0x000000074e11eba0}: java.lang.invoke.DirectMethodHandle$Holder.newInvokeSpecial(Ljava/lang/Object;I)Ljava/lang/Object;> (0x000000074e11eba0) thrown at [t:/workspace/open/src/hotspot/share/interpreter/linkResolve

Events (10 events):
Event: 17.357 Executing VM operation: G1CollectForAllocation done
Event: 17.360 Executing VM operation: RevokeBias
Event: 17.360 Executing VM operation: RevokeBias done
Event: 17.362 Executing VM operation: RevokeBias
Event: 17.362 Executing VM operation: RevokeBias done
Event: 17.364 Executing VM operation: RevokeBias
Event: 17.364 Executing VM operation: RevokeBias done
Event: 17.400 Executing VM operation: BulkRevokeBias
Event: 17.402 Executing VM operation: BulkRevokeBias done
Event: 17.481 Executing VM operation: G1Concurrent


Dynamic libraries:
0x00007ff668c60000 - 0x00007ff668c6f000 	D:\Program Files\Java\jdk-12.0.2\bin\java.exe
0x00007ff81b7d0000 - 0x00007ff81b9c5000 	C:\WINDOWS\SYSTEM32\ntdll.dll
0x00007ff81a6a0000 - 0x00007ff81a75e000 	C:\WINDOWS\System32\KERNEL32.DLL
0x00007ff819540000 - 0x00007ff819808000 	C:\WINDOWS\System32\KERNELBASE.dll
0x00007ff818ff0000 - 0x00007ff8190f0000 	C:\WINDOWS\System32\ucrtbase.dll
0x00007ff814dc0000 - 0x00007ff814dd8000 	D:\Program Files\Java\jdk-12.0.2\bin\jli.dll
0x00007ff81b670000 - 0x00007ff81b71c000 	C:\WINDOWS\System32\ADVAPI32.dll
0x00007ff814de0000 - 0x00007ff814df6000 	D:\Program Files\Java\jdk-12.0.2\bin\VCRUNTIME140.dll
0x00007ff81b5a0000 - 0x00007ff81b63e000 	C:\WINDOWS\System32\msvcrt.dll
0x00007ff819950000 - 0x00007ff8199eb000 	C:\WINDOWS\System32\sechost.dll
0x00007ff81ac30000 - 0x00007ff81ad5a000 	C:\WINDOWS\System32\RPCRT4.dll
0x00007ff819c00000 - 0x00007ff819da1000 	C:\WINDOWS\System32\USER32.dll
0x00007ff803a90000 - 0x00007ff803d2a000 	C:\WINDOWS\WinSxS\amd64_microsoft.windows.common-controls_6595b64144ccf1df_6.0.19041.1110_none_60b5254171f9507e\COMCTL32.dll
0x00007ff8191d0000 - 0x00007ff8191f2000 	C:\WINDOWS\System32\win32u.dll
0x00007ff81b640000 - 0x00007ff81b66b000 	C:\WINDOWS\System32\GDI32.dll
0x00007ff818ee0000 - 0x00007ff818fed000 	C:\WINDOWS\System32\gdi32full.dll
0x00007ff819200000 - 0x00007ff81929d000 	C:\WINDOWS\System32\msvcp_win.dll
0x00007ff80c960000 - 0x00007ff80c96a000 	C:\WINDOWS\SYSTEM32\VERSION.dll
0x00007ff81a670000 - 0x00007ff81a6a0000 	C:\WINDOWS\System32\IMM32.DLL
0x00007ffffa200000 - 0x00007ffffa2aa000 	D:\Program Files\Java\jdk-12.0.2\bin\msvcp140.dll
0x00007fffe1e70000 - 0x00007fffe29e7000 	D:\Program Files\Java\jdk-12.0.2\bin\server\jvm.dll
0x00007ff81ac20000 - 0x00007ff81ac28000 	C:\WINDOWS\System32\PSAPI.DLL
0x00007ff8034c0000 - 0x00007ff8034c9000 	C:\WINDOWS\SYSTEM32\WSOCK32.dll
0x00007ff81b720000 - 0x00007ff81b78b000 	C:\WINDOWS\System32\WS2_32.dll
0x00007ff806490000 - 0x00007ff8064b7000 	C:\WINDOWS\SYSTEM32\WINMM.dll
0x00007ff816dd0000 - 0x00007ff816de2000 	C:\WINDOWS\SYSTEM32\kernel.appcore.dll
0x00007ff814da0000 - 0x00007ff814db1000 	D:\Program Files\Java\jdk-12.0.2\bin\verify.dll
0x00007ff810b80000 - 0x00007ff810d64000 	C:\WINDOWS\SYSTEM32\DBGHELP.DLL
0x00007ff8107b0000 - 0x00007ff8107dc000 	C:\WINDOWS\SYSTEM32\dbgcore.DLL
0x00007ff8190f0000 - 0x00007ff819172000 	C:\WINDOWS\System32\bcryptPrimitives.dll
0x00007ff814d70000 - 0x00007ff814d96000 	D:\Program Files\Java\jdk-12.0.2\bin\java.dll
0x00007ff8141c0000 - 0x00007ff8141ce000 	D:\Program Files\Java\jdk-12.0.2\bin\instrument.dll
0x00007ff814d50000 - 0x00007ff814d67000 	D:\Program Files\Java\jdk-12.0.2\bin\zip.dll
0x00007ff814d40000 - 0x00007ff814d4a000 	D:\Program Files\Java\jdk-12.0.2\bin\jimage.dll
0x00007ff81ad60000 - 0x00007ff81b4a4000 	C:\WINDOWS\System32\SHELL32.dll
0x00007ff816fd0000 - 0x00007ff817764000 	C:\WINDOWS\SYSTEM32\windows.storage.dll
0x00007ff81a230000 - 0x00007ff81a585000 	C:\WINDOWS\System32\combase.dll
0x00007ff818930000 - 0x00007ff81895e000 	C:\WINDOWS\SYSTEM32\Wldp.dll
0x00007ff81a9d0000 - 0x00007ff81aa7d000 	C:\WINDOWS\System32\SHCORE.dll
0x00007ff81a970000 - 0x00007ff81a9c5000 	C:\WINDOWS\System32\shlwapi.dll
0x00007ff818e20000 - 0x00007ff818e3f000 	C:\WINDOWS\SYSTEM32\profapi.dll
0x00007ff814ae0000 - 0x00007ff814af9000 	D:\Program Files\Java\jdk-12.0.2\bin\net.dll
0x00007ff80b260000 - 0x00007ff80b36c000 	C:\WINDOWS\SYSTEM32\WINHTTP.dll
0x00007ff80b730000 - 0x00007ff80b91b000 	C:\WINDOWS\SYSTEM32\urlmon.dll
0x00007ff80b3d0000 - 0x00007ff80b680000 	C:\WINDOWS\SYSTEM32\iertutil.dll
0x00007ff80b680000 - 0x00007ff80b6a8000 	C:\WINDOWS\SYSTEM32\srvcli.dll
0x00007ff818370000 - 0x00007ff81837c000 	C:\WINDOWS\SYSTEM32\netutils.dll
0x00007ff818690000 - 0x00007ff8186fa000 	C:\WINDOWS\system32\mswsock.dll
0x00007ff8147f0000 - 0x00007ff814803000 	D:\Program Files\Java\jdk-12.0.2\bin\nio.dll
0x00007ff80fbf0000 - 0x00007ff80fc0a000 	D:\Program Files\JetBrains\IntelliJ IDEA 2019.3.2\bin\breakgen64.dll
0x00007ff818380000 - 0x00007ff81844b000 	C:\WINDOWS\SYSTEM32\DNSAPI.dll
0x00007ff818330000 - 0x00007ff81836b000 	C:\WINDOWS\SYSTEM32\IPHLPAPI.DLL
0x00007ff819940000 - 0x00007ff819948000 	C:\WINDOWS\System32\NSI.dll
0x00007ff80ac70000 - 0x00007ff80ac7a000 	C:\Windows\System32\rasadhlp.dll
0x00007ff80c190000 - 0x00007ff80c20f000 	C:\WINDOWS\System32\fwpuclnt.dll
0x00007ff8192a0000 - 0x00007ff8192c7000 	C:\WINDOWS\System32\bcrypt.dll
0x00007ff80a650000 - 0x00007ff80a659000 	D:\Program Files\Java\jdk-12.0.2\bin\management.dll
0x00007ffffe7d0000 - 0x00007ffffe7dc000 	D:\Program Files\Java\jdk-12.0.2\bin\management_ext.dll
0x00007ff818890000 - 0x00007ff8188a8000 	C:\WINDOWS\SYSTEM32\CRYPTSP.dll
0x00007ff817fa0000 - 0x00007ff817fd4000 	C:\WINDOWS\system32\rsaenh.dll
0x00007ff818de0000 - 0x00007ff818e0e000 	C:\WINDOWS\SYSTEM32\USERENV.dll
0x00007ff818880000 - 0x00007ff81888c000 	C:\WINDOWS\SYSTEM32\CRYPTBASE.dll
0x00007ff80c9d0000 - 0x00007ff80c9e7000 	C:\WINDOWS\SYSTEM32\dhcpcsvc6.DLL
0x00007ff80fca0000 - 0x00007ff80fcbd000 	C:\WINDOWS\SYSTEM32\dhcpcsvc.DLL
0x00007ff800530000 - 0x00007ff800547000 	C:\WINDOWS\system32\napinsp.dll
0x00007ff800000000 - 0x00007ff80001b000 	C:\WINDOWS\system32\pnrpnsp.dll
0x00007ff8100c0000 - 0x00007ff8100d5000 	C:\WINDOWS\system32\wshbth.dll
0x00007ff810dc0000 - 0x00007ff810ddd000 	C:\WINDOWS\system32\NLAapi.dll
0x00007fffffbf0000 - 0x00007fffffc02000 	C:\WINDOWS\System32\winrnr.dll
0x00007ff8148a0000 - 0x00007ff8148c7000 	D:\Program Files\Java\jdk-12.0.2\bin\sunec.dll

dbghelp: loaded successfully - version: 4.0.5 - missing functions: none
symbol engine: initialized successfully - sym options: 0x614 - pdb path: .;D:\Program Files\Java\jdk-12.0.2\bin;C:\WINDOWS\SYSTEM32;C:\WINDOWS\WinSxS\amd64_microsoft.windows.common-controls_6595b64144ccf1df_6.0.19041.1110_none_60b5254171f9507e;D:\Program Files\Java\jdk-12.0.2\bin\server;D:\Program Files\JetBrains\IntelliJ IDEA 2019.3.2\bin

VM Arguments:
jvm_args: -XX:TieredStopAtLevel=1 -Xverify:none -Dspring.output.ansi.enabled=always -Dcom.sun.management.jmxremote -Dspring.jmx.enabled=true -Dspring.liveBeansView.mbeanDomain -Dspring.application.admin.enabled=true -javaagent:D:\Program Files\JetBrains\IntelliJ IDEA 2019.3.2\lib\idea_rt.jar=3501:D:\Program Files\JetBrains\IntelliJ IDEA 2019.3.2\bin -Dfile.encoding=UTF-8 
java_command: com.nowcoder.community.CommunityApplication
java_class_path (initial): D:\CSLearning\ideaProjects\community\target\classes;C:\Users\Noahs_Ark\.IntelliJIdea2019.3\config\javascript\extLibs\http_stackpath.bootstrapcdn.com_bootstrap_4.3.1_css_bootstrap.min.css;D:\CSLearning\java\maven_repo\org\springframework\boot\spring-boot-starter-aop\2.1.5.RELEASE\spring-boot-starter-aop-2.1.5.RELEASE.jar;D:\CSLearning\java\maven_repo\org\springframework\boot\spring-boot-starter\2.1.5.RELEASE\spring-boot-starter-2.1.5.RELEASE.jar;D:\CSLearning\java\maven_repo\org\springframework\boot\spring-boot-starter-logging\2.1.5.RELEASE\spring-boot-starter-logging-2.1.5.RELEASE.jar;D:\CSLearning\java\maven_repo\ch\qos\logback\logback-classic\1.2.3\logback-classic-1.2.3.jar;D:\CSLearning\java\maven_repo\ch\qos\logback\logback-core\1.2.3\logback-core-1.2.3.jar;D:\CSLearning\java\maven_repo\org\apache\logging\log4j\log4j-to-slf4j\2.11.2\log4j-to-slf4j-2.11.2.jar;D:\CSLearning\java\maven_repo\org\apache\logging\log4j\log4j-api\2.11.2\log4j-api-2.11.2.jar;D:\CSLearning\java\maven_repo\org\slf4j\jul-to-slf4j\1.7.26\jul-to-slf4j-1.7.26.jar;D:\CSLearning\java\maven_repo\javax\annotation\javax.annotation-api\1.3.2\javax.annotation-api-1.3.2.jar;D:\CSLearning\java\maven_repo\org\yaml\snakeyaml\1.23\snakeyaml-1.23.jar;D:\CSLearning\java\maven_repo\org\springframework\spring-aop\5.1.7.RELEASE\spring-aop-5.1.7.RELEASE.jar;D:\CSLearning\java\maven_repo\org\springframework\spring-beans\5.1.7.RELEASE\spring-beans-5.1.7.RELEASE.jar;D:\CSLearning\java\maven_repo\org\aspectj\aspectjweaver\1.9.4\aspectjweaver-1.9.4.jar;D:\CSLearning\java\maven_repo\org\springframework\boot\spring-boot-starter-thymeleaf\2.1.5.RELEASE\spring-boot-starter-thymeleaf-2.1.5.RELEASE.jar;D:\CSLearning\java\maven_repo\org\thymeleaf\thymeleaf-spring5\3.0.11.RELEASE\thymeleaf-spring5-3.0.11.RELEASE.jar;D:\CSLearning\java\maven_repo\org\thymeleaf\thymeleaf\3.0.11.RELEASE\thymeleaf-3.0.11.RELEASE.jar;D:\CSLearning\java\maven_repo\org\attoparser\attoparser\2.0.5.RELEASE\attoparser-2.0
Launcher Type: SUN_STANDARD

[Global flags]
     bool BytecodeVerificationLocal                = false                                     {product} {command line}
     bool BytecodeVerificationRemote               = false                                     {product} {command line}
     intx CICompilerCount                          = 3                                         {product} {ergonomic}
     uint ConcGCThreads                            = 1                                         {product} {ergonomic}
     uint G1ConcRefinementThreads                  = 4                                         {product} {ergonomic}
   size_t G1HeapRegionSize                         = 1048576                                   {product} {ergonomic}
    uintx GCDrainStackTargetSize                   = 64                                        {product} {ergonomic}
   size_t InitialHeapSize                          = 201326592                                 {product} {ergonomic}
     bool ManagementServer                         = true                                      {product} {command line}
   size_t MarkStackSize                            = 4194304                                   {product} {ergonomic}
   size_t MaxHeapSize                              = 3200253952                                {product} {ergonomic}
   size_t MaxNewSize                               = 1919942656                                {product} {ergonomic}
   size_t MinHeapDeltaBytes                        = 1048576                                   {product} {ergonomic}
    uintx NonNMethodCodeHeapSize                   = 6973028                                {pd product} {ergonomic}
    uintx NonProfiledCodeHeapSize                  = 244685212                              {pd product} {ergonomic}
    uintx ProfiledCodeHeapSize                     = 0                                      {pd product} {ergonomic}
    uintx ReservedCodeCacheSize                    = 251658240                              {pd product} {ergonomic}
     bool SegmentedCodeCache                       = true                                      {product} {ergonomic}
     intx TieredStopAtLevel                        = 1                                         {product} {command line}
     bool UseCompressedClassPointers               = true                                 {lp64_product} {ergonomic}
     bool UseCompressedOops                        = true                                 {lp64_product} {ergonomic}
     bool UseG1GC                                  = true                                      {product} {ergonomic}
     bool UseLargePagesIndividualAllocation        = false                                  {pd product} {ergonomic}

Logging:
Log output configuration:
 #0: stdout all=warning uptime,level,tags
 #1: stderr all=off uptime,level,tags

Environment Variables:
PATH=D:\Program Files\Java\jdk-12.0.2\bin;C:\Program Files (x86)\NVIDIA Corporation\PhysX\Common;C:\Program Files (x86)\Intel\iCLS Client\;C:\Program Files\Intel\iCLS Client\;C:\WINDOWS\system32;C:\WINDOWS;C:\WINDOWS\System32\Wbem;C:\WINDOWS\System32\WindowsPowerShell\v1.0\;C:\Program Files\Intel\WiFi\bin\;C:\Program Files\Common Files\Intel\WirelessCommon\;C:\Program Files (x86)\iFLYTEK\VoiceAssistant\SpeechPlusRuntime;D:\Program Files\TDM-GCC-64\bin;C:\Users\Noahs_Ark\AppData\Local\Programs\Python\Python35;C:\Program Files\Git\cmd;C:\WINDOWS\System32\OpenSSH\;D:\CSLearning\java\apache-maven-3.6.3\bin;D:\Program Files\mysql-8.0.15-winx64\bin;D:\Program Files (x86)\NetSarang\Xshell 7\;C:\Program Files\Git\git-bash;D:\Program Files\Redis\;D:\Programs\kafka_2.12-2.2.0\bin\windows;D:\Programs\elasticsearch-6.4.3\bin;D:\Programs\wkhtmltopdf\bin;C:\Program Files\Git\bin;C:\Users\Noahs_Ark\AppData\Local\Programs\Python\Python35\Scripts\;C:\Users\Noahs_Ark\AppData\Local\Programs\Python\Python35\;d:\Programs\Microsoft VS Code\bin;d:\Program Files\JetBrains\IntelliJ IDEA 2019.3.2\bin;;C:\Users\Noahs_Ark\AppData\Local\Microsoft\WindowsApps;C:\Program Files\Intel\WiFi\bin\;C:\Program Files\Common Files\Intel\WirelessCommon\;D:\Programs\kafka_2.12-2.2.0\bin\windows;
USERNAME=Noahs_Ark
OS=Windows_NT
PROCESSOR_IDENTIFIER=Intel64 Family 6 Model 60 Stepping 3, GenuineIntel



---------------  S Y S T E M  ---------------

OS: Windows 10 , 64 bit Build 19041 (10.0.19041.1348)

CPU:total 4 (initial active 4) (2 cores per cpu, 2 threads per core) family 6 model 60 stepping 3, cmov, cx8, fxsr, mmx, sse, sse2, sse3, ssse3, sse4.1, sse4.2, popcnt, avx, avx2, aes, clmul, erms, lzcnt, ht, tsc, tscinvbit, bmi1, bmi2, fma

Memory: 4k page, system-wide physical 12200M (2739M free)
TotalPageFile size 16125M (AvailPageFile size 21M)
current process WorkingSet (physical memory assigned to process): 525M, peak: 525M
current process commit charge ("private bytes"): 558M, peak: 588M

vm_info: Java HotSpot(TM) 64-Bit Server VM (12.0.2+10) for windows-amd64 JRE (12.0.2+10), built on Jul 16 2019 01:56:17 by "mach5one" with MS VC++ 15.5 (VS2017)

END.
