#
# There is insufficient memory for the Java Runtime Environment to continue.
# Native memory allocation (mmap) failed to map 2097152 bytes for Failed to commit area from 0x000000074f200000 to 0x000000074f400000 of length 2097152.
# Possible reasons:
#   The system is out of physical RAM or swap space
#   The process is running with CompressedOops enabled, and the Java Heap may be blocking the growth of the native heap
# Possible solutions:
#   Reduce memory load on the system
#   Increase physical memory or swap space
#   Check if swap backing store is full
#   Decrease Java heap size (-Xmx/-Xms)
#   Decrease number of Java threads
#   Decrease Java thread stack sizes (-Xss)
#   Set larger code cache with -XX:ReservedCodeCacheSize=
#   JVM is running with Zero Based Compressed Oops mode in which the Java heap is
#     placed in the first 32GB address space. The Java Heap base address is the
#     maximum limit for the native heap growth. Please use -XX:HeapBaseMinAddress
#     to set the Java Heap base and to place the Java Heap above 32GB virtual address.
# This output file may be truncated or incomplete.
#
#  Out of Memory Error (t:/workspace/open/src/hotspot/os/windows/os_windows.cpp:3264), pid=2776, tid=8276
#
# JRE version: Java(TM) SE Runtime Environment (12.0.2+10) (build 12.0.2+10)
# Java VM: Java HotSpot(TM) 64-Bit Server VM (12.0.2+10, mixed mode, sharing, tiered, compressed oops, g1 gc, windows-amd64)
# No core dump will be written. Minidumps are not enabled by default on client versions of Windows
#

---------------  S U M M A R Y ------------

Command Line: -XX:TieredStopAtLevel=1 -Xverify:none -Dspring.output.ansi.enabled=always -Dcom.sun.management.jmxremote -Dspring.jmx.enabled=true -Dspring.liveBeansView.mbeanDomain -Dspring.application.admin.enabled=true -javaagent:D:\Program Files\JetBrains\IntelliJ IDEA 2019.3.2\lib\idea_rt.jar=8950:D:\Program Files\JetBrains\IntelliJ IDEA 2019.3.2\bin -Dfile.encoding=UTF-8 com.nowcoder.community.CommunityApplication

Host: Intel(R) Core(TM) i5-4210H CPU @ 2.90GHz, 4 cores, 11G,  Windows 10 , 64 bit Build 19041 (10.0.19041.1348)
Time: Sun Jan 16 16:07:36 2022 中国标准时间 elapsed time: 12 seconds (0d 0h 0m 12s)

---------------  T H R E A D  ---------------

Current thread (0x000001f6caa65800):  VMThread "VM Thread" [stack: 0x0000009612100000,0x0000009612200000] [id=8276]

Stack: [0x0000009612100000,0x0000009612200000]
[error occurred during error reporting (printing stack bounds), id 0xc0000005, EXCEPTION_ACCESS_VIOLATION (0xc0000005) at pc=0x000001f6b23e0bad]

Native frames: (J=compiled Java code, j=interpreted, Vv=VM code, C=native code)
V  [jvm.dll+0x63aa2a]
V  [jvm.dll+0x78ce1e]
V  [jvm.dll+0x78e4c1]
V  [jvm.dll+0x78ea75]
V  [jvm.dll+0x78ea2b]
V  [jvm.dll+0x63a134]
V  [jvm.dll+0x63a4f8]
C  [ntdll.dll+0xa20cf]
C  [ntdll.dll+0x51454]
C  [ntdll.dll+0xa0bfe]
C  0x000001f6b23e0bad

VM_Operation (0x0000009611dffc50): G1Concurrent, mode: safepoint, requested by thread 0x000001f6aa049000


---------------  P R O C E S S  ---------------

Threads class SMR info:
_java_thread_list=0x000001f6d2fbabd0, length=73, elements={
0x000001f6caa6c000, 0x000001f6caa6f800, 0x000001f6cb2f4800, 0x000001f6cb2f6800,
0x000001f6cb2f7800, 0x000001f6cb2fb000, 0x000001f6cb497800, 0x000001f6cbab7800,
0x000001f6cbab8800, 0x000001f6cbbf0800, 0x000001f6ce86d000, 0x000001f6ce8c6000,
0x000001f6ccb6d800, 0x000001f6ccad9800, 0x000001f6cecba800, 0x000001f6cedfb000,
0x000001f6cedf9800, 0x000001f6cedfb800, 0x000001f6cee00000, 0x000001f6cedfd800,
0x000001f6cedfc800, 0x000001f6cedfa000, 0x000001f6cedfe000, 0x000001f6cedff000,
0x000001f6cef8e000, 0x000001f6cef89000, 0x000001f6cef88800, 0x000001f6cef8a800,
0x000001f6cef8f000, 0x000001f6cef8d000, 0x000001f6cef8f800, 0x000001f6cef8a000,
0x000001f6cef90800, 0x000001f6cef91800, 0x000001f6cef8c800, 0x000001f6cef8b800,
0x000001f6cef93000, 0x000001f6cef94800, 0x000001f6cef92000, 0x000001f6cef97000,
0x000001f6cef93800, 0x000001f6cef96000, 0x000001f6cef95800, 0x000001f6d3277800,
0x000001f6d3278800, 0x000001f6d327b000, 0x000001f6d3276000, 0x000001f6d3275800,
0x000001f6d327a000, 0x000001f6d3279800, 0x000001f6d327c000, 0x000001f6d327c800,
0x000001f6d3277000, 0x000001f6d3282800, 0x000001f6d327d800, 0x000001f6d3283000,
0x000001f6d3284000, 0x000001f6d327e800, 0x000001f6d327f000, 0x000001f6d3280800,
0x000001f6d3280000, 0x000001f6d3281800, 0x000001f6d2cae800, 0x000001f6d2cab800,
0x000001f6d2cac800, 0x000001f6d2caa800, 0x000001f6d2cb2000, 0x000001f6d2caf800,
0x000001f6d2cae000, 0x000001f6d2cb0800, 0x000001f6d2cb1000, 0x000001f6d2cb3000,
0x000001f6d2cad000
}

Java Threads: ( => current thread )
  0x000001f6caa6c000 JavaThread "Reference Handler" daemon [_thread_blocked, id=828, stack(0x0000009612200000,0x0000009612300000)]
  0x000001f6caa6f800 JavaThread "Finalizer" daemon [_thread_blocked, id=8552, stack(0x0000009612300000,0x0000009612400000)]
  0x000001f6cb2f4800 JavaThread "Signal Dispatcher" daemon [_thread_blocked, id=8816, stack(0x0000009612400000,0x0000009612500000)]
  0x000001f6cb2f6800 JavaThread "Attach Listener" daemon [_thread_blocked, id=17344, stack(0x0000009612500000,0x0000009612600000)]
  0x000001f6cb2f7800 JavaThread "C1 CompilerThread0" daemon [_thread_blocked, id=17184, stack(0x0000009612600000,0x0000009612700000)]
  0x000001f6cb2fb000 JavaThread "Sweeper thread" daemon [_thread_blocked, id=624, stack(0x0000009612700000,0x0000009612800000)]
  0x000001f6cb497800 JavaThread "Common-Cleaner" daemon [_thread_blocked, id=14428, stack(0x0000009612800000,0x0000009612900000)]
  0x000001f6cbab7800 JavaThread "Monitor Ctrl-Break" daemon [_thread_in_native, id=15100, stack(0x0000009612900000,0x0000009612a00000)]
  0x000001f6cbab8800 JavaThread "Service Thread" daemon [_thread_blocked, id=16348, stack(0x0000009612a00000,0x0000009612b00000)]
  0x000001f6cbbf0800 JavaThread "RMI TCP Accept-0" daemon [_thread_in_native, id=4036, stack(0x0000009612b00000,0x0000009612c00000)]
  0x000001f6ce86d000 JavaThread "mysql-cj-abandoned-connection-cleanup" daemon [_thread_blocked, id=10204, stack(0x0000009613300000,0x0000009613400000)]
  0x000001f6ce8c6000 JavaThread "elasticsearch[_client_][[timer]]" daemon [_thread_blocked, id=5636, stack(0x0000009613400000,0x0000009613500000)]
  0x000001f6ccb6d800 JavaThread "elasticsearch[_client_][scheduler][T#1]" daemon [_thread_blocked, id=1008, stack(0x0000009613500000,0x0000009613600000)]
  0x000001f6ccad9800 JavaThread "elasticsearch[_client_][transport_client_boss][T#1]" daemon [_thread_in_native, id=8580, stack(0x0000009613600000,0x0000009613700000)]
  0x000001f6cecba800 JavaThread "elasticsearch[_client_][generic][T#1]" daemon [_thread_blocked, id=11928, stack(0x0000009613800000,0x0000009613900000)]
  0x000001f6cedfb000 JavaThread "elasticsearch[_client_][transport_client_boss][T#2]" daemon [_thread_in_native, id=16224, stack(0x0000009613900000,0x0000009613a00000)]
  0x000001f6cedf9800 JavaThread "elasticsearch[_client_][transport_client_boss][T#3]" daemon [_thread_in_native, id=6204, stack(0x0000009613a00000,0x0000009613b00000)]
  0x000001f6cedfb800 JavaThread "elasticsearch[_client_][transport_client_boss][T#4]" daemon [_thread_in_native, id=14560, stack(0x0000009613b00000,0x0000009613c00000)]
  0x000001f6cee00000 JavaThread "elasticsearch[_client_][transport_client_boss][T#5]" daemon [_thread_in_native, id=14940, stack(0x0000009613c00000,0x0000009613d00000)]
  0x000001f6cedfd800 JavaThread "elasticsearch[_client_][transport_client_boss][T#6]" daemon [_thread_in_native, id=17352, stack(0x0000009613d00000,0x0000009613e00000)]
  0x000001f6cedfc800 JavaThread "elasticsearch[_client_][transport_client_boss][T#7]" daemon [_thread_in_native, id=16984, stack(0x0000009613e00000,0x0000009613f00000)]
  0x000001f6cedfa000 JavaThread "elasticsearch[_client_][transport_client_boss][T#8]" daemon [_thread_in_native, id=1144, stack(0x0000009613f00000,0x0000009614000000)]
  0x000001f6cedfe000 JavaThread "pool-1-thread-1" [_thread_in_native, id=9992, stack(0x0000009614000000,0x0000009614100000)]
  0x000001f6cedff000 JavaThread "I/O dispatcher 1" [_thread_in_native, id=16564, stack(0x0000009614100000,0x0000009614200000)]
  0x000001f6cef8e000 JavaThread "I/O dispatcher 2" [_thread_in_native, id=10380, stack(0x0000009614200000,0x0000009614300000)]
  0x000001f6cef89000 JavaThread "I/O dispatcher 3" [_thread_in_native, id=16780, stack(0x0000009614300000,0x0000009614400000)]
  0x000001f6cef88800 JavaThread "I/O dispatcher 4" [_thread_in_native, id=1244, stack(0x0000009614400000,0x0000009614500000)]
  0x000001f6cef8a800 JavaThread "lettuce-eventExecutorLoop-2-1" daemon [_thread_blocked, id=888, stack(0x0000009614500000,0x0000009614600000)]
  0x000001f6cef8f000 JavaThread "Catalina-utility-1" [_thread_blocked, id=17072, stack(0x0000009614600000,0x0000009614700000)]
  0x000001f6cef8d000 JavaThread "Catalina-utility-2" [_thread_blocked, id=14424, stack(0x0000009614700000,0x0000009614800000)]
  0x000001f6cef8f800 JavaThread "container-0" [_thread_blocked, id=4128, stack(0x0000009614800000,0x0000009614900000)]
  0x000001f6cef8a000 JavaThread "Live Reload Server" daemon [_thread_in_native, id=15132, stack(0x0000009614a00000,0x0000009614b00000)]
  0x000001f6cef90800 JavaThread "HikariPool-1 housekeeper" daemon [_thread_blocked, id=12232, stack(0x0000009614900000,0x0000009614a00000)]
  0x000001f6cef91800 JavaThread "communityScheduler_Worker-1" [_thread_blocked, id=1740, stack(0x0000009614b00000,0x0000009614c00000)]
  0x000001f6cef8c800 JavaThread "communityScheduler_Worker-2" [_thread_blocked, id=15828, stack(0x0000009614c00000,0x0000009614d00000)]
  0x000001f6cef8b800 JavaThread "communityScheduler_Worker-3" [_thread_blocked, id=1168, stack(0x0000009614d00000,0x0000009614e00000)]
  0x000001f6cef93000 JavaThread "communityScheduler_Worker-4" [_thread_blocked, id=14840, stack(0x0000009614e00000,0x0000009614f00000)]
  0x000001f6cef94800 JavaThread "communityScheduler_Worker-5" [_thread_blocked, id=5488, stack(0x0000009614f00000,0x0000009615000000)]
  0x000001f6cef92000 JavaThread "communityScheduler_QuartzSchedulerThread" [_thread_blocked, id=10036, stack(0x0000009615000000,0x0000009615100000)]
  0x000001f6cef97000 JavaThread "HikariPool-1 connection adder" daemon [_thread_blocked, id=2212, stack(0x0000009615100000,0x0000009615200000)]
  0x000001f6cef93800 JavaThread "File Watcher" daemon [_thread_blocked, id=2140, stack(0x0000009615200000,0x0000009615300000)]
  0x000001f6cef96000 JavaThread "ThreadPoolTaskScheduler-1" [_thread_blocked, id=12024, stack(0x0000009615300000,0x0000009615400000)]
  0x000001f6cef95800 JavaThread "org.springframework.kafka.KafkaListenerEndpointContainer#2-0-C-1" [_thread_in_native, id=17224, stack(0x0000009615400000,0x0000009615500000)]
  0x000001f6d3277800 JavaThread "kafka-coordinator-heartbeat-thread | community-consumer-group" daemon [_thread_blocked, id=17052, stack(0x0000009615500000,0x0000009615600000)]
  0x000001f6d3278800 JavaThread "ThreadPoolTaskScheduler-1" [_thread_blocked, id=9448, stack(0x0000009615600000,0x0000009615700000)]
  0x000001f6d327b000 JavaThread "org.springframework.kafka.KafkaListenerEndpointContainer#3-0-C-1" [_thread_in_native, id=16788, stack(0x0000009615700000,0x0000009615800000)]
  0x000001f6d3276000 JavaThread "kafka-coordinator-heartbeat-thread | community-consumer-group" daemon [_thread_blocked, id=2932, stack(0x0000009615800000,0x0000009615900000)]
  0x000001f6d3275800 JavaThread "ThreadPoolTaskScheduler-1" [_thread_blocked, id=14860, stack(0x0000009615900000,0x0000009615a00000)]
  0x000001f6d327a000 JavaThread "org.springframework.kafka.KafkaListenerEndpointContainer#0-0-C-1" [_thread_in_native, id=15492, stack(0x0000009615a00000,0x0000009615b00000)]
  0x000001f6d3279800 JavaThread "kafka-coordinator-heartbeat-thread | community-consumer-group" daemon [_thread_blocked, id=2956, stack(0x0000009615b00000,0x0000009615c00000)]
  0x000001f6d327c000 JavaThread "ThreadPoolTaskScheduler-1" [_thread_blocked, id=3392, stack(0x0000009615c00000,0x0000009615d00000)]
  0x000001f6d327c800 JavaThread "org.springframework.kafka.KafkaListenerEndpointContainer#1-0-C-1" [_thread_in_native, id=13040, stack(0x0000009615d00000,0x0000009615e00000)]
  0x000001f6d3277000 JavaThread "kafka-coordinator-heartbeat-thread | community-consumer-group" daemon [_thread_blocked, id=14448, stack(0x0000009615e00000,0x0000009615f00000)]
  0x000001f6d3282800 JavaThread "QuartzScheduler_communityScheduler-Lenovo-PC1642320454480_ClusterManager" [_thread_blocked, id=3660, stack(0x0000009615f00000,0x0000009616000000)]
  0x000001f6d327d800 JavaThread "QuartzScheduler_communityScheduler-Lenovo-PC1642320454480_MisfireHandler" [_thread_blocked, id=16232, stack(0x0000009616000000,0x0000009616100000)]
  0x000001f6d3283000 JavaThread "NioBlockingSelector.BlockPoller-1" daemon [_thread_in_native, id=15532, stack(0x0000009616100000,0x0000009616200000)]
  0x000001f6d3284000 JavaThread "http-nio-8080-exec-1" daemon [_thread_blocked, id=16760, stack(0x0000009616200000,0x0000009616300000)]
  0x000001f6d327e800 JavaThread "http-nio-8080-exec-2" daemon [_thread_blocked, id=16612, stack(0x0000009616300000,0x0000009616400000)]
  0x000001f6d327f000 JavaThread "http-nio-8080-exec-3" daemon [_thread_blocked, id=14016, stack(0x0000009616400000,0x0000009616500000)]
  0x000001f6d3280800 JavaThread "http-nio-8080-exec-4" daemon [_thread_blocked, id=7704, stack(0x0000009616500000,0x0000009616600000)]
  0x000001f6d3280000 JavaThread "http-nio-8080-exec-5" daemon [_thread_blocked, id=7560, stack(0x0000009616600000,0x0000009616700000)]
  0x000001f6d3281800 JavaThread "http-nio-8080-exec-6" daemon [_thread_blocked, id=1656, stack(0x0000009616700000,0x0000009616800000)]
  0x000001f6d2cae800 JavaThread "http-nio-8080-exec-7" daemon [_thread_blocked, id=1984, stack(0x0000009616800000,0x0000009616900000)]
  0x000001f6d2cab800 JavaThread "http-nio-8080-exec-8" daemon [_thread_blocked, id=10000, stack(0x0000009616900000,0x0000009616a00000)]
  0x000001f6d2cac800 JavaThread "http-nio-8080-exec-9" daemon [_thread_blocked, id=13068, stack(0x0000009616a00000,0x0000009616b00000)]
  0x000001f6d2caa800 JavaThread "http-nio-8080-exec-10" daemon [_thread_blocked, id=15972, stack(0x0000009616b00000,0x0000009616c00000)]
  0x000001f6d2cb2000 JavaThread "http-nio-8080-ClientPoller-0" daemon [_thread_in_native, id=11284, stack(0x0000009616c00000,0x0000009616d00000)]
  0x000001f6d2caf800 JavaThread "http-nio-8080-ClientPoller-1" daemon [_thread_in_native, id=14716, stack(0x0000009616d00000,0x0000009616e00000)]
  0x000001f6d2cae000 JavaThread "http-nio-8080-Acceptor-0" daemon [_thread_in_native, id=14248, stack(0x0000009616e00000,0x0000009616f00000)]
  0x000001f6d2cb0800 JavaThread "DestroyJavaVM" [_thread_blocked, id=16956, stack(0x0000009611b00000,0x0000009611c00000)]
  0x000001f6d2cb1000 JavaThread "elasticsearch[_client_][generic][T#2]" daemon [_thread_blocked, id=3692, stack(0x0000009613100000,0x0000009613200000)]
  0x000001f6d2cb3000 JavaThread "elasticsearch[_client_][generic][T#3]" daemon [_thread_blocked, id=14380, stack(0x0000009613200000,0x0000009613300000)]
  0x000001f6d2cad000 JavaThread "elasticsearch[_client_][generic][T#4]" daemon [_thread_blocked, id=17312, stack(0x0000009616f00000,0x0000009617000000)]

Other Threads:
=>0x000001f6caa65800 VMThread "VM Thread" [stack: 0x0000009612100000,0x0000009612200000] [id=8276]
  0x000001f6cbb86000 WatcherThread [stack: 0x0000009612c00000,0x0000009612d00000] [id=15424]
  0x000001f6aa035800 GCTaskThread "GC Thread#0" [stack: 0x0000009611c00000,0x0000009611d00000] [id=14144]
  0x000001f6cbc5f800 GCTaskThread "GC Thread#1" [stack: 0x0000009612d00000,0x0000009612e00000] [id=6236]
  0x000001f6cbc64800 GCTaskThread "GC Thread#2" [stack: 0x0000009612e00000,0x0000009612f00000] [id=9632]
  0x000001f6cbc65000 GCTaskThread "GC Thread#3" [stack: 0x0000009612f00000,0x0000009613000000] [id=17056]
  0x000001f6aa049000 ConcurrentGCThread "G1 Main Marker" [stack: 0x0000009611d00000,0x0000009611e00000] [id=9196]
  0x000001f6aa04a000 ConcurrentGCThread "G1 Conc#0" [stack: 0x0000009611e00000,0x0000009611f00000] [id=7272]
  0x000001f6ca8e7800 ConcurrentGCThread "G1 Refine#0" [stack: 0x0000009611f00000,0x0000009612000000] [id=3812]
  0x000001f6cbc7a800 ConcurrentGCThread "G1 Refine#1" [stack: 0x0000009613000000,0x0000009613100000] [id=7596]
  0x000001f6ca8e8800 ConcurrentGCThread "G1 Young RemSet Sampling" [stack: 0x0000009612000000,0x0000009612100000] [id=12148]

Threads with active compile tasks:

VM state:at safepoint (normal execution)

VM Mutex/Monitor currently owned by a thread:  ([mutex/lock_event])
[0x000001f6a9fde660] Threads_lock - owner thread: 0x000001f6caa65800
[0x000001f6a9fde420] Heap_lock - owner thread: 0x000001f6aa049000

Heap address: 0x0000000741400000, size: 3052 MB, Compressed Oops mode: Zero based, Oop shift amount: 3
Narrow klass base: 0x0000000800000000, Narrow klass shift: 3
Compressed class space size: 1073741824 Address: 0x0000000801190000

Heap:
 garbage-first heap   total 229376K, used 134911K [0x0000000741400000, 0x0000000800000000)
  region size 1024K, 8 young (8192K), 6 survivors (6144K)
 Metaspace       used 69788K, capacity 72451K, committed 72780K, reserved 1112064K
  class space    used 9398K, capacity 10497K, committed 10624K, reserved 1048576K
Heap Regions: E=young(eden), S=young(survivor), O=old, HS=humongous(starts), HC=humongous(continues), CS=collection set, F=free, A=archive, TAMS=top-at-mark-start (previous, next)
|   0|0x0000000741400000, 0x0000000741500000, 0x0000000741500000|100%|HS|  |TAMS 0x0000000741500000, 0x0000000741400000| Complete 
|   1|0x0000000741500000, 0x0000000741600000, 0x0000000741600000|100%| O|  |TAMS 0x0000000741600000, 0x0000000741500000| Updating 
|   2|0x0000000741600000, 0x0000000741700000, 0x0000000741700000|100%| O|  |TAMS 0x0000000741700000, 0x0000000741600000| Updating 
|   3|0x0000000741700000, 0x0000000741800000, 0x0000000741800000|100%| O|  |TAMS 0x0000000741800000, 0x0000000741700000| Updating 
|   4|0x0000000741800000, 0x0000000741900000, 0x0000000741900000|100%| O|  |TAMS 0x0000000741900000, 0x0000000741800000| Updating 
|   5|0x0000000741900000, 0x0000000741a00000, 0x0000000741a00000|100%| O|  |TAMS 0x0000000741a00000, 0x0000000741900000| Updating 
|   6|0x0000000741a00000, 0x0000000741b00000, 0x0000000741b00000|100%| O|  |TAMS 0x0000000741b00000, 0x0000000741a00000| Updating 
|   7|0x0000000741b00000, 0x0000000741c00000, 0x0000000741c00000|100%| O|  |TAMS 0x0000000741c00000, 0x0000000741b00000| Updating 
|   8|0x0000000741c00000, 0x0000000741c94600, 0x0000000741d00000| 57%| O|  |TAMS 0x0000000741c94600, 0x0000000741c00000| Updating 
|   9|0x0000000741d00000, 0x0000000741e00000, 0x0000000741e00000|100%| O|  |TAMS 0x0000000741e00000, 0x0000000741d00000| Updating 
|  10|0x0000000741e00000, 0x0000000741f00000, 0x0000000741f00000|100%| O|  |TAMS 0x0000000741f00000, 0x0000000741e00000| Updating 
|  11|0x0000000741f00000, 0x0000000742000000, 0x0000000742000000|100%| O|  |TAMS 0x0000000742000000, 0x0000000741f00000| Updating 
|  12|0x0000000742000000, 0x0000000742100000, 0x0000000742100000|100%| O|  |TAMS 0x0000000742100000, 0x0000000742000000| Updating 
|  13|0x0000000742100000, 0x0000000742200000, 0x0000000742200000|100%| O|  |TAMS 0x0000000742200000, 0x0000000742100000| Updating 
|  14|0x0000000742200000, 0x0000000742300000, 0x0000000742300000|100%| O|  |TAMS 0x0000000742300000, 0x0000000742200000| Updating 
|  15|0x0000000742300000, 0x0000000742400000, 0x0000000742400000|100%| O|  |TAMS 0x0000000742400000, 0x0000000742300000| Updating 
|  16|0x0000000742400000, 0x0000000742500000, 0x0000000742500000|100%| O|  |TAMS 0x0000000742500000, 0x0000000742400000| Updating 
|  17|0x0000000742500000, 0x0000000742600000, 0x0000000742600000|100%| O|  |TAMS 0x0000000742600000, 0x0000000742500000| Updating 
|  18|0x0000000742600000, 0x0000000742700000, 0x0000000742700000|100%| O|  |TAMS 0x0000000742700000, 0x0000000742600000| Updating 
|  19|0x0000000742700000, 0x0000000742800000, 0x0000000742800000|100%| O|  |TAMS 0x0000000742800000, 0x0000000742700000| Updating 
|  20|0x0000000742800000, 0x0000000742900000, 0x0000000742900000|100%| O|  |TAMS 0x0000000742900000, 0x0000000742800000| Updating 
|  21|0x0000000742900000, 0x0000000742a00000, 0x0000000742a00000|100%| O|  |TAMS 0x0000000742a00000, 0x0000000742900000| Updating 
|  22|0x0000000742a00000, 0x0000000742b00000, 0x0000000742b00000|100%| O|  |TAMS 0x0000000742b00000, 0x0000000742a00000| Updating 
|  23|0x0000000742b00000, 0x0000000742c00000, 0x0000000742c00000|100%| O|  |TAMS 0x0000000742c00000, 0x0000000742b00000| Updating 
|  24|0x0000000742c00000, 0x0000000742d00000, 0x0000000742d00000|100%|HS|  |TAMS 0x0000000742d00000, 0x0000000742c00000| Complete 
|  25|0x0000000742d00000, 0x0000000742e00000, 0x0000000742e00000|100%|HC|  |TAMS 0x0000000742e00000, 0x0000000742d00000| Complete 
|  26|0x0000000742e00000, 0x0000000742f00000, 0x0000000742f00000|100%|HC|  |TAMS 0x0000000742f00000, 0x0000000742e00000| Complete 
|  27|0x0000000742f00000, 0x0000000743000000, 0x0000000743000000|100%|HC|  |TAMS 0x0000000743000000, 0x0000000742f00000| Complete 
|  28|0x0000000743000000, 0x0000000743100000, 0x0000000743100000|100%|HC|  |TAMS 0x0000000743100000, 0x0000000743000000| Complete 
|  29|0x0000000743100000, 0x0000000743200000, 0x0000000743200000|100%|HC|  |TAMS 0x0000000743200000, 0x0000000743100000| Complete 
|  30|0x0000000743200000, 0x0000000743300000, 0x0000000743300000|100%|HC|  |TAMS 0x0000000743300000, 0x0000000743200000| Complete 
|  31|0x0000000743300000, 0x0000000743400000, 0x0000000743400000|100%|HC|  |TAMS 0x0000000743400000, 0x0000000743300000| Complete 
|  32|0x0000000743400000, 0x0000000743500000, 0x0000000743500000|100%|HC|  |TAMS 0x0000000743500000, 0x0000000743400000| Complete 
|  33|0x0000000743500000, 0x0000000743600000, 0x0000000743600000|100%|HC|  |TAMS 0x0000000743600000, 0x0000000743500000| Complete 
|  34|0x0000000743600000, 0x0000000743700000, 0x0000000743700000|100%|HC|  |TAMS 0x0000000743700000, 0x0000000743600000| Complete 
|  35|0x0000000743700000, 0x0000000743800000, 0x0000000743800000|100%|HC|  |TAMS 0x0000000743800000, 0x0000000743700000| Complete 
|  36|0x0000000743800000, 0x0000000743900000, 0x0000000743900000|100%|HC|  |TAMS 0x0000000743900000, 0x0000000743800000| Complete 
|  37|0x0000000743900000, 0x0000000743a00000, 0x0000000743a00000|100%|HC|  |TAMS 0x0000000743a00000, 0x0000000743900000| Complete 
|  38|0x0000000743a00000, 0x0000000743b00000, 0x0000000743b00000|100%|HC|  |TAMS 0x0000000743b00000, 0x0000000743a00000| Complete 
|  39|0x0000000743b00000, 0x0000000743c00000, 0x0000000743c00000|100%|HC|  |TAMS 0x0000000743c00000, 0x0000000743b00000| Complete 
|  40|0x0000000743c00000, 0x0000000743d00000, 0x0000000743d00000|100%|HC|  |TAMS 0x0000000743d00000, 0x0000000743c00000| Complete 
|  41|0x0000000743d00000, 0x0000000743e00000, 0x0000000743e00000|100%| O|  |TAMS 0x0000000743e00000, 0x0000000743d00000| Updating 
|  42|0x0000000743e00000, 0x0000000743f00000, 0x0000000743f00000|100%|HS|  |TAMS 0x0000000743f00000, 0x0000000743e00000| Complete 
|  43|0x0000000743f00000, 0x0000000744000000, 0x0000000744000000|100%|HC|  |TAMS 0x0000000744000000, 0x0000000743f00000| Complete 
|  44|0x0000000744000000, 0x0000000744100000, 0x0000000744100000|100%|HC|  |TAMS 0x0000000744100000, 0x0000000744000000| Complete 
|  45|0x0000000744100000, 0x0000000744200000, 0x0000000744200000|100%|HC|  |TAMS 0x0000000744200000, 0x0000000744100000| Complete 
|  46|0x0000000744200000, 0x0000000744300000, 0x0000000744300000|100%|HC|  |TAMS 0x0000000744300000, 0x0000000744200000| Complete 
|  47|0x0000000744300000, 0x0000000744400000, 0x0000000744400000|100%|HC|  |TAMS 0x0000000744400000, 0x0000000744300000| Complete 
|  48|0x0000000744400000, 0x0000000744500000, 0x0000000744500000|100%|HC|  |TAMS 0x0000000744500000, 0x0000000744400000| Complete 
|  49|0x0000000744500000, 0x0000000744600000, 0x0000000744600000|100%|HC|  |TAMS 0x0000000744600000, 0x0000000744500000| Complete 
|  50|0x0000000744600000, 0x0000000744700000, 0x0000000744700000|100%|HC|  |TAMS 0x0000000744700000, 0x0000000744600000| Complete 
|  51|0x0000000744700000, 0x0000000744800000, 0x0000000744800000|100%|HC|  |TAMS 0x0000000744800000, 0x0000000744700000| Complete 
|  52|0x0000000744800000, 0x0000000744900000, 0x0000000744900000|100%|HC|  |TAMS 0x0000000744900000, 0x0000000744800000| Complete 
|  53|0x0000000744900000, 0x0000000744a00000, 0x0000000744a00000|100%|HC|  |TAMS 0x0000000744a00000, 0x0000000744900000| Complete 
|  54|0x0000000744a00000, 0x0000000744b00000, 0x0000000744b00000|100%|HC|  |TAMS 0x0000000744b00000, 0x0000000744a00000| Complete 
|  55|0x0000000744b00000, 0x0000000744c00000, 0x0000000744c00000|100%|HC|  |TAMS 0x0000000744c00000, 0x0000000744b00000| Complete 
|  56|0x0000000744c00000, 0x0000000744d00000, 0x0000000744d00000|100%|HC|  |TAMS 0x0000000744d00000, 0x0000000744c00000| Complete 
|  57|0x0000000744d00000, 0x0000000744e00000, 0x0000000744e00000|100%|HC|  |TAMS 0x0000000744e00000, 0x0000000744d00000| Complete 
|  58|0x0000000744e00000, 0x0000000744f00000, 0x0000000744f00000|100%|HC|  |TAMS 0x0000000744f00000, 0x0000000744e00000| Complete 
|  59|0x0000000744f00000, 0x0000000745000000, 0x0000000745000000|100%| O|  |TAMS 0x0000000745000000, 0x0000000744f00000| Updating 
|  60|0x0000000745000000, 0x0000000745100000, 0x0000000745100000|100%| O|  |TAMS 0x0000000745100000, 0x0000000745000000| Updating 
|  61|0x0000000745100000, 0x0000000745200000, 0x0000000745200000|100%| O|  |TAMS 0x0000000745200000, 0x0000000745100000| Updating 
|  62|0x0000000745200000, 0x0000000745300000, 0x0000000745300000|100%| O|  |TAMS 0x0000000745300000, 0x0000000745200000| Updating 
|  63|0x0000000745300000, 0x0000000745400000, 0x0000000745400000|100%| O|  |TAMS 0x0000000745400000, 0x0000000745300000| Updating 
|  64|0x0000000745400000, 0x0000000745500000, 0x0000000745500000|100%| O|  |TAMS 0x0000000745500000, 0x0000000745400000| Updating 
|  65|0x0000000745500000, 0x0000000745600000, 0x0000000745600000|100%| O|  |TAMS 0x0000000745600000, 0x0000000745500000| Updating 
|  66|0x0000000745600000, 0x0000000745700000, 0x0000000745700000|100%| O|  |TAMS 0x0000000745700000, 0x0000000745600000| Updating 
|  67|0x0000000745700000, 0x0000000745800000, 0x0000000745800000|100%|HS|  |TAMS 0x0000000745800000, 0x0000000745700000| Complete 
|  68|0x0000000745800000, 0x0000000745900000, 0x0000000745900000|100%|HC|  |TAMS 0x0000000745900000, 0x0000000745800000| Complete 
|  69|0x0000000745900000, 0x0000000745a00000, 0x0000000745a00000|100%|HC|  |TAMS 0x0000000745a00000, 0x0000000745900000| Complete 
|  70|0x0000000745a00000, 0x0000000745b00000, 0x0000000745b00000|100%|HC|  |TAMS 0x0000000745b00000, 0x0000000745a00000| Complete 
|  71|0x0000000745b00000, 0x0000000745c00000, 0x0000000745c00000|100%|HC|  |TAMS 0x0000000745c00000, 0x0000000745b00000| Complete 
|  72|0x0000000745c00000, 0x0000000745d00000, 0x0000000745d00000|100%|HC|  |TAMS 0x0000000745d00000, 0x0000000745c00000| Complete 
|  73|0x0000000745d00000, 0x0000000745e00000, 0x0000000745e00000|100%|HC|  |TAMS 0x0000000745e00000, 0x0000000745d00000| Complete 
|  74|0x0000000745e00000, 0x0000000745f00000, 0x0000000745f00000|100%|HC|  |TAMS 0x0000000745f00000, 0x0000000745e00000| Complete 
|  75|0x0000000745f00000, 0x0000000746000000, 0x0000000746000000|100%|HC|  |TAMS 0x0000000746000000, 0x0000000745f00000| Complete 
|  76|0x0000000746000000, 0x0000000746100000, 0x0000000746100000|100%|HC|  |TAMS 0x0000000746100000, 0x0000000746000000| Complete 
|  77|0x0000000746100000, 0x0000000746200000, 0x0000000746200000|100%|HC|  |TAMS 0x0000000746200000, 0x0000000746100000| Complete 
|  78|0x0000000746200000, 0x0000000746300000, 0x0000000746300000|100%|HC|  |TAMS 0x0000000746300000, 0x0000000746200000| Complete 
|  79|0x0000000746300000, 0x0000000746400000, 0x0000000746400000|100%|HC|  |TAMS 0x0000000746400000, 0x0000000746300000| Complete 
|  80|0x0000000746400000, 0x0000000746500000, 0x0000000746500000|100%|HC|  |TAMS 0x0000000746500000, 0x0000000746400000| Complete 
|  81|0x0000000746500000, 0x0000000746600000, 0x0000000746600000|100%|HC|  |TAMS 0x0000000746600000, 0x0000000746500000| Complete 
|  82|0x0000000746600000, 0x0000000746700000, 0x0000000746700000|100%|HC|  |TAMS 0x0000000746700000, 0x0000000746600000| Complete 
|  83|0x0000000746700000, 0x0000000746800000, 0x0000000746800000|100%|HC|  |TAMS 0x0000000746800000, 0x0000000746700000| Complete 
|  84|0x0000000746800000, 0x0000000746900000, 0x0000000746900000|100%|HS|  |TAMS 0x0000000746900000, 0x0000000746800000| Complete 
|  85|0x0000000746900000, 0x0000000746a00000, 0x0000000746a00000|100%|HC|  |TAMS 0x0000000746a00000, 0x0000000746900000| Complete 
|  86|0x0000000746a00000, 0x0000000746b00000, 0x0000000746b00000|100%|HC|  |TAMS 0x0000000746b00000, 0x0000000746a00000| Complete 
|  87|0x0000000746b00000, 0x0000000746c00000, 0x0000000746c00000|100%|HC|  |TAMS 0x0000000746c00000, 0x0000000746b00000| Complete 
|  88|0x0000000746c00000, 0x0000000746d00000, 0x0000000746d00000|100%|HC|  |TAMS 0x0000000746d00000, 0x0000000746c00000| Complete 
|  89|0x0000000746d00000, 0x0000000746e00000, 0x0000000746e00000|100%|HC|  |TAMS 0x0000000746e00000, 0x0000000746d00000| Complete 
|  90|0x0000000746e00000, 0x0000000746f00000, 0x0000000746f00000|100%|HC|  |TAMS 0x0000000746f00000, 0x0000000746e00000| Complete 
|  91|0x0000000746f00000, 0x0000000747000000, 0x0000000747000000|100%|HC|  |TAMS 0x0000000747000000, 0x0000000746f00000| Complete 
|  92|0x0000000747000000, 0x0000000747100000, 0x0000000747100000|100%|HC|  |TAMS 0x0000000747100000, 0x0000000747000000| Complete 
|  93|0x0000000747100000, 0x0000000747200000, 0x0000000747200000|100%|HC|  |TAMS 0x0000000747200000, 0x0000000747100000| Complete 
|  94|0x0000000747200000, 0x0000000747300000, 0x0000000747300000|100%|HC|  |TAMS 0x0000000747300000, 0x0000000747200000| Complete 
|  95|0x0000000747300000, 0x0000000747400000, 0x0000000747400000|100%|HC|  |TAMS 0x0000000747400000, 0x0000000747300000| Complete 
|  96|0x0000000747400000, 0x0000000747500000, 0x0000000747500000|100%|HC|  |TAMS 0x0000000747500000, 0x0000000747400000| Complete 
|  97|0x0000000747500000, 0x0000000747600000, 0x0000000747600000|100%|HC|  |TAMS 0x0000000747600000, 0x0000000747500000| Complete 
|  98|0x0000000747600000, 0x0000000747700000, 0x0000000747700000|100%|HC|  |TAMS 0x0000000747700000, 0x0000000747600000| Complete 
|  99|0x0000000747700000, 0x0000000747800000, 0x0000000747800000|100%|HC|  |TAMS 0x0000000747800000, 0x0000000747700000| Complete 
| 100|0x0000000747800000, 0x0000000747900000, 0x0000000747900000|100%|HC|  |TAMS 0x0000000747900000, 0x0000000747800000| Complete 
| 101|0x0000000747900000, 0x0000000747a00000, 0x0000000747a00000|100%| O|  |TAMS 0x0000000747a00000, 0x0000000747900000| Updating 
| 102|0x0000000747a00000, 0x0000000747b00000, 0x0000000747b00000|100%| O|  |TAMS 0x0000000747b00000, 0x0000000747a00000| Updating 
| 103|0x0000000747b00000, 0x0000000747c00000, 0x0000000747c00000|100%| O|  |TAMS 0x0000000747c00000, 0x0000000747b00000| Updating 
| 104|0x0000000747c00000, 0x0000000747d00000, 0x0000000747d00000|100%| O|  |TAMS 0x0000000747cfd800, 0x0000000747c00000| Updating 
| 105|0x0000000747d00000, 0x0000000747e00000, 0x0000000747e00000|100%| O|  |TAMS 0x0000000747d00000, 0x0000000747d00000| Untracked 
| 106|0x0000000747e00000, 0x0000000747f00000, 0x0000000747f00000|100%| O|  |TAMS 0x0000000747e00000, 0x0000000747e00000| Untracked 
| 107|0x0000000747f00000, 0x0000000748000000, 0x0000000748000000|100%| O|  |TAMS 0x0000000747f00000, 0x0000000747f00000| Untracked 
| 108|0x0000000748000000, 0x000000074802b600, 0x0000000748100000| 16%| O|  |TAMS 0x0000000748000000, 0x0000000748000000| Updating 
| 109|0x0000000748100000, 0x0000000748200000, 0x0000000748200000|100%|HS|  |TAMS 0x0000000748100000, 0x0000000748100000| Complete 
| 110|0x0000000748200000, 0x0000000748300000, 0x0000000748300000|100%|HC|  |TAMS 0x0000000748200000, 0x0000000748200000| Complete 
| 111|0x0000000748300000, 0x0000000748400000, 0x0000000748400000|100%|HC|  |TAMS 0x0000000748300000, 0x0000000748300000| Complete 
| 112|0x0000000748400000, 0x0000000748500000, 0x0000000748500000|100%|HC|  |TAMS 0x0000000748400000, 0x0000000748400000| Complete 
| 113|0x0000000748500000, 0x0000000748600000, 0x0000000748600000|100%|HC|  |TAMS 0x0000000748500000, 0x0000000748500000| Complete 
| 114|0x0000000748600000, 0x0000000748700000, 0x0000000748700000|100%|HC|  |TAMS 0x0000000748600000, 0x0000000748600000| Complete 
| 115|0x0000000748700000, 0x0000000748800000, 0x0000000748800000|100%|HC|  |TAMS 0x0000000748700000, 0x0000000748700000| Complete 
| 116|0x0000000748800000, 0x0000000748900000, 0x0000000748900000|100%|HC|  |TAMS 0x0000000748800000, 0x0000000748800000| Complete 
| 117|0x0000000748900000, 0x0000000748a00000, 0x0000000748a00000|100%|HC|  |TAMS 0x0000000748900000, 0x0000000748900000| Complete 
| 118|0x0000000748a00000, 0x0000000748b00000, 0x0000000748b00000|100%|HC|  |TAMS 0x0000000748a00000, 0x0000000748a00000| Complete 
| 119|0x0000000748b00000, 0x0000000748c00000, 0x0000000748c00000|100%|HC|  |TAMS 0x0000000748b00000, 0x0000000748b00000| Complete 
| 120|0x0000000748c00000, 0x0000000748d00000, 0x0000000748d00000|100%|HC|  |TAMS 0x0000000748c00000, 0x0000000748c00000| Complete 
| 121|0x0000000748d00000, 0x0000000748e00000, 0x0000000748e00000|100%|HC|  |TAMS 0x0000000748d00000, 0x0000000748d00000| Complete 
| 122|0x0000000748e00000, 0x0000000748f00000, 0x0000000748f00000|100%|HC|  |TAMS 0x0000000748e00000, 0x0000000748e00000| Complete 
| 123|0x0000000748f00000, 0x0000000749000000, 0x0000000749000000|100%|HC|  |TAMS 0x0000000748f00000, 0x0000000748f00000| Complete 
| 124|0x0000000749000000, 0x0000000749100000, 0x0000000749100000|100%|HC|  |TAMS 0x0000000749000000, 0x0000000749000000| Complete 
| 125|0x0000000749100000, 0x0000000749200000, 0x0000000749200000|100%|HC|  |TAMS 0x0000000749100000, 0x0000000749100000| Complete 
| 126|0x0000000749200000, 0x0000000749200000, 0x0000000749300000|  0%| F|  |TAMS 0x0000000749200000, 0x0000000749200000| Untracked 
| 127|0x0000000749300000, 0x0000000749300000, 0x0000000749400000|  0%| F|  |TAMS 0x0000000749300000, 0x0000000749300000| Untracked 
| 128|0x0000000749400000, 0x0000000749400000, 0x0000000749500000|  0%| F|  |TAMS 0x0000000749400000, 0x0000000749400000| Untracked 
| 129|0x0000000749500000, 0x0000000749500000, 0x0000000749600000|  0%| F|  |TAMS 0x0000000749500000, 0x0000000749500000| Untracked 
| 130|0x0000000749600000, 0x0000000749600000, 0x0000000749700000|  0%| F|  |TAMS 0x0000000749600000, 0x0000000749600000| Untracked 
| 131|0x0000000749700000, 0x0000000749700000, 0x0000000749800000|  0%| F|  |TAMS 0x0000000749700000, 0x0000000749700000| Untracked 
| 132|0x0000000749800000, 0x0000000749800000, 0x0000000749900000|  0%| F|  |TAMS 0x0000000749800000, 0x0000000749800000| Untracked 
| 133|0x0000000749900000, 0x0000000749900000, 0x0000000749a00000|  0%| F|  |TAMS 0x0000000749900000, 0x0000000749900000| Untracked 
| 134|0x0000000749a00000, 0x0000000749a00000, 0x0000000749b00000|  0%| F|  |TAMS 0x0000000749a00000, 0x0000000749a00000| Untracked 
| 135|0x0000000749b00000, 0x0000000749b00000, 0x0000000749c00000|  0%| F|  |TAMS 0x0000000749b00000, 0x0000000749b00000| Untracked 
| 136|0x0000000749c00000, 0x0000000749c00000, 0x0000000749d00000|  0%| F|  |TAMS 0x0000000749c00000, 0x0000000749c00000| Untracked 
| 137|0x0000000749d00000, 0x0000000749d00000, 0x0000000749e00000|  0%| F|  |TAMS 0x0000000749d00000, 0x0000000749d00000| Untracked 
| 138|0x0000000749e00000, 0x0000000749e00000, 0x0000000749f00000|  0%| F|  |TAMS 0x0000000749e00000, 0x0000000749e00000| Untracked 
| 139|0x0000000749f00000, 0x0000000749f00000, 0x000000074a000000|  0%| F|  |TAMS 0x0000000749f00000, 0x0000000749f00000| Untracked 
| 140|0x000000074a000000, 0x000000074a000000, 0x000000074a100000|  0%| F|  |TAMS 0x000000074a000000, 0x000000074a000000| Untracked 
| 141|0x000000074a100000, 0x000000074a100000, 0x000000074a200000|  0%| F|  |TAMS 0x000000074a100000, 0x000000074a100000| Untracked 
| 142|0x000000074a200000, 0x000000074a200000, 0x000000074a300000|  0%| F|  |TAMS 0x000000074a200000, 0x000000074a200000| Untracked 
| 143|0x000000074a300000, 0x000000074a300000, 0x000000074a400000|  0%| F|  |TAMS 0x000000074a300000, 0x000000074a300000| Untracked 
| 144|0x000000074a400000, 0x000000074a400000, 0x000000074a500000|  0%| F|  |TAMS 0x000000074a400000, 0x000000074a400000| Untracked 
| 145|0x000000074a500000, 0x000000074a500000, 0x000000074a600000|  0%| F|  |TAMS 0x000000074a500000, 0x000000074a500000| Untracked 
| 146|0x000000074a600000, 0x000000074a600000, 0x000000074a700000|  0%| F|  |TAMS 0x000000074a600000, 0x000000074a600000| Untracked 
| 147|0x000000074a700000, 0x000000074a700000, 0x000000074a800000|  0%| F|  |TAMS 0x000000074a700000, 0x000000074a700000| Untracked 
| 148|0x000000074a800000, 0x000000074a800000, 0x000000074a900000|  0%| F|  |TAMS 0x000000074a800000, 0x000000074a800000| Untracked 
| 149|0x000000074a900000, 0x000000074a900000, 0x000000074aa00000|  0%| F|  |TAMS 0x000000074a900000, 0x000000074a900000| Untracked 
| 150|0x000000074aa00000, 0x000000074aa00000, 0x000000074ab00000|  0%| F|  |TAMS 0x000000074aa00000, 0x000000074aa00000| Untracked 
| 151|0x000000074ab00000, 0x000000074ab00000, 0x000000074ac00000|  0%| F|  |TAMS 0x000000074ab00000, 0x000000074ab00000| Untracked 
| 152|0x000000074ac00000, 0x000000074ac00000, 0x000000074ad00000|  0%| F|  |TAMS 0x000000074ac00000, 0x000000074ac00000| Untracked 
| 153|0x000000074ad00000, 0x000000074ad00000, 0x000000074ae00000|  0%| F|  |TAMS 0x000000074ad00000, 0x000000074ad00000| Untracked 
| 154|0x000000074ae00000, 0x000000074ae00000, 0x000000074af00000|  0%| F|  |TAMS 0x000000074ae00000, 0x000000074ae00000| Untracked 
| 155|0x000000074af00000, 0x000000074af00000, 0x000000074b000000|  0%| F|  |TAMS 0x000000074af00000, 0x000000074af00000| Untracked 
| 156|0x000000074b000000, 0x000000074b000000, 0x000000074b100000|  0%| F|  |TAMS 0x000000074b000000, 0x000000074b000000| Untracked 
| 157|0x000000074b100000, 0x000000074b100000, 0x000000074b200000|  0%| F|  |TAMS 0x000000074b100000, 0x000000074b100000| Untracked 
| 158|0x000000074b200000, 0x000000074b200000, 0x000000074b300000|  0%| F|  |TAMS 0x000000074b200000, 0x000000074b200000| Untracked 
| 159|0x000000074b300000, 0x000000074b300000, 0x000000074b400000|  0%| F|  |TAMS 0x000000074b300000, 0x000000074b300000| Untracked 
| 160|0x000000074b400000, 0x000000074b400000, 0x000000074b500000|  0%| F|  |TAMS 0x000000074b400000, 0x000000074b400000| Untracked 
| 161|0x000000074b500000, 0x000000074b500000, 0x000000074b600000|  0%| F|  |TAMS 0x000000074b500000, 0x000000074b500000| Untracked 
| 162|0x000000074b600000, 0x000000074b600000, 0x000000074b700000|  0%| F|  |TAMS 0x000000074b600000, 0x000000074b600000| Untracked 
| 163|0x000000074b700000, 0x000000074b700000, 0x000000074b800000|  0%| F|  |TAMS 0x000000074b700000, 0x000000074b700000| Untracked 
| 164|0x000000074b800000, 0x000000074b800000, 0x000000074b900000|  0%| F|  |TAMS 0x000000074b800000, 0x000000074b800000| Untracked 
| 165|0x000000074b900000, 0x000000074b900000, 0x000000074ba00000|  0%| F|  |TAMS 0x000000074b900000, 0x000000074b900000| Untracked 
| 166|0x000000074ba00000, 0x000000074ba00000, 0x000000074bb00000|  0%| F|  |TAMS 0x000000074ba00000, 0x000000074ba00000| Untracked 
| 167|0x000000074bb00000, 0x000000074bb00000, 0x000000074bc00000|  0%| F|  |TAMS 0x000000074bb00000, 0x000000074bb00000| Untracked 
| 168|0x000000074bc00000, 0x000000074bc00000, 0x000000074bd00000|  0%| F|  |TAMS 0x000000074bc00000, 0x000000074bc00000| Untracked 
| 169|0x000000074bd00000, 0x000000074bd00000, 0x000000074be00000|  0%| F|  |TAMS 0x000000074bd00000, 0x000000074bd00000| Untracked 
| 170|0x000000074be00000, 0x000000074be00000, 0x000000074bf00000|  0%| F|  |TAMS 0x000000074be00000, 0x000000074be00000| Untracked 
| 171|0x000000074bf00000, 0x000000074c000000, 0x000000074c000000|100%| S|CS|TAMS 0x000000074bf00000, 0x000000074bf00000| Complete 
| 172|0x000000074c000000, 0x000000074c100000, 0x000000074c100000|100%| S|CS|TAMS 0x000000074c000000, 0x000000074c000000| Complete 
| 173|0x000000074c100000, 0x000000074c200000, 0x000000074c200000|100%| S|CS|TAMS 0x000000074c100000, 0x000000074c100000| Complete 
| 174|0x000000074c200000, 0x000000074c300000, 0x000000074c300000|100%| S|CS|TAMS 0x000000074c200000, 0x000000074c200000| Complete 
| 175|0x000000074c300000, 0x000000074c400000, 0x000000074c400000|100%| S|CS|TAMS 0x000000074c300000, 0x000000074c300000| Complete 
| 176|0x000000074c400000, 0x000000074c500000, 0x000000074c500000|100%| S|CS|TAMS 0x000000074c400000, 0x000000074c400000| Complete 
| 177|0x000000074c500000, 0x000000074c500000, 0x000000074c600000|  0%| F|  |TAMS 0x000000074c500000, 0x000000074c500000| Untracked 
| 178|0x000000074c600000, 0x000000074c600000, 0x000000074c700000|  0%| F|  |TAMS 0x000000074c600000, 0x000000074c600000| Untracked 
| 179|0x000000074c700000, 0x000000074c700000, 0x000000074c800000|  0%| F|  |TAMS 0x000000074c700000, 0x000000074c700000| Untracked 
| 180|0x000000074c800000, 0x000000074c800000, 0x000000074c900000|  0%| F|  |TAMS 0x000000074c800000, 0x000000074c800000| Untracked 
| 181|0x000000074c900000, 0x000000074c900000, 0x000000074ca00000|  0%| F|  |TAMS 0x000000074c900000, 0x000000074c900000| Untracked 
| 182|0x000000074ca00000, 0x000000074ca00000, 0x000000074cb00000|  0%| F|  |TAMS 0x000000074ca00000, 0x000000074ca00000| Untracked 
| 183|0x000000074cb00000, 0x000000074cb00000, 0x000000074cc00000|  0%| F|  |TAMS 0x000000074cb00000, 0x000000074cb00000| Untracked 
| 184|0x000000074cc00000, 0x000000074cc00000, 0x000000074cd00000|  0%| F|  |TAMS 0x000000074cc00000, 0x000000074cc00000| Untracked 
| 185|0x000000074cd00000, 0x000000074cd00000, 0x000000074ce00000|  0%| F|  |TAMS 0x000000074cd00000, 0x000000074cd00000| Untracked 
| 186|0x000000074ce00000, 0x000000074ce00000, 0x000000074cf00000|  0%| F|  |TAMS 0x000000074ce00000, 0x000000074ce00000| Untracked 
| 187|0x000000074cf00000, 0x000000074cf00000, 0x000000074d000000|  0%| F|  |TAMS 0x000000074cf00000, 0x000000074cf00000| Untracked 
| 188|0x000000074d000000, 0x000000074d000000, 0x000000074d100000|  0%| F|  |TAMS 0x000000074d000000, 0x000000074d000000| Untracked 
| 189|0x000000074d100000, 0x000000074d100000, 0x000000074d200000|  0%| F|  |TAMS 0x000000074d100000, 0x000000074d100000| Untracked 
| 190|0x000000074d200000, 0x000000074d200000, 0x000000074d300000|  0%| F|  |TAMS 0x000000074d200000, 0x000000074d200000| Untracked 
| 191|0x000000074d300000, 0x000000074d300000, 0x000000074d400000|  0%| F|  |TAMS 0x000000074d300000, 0x000000074d300000| Untracked 
| 192|0x000000074d400000, 0x000000074d400000, 0x000000074d500000|  0%| F|  |TAMS 0x000000074d400000, 0x000000074d400000| Untracked 
| 193|0x000000074d500000, 0x000000074d500000, 0x000000074d600000|  0%| F|  |TAMS 0x000000074d500000, 0x000000074d500000| Untracked 
| 194|0x000000074d600000, 0x000000074d600000, 0x000000074d700000|  0%| F|  |TAMS 0x000000074d600000, 0x000000074d600000| Untracked 
| 195|0x000000074d700000, 0x000000074d700000, 0x000000074d800000|  0%| F|  |TAMS 0x000000074d700000, 0x000000074d700000| Untracked 
| 196|0x000000074d800000, 0x000000074d800000, 0x000000074d900000|  0%| F|  |TAMS 0x000000074d800000, 0x000000074d800000| Untracked 
| 197|0x000000074d900000, 0x000000074d900000, 0x000000074da00000|  0%| F|  |TAMS 0x000000074d900000, 0x000000074d900000| Untracked 
| 198|0x000000074da00000, 0x000000074da00000, 0x000000074db00000|  0%| F|  |TAMS 0x000000074da00000, 0x000000074da00000| Untracked 
| 199|0x000000074db00000, 0x000000074db00000, 0x000000074dc00000|  0%| F|  |TAMS 0x000000074db00000, 0x000000074db00000| Untracked 
| 200|0x000000074dc00000, 0x000000074dc00000, 0x000000074dd00000|  0%| F|  |TAMS 0x000000074dc00000, 0x000000074dc00000| Untracked 
| 201|0x000000074dd00000, 0x000000074dd00000, 0x000000074de00000|  0%| F|  |TAMS 0x000000074dd00000, 0x000000074dd00000| Untracked 
| 202|0x000000074de00000, 0x000000074de00000, 0x000000074df00000|  0%| F|  |TAMS 0x000000074de00000, 0x000000074de00000| Untracked 
| 203|0x000000074df00000, 0x000000074df00000, 0x000000074e000000|  0%| F|  |TAMS 0x000000074df00000, 0x000000074df00000| Untracked 
| 204|0x000000074e000000, 0x000000074e000000, 0x000000074e100000|  0%| F|  |TAMS 0x000000074e000000, 0x000000074e000000| Untracked 
| 205|0x000000074e100000, 0x000000074e100000, 0x000000074e200000|  0%| F|  |TAMS 0x000000074e100000, 0x000000074e100000| Untracked 
| 206|0x000000074e200000, 0x000000074e200000, 0x000000074e300000|  0%| F|  |TAMS 0x000000074e200000, 0x000000074e200000| Untracked 
| 207|0x000000074e300000, 0x000000074e300000, 0x000000074e400000|  0%| F|  |TAMS 0x000000074e300000, 0x000000074e300000| Untracked 
| 208|0x000000074e400000, 0x000000074e400000, 0x000000074e500000|  0%| F|  |TAMS 0x000000074e400000, 0x000000074e400000| Untracked 
| 209|0x000000074e500000, 0x000000074e500000, 0x000000074e600000|  0%| F|  |TAMS 0x000000074e500000, 0x000000074e500000| Untracked 
| 210|0x000000074e600000, 0x000000074e600000, 0x000000074e700000|  0%| F|  |TAMS 0x000000074e600000, 0x000000074e600000| Untracked 
| 211|0x000000074e700000, 0x000000074e700000, 0x000000074e800000|  0%| F|  |TAMS 0x000000074e700000, 0x000000074e700000| Untracked 
| 212|0x000000074e800000, 0x000000074e800000, 0x000000074e900000|  0%| F|  |TAMS 0x000000074e800000, 0x000000074e800000| Untracked 
| 213|0x000000074e900000, 0x000000074e900000, 0x000000074ea00000|  0%| F|  |TAMS 0x000000074e900000, 0x000000074e900000| Untracked 
| 214|0x000000074ea00000, 0x000000074ea00000, 0x000000074eb00000|  0%| F|  |TAMS 0x000000074ea00000, 0x000000074ea00000| Untracked 
| 215|0x000000074eb00000, 0x000000074eb00000, 0x000000074ec00000|  0%| F|  |TAMS 0x000000074eb00000, 0x000000074eb00000| Untracked 
| 216|0x000000074ec00000, 0x000000074ec00000, 0x000000074ed00000|  0%| F|  |TAMS 0x000000074ec00000, 0x000000074ec00000| Untracked 
| 217|0x000000074ed00000, 0x000000074ed00000, 0x000000074ee00000|  0%| F|  |TAMS 0x000000074ed00000, 0x000000074ed00000| Untracked 
| 218|0x000000074ee00000, 0x000000074ee00000, 0x000000074ef00000|  0%| F|  |TAMS 0x000000074ee00000, 0x000000074ee00000| Untracked 
| 219|0x000000074ef00000, 0x000000074ef00000, 0x000000074f000000|  0%| F|  |TAMS 0x000000074ef00000, 0x000000074ef00000| Untracked 
| 220|0x000000074f000000, 0x000000074f07ae88, 0x000000074f100000| 48%| E|  |TAMS 0x000000074f000000, 0x000000074f000000| Complete 
| 221|0x000000074f100000, 0x000000074f200000, 0x000000074f200000|100%| E|CS|TAMS 0x000000074f100000, 0x000000074f100000| Complete 

Card table byte_map: [0x000001f6c19e0000,0x000001f6c1fe0000] _byte_map_base: 0x000001f6bdfd6000

Marking Bits (Prev, Next): (CMBitMap*) 0x000001f6aa0362d8, (CMBitMap*) 0x000001f6aa036318
 Prev Bits: [0x000001f6c25e0000, 0x000001f6c5590000)
 Next Bits: [0x000001f6c5590000, 0x000001f6c8540000)

Polling page: 0x000001f6a97b0000

Metaspace:

Usage:
  Non-class:     60.50 MB capacity,    58.97 MB ( 97%) used,     1.23 MB (  2%) free+waste,   299.69 KB ( <1%) overhead. 
      Class:     10.25 MB capacity,     9.18 MB ( 90%) used,   936.37 KB (  9%) free+waste,   162.19 KB (  2%) overhead. 
       Both:     70.75 MB capacity,    68.15 MB ( 96%) used,     2.15 MB (  3%) free+waste,   461.88 KB ( <1%) overhead. 

Virtual space:
  Non-class space:       62.00 MB reserved,      60.70 MB ( 98%) committed 
      Class space:        1.00 GB reserved,      10.38 MB (  1%) committed 
             Both:        1.06 GB reserved,      71.07 MB (  7%) committed 

Chunk freelists:
   Non-Class:  1.25 KB
       Class:  3.88 KB
        Both:  5.13 KB

CodeHeap 'non-profiled nmethods': size=238912Kb used=12078Kb max_used=12327Kb free=226833Kb
 bounds [0x000001f6b2a90000, 0x000001f6b36a0000, 0x000001f6c13e0000]
CodeHeap 'non-nmethods': size=6848Kb used=1347Kb max_used=1347Kb free=5500Kb
 bounds [0x000001f6b23e0000, 0x000001f6b2650000, 0x000001f6b2a90000]
 total_blobs=7487 nmethods=6589 adapters=684
 compilation: enabled
              stopped_count=0, restarted_count=0
 full_count=0

Compilation events (10 events):
Event: 12.744 Thread 0x000001f6cb2f7800 6710       1       sun.nio.ch.SelectorImpl::select (35 bytes)
Event: 12.744 Thread 0x000001f6cb2f7800 nmethod 6710 0x000001f6b2cdbe90 code [0x000001f6b2cdc060, 0x000001f6b2cdc2e0]
Event: 12.744 Thread 0x000001f6cb2f7800 6709       1       org.apache.logging.slf4j.SLF4JLogger::isEnabledFor (118 bytes)
Event: 12.745 Thread 0x000001f6cb2f7800 nmethod 6709 0x000001f6b2cdd310 code [0x000001f6b2cdd540, 0x000001f6b2cdd8d0]
Event: 12.745 Thread 0x000001f6cb2f7800 6711       1       io.netty.util.internal.InternalThreadLocalMap::indexedVariable (21 bytes)
Event: 12.745 Thread 0x000001f6cb2f7800 nmethod 6711 0x000001f6b2cdba10 code [0x000001f6b2cdbbc0, 0x000001f6b2cdbd58]
Event: 12.745 Thread 0x000001f6cb2f7800 6712       1       java.util.concurrent.atomic.AtomicReferenceFieldUpdater$AtomicReferenceFieldUpdaterImpl::accessCheck (17 bytes)
Event: 12.745 Thread 0x000001f6cb2f7800 nmethod 6712 0x000001f6b2cdfb90 code [0x000001f6b2cdfd60, 0x000001f6b2cdfef0]
Event: 12.745 Thread 0x000001f6cb2f7800 6713       1       java.util.concurrent.atomic.AtomicReferenceFieldUpdater$AtomicReferenceFieldUpdaterImpl::valueCheck (19 bytes)
Event: 12.745 Thread 0x000001f6cb2f7800 nmethod 6713 0x000001f6b2d43510 code [0x000001f6b2d436e0, 0x000001f6b2d43910]

GC Heap History (10 events):
Event: 9.588 GC heap before
{Heap before GC invocations=22 (full 0):
 garbage-first heap   total 142336K, used 92265K [0x0000000741400000, 0x0000000800000000)
  region size 1024K, 25 young (25600K), 3 survivors (3072K)
 Metaspace       used 57420K, capacity 59600K, committed 59852K, reserved 1099776K
  class space    used 7750K, capacity 8684K, committed 8704K, reserved 1048576K
}
Event: 9.595 GC heap after
{Heap after GC invocations=23 (full 0):
 garbage-first heap   total 142336K, used 72302K [0x0000000741400000, 0x0000000800000000)
  region size 1024K, 5 young (5120K), 5 survivors (5120K)
 Metaspace       used 57420K, capacity 59600K, committed 59852K, reserved 1099776K
  class space    used 7750K, capacity 8684K, committed 8704K, reserved 1048576K
}
Event: 9.955 GC heap before
{Heap before GC invocations=24 (full 0):
 garbage-first heap   total 189440K, used 141934K [0x0000000741400000, 0x0000000800000000)
  region size 1024K, 39 young (39936K), 5 survivors (5120K)
 Metaspace       used 59477K, capacity 61777K, committed 62028K, reserved 1101824K
  class space    used 8041K, capacity 9029K, committed 9088K, reserved 1048576K
}
Event: 9.966 GC heap after
{Heap after GC invocations=25 (full 0):
 garbage-first heap   total 189440K, used 109261K [0x0000000741400000, 0x0000000800000000)
  region size 1024K, 4 young (4096K), 4 survivors (4096K)
 Metaspace       used 59477K, capacity 61777K, committed 62028K, reserved 1101824K
  class space    used 8041K, capacity 9029K, committed 9088K, reserved 1048576K
}
Event: 10.338 GC heap before
{Heap before GC invocations=25 (full 0):
 garbage-first heap   total 189440K, used 151245K [0x0000000741400000, 0x0000000800000000)
  region size 1024K, 45 young (46080K), 4 survivors (4096K)
 Metaspace       used 61457K, capacity 63811K, committed 63820K, reserved 1103872K
  class space    used 8332K, capacity 9341K, committed 9344K, reserved 1048576K
}
Event: 10.348 GC heap after
{Heap after GC invocations=26 (full 0):
 garbage-first heap   total 227328K, used 111286K [0x0000000741400000, 0x0000000800000000)
  region size 1024K, 5 young (5120K), 5 survivors (5120K)
 Metaspace       used 61457K, capacity 63811K, committed 63820K, reserved 1103872K
  class space    used 8332K, capacity 9341K, committed 9344K, reserved 1048576K
}
Event: 10.912 GC heap before
{Heap before GC invocations=27 (full 0):
 garbage-first heap   total 227328K, used 167606K [0x0000000741400000, 0x0000000800000000)
  region size 1024K, 60 young (61440K), 5 survivors (5120K)
 Metaspace       used 66638K, capacity 69190K, committed 69452K, reserved 1107968K
  class space    used 8982K, capacity 10046K, committed 10112K, reserved 1048576K
}
Event: 10.925 GC heap after
{Heap after GC invocations=28 (full 0):
 garbage-first heap   total 227328K, used 115271K [0x0000000741400000, 0x0000000800000000)
  region size 1024K, 8 young (8192K), 8 survivors (8192K)
 Metaspace       used 66638K, capacity 69190K, committed 69452K, reserved 1107968K
  class space    used 8982K, capacity 10046K, committed 10112K, reserved 1048576K
}
Event: 12.684 GC heap before
{Heap before GC invocations=28 (full 0):
 garbage-first heap   total 227328K, used 160327K [0x0000000741400000, 0x0000000800000000)
  region size 1024K, 53 young (54272K), 8 survivors (8192K)
 Metaspace       used 69785K, capacity 72457K, committed 72780K, reserved 1112064K
  class space    used 9398K, capacity 10498K, committed 10624K, reserved 1048576K
}
Event: 12.695 GC heap after
{Heap after GC invocations=29 (full 0):
 garbage-first heap   total 227328K, used 116479K [0x0000000741400000, 0x0000000800000000)
  region size 1024K, 6 young (6144K), 6 survivors (6144K)
 Metaspace       used 69785K, capacity 72457K, committed 72780K, reserved 1112064K
  class space    used 9398K, capacity 10498K, committed 10624K, reserved 1048576K
}

Deoptimization events (0 events):
No events

Classes redefined (0 events):
No events

Internal exceptions (10 events):
Event: 10.835 Thread 0x000001f6cbc70000 Exception <a 'java/lang/ClassNotFoundException'{0x000000074c2e2498}: java/lang/ObjectCustomizer> (0x000000074c2e2498) thrown at [t:/workspace/open/src/hotspot/share/classfile/systemDictionary.cpp, line 235]
Event: 10.836 Thread 0x000001f6cbc70000 Exception <a 'java/lang/ClassNotFoundException'{0x000000074c101df8}: org/springframework/boot/autoconfigure/reactor/core/ReactorCoreAutoConfigurationCustomizer> (0x000000074c101df8) thrown at [t:/workspace/open/src/hotspot/share/classfile/systemDictionary
Event: 10.837 Thread 0x000001f6cbc70000 Exception <a 'java/lang/ClassNotFoundException'{0x000000074c1257c8}: org/springframework/boot/autoconfigure/reactor/core/ReactorCoreAutoConfiguration$$EnhancerBySpringCGLIB$$e83e1b75Customizer> (0x000000074c1257c8) thrown at [t:/workspace/open/src/hotspot
Event: 10.837 Thread 0x000001f6cbc70000 Exception <a 'java/lang/ClassNotFoundException'{0x000000074c1477c0}: org/springframework/context/annotation/ConfigurationClassEnhancer$EnhancedConfigurationCustomizer> (0x000000074c1477c0) thrown at [t:/workspace/open/src/hotspot/share/classfile/systemDic
Event: 10.838 Thread 0x000001f6cbc70000 Exception <a 'java/lang/ClassNotFoundException'{0x000000074c15e028}: org/springframework/beans/factory/BeanFactoryAwareCustomizer> (0x000000074c15e028) thrown at [t:/workspace/open/src/hotspot/share/classfile/systemDictionary.cpp, line 235]
Event: 10.838 Thread 0x000001f6cbc70000 Exception <a 'java/lang/ClassNotFoundException'{0x000000074c173268}: org/springframework/beans/factory/AwareCustomizer> (0x000000074c173268) thrown at [t:/workspace/open/src/hotspot/share/classfile/systemDictionary.cpp, line 235]
Event: 10.993 Thread 0x000001f6cbc70000 Exception <a 'java/lang/NoSuchMethodError'{0x000000074eed5038}: java.lang.invoke.Invokers$Holder.linkToTargetMethod(Ljava/lang/Object;ILjava/lang/Object;)Ljava/lang/Object;> (0x000000074eed5038) thrown at [t:/workspace/open/src/hotspot/share/interpreter/l
Event: 10.994 Thread 0x000001f6cbc70000 Exception <a 'java/lang/ClassNotFoundException'{0x000000074eee9660}: java/lang/ObjectCustomizer> (0x000000074eee9660) thrown at [t:/workspace/open/src/hotspot/share/classfile/systemDictionary.cpp, line 235]
Event: 10.995 Thread 0x000001f6cbc70000 Exception <a 'java/lang/ClassNotFoundException'{0x000000074ed03c98}: org/springframework/kafka/listener/ContainerPropertiesCustomizer> (0x000000074ed03c98) thrown at [t:/workspace/open/src/hotspot/share/classfile/systemDictionary.cpp, line 235]
Event: 11.445 Thread 0x000001f6cbc70000 Exception <a 'java/lang/NoSuchMethodError'{0x000000074cba62f0}: java.lang.invoke.DirectMethodHandle$Holder.newInvokeSpecial(Ljava/lang/Object;I)Ljava/lang/Object;> (0x000000074cba62f0) thrown at [t:/workspace/open/src/hotspot/share/interpreter/linkResolve

Events (10 events):
Event: 12.744 Executing VM operation: RevokeBias done
Event: 12.744 Executing VM operation: RevokeBias
Event: 12.744 Executing VM operation: RevokeBias done
Event: 12.744 Executing VM operation: RevokeBias
Event: 12.744 Executing VM operation: RevokeBias done
Event: 12.744 Executing VM operation: RevokeBias
Event: 12.745 Executing VM operation: RevokeBias done
Event: 12.745 Executing VM operation: RevokeBias
Event: 12.745 Executing VM operation: RevokeBias done
Event: 12.778 Executing VM operation: G1Concurrent


Dynamic libraries:
0x00007ff668c60000 - 0x00007ff668c6f000 	D:\Program Files\Java\jdk-12.0.2\bin\java.exe
0x00007ff81b7d0000 - 0x00007ff81b9c5000 	C:\WINDOWS\SYSTEM32\ntdll.dll
0x00007ff81a6a0000 - 0x00007ff81a75e000 	C:\WINDOWS\System32\KERNEL32.DLL
0x00007ff819540000 - 0x00007ff819808000 	C:\WINDOWS\System32\KERNELBASE.dll
0x00007ff818ff0000 - 0x00007ff8190f0000 	C:\WINDOWS\System32\ucrtbase.dll
0x00007ff814dc0000 - 0x00007ff814dd8000 	D:\Program Files\Java\jdk-12.0.2\bin\jli.dll
0x00007ff81b670000 - 0x00007ff81b71c000 	C:\WINDOWS\System32\ADVAPI32.dll
0x00007ff81b5a0000 - 0x00007ff81b63e000 	C:\WINDOWS\System32\msvcrt.dll
0x00007ff819950000 - 0x00007ff8199eb000 	C:\WINDOWS\System32\sechost.dll
0x00007ff81ac30000 - 0x00007ff81ad5a000 	C:\WINDOWS\System32\RPCRT4.dll
0x00007ff819c00000 - 0x00007ff819da1000 	C:\WINDOWS\System32\USER32.dll
0x00007ff8191d0000 - 0x00007ff8191f2000 	C:\WINDOWS\System32\win32u.dll
0x00007ff81b640000 - 0x00007ff81b66b000 	C:\WINDOWS\System32\GDI32.dll
0x00007ff818ee0000 - 0x00007ff818fed000 	C:\WINDOWS\System32\gdi32full.dll
0x00007ff819200000 - 0x00007ff81929d000 	C:\WINDOWS\System32\msvcp_win.dll
0x00007ff814de0000 - 0x00007ff814df6000 	D:\Program Files\Java\jdk-12.0.2\bin\VCRUNTIME140.dll
0x00007ff803a90000 - 0x00007ff803d2a000 	C:\WINDOWS\WinSxS\amd64_microsoft.windows.common-controls_6595b64144ccf1df_6.0.19041.1110_none_60b5254171f9507e\COMCTL32.dll
0x00007ff80c960000 - 0x00007ff80c96a000 	C:\WINDOWS\SYSTEM32\VERSION.dll
0x00007ff81a670000 - 0x00007ff81a6a0000 	C:\WINDOWS\System32\IMM32.DLL
0x00007ffffa200000 - 0x00007ffffa2aa000 	D:\Program Files\Java\jdk-12.0.2\bin\msvcp140.dll
0x00007fffe1e70000 - 0x00007fffe29e7000 	D:\Program Files\Java\jdk-12.0.2\bin\server\jvm.dll
0x00007ff81ac20000 - 0x00007ff81ac28000 	C:\WINDOWS\System32\PSAPI.DLL
0x00007ff8034c0000 - 0x00007ff8034c9000 	C:\WINDOWS\SYSTEM32\WSOCK32.dll
0x00007ff81b720000 - 0x00007ff81b78b000 	C:\WINDOWS\System32\WS2_32.dll
0x00007ff806490000 - 0x00007ff8064b7000 	C:\WINDOWS\SYSTEM32\WINMM.dll
0x00007ff816dd0000 - 0x00007ff816de2000 	C:\WINDOWS\SYSTEM32\kernel.appcore.dll
0x00007ff814da0000 - 0x00007ff814db1000 	D:\Program Files\Java\jdk-12.0.2\bin\verify.dll
0x00007ff810b80000 - 0x00007ff810d64000 	C:\WINDOWS\SYSTEM32\DBGHELP.DLL
0x00007ff8107b0000 - 0x00007ff8107dc000 	C:\WINDOWS\SYSTEM32\dbgcore.DLL
0x00007ff8190f0000 - 0x00007ff819172000 	C:\WINDOWS\System32\bcryptPrimitives.dll
0x00007ff814d70000 - 0x00007ff814d96000 	D:\Program Files\Java\jdk-12.0.2\bin\java.dll
0x00007ff8141c0000 - 0x00007ff8141ce000 	D:\Program Files\Java\jdk-12.0.2\bin\instrument.dll
0x00007ff814d50000 - 0x00007ff814d67000 	D:\Program Files\Java\jdk-12.0.2\bin\zip.dll
0x00007ff814d40000 - 0x00007ff814d4a000 	D:\Program Files\Java\jdk-12.0.2\bin\jimage.dll
0x00007ff81ad60000 - 0x00007ff81b4a4000 	C:\WINDOWS\System32\SHELL32.dll
0x00007ff816fd0000 - 0x00007ff817764000 	C:\WINDOWS\SYSTEM32\windows.storage.dll
0x00007ff81a230000 - 0x00007ff81a585000 	C:\WINDOWS\System32\combase.dll
0x00007ff818930000 - 0x00007ff81895e000 	C:\WINDOWS\SYSTEM32\Wldp.dll
0x00007ff81a9d0000 - 0x00007ff81aa7d000 	C:\WINDOWS\System32\SHCORE.dll
0x00007ff81a970000 - 0x00007ff81a9c5000 	C:\WINDOWS\System32\shlwapi.dll
0x00007ff818e20000 - 0x00007ff818e3f000 	C:\WINDOWS\SYSTEM32\profapi.dll
0x00007ff814ae0000 - 0x00007ff814af9000 	D:\Program Files\Java\jdk-12.0.2\bin\net.dll
0x00007ff80b260000 - 0x00007ff80b36c000 	C:\WINDOWS\SYSTEM32\WINHTTP.dll
0x00007ff80b730000 - 0x00007ff80b91b000 	C:\WINDOWS\SYSTEM32\urlmon.dll
0x00007ff80b3d0000 - 0x00007ff80b680000 	C:\WINDOWS\SYSTEM32\iertutil.dll
0x00007ff80b680000 - 0x00007ff80b6a8000 	C:\WINDOWS\SYSTEM32\srvcli.dll
0x00007ff818370000 - 0x00007ff81837c000 	C:\WINDOWS\SYSTEM32\netutils.dll
0x00007ff818690000 - 0x00007ff8186fa000 	C:\WINDOWS\system32\mswsock.dll
0x00007ff8147f0000 - 0x00007ff814803000 	D:\Program Files\Java\jdk-12.0.2\bin\nio.dll
0x00007ff80fbf0000 - 0x00007ff80fc0a000 	D:\Program Files\JetBrains\IntelliJ IDEA 2019.3.2\bin\breakgen64.dll
0x00007ff818380000 - 0x00007ff81844b000 	C:\WINDOWS\SYSTEM32\DNSAPI.dll
0x00007ff818330000 - 0x00007ff81836b000 	C:\WINDOWS\SYSTEM32\IPHLPAPI.DLL
0x00007ff819940000 - 0x00007ff819948000 	C:\WINDOWS\System32\NSI.dll
0x00007ff80ac70000 - 0x00007ff80ac7a000 	C:\Windows\System32\rasadhlp.dll
0x00007ff80c190000 - 0x00007ff80c20f000 	C:\WINDOWS\System32\fwpuclnt.dll
0x00007ff8192a0000 - 0x00007ff8192c7000 	C:\WINDOWS\System32\bcrypt.dll
0x00007ff80a650000 - 0x00007ff80a659000 	D:\Program Files\Java\jdk-12.0.2\bin\management.dll
0x00007ffffe7d0000 - 0x00007ffffe7dc000 	D:\Program Files\Java\jdk-12.0.2\bin\management_ext.dll
0x00007ff818890000 - 0x00007ff8188a8000 	C:\WINDOWS\SYSTEM32\CRYPTSP.dll
0x00007ff817fa0000 - 0x00007ff817fd4000 	C:\WINDOWS\system32\rsaenh.dll
0x00007ff818de0000 - 0x00007ff818e0e000 	C:\WINDOWS\SYSTEM32\USERENV.dll
0x00007ff818880000 - 0x00007ff81888c000 	C:\WINDOWS\SYSTEM32\CRYPTBASE.dll
0x00007ff80c9d0000 - 0x00007ff80c9e7000 	C:\WINDOWS\SYSTEM32\dhcpcsvc6.DLL
0x00007ff80fca0000 - 0x00007ff80fcbd000 	C:\WINDOWS\SYSTEM32\dhcpcsvc.DLL
0x00007ff800530000 - 0x00007ff800547000 	C:\WINDOWS\system32\napinsp.dll
0x00007ff800000000 - 0x00007ff80001b000 	C:\WINDOWS\system32\pnrpnsp.dll
0x00007ff8100c0000 - 0x00007ff8100d5000 	C:\WINDOWS\system32\wshbth.dll
0x00007ff810dc0000 - 0x00007ff810ddd000 	C:\WINDOWS\system32\NLAapi.dll
0x00007fffffbf0000 - 0x00007fffffc02000 	C:\WINDOWS\System32\winrnr.dll
0x00007ff8148a0000 - 0x00007ff8148c7000 	D:\Program Files\Java\jdk-12.0.2\bin\sunec.dll

dbghelp: loaded successfully - version: 4.0.5 - missing functions: none
symbol engine: initialized successfully - sym options: 0x614 - pdb path: .;D:\Program Files\Java\jdk-12.0.2\bin;C:\WINDOWS\SYSTEM32;C:\WINDOWS\WinSxS\amd64_microsoft.windows.common-controls_6595b64144ccf1df_6.0.19041.1110_none_60b5254171f9507e;D:\Program Files\Java\jdk-12.0.2\bin\server;D:\Program Files\JetBrains\IntelliJ IDEA 2019.3.2\bin

VM Arguments:
jvm_args: -XX:TieredStopAtLevel=1 -Xverify:none -Dspring.output.ansi.enabled=always -Dcom.sun.management.jmxremote -Dspring.jmx.enabled=true -Dspring.liveBeansView.mbeanDomain -Dspring.application.admin.enabled=true -javaagent:D:\Program Files\JetBrains\IntelliJ IDEA 2019.3.2\lib\idea_rt.jar=8950:D:\Program Files\JetBrains\IntelliJ IDEA 2019.3.2\bin -Dfile.encoding=UTF-8 
java_command: com.nowcoder.community.CommunityApplication
java_class_path (initial): D:\CSLearning\ideaProjects\community\target\classes;C:\Users\Noahs_Ark\.IntelliJIdea2019.3\config\javascript\extLibs\http_stackpath.bootstrapcdn.com_bootstrap_4.3.1_css_bootstrap.min.css;D:\CSLearning\java\maven_repo\org\springframework\boot\spring-boot-starter-aop\2.1.5.RELEASE\spring-boot-starter-aop-2.1.5.RELEASE.jar;D:\CSLearning\java\maven_repo\org\springframework\boot\spring-boot-starter\2.1.5.RELEASE\spring-boot-starter-2.1.5.RELEASE.jar;D:\CSLearning\java\maven_repo\org\springframework\boot\spring-boot-starter-logging\2.1.5.RELEASE\spring-boot-starter-logging-2.1.5.RELEASE.jar;D:\CSLearning\java\maven_repo\ch\qos\logback\logback-classic\1.2.3\logback-classic-1.2.3.jar;D:\CSLearning\java\maven_repo\ch\qos\logback\logback-core\1.2.3\logback-core-1.2.3.jar;D:\CSLearning\java\maven_repo\org\apache\logging\log4j\log4j-to-slf4j\2.11.2\log4j-to-slf4j-2.11.2.jar;D:\CSLearning\java\maven_repo\org\apache\logging\log4j\log4j-api\2.11.2\log4j-api-2.11.2.jar;D:\CSLearning\java\maven_repo\org\slf4j\jul-to-slf4j\1.7.26\jul-to-slf4j-1.7.26.jar;D:\CSLearning\java\maven_repo\javax\annotation\javax.annotation-api\1.3.2\javax.annotation-api-1.3.2.jar;D:\CSLearning\java\maven_repo\org\yaml\snakeyaml\1.23\snakeyaml-1.23.jar;D:\CSLearning\java\maven_repo\org\springframework\spring-aop\5.1.7.RELEASE\spring-aop-5.1.7.RELEASE.jar;D:\CSLearning\java\maven_repo\org\springframework\spring-beans\5.1.7.RELEASE\spring-beans-5.1.7.RELEASE.jar;D:\CSLearning\java\maven_repo\org\aspectj\aspectjweaver\1.9.4\aspectjweaver-1.9.4.jar;D:\CSLearning\java\maven_repo\org\springframework\boot\spring-boot-starter-thymeleaf\2.1.5.RELEASE\spring-boot-starter-thymeleaf-2.1.5.RELEASE.jar;D:\CSLearning\java\maven_repo\org\thymeleaf\thymeleaf-spring5\3.0.11.RELEASE\thymeleaf-spring5-3.0.11.RELEASE.jar;D:\CSLearning\java\maven_repo\org\thymeleaf\thymeleaf\3.0.11.RELEASE\thymeleaf-3.0.11.RELEASE.jar;D:\CSLearning\java\maven_repo\org\attoparser\attoparser\2.0.5.RELEASE\attoparser-2.0
Launcher Type: SUN_STANDARD

[Global flags]
     bool BytecodeVerificationLocal                = false                                     {product} {command line}
     bool BytecodeVerificationRemote               = false                                     {product} {command line}
     intx CICompilerCount                          = 3                                         {product} {ergonomic}
     uint ConcGCThreads                            = 1                                         {product} {ergonomic}
     uint G1ConcRefinementThreads                  = 4                                         {product} {ergonomic}
   size_t G1HeapRegionSize                         = 1048576                                   {product} {ergonomic}
    uintx GCDrainStackTargetSize                   = 64                                        {product} {ergonomic}
   size_t InitialHeapSize                          = 201326592                                 {product} {ergonomic}
     bool ManagementServer                         = true                                      {product} {command line}
   size_t MarkStackSize                            = 4194304                                   {product} {ergonomic}
   size_t MaxHeapSize                              = 3200253952                                {product} {ergonomic}
   size_t MaxNewSize                               = 1919942656                                {product} {ergonomic}
   size_t MinHeapDeltaBytes                        = 1048576                                   {product} {ergonomic}
    uintx NonNMethodCodeHeapSize                   = 6973028                                {pd product} {ergonomic}
    uintx NonProfiledCodeHeapSize                  = 244685212                              {pd product} {ergonomic}
    uintx ProfiledCodeHeapSize                     = 0                                      {pd product} {ergonomic}
    uintx ReservedCodeCacheSize                    = 251658240                              {pd product} {ergonomic}
     bool SegmentedCodeCache                       = true                                      {product} {ergonomic}
     intx TieredStopAtLevel                        = 1                                         {product} {command line}
     bool UseCompressedClassPointers               = true                                 {lp64_product} {ergonomic}
     bool UseCompressedOops                        = true                                 {lp64_product} {ergonomic}
     bool UseG1GC                                  = true                                      {product} {ergonomic}
     bool UseLargePagesIndividualAllocation        = false                                  {pd product} {ergonomic}

Logging:
Log output configuration:
 #0: stdout all=warning uptime,level,tags
 #1: stderr all=off uptime,level,tags

Environment Variables:
PATH=D:\Program Files\Java\jdk-12.0.2\bin;C:\Program Files (x86)\NVIDIA Corporation\PhysX\Common;C:\Program Files (x86)\Intel\iCLS Client\;C:\Program Files\Intel\iCLS Client\;C:\WINDOWS\system32;C:\WINDOWS;C:\WINDOWS\System32\Wbem;C:\WINDOWS\System32\WindowsPowerShell\v1.0\;C:\Program Files\Intel\WiFi\bin\;C:\Program Files\Common Files\Intel\WirelessCommon\;C:\Program Files (x86)\iFLYTEK\VoiceAssistant\SpeechPlusRuntime;D:\Program Files\TDM-GCC-64\bin;C:\Users\Noahs_Ark\AppData\Local\Programs\Python\Python35;C:\Program Files\Git\cmd;C:\WINDOWS\System32\OpenSSH\;D:\CSLearning\java\apache-maven-3.6.3\bin;D:\Program Files\mysql-8.0.15-winx64\bin;D:\Program Files (x86)\NetSarang\Xshell 7\;C:\Program Files\Git\git-bash;D:\Program Files\Redis\;D:\Programs\kafka_2.12-2.2.0\bin\windows;D:\Programs\elasticsearch-6.4.3\bin;D:\Programs\wkhtmltopdf\bin;C:\Program Files\Git\bin;C:\Users\Noahs_Ark\AppData\Local\Programs\Python\Python35\Scripts\;C:\Users\Noahs_Ark\AppData\Local\Programs\Python\Python35\;d:\Programs\Microsoft VS Code\bin;d:\Program Files\JetBrains\IntelliJ IDEA 2019.3.2\bin;;C:\Users\Noahs_Ark\AppData\Local\Microsoft\WindowsApps;C:\Program Files\Intel\WiFi\bin\;C:\Program Files\Common Files\Intel\WirelessCommon\;D:\Programs\kafka_2.12-2.2.0\bin\windows;
USERNAME=Noahs_Ark
OS=Windows_NT
PROCESSOR_IDENTIFIER=Intel64 Family 6 Model 60 Stepping 3, GenuineIntel



---------------  S Y S T E M  ---------------

OS: Windows 10 , 64 bit Build 19041 (10.0.19041.1348)

CPU:total 4 (initial active 4) (2 cores per cpu, 2 threads per core) family 6 model 60 stepping 3, cmov, cx8, fxsr, mmx, sse, sse2, sse3, ssse3, sse4.1, sse4.2, popcnt, avx, avx2, aes, clmul, erms, lzcnt, ht, tsc, tscinvbit, bmi1, bmi2, fma

Memory: 4k page, system-wide physical 12200M (2847M free)
TotalPageFile size 16125M (AvailPageFile size 5M)
current process WorkingSet (physical memory assigned to process): 513M, peak: 513M
current process commit charge ("private bytes"): 553M, peak: 555M

vm_info: Java HotSpot(TM) 64-Bit Server VM (12.0.2+10) for windows-amd64 JRE (12.0.2+10), built on Jul 16 2019 01:56:17 by "mach5one" with MS VC++ 15.5 (VS2017)

END.
