2021-11-18 07:56:30,137 WARN [restartedMain] o.a.k.c.NetworkClient [NetworkClient.java:671] [Consumer clientId=consumer-1, groupId=community-consumer-group] Connection to node -1 could not be established. Broker may not be available.
2021-11-18 07:56:32,279 WARN [restartedMain] o.a.k.c.NetworkClient [NetworkClient.java:671] [Consumer clientId=consumer-1, groupId=community-consumer-group] Connection to node -1 could not be established. Broker may not be available.
2021-11-18 07:56:34,404 WARN [restartedMain] o.a.k.c.NetworkClient [NetworkClient.java:671] [Consumer clientId=consumer-1, groupId=community-consumer-group] Connection to node -1 could not be established. Broker may not be available.
2021-11-18 07:56:36,670 WARN [restartedMain] o.a.k.c.NetworkClient [NetworkClient.java:671] [Consumer clientId=consumer-1, groupId=community-consumer-group] Connection to node -1 could not be established. Broker may not be available.
2021-11-18 07:56:39,139 WARN [restartedMain] o.a.k.c.NetworkClient [NetworkClient.java:671] [Consumer clientId=consumer-1, groupId=community-consumer-group] Connection to node -1 could not be established. Broker may not be available.
2021-11-18 07:56:41,952 WARN [restartedMain] o.a.k.c.NetworkClient [NetworkClient.java:671] [Consumer clientId=consumer-1, groupId=community-consumer-group] Connection to node -1 could not be established. Broker may not be available.
2021-11-18 07:59:40,392 WARN [http-nio-8080-exec-1] o.s.w.s.m.m.a.ExceptionHandlerExceptionResolver [AbstractHandlerExceptionResolver.java:198] Resolved [org.mybatis.spring.MyBatisSystemException: nested exception is org.apache.ibatis.exceptions.PersistenceException: 
### Error querying database.  Cause: org.springframework.jdbc.CannotGetJdbcConnectionException: Failed to obtain JDBC Connection; nested exception is java.sql.SQLNonTransientConnectionException: Public Key Retrieval is not allowed
### The error may exist in file [D:\CSLearning\ideaProjects\community\target\classes\mapper\discusspost-mapper.xml]
### The error may involve com.nowcoder.community.dao.DiscussPostMapper.selectDiscussPostRows
### The error occurred while executing a query
### Cause: org.springframework.jdbc.CannotGetJdbcConnectionException: Failed to obtain JDBC Connection; nested exception is java.sql.SQLNonTransientConnectionException: Public Key Retrieval is not allowed]
2021-11-18 07:59:49,218 WARN [http-nio-8080-exec-9] o.s.w.s.m.m.a.ExceptionHandlerExceptionResolver [AbstractHandlerExceptionResolver.java:198] Resolved [org.mybatis.spring.MyBatisSystemException: nested exception is org.apache.ibatis.exceptions.PersistenceException: 
### Error querying database.  Cause: org.springframework.jdbc.CannotGetJdbcConnectionException: Failed to obtain JDBC Connection; nested exception is java.sql.SQLNonTransientConnectionException: Public Key Retrieval is not allowed
### The error may exist in file [D:\CSLearning\ideaProjects\community\target\classes\mapper\discusspost-mapper.xml]
### The error may involve com.nowcoder.community.dao.DiscussPostMapper.selectDiscussPostRows
### The error occurred while executing a query
### Cause: org.springframework.jdbc.CannotGetJdbcConnectionException: Failed to obtain JDBC Connection; nested exception is java.sql.SQLNonTransientConnectionException: Public Key Retrieval is not allowed]
2021-11-18 08:20:00,961 WARN [http-nio-8080-exec-2] o.s.w.s.m.m.a.ExceptionHandlerExceptionResolver [AbstractHandlerExceptionResolver.java:198] Resolved [java.lang.NullPointerException]
2021-11-18 21:13:46,610 WARN [http-nio-8080-exec-8] o.s.w.s.m.m.a.ExceptionHandlerExceptionResolver [AbstractHandlerExceptionResolver.java:198] Resolved [org.springframework.web.method.annotation.MethodArgumentTypeMismatchException: Failed to convert value of type 'java.lang.String' to required type 'int'; nested exception is java.lang.NumberFormatException: For input string: "my-post.html"]
