2022-01-13 08:30:23,038 INFO [restartedMain] c.n.c.CommunityApplication [StartupInfoLogger.java:50] Starting CommunityApplication on Lenovo-PC with PID 9492 (D:\CSLearning\ideaProjects\community\target\classes started by Noahs_Ark in D:\CSLearning\ideaProjects\community)
2022-01-13 08:30:23,061 INFO [restartedMain] c.n.c.CommunityApplication [SpringApplication.java:675] No active profile set, falling back to default profiles: default
2022-01-13 08:30:23,167 INFO [restartedMain] o.s.b.d.e.DevToolsPropertyDefaultsPostProcessor [DeferredLog.java:227] Devtools property defaults active! Set 'spring.devtools.add-properties' to 'false' to disable
2022-01-13 08:30:23,168 INFO [restartedMain] o.s.b.d.e.DevToolsPropertyDefaultsPostProcessor [DeferredLog.java:227] For additional web related logging consider setting the 'logging.level.web' property to 'DEBUG'
2022-01-13 08:30:24,310 INFO [restartedMain] o.s.d.r.c.RepositoryConfigurationDelegate [RepositoryConfigurationDelegate.java:244] Multiple Spring Data modules found, entering strict repository configuration mode!
2022-01-13 08:30:24,312 INFO [restartedMain] o.s.d.r.c.RepositoryConfigurationDelegate [RepositoryConfigurationDelegate.java:126] Bootstrapping Spring Data repositories in DEFAULT mode.
2022-01-13 08:30:24,389 INFO [restartedMain] o.s.d.r.c.RepositoryConfigurationDelegate [RepositoryConfigurationDelegate.java:182] Finished Spring Data repository scanning in 68ms. Found 1 repository interfaces.
2022-01-13 08:30:24,401 INFO [restartedMain] o.s.d.r.c.RepositoryConfigurationDelegate [RepositoryConfigurationDelegate.java:244] Multiple Spring Data modules found, entering strict repository configuration mode!
2022-01-13 08:30:24,402 INFO [restartedMain] o.s.d.r.c.RepositoryConfigurationDelegate [RepositoryConfigurationDelegate.java:126] Bootstrapping Spring Data repositories in DEFAULT mode.
2022-01-13 08:30:24,427 INFO [restartedMain] o.s.d.r.c.RepositoryConfigurationExtensionSupport [RepositoryConfigurationExtensionSupport.java:363] Spring Data Redis - Could not safely identify store assignment for repository candidate interface com.nowcoder.community.dao.elasticsearch.DiscussPostRepository.
2022-01-13 08:30:24,427 INFO [restartedMain] o.s.d.r.c.RepositoryConfigurationDelegate [RepositoryConfigurationDelegate.java:182] Finished Spring Data repository scanning in 9ms. Found 0 repository interfaces.
2022-01-13 08:30:24,881 INFO [restartedMain] o.s.c.s.PostProcessorRegistrationDelegate$BeanPostProcessorChecker [PostProcessorRegistrationDelegate.java:330] Bean 'org.springframework.kafka.annotation.KafkaBootstrapConfiguration' of type [org.springframework.kafka.annotation.KafkaBootstrapConfiguration$$EnhancerBySpringCGLIB$$18246b89] is not eligible for getting processed by all BeanPostProcessors (for example: not eligible for auto-proxying)
2022-01-13 08:30:24,929 INFO [restartedMain] o.s.c.s.PostProcessorRegistrationDelegate$BeanPostProcessorChecker [PostProcessorRegistrationDelegate.java:330] Bean 'org.springframework.transaction.annotation.ProxyTransactionManagementConfiguration' of type [org.springframework.transaction.annotation.ProxyTransactionManagementConfiguration$$EnhancerBySpringCGLIB$$44725a06] is not eligible for getting processed by all BeanPostProcessors (for example: not eligible for auto-proxying)
2022-01-13 08:30:25,403 INFO [restartedMain] o.s.b.w.e.t.TomcatWebServer [TomcatWebServer.java:90] Tomcat initialized with port(s): 8080 (http)
2022-01-13 08:30:25,417 INFO [restartedMain] o.a.c.h.Http11NioProtocol [DirectJDKLog.java:173] Initializing ProtocolHandler ["http-nio-8080"]
2022-01-13 08:30:25,427 INFO [restartedMain] o.a.c.c.StandardService [DirectJDKLog.java:173] Starting service [Tomcat]
2022-01-13 08:30:25,427 INFO [restartedMain] o.a.c.c.StandardEngine [DirectJDKLog.java:173] Starting Servlet engine: [Apache Tomcat/9.0.19]
2022-01-13 08:30:25,563 INFO [restartedMain] o.a.c.c.C.[.[.[/community] [DirectJDKLog.java:173] Initializing Spring embedded WebApplicationContext
2022-01-13 08:30:25,564 INFO [restartedMain] o.s.w.c.ContextLoader [ServletWebServerApplicationContext.java:296] Root WebApplicationContext: initialization completed in 2395 ms
2022-01-13 08:30:26,951 INFO [restartedMain] o.e.p.PluginsService [PluginsService.java:190] no modules loaded
2022-01-13 08:30:26,952 INFO [restartedMain] o.e.p.PluginsService [PluginsService.java:193] loaded plugin [org.elasticsearch.index.reindex.ReindexPlugin]
2022-01-13 08:30:26,953 INFO [restartedMain] o.e.p.PluginsService [PluginsService.java:193] loaded plugin [org.elasticsearch.join.ParentJoinPlugin]
2022-01-13 08:30:26,953 INFO [restartedMain] o.e.p.PluginsService [PluginsService.java:193] loaded plugin [org.elasticsearch.percolator.PercolatorPlugin]
2022-01-13 08:30:26,953 INFO [restartedMain] o.e.p.PluginsService [PluginsService.java:193] loaded plugin [org.elasticsearch.script.mustache.MustachePlugin]
2022-01-13 08:30:26,954 INFO [restartedMain] o.e.p.PluginsService [PluginsService.java:193] loaded plugin [org.elasticsearch.transport.Netty4Plugin]
2022-01-13 08:30:28,159 INFO [restartedMain] o.s.d.e.c.TransportClientFactoryBean [TransportClientFactoryBean.java:88] Adding transport node : 127.0.0.1:9300
2022-01-13 08:30:29,030 INFO [restartedMain] o.s.b.d.a.OptionalLiveReloadServer [OptionalLiveReloadServer.java:57] LiveReload server is running on port 35729
2022-01-13 08:30:29,191 INFO [restartedMain] o.s.s.c.ThreadPoolTaskScheduler [ExecutorConfigurationSupport.java:171] Initializing ExecutorService 'taskScheduler'
2022-01-13 08:30:29,499 INFO [restartedMain] o.s.s.c.ThreadPoolTaskExecutor [ExecutorConfigurationSupport.java:171] Initializing ExecutorService 'applicationTaskExecutor'
2022-01-13 08:30:29,656 INFO [restartedMain] o.s.b.a.w.s.WelcomePageHandlerMapping [WelcomePageHandlerMapping.java:61] Adding welcome page template: index
2022-01-13 08:30:30,454 INFO [restartedMain] c.z.h.HikariDataSource [HikariDataSource.java:110] HikariPool-1 - Starting...
2022-01-13 08:30:30,602 INFO [restartedMain] c.z.h.HikariDataSource [HikariDataSource.java:123] HikariPool-1 - Start completed.
2022-01-13 08:30:30,696 INFO [restartedMain] o.q.i.StdSchedulerFactory [StdSchedulerFactory.java:1208] Using default implementation for ThreadExecutor
2022-01-13 08:30:30,725 INFO [restartedMain] o.q.c.SchedulerSignalerImpl [SchedulerSignalerImpl.java:61] Initialized Scheduler Signaller of type: class org.quartz.core.SchedulerSignalerImpl
2022-01-13 08:30:30,726 INFO [restartedMain] o.q.c.QuartzScheduler [QuartzScheduler.java:229] Quartz Scheduler v.2.3.1 created.
2022-01-13 08:30:30,734 INFO [restartedMain] o.s.s.q.LocalDataSourceJobStore [JobStoreSupport.java:672] Using db table-based data access locking (synchronization).
2022-01-13 08:30:30,741 INFO [restartedMain] o.s.s.q.LocalDataSourceJobStore [JobStoreCMT.java:145] JobStoreCMT initialized.
2022-01-13 08:30:30,742 INFO [restartedMain] o.q.c.QuartzScheduler [QuartzScheduler.java:294] Scheduler meta-data: Quartz Scheduler (v2.3.1) 'communityScheduler' with instanceId 'Lenovo-PC1642033830697'
  Scheduler class: 'org.quartz.core.QuartzScheduler' - running locally.
  NOT STARTED.
  Currently in standby mode.
  Number of jobs executed: 0
  Using thread pool 'org.quartz.simpl.SimpleThreadPool' - with 5 threads.
  Using job-store 'org.springframework.scheduling.quartz.LocalDataSourceJobStore' - which supports persistence. and is clustered.

2022-01-13 08:30:30,743 INFO [restartedMain] o.q.i.StdSchedulerFactory [StdSchedulerFactory.java:1362] Quartz scheduler 'communityScheduler' initialized from an externally provided properties instance.
2022-01-13 08:30:30,744 INFO [restartedMain] o.q.i.StdSchedulerFactory [StdSchedulerFactory.java:1366] Quartz scheduler version: 2.3.1
2022-01-13 08:30:30,744 INFO [restartedMain] o.q.c.QuartzScheduler [QuartzScheduler.java:2293] JobFactory set to: org.springframework.scheduling.quartz.SpringBeanJobFactory@5ba9454a
2022-01-13 08:30:30,984 INFO [restartedMain] o.s.b.a.s.s.UserDetailsServiceAutoConfiguration [UserDetailsServiceAutoConfiguration.java:87] 

Using generated security password: ae1b1ab7-fd88-49a6-93d6-35979bceaed6

2022-01-13 08:30:31,071 INFO [restartedMain] o.s.s.w.DefaultSecurityFilterChain [DefaultSecurityFilterChain.java:43] Creating filter chain: Ant [pattern='/resources/**'], []
2022-01-13 08:30:31,119 INFO [restartedMain] o.s.s.w.DefaultSecurityFilterChain [DefaultSecurityFilterChain.java:43] Creating filter chain: any request, [org.springframework.security.web.context.request.async.WebAsyncManagerIntegrationFilter@5481fc10, org.springframework.security.web.context.SecurityContextPersistenceFilter@4dc18b45, org.springframework.security.web.header.HeaderWriterFilter@8bf3429, org.springframework.security.web.authentication.logout.LogoutFilter@2b2ab6e6, org.springframework.security.web.savedrequest.RequestCacheAwareFilter@7ff4b1e3, org.springframework.security.web.servletapi.SecurityContextHolderAwareRequestFilter@57137d5a, org.springframework.security.web.authentication.AnonymousAuthenticationFilter@6143f34d, org.springframework.security.web.session.SessionManagementFilter@51cf6686, org.springframework.security.web.access.ExceptionTranslationFilter@36a92253, org.springframework.security.web.access.intercept.FilterSecurityInterceptor@31a34344]
2022-01-13 08:30:31,241 INFO [restartedMain] o.a.k.c.c.ConsumerConfig [AbstractConfig.java:279] ConsumerConfig values: 
	auto.commit.interval.ms = 3000
	auto.offset.reset = latest
	bootstrap.servers = [localhost:9092]
	check.crcs = true
	client.id = 
	connections.max.idle.ms = 540000
	default.api.timeout.ms = 60000
	enable.auto.commit = true
	exclude.internal.topics = true
	fetch.max.bytes = 52428800
	fetch.max.wait.ms = 500
	fetch.min.bytes = 1
	group.id = community-consumer-group
	heartbeat.interval.ms = 3000
	interceptor.classes = []
	internal.leave.group.on.close = true
	isolation.level = read_uncommitted
	key.deserializer = class org.apache.kafka.common.serialization.StringDeserializer
	max.partition.fetch.bytes = 1048576
	max.poll.interval.ms = 300000
	max.poll.records = 500
	metadata.max.age.ms = 300000
	metric.reporters = []
	metrics.num.samples = 2
	metrics.recording.level = INFO
	metrics.sample.window.ms = 30000
	partition.assignment.strategy = [class org.apache.kafka.clients.consumer.RangeAssignor]
	receive.buffer.bytes = 65536
	reconnect.backoff.max.ms = 1000
	reconnect.backoff.ms = 50
	request.timeout.ms = 30000
	retry.backoff.ms = 100
	sasl.client.callback.handler.class = null
	sasl.jaas.config = null
	sasl.kerberos.kinit.cmd = /usr/bin/kinit
	sasl.kerberos.min.time.before.relogin = 60000
	sasl.kerberos.service.name = null
	sasl.kerberos.ticket.renew.jitter = 0.05
	sasl.kerberos.ticket.renew.window.factor = 0.8
	sasl.login.callback.handler.class = null
	sasl.login.class = null
	sasl.login.refresh.buffer.seconds = 300
	sasl.login.refresh.min.period.seconds = 60
	sasl.login.refresh.window.factor = 0.8
	sasl.login.refresh.window.jitter = 0.05
	sasl.mechanism = GSSAPI
	security.protocol = PLAINTEXT
	send.buffer.bytes = 131072
	session.timeout.ms = 10000
	ssl.cipher.suites = null
	ssl.enabled.protocols = [TLSv1.2, TLSv1.1, TLSv1]
	ssl.endpoint.identification.algorithm = https
	ssl.key.password = null
	ssl.keymanager.algorithm = SunX509
	ssl.keystore.location = null
	ssl.keystore.password = null
	ssl.keystore.type = JKS
	ssl.protocol = TLS
	ssl.provider = null
	ssl.secure.random.implementation = null
	ssl.trustmanager.algorithm = PKIX
	ssl.truststore.location = null
	ssl.truststore.password = null
	ssl.truststore.type = JKS
	value.deserializer = class org.apache.kafka.common.serialization.StringDeserializer

2022-01-13 08:30:31,317 INFO [restartedMain] o.a.k.c.u.AppInfoParser [AppInfoParser.java:109] Kafka version : 2.0.1
2022-01-13 08:30:31,317 INFO [restartedMain] o.a.k.c.u.AppInfoParser [AppInfoParser.java:110] Kafka commitId : fa14705e51bd2ce5
2022-01-13 08:30:31,414 INFO [restartedMain] o.a.k.c.Metadata [Metadata.java:285] Cluster ID: hlXb88tVQ8ylyHIqc7hrJw
2022-01-13 08:30:31,455 INFO [restartedMain] o.a.k.c.c.ConsumerConfig [AbstractConfig.java:279] ConsumerConfig values: 
	auto.commit.interval.ms = 3000
	auto.offset.reset = latest
	bootstrap.servers = [localhost:9092]
	check.crcs = true
	client.id = 
	connections.max.idle.ms = 540000
	default.api.timeout.ms = 60000
	enable.auto.commit = true
	exclude.internal.topics = true
	fetch.max.bytes = 52428800
	fetch.max.wait.ms = 500
	fetch.min.bytes = 1
	group.id = community-consumer-group
	heartbeat.interval.ms = 3000
	interceptor.classes = []
	internal.leave.group.on.close = true
	isolation.level = read_uncommitted
	key.deserializer = class org.apache.kafka.common.serialization.StringDeserializer
	max.partition.fetch.bytes = 1048576
	max.poll.interval.ms = 300000
	max.poll.records = 500
	metadata.max.age.ms = 300000
	metric.reporters = []
	metrics.num.samples = 2
	metrics.recording.level = INFO
	metrics.sample.window.ms = 30000
	partition.assignment.strategy = [class org.apache.kafka.clients.consumer.RangeAssignor]
	receive.buffer.bytes = 65536
	reconnect.backoff.max.ms = 1000
	reconnect.backoff.ms = 50
	request.timeout.ms = 30000
	retry.backoff.ms = 100
	sasl.client.callback.handler.class = null
	sasl.jaas.config = null
	sasl.kerberos.kinit.cmd = /usr/bin/kinit
	sasl.kerberos.min.time.before.relogin = 60000
	sasl.kerberos.service.name = null
	sasl.kerberos.ticket.renew.jitter = 0.05
	sasl.kerberos.ticket.renew.window.factor = 0.8
	sasl.login.callback.handler.class = null
	sasl.login.class = null
	sasl.login.refresh.buffer.seconds = 300
	sasl.login.refresh.min.period.seconds = 60
	sasl.login.refresh.window.factor = 0.8
	sasl.login.refresh.window.jitter = 0.05
	sasl.mechanism = GSSAPI
	security.protocol = PLAINTEXT
	send.buffer.bytes = 131072
	session.timeout.ms = 10000
	ssl.cipher.suites = null
	ssl.enabled.protocols = [TLSv1.2, TLSv1.1, TLSv1]
	ssl.endpoint.identification.algorithm = https
	ssl.key.password = null
	ssl.keymanager.algorithm = SunX509
	ssl.keystore.location = null
	ssl.keystore.password = null
	ssl.keystore.type = JKS
	ssl.protocol = TLS
	ssl.provider = null
	ssl.secure.random.implementation = null
	ssl.trustmanager.algorithm = PKIX
	ssl.truststore.location = null
	ssl.truststore.password = null
	ssl.truststore.type = JKS
	value.deserializer = class org.apache.kafka.common.serialization.StringDeserializer

2022-01-13 08:30:31,466 INFO [restartedMain] o.a.k.c.u.AppInfoParser [AppInfoParser.java:109] Kafka version : 2.0.1
2022-01-13 08:30:31,466 INFO [restartedMain] o.a.k.c.u.AppInfoParser [AppInfoParser.java:110] Kafka commitId : fa14705e51bd2ce5
2022-01-13 08:30:31,469 INFO [restartedMain] o.s.s.c.ThreadPoolTaskScheduler [ExecutorConfigurationSupport.java:171] Initializing ExecutorService
2022-01-13 08:30:31,474 INFO [restartedMain] o.a.k.c.c.ConsumerConfig [AbstractConfig.java:279] ConsumerConfig values: 
	auto.commit.interval.ms = 3000
	auto.offset.reset = latest
	bootstrap.servers = [localhost:9092]
	check.crcs = true
	client.id = 
	connections.max.idle.ms = 540000
	default.api.timeout.ms = 60000
	enable.auto.commit = true
	exclude.internal.topics = true
	fetch.max.bytes = 52428800
	fetch.max.wait.ms = 500
	fetch.min.bytes = 1
	group.id = community-consumer-group
	heartbeat.interval.ms = 3000
	interceptor.classes = []
	internal.leave.group.on.close = true
	isolation.level = read_uncommitted
	key.deserializer = class org.apache.kafka.common.serialization.StringDeserializer
	max.partition.fetch.bytes = 1048576
	max.poll.interval.ms = 300000
	max.poll.records = 500
	metadata.max.age.ms = 300000
	metric.reporters = []
	metrics.num.samples = 2
	metrics.recording.level = INFO
	metrics.sample.window.ms = 30000
	partition.assignment.strategy = [class org.apache.kafka.clients.consumer.RangeAssignor]
	receive.buffer.bytes = 65536
	reconnect.backoff.max.ms = 1000
	reconnect.backoff.ms = 50
	request.timeout.ms = 30000
	retry.backoff.ms = 100
	sasl.client.callback.handler.class = null
	sasl.jaas.config = null
	sasl.kerberos.kinit.cmd = /usr/bin/kinit
	sasl.kerberos.min.time.before.relogin = 60000
	sasl.kerberos.service.name = null
	sasl.kerberos.ticket.renew.jitter = 0.05
	sasl.kerberos.ticket.renew.window.factor = 0.8
	sasl.login.callback.handler.class = null
	sasl.login.class = null
	sasl.login.refresh.buffer.seconds = 300
	sasl.login.refresh.min.period.seconds = 60
	sasl.login.refresh.window.factor = 0.8
	sasl.login.refresh.window.jitter = 0.05
	sasl.mechanism = GSSAPI
	security.protocol = PLAINTEXT
	send.buffer.bytes = 131072
	session.timeout.ms = 10000
	ssl.cipher.suites = null
	ssl.enabled.protocols = [TLSv1.2, TLSv1.1, TLSv1]
	ssl.endpoint.identification.algorithm = https
	ssl.key.password = null
	ssl.keymanager.algorithm = SunX509
	ssl.keystore.location = null
	ssl.keystore.password = null
	ssl.keystore.type = JKS
	ssl.protocol = TLS
	ssl.provider = null
	ssl.secure.random.implementation = null
	ssl.trustmanager.algorithm = PKIX
	ssl.truststore.location = null
	ssl.truststore.password = null
	ssl.truststore.type = JKS
	value.deserializer = class org.apache.kafka.common.serialization.StringDeserializer

2022-01-13 08:30:31,487 INFO [restartedMain] o.a.k.c.u.AppInfoParser [AppInfoParser.java:109] Kafka version : 2.0.1
2022-01-13 08:30:31,488 INFO [restartedMain] o.a.k.c.u.AppInfoParser [AppInfoParser.java:110] Kafka commitId : fa14705e51bd2ce5
2022-01-13 08:30:31,497 INFO [restartedMain] o.a.k.c.Metadata [Metadata.java:285] Cluster ID: hlXb88tVQ8ylyHIqc7hrJw
2022-01-13 08:30:31,502 INFO [restartedMain] o.a.k.c.c.ConsumerConfig [AbstractConfig.java:279] ConsumerConfig values: 
	auto.commit.interval.ms = 3000
	auto.offset.reset = latest
	bootstrap.servers = [localhost:9092]
	check.crcs = true
	client.id = 
	connections.max.idle.ms = 540000
	default.api.timeout.ms = 60000
	enable.auto.commit = true
	exclude.internal.topics = true
	fetch.max.bytes = 52428800
	fetch.max.wait.ms = 500
	fetch.min.bytes = 1
	group.id = community-consumer-group
	heartbeat.interval.ms = 3000
	interceptor.classes = []
	internal.leave.group.on.close = true
	isolation.level = read_uncommitted
	key.deserializer = class org.apache.kafka.common.serialization.StringDeserializer
	max.partition.fetch.bytes = 1048576
	max.poll.interval.ms = 300000
	max.poll.records = 500
	metadata.max.age.ms = 300000
	metric.reporters = []
	metrics.num.samples = 2
	metrics.recording.level = INFO
	metrics.sample.window.ms = 30000
	partition.assignment.strategy = [class org.apache.kafka.clients.consumer.RangeAssignor]
	receive.buffer.bytes = 65536
	reconnect.backoff.max.ms = 1000
	reconnect.backoff.ms = 50
	request.timeout.ms = 30000
	retry.backoff.ms = 100
	sasl.client.callback.handler.class = null
	sasl.jaas.config = null
	sasl.kerberos.kinit.cmd = /usr/bin/kinit
	sasl.kerberos.min.time.before.relogin = 60000
	sasl.kerberos.service.name = null
	sasl.kerberos.ticket.renew.jitter = 0.05
	sasl.kerberos.ticket.renew.window.factor = 0.8
	sasl.login.callback.handler.class = null
	sasl.login.class = null
	sasl.login.refresh.buffer.seconds = 300
	sasl.login.refresh.min.period.seconds = 60
	sasl.login.refresh.window.factor = 0.8
	sasl.login.refresh.window.jitter = 0.05
	sasl.mechanism = GSSAPI
	security.protocol = PLAINTEXT
	send.buffer.bytes = 131072
	session.timeout.ms = 10000
	ssl.cipher.suites = null
	ssl.enabled.protocols = [TLSv1.2, TLSv1.1, TLSv1]
	ssl.endpoint.identification.algorithm = https
	ssl.key.password = null
	ssl.keymanager.algorithm = SunX509
	ssl.keystore.location = null
	ssl.keystore.password = null
	ssl.keystore.type = JKS
	ssl.protocol = TLS
	ssl.provider = null
	ssl.secure.random.implementation = null
	ssl.trustmanager.algorithm = PKIX
	ssl.truststore.location = null
	ssl.truststore.password = null
	ssl.truststore.type = JKS
	value.deserializer = class org.apache.kafka.common.serialization.StringDeserializer

2022-01-13 08:30:31,510 INFO [restartedMain] o.a.k.c.u.AppInfoParser [AppInfoParser.java:109] Kafka version : 2.0.1
2022-01-13 08:30:31,510 INFO [restartedMain] o.a.k.c.u.AppInfoParser [AppInfoParser.java:110] Kafka commitId : fa14705e51bd2ce5
2022-01-13 08:30:31,511 INFO [restartedMain] o.s.s.c.ThreadPoolTaskScheduler [ExecutorConfigurationSupport.java:171] Initializing ExecutorService
2022-01-13 08:30:31,512 INFO [restartedMain] o.a.k.c.c.ConsumerConfig [AbstractConfig.java:279] ConsumerConfig values: 
	auto.commit.interval.ms = 3000
	auto.offset.reset = latest
	bootstrap.servers = [localhost:9092]
	check.crcs = true
	client.id = 
	connections.max.idle.ms = 540000
	default.api.timeout.ms = 60000
	enable.auto.commit = true
	exclude.internal.topics = true
	fetch.max.bytes = 52428800
	fetch.max.wait.ms = 500
	fetch.min.bytes = 1
	group.id = community-consumer-group
	heartbeat.interval.ms = 3000
	interceptor.classes = []
	internal.leave.group.on.close = true
	isolation.level = read_uncommitted
	key.deserializer = class org.apache.kafka.common.serialization.StringDeserializer
	max.partition.fetch.bytes = 1048576
	max.poll.interval.ms = 300000
	max.poll.records = 500
	metadata.max.age.ms = 300000
	metric.reporters = []
	metrics.num.samples = 2
	metrics.recording.level = INFO
	metrics.sample.window.ms = 30000
	partition.assignment.strategy = [class org.apache.kafka.clients.consumer.RangeAssignor]
	receive.buffer.bytes = 65536
	reconnect.backoff.max.ms = 1000
	reconnect.backoff.ms = 50
	request.timeout.ms = 30000
	retry.backoff.ms = 100
	sasl.client.callback.handler.class = null
	sasl.jaas.config = null
	sasl.kerberos.kinit.cmd = /usr/bin/kinit
	sasl.kerberos.min.time.before.relogin = 60000
	sasl.kerberos.service.name = null
	sasl.kerberos.ticket.renew.jitter = 0.05
	sasl.kerberos.ticket.renew.window.factor = 0.8
	sasl.login.callback.handler.class = null
	sasl.login.class = null
	sasl.login.refresh.buffer.seconds = 300
	sasl.login.refresh.min.period.seconds = 60
	sasl.login.refresh.window.factor = 0.8
	sasl.login.refresh.window.jitter = 0.05
	sasl.mechanism = GSSAPI
	security.protocol = PLAINTEXT
	send.buffer.bytes = 131072
	session.timeout.ms = 10000
	ssl.cipher.suites = null
	ssl.enabled.protocols = [TLSv1.2, TLSv1.1, TLSv1]
	ssl.endpoint.identification.algorithm = https
	ssl.key.password = null
	ssl.keymanager.algorithm = SunX509
	ssl.keystore.location = null
	ssl.keystore.password = null
	ssl.keystore.type = JKS
	ssl.protocol = TLS
	ssl.provider = null
	ssl.secure.random.implementation = null
	ssl.trustmanager.algorithm = PKIX
	ssl.truststore.location = null
	ssl.truststore.password = null
	ssl.truststore.type = JKS
	value.deserializer = class org.apache.kafka.common.serialization.StringDeserializer

2022-01-13 08:30:31,522 INFO [org.springframework.kafka.KafkaListenerEndpointContainer#2-0-C-1] o.a.k.c.Metadata [Metadata.java:285] Cluster ID: hlXb88tVQ8ylyHIqc7hrJw
2022-01-13 08:30:31,522 INFO [restartedMain] o.a.k.c.u.AppInfoParser [AppInfoParser.java:109] Kafka version : 2.0.1
2022-01-13 08:30:31,527 INFO [restartedMain] o.a.k.c.u.AppInfoParser [AppInfoParser.java:110] Kafka commitId : fa14705e51bd2ce5
2022-01-13 08:30:31,533 INFO [org.springframework.kafka.KafkaListenerEndpointContainer#2-0-C-1] o.a.k.c.c.i.AbstractCoordinator [AbstractCoordinator.java:677] [Consumer clientId=consumer-2, groupId=community-consumer-group] Discovered group coordinator Lenovo-PC:9092 (id: 2147483647 rack: null)
2022-01-13 08:30:31,538 INFO [restartedMain] o.a.k.c.Metadata [Metadata.java:285] Cluster ID: hlXb88tVQ8ylyHIqc7hrJw
2022-01-13 08:30:31,540 INFO [org.springframework.kafka.KafkaListenerEndpointContainer#2-0-C-1] o.a.k.c.c.i.ConsumerCoordinator [ConsumerCoordinator.java:472] [Consumer clientId=consumer-2, groupId=community-consumer-group] Revoking previously assigned partitions []
2022-01-13 08:30:31,540 INFO [org.springframework.kafka.KafkaListenerEndpointContainer#2-0-C-1] o.s.k.l.KafkaMessageListenerContainer [AbstractMessageListenerContainer.java:375] partitions revoked: []
2022-01-13 08:30:31,541 INFO [org.springframework.kafka.KafkaListenerEndpointContainer#2-0-C-1] o.a.k.c.c.i.AbstractCoordinator [AbstractCoordinator.java:509] [Consumer clientId=consumer-2, groupId=community-consumer-group] (Re-)joining group
2022-01-13 08:30:31,546 INFO [restartedMain] o.a.k.c.c.ConsumerConfig [AbstractConfig.java:279] ConsumerConfig values: 
	auto.commit.interval.ms = 3000
	auto.offset.reset = latest
	bootstrap.servers = [localhost:9092]
	check.crcs = true
	client.id = 
	connections.max.idle.ms = 540000
	default.api.timeout.ms = 60000
	enable.auto.commit = true
	exclude.internal.topics = true
	fetch.max.bytes = 52428800
	fetch.max.wait.ms = 500
	fetch.min.bytes = 1
	group.id = community-consumer-group
	heartbeat.interval.ms = 3000
	interceptor.classes = []
	internal.leave.group.on.close = true
	isolation.level = read_uncommitted
	key.deserializer = class org.apache.kafka.common.serialization.StringDeserializer
	max.partition.fetch.bytes = 1048576
	max.poll.interval.ms = 300000
	max.poll.records = 500
	metadata.max.age.ms = 300000
	metric.reporters = []
	metrics.num.samples = 2
	metrics.recording.level = INFO
	metrics.sample.window.ms = 30000
	partition.assignment.strategy = [class org.apache.kafka.clients.consumer.RangeAssignor]
	receive.buffer.bytes = 65536
	reconnect.backoff.max.ms = 1000
	reconnect.backoff.ms = 50
	request.timeout.ms = 30000
	retry.backoff.ms = 100
	sasl.client.callback.handler.class = null
	sasl.jaas.config = null
	sasl.kerberos.kinit.cmd = /usr/bin/kinit
	sasl.kerberos.min.time.before.relogin = 60000
	sasl.kerberos.service.name = null
	sasl.kerberos.ticket.renew.jitter = 0.05
	sasl.kerberos.ticket.renew.window.factor = 0.8
	sasl.login.callback.handler.class = null
	sasl.login.class = null
	sasl.login.refresh.buffer.seconds = 300
	sasl.login.refresh.min.period.seconds = 60
	sasl.login.refresh.window.factor = 0.8
	sasl.login.refresh.window.jitter = 0.05
	sasl.mechanism = GSSAPI
	security.protocol = PLAINTEXT
	send.buffer.bytes = 131072
	session.timeout.ms = 10000
	ssl.cipher.suites = null
	ssl.enabled.protocols = [TLSv1.2, TLSv1.1, TLSv1]
	ssl.endpoint.identification.algorithm = https
	ssl.key.password = null
	ssl.keymanager.algorithm = SunX509
	ssl.keystore.location = null
	ssl.keystore.password = null
	ssl.keystore.type = JKS
	ssl.protocol = TLS
	ssl.provider = null
	ssl.secure.random.implementation = null
	ssl.trustmanager.algorithm = PKIX
	ssl.truststore.location = null
	ssl.truststore.password = null
	ssl.truststore.type = JKS
	value.deserializer = class org.apache.kafka.common.serialization.StringDeserializer

2022-01-13 08:30:31,551 INFO [restartedMain] o.a.k.c.u.AppInfoParser [AppInfoParser.java:109] Kafka version : 2.0.1
2022-01-13 08:30:31,551 INFO [restartedMain] o.a.k.c.u.AppInfoParser [AppInfoParser.java:110] Kafka commitId : fa14705e51bd2ce5
2022-01-13 08:30:31,552 INFO [restartedMain] o.s.s.c.ThreadPoolTaskScheduler [ExecutorConfigurationSupport.java:171] Initializing ExecutorService
2022-01-13 08:30:31,553 INFO [restartedMain] o.a.k.c.c.ConsumerConfig [AbstractConfig.java:279] ConsumerConfig values: 
	auto.commit.interval.ms = 3000
	auto.offset.reset = latest
	bootstrap.servers = [localhost:9092]
	check.crcs = true
	client.id = 
	connections.max.idle.ms = 540000
	default.api.timeout.ms = 60000
	enable.auto.commit = true
	exclude.internal.topics = true
	fetch.max.bytes = 52428800
	fetch.max.wait.ms = 500
	fetch.min.bytes = 1
	group.id = community-consumer-group
	heartbeat.interval.ms = 3000
	interceptor.classes = []
	internal.leave.group.on.close = true
	isolation.level = read_uncommitted
	key.deserializer = class org.apache.kafka.common.serialization.StringDeserializer
	max.partition.fetch.bytes = 1048576
	max.poll.interval.ms = 300000
	max.poll.records = 500
	metadata.max.age.ms = 300000
	metric.reporters = []
	metrics.num.samples = 2
	metrics.recording.level = INFO
	metrics.sample.window.ms = 30000
	partition.assignment.strategy = [class org.apache.kafka.clients.consumer.RangeAssignor]
	receive.buffer.bytes = 65536
	reconnect.backoff.max.ms = 1000
	reconnect.backoff.ms = 50
	request.timeout.ms = 30000
	retry.backoff.ms = 100
	sasl.client.callback.handler.class = null
	sasl.jaas.config = null
	sasl.kerberos.kinit.cmd = /usr/bin/kinit
	sasl.kerberos.min.time.before.relogin = 60000
	sasl.kerberos.service.name = null
	sasl.kerberos.ticket.renew.jitter = 0.05
	sasl.kerberos.ticket.renew.window.factor = 0.8
	sasl.login.callback.handler.class = null
	sasl.login.class = null
	sasl.login.refresh.buffer.seconds = 300
	sasl.login.refresh.min.period.seconds = 60
	sasl.login.refresh.window.factor = 0.8
	sasl.login.refresh.window.jitter = 0.05
	sasl.mechanism = GSSAPI
	security.protocol = PLAINTEXT
	send.buffer.bytes = 131072
	session.timeout.ms = 10000
	ssl.cipher.suites = null
	ssl.enabled.protocols = [TLSv1.2, TLSv1.1, TLSv1]
	ssl.endpoint.identification.algorithm = https
	ssl.key.password = null
	ssl.keymanager.algorithm = SunX509
	ssl.keystore.location = null
	ssl.keystore.password = null
	ssl.keystore.type = JKS
	ssl.protocol = TLS
	ssl.provider = null
	ssl.secure.random.implementation = null
	ssl.trustmanager.algorithm = PKIX
	ssl.truststore.location = null
	ssl.truststore.password = null
	ssl.truststore.type = JKS
	value.deserializer = class org.apache.kafka.common.serialization.StringDeserializer

2022-01-13 08:30:31,564 INFO [restartedMain] o.a.k.c.u.AppInfoParser [AppInfoParser.java:109] Kafka version : 2.0.1
2022-01-13 08:30:31,564 INFO [restartedMain] o.a.k.c.u.AppInfoParser [AppInfoParser.java:110] Kafka commitId : fa14705e51bd2ce5
2022-01-13 08:30:31,573 INFO [org.springframework.kafka.KafkaListenerEndpointContainer#3-0-C-1] o.a.k.c.Metadata [Metadata.java:285] Cluster ID: hlXb88tVQ8ylyHIqc7hrJw
2022-01-13 08:30:31,576 INFO [org.springframework.kafka.KafkaListenerEndpointContainer#3-0-C-1] o.a.k.c.c.i.AbstractCoordinator [AbstractCoordinator.java:677] [Consumer clientId=consumer-4, groupId=community-consumer-group] Discovered group coordinator Lenovo-PC:9092 (id: 2147483647 rack: null)
2022-01-13 08:30:31,577 INFO [org.springframework.kafka.KafkaListenerEndpointContainer#3-0-C-1] o.a.k.c.c.i.ConsumerCoordinator [ConsumerCoordinator.java:472] [Consumer clientId=consumer-4, groupId=community-consumer-group] Revoking previously assigned partitions []
2022-01-13 08:30:31,578 INFO [org.springframework.kafka.KafkaListenerEndpointContainer#3-0-C-1] o.s.k.l.KafkaMessageListenerContainer [AbstractMessageListenerContainer.java:375] partitions revoked: []
2022-01-13 08:30:31,578 INFO [org.springframework.kafka.KafkaListenerEndpointContainer#3-0-C-1] o.a.k.c.c.i.AbstractCoordinator [AbstractCoordinator.java:509] [Consumer clientId=consumer-4, groupId=community-consumer-group] (Re-)joining group
2022-01-13 08:30:31,578 INFO [restartedMain] o.a.k.c.Metadata [Metadata.java:285] Cluster ID: hlXb88tVQ8ylyHIqc7hrJw
2022-01-13 08:30:31,583 INFO [restartedMain] o.a.k.c.c.ConsumerConfig [AbstractConfig.java:279] ConsumerConfig values: 
	auto.commit.interval.ms = 3000
	auto.offset.reset = latest
	bootstrap.servers = [localhost:9092]
	check.crcs = true
	client.id = 
	connections.max.idle.ms = 540000
	default.api.timeout.ms = 60000
	enable.auto.commit = true
	exclude.internal.topics = true
	fetch.max.bytes = 52428800
	fetch.max.wait.ms = 500
	fetch.min.bytes = 1
	group.id = community-consumer-group
	heartbeat.interval.ms = 3000
	interceptor.classes = []
	internal.leave.group.on.close = true
	isolation.level = read_uncommitted
	key.deserializer = class org.apache.kafka.common.serialization.StringDeserializer
	max.partition.fetch.bytes = 1048576
	max.poll.interval.ms = 300000
	max.poll.records = 500
	metadata.max.age.ms = 300000
	metric.reporters = []
	metrics.num.samples = 2
	metrics.recording.level = INFO
	metrics.sample.window.ms = 30000
	partition.assignment.strategy = [class org.apache.kafka.clients.consumer.RangeAssignor]
	receive.buffer.bytes = 65536
	reconnect.backoff.max.ms = 1000
	reconnect.backoff.ms = 50
	request.timeout.ms = 30000
	retry.backoff.ms = 100
	sasl.client.callback.handler.class = null
	sasl.jaas.config = null
	sasl.kerberos.kinit.cmd = /usr/bin/kinit
	sasl.kerberos.min.time.before.relogin = 60000
	sasl.kerberos.service.name = null
	sasl.kerberos.ticket.renew.jitter = 0.05
	sasl.kerberos.ticket.renew.window.factor = 0.8
	sasl.login.callback.handler.class = null
	sasl.login.class = null
	sasl.login.refresh.buffer.seconds = 300
	sasl.login.refresh.min.period.seconds = 60
	sasl.login.refresh.window.factor = 0.8
	sasl.login.refresh.window.jitter = 0.05
	sasl.mechanism = GSSAPI
	security.protocol = PLAINTEXT
	send.buffer.bytes = 131072
	session.timeout.ms = 10000
	ssl.cipher.suites = null
	ssl.enabled.protocols = [TLSv1.2, TLSv1.1, TLSv1]
	ssl.endpoint.identification.algorithm = https
	ssl.key.password = null
	ssl.keymanager.algorithm = SunX509
	ssl.keystore.location = null
	ssl.keystore.password = null
	ssl.keystore.type = JKS
	ssl.protocol = TLS
	ssl.provider = null
	ssl.secure.random.implementation = null
	ssl.trustmanager.algorithm = PKIX
	ssl.truststore.location = null
	ssl.truststore.password = null
	ssl.truststore.type = JKS
	value.deserializer = class org.apache.kafka.common.serialization.StringDeserializer

2022-01-13 08:30:31,590 INFO [restartedMain] o.a.k.c.u.AppInfoParser [AppInfoParser.java:109] Kafka version : 2.0.1
2022-01-13 08:30:31,590 INFO [restartedMain] o.a.k.c.u.AppInfoParser [AppInfoParser.java:110] Kafka commitId : fa14705e51bd2ce5
2022-01-13 08:30:31,591 INFO [restartedMain] o.s.s.c.ThreadPoolTaskScheduler [ExecutorConfigurationSupport.java:171] Initializing ExecutorService
2022-01-13 08:30:31,592 INFO [restartedMain] o.s.s.q.SchedulerFactoryBean [SchedulerFactoryBean.java:726] Starting Quartz Scheduler now
2022-01-13 08:30:31,628 INFO [org.springframework.kafka.KafkaListenerEndpointContainer#1-0-C-1] o.a.k.c.Metadata [Metadata.java:285] Cluster ID: hlXb88tVQ8ylyHIqc7hrJw
2022-01-13 08:30:31,630 INFO [org.springframework.kafka.KafkaListenerEndpointContainer#0-0-C-1] o.a.k.c.Metadata [Metadata.java:285] Cluster ID: hlXb88tVQ8ylyHIqc7hrJw
2022-01-13 08:30:31,634 INFO [org.springframework.kafka.KafkaListenerEndpointContainer#0-0-C-1] o.a.k.c.c.i.AbstractCoordinator [AbstractCoordinator.java:677] [Consumer clientId=consumer-6, groupId=community-consumer-group] Discovered group coordinator Lenovo-PC:9092 (id: 2147483647 rack: null)
2022-01-13 08:30:31,635 INFO [org.springframework.kafka.KafkaListenerEndpointContainer#0-0-C-1] o.a.k.c.c.i.ConsumerCoordinator [ConsumerCoordinator.java:472] [Consumer clientId=consumer-6, groupId=community-consumer-group] Revoking previously assigned partitions []
2022-01-13 08:30:31,636 INFO [org.springframework.kafka.KafkaListenerEndpointContainer#0-0-C-1] o.s.k.l.KafkaMessageListenerContainer [AbstractMessageListenerContainer.java:375] partitions revoked: []
2022-01-13 08:30:31,636 INFO [org.springframework.kafka.KafkaListenerEndpointContainer#0-0-C-1] o.a.k.c.c.i.AbstractCoordinator [AbstractCoordinator.java:509] [Consumer clientId=consumer-6, groupId=community-consumer-group] (Re-)joining group
2022-01-13 08:30:31,641 INFO [org.springframework.kafka.KafkaListenerEndpointContainer#1-0-C-1] o.a.k.c.c.i.AbstractCoordinator [AbstractCoordinator.java:677] [Consumer clientId=consumer-8, groupId=community-consumer-group] Discovered group coordinator Lenovo-PC:9092 (id: 2147483647 rack: null)
2022-01-13 08:30:31,642 INFO [org.springframework.kafka.KafkaListenerEndpointContainer#1-0-C-1] o.a.k.c.c.i.ConsumerCoordinator [ConsumerCoordinator.java:472] [Consumer clientId=consumer-8, groupId=community-consumer-group] Revoking previously assigned partitions []
2022-01-13 08:30:31,643 INFO [org.springframework.kafka.KafkaListenerEndpointContainer#1-0-C-1] o.s.k.l.KafkaMessageListenerContainer [AbstractMessageListenerContainer.java:375] partitions revoked: []
2022-01-13 08:30:31,643 INFO [org.springframework.kafka.KafkaListenerEndpointContainer#1-0-C-1] o.a.k.c.c.i.AbstractCoordinator [AbstractCoordinator.java:509] [Consumer clientId=consumer-8, groupId=community-consumer-group] (Re-)joining group
2022-01-13 08:30:31,690 INFO [restartedMain] o.s.s.q.LocalDataSourceJobStore [JobStoreSupport.java:3644] ClusterManager: detected 1 failed or restarted instances.
2022-01-13 08:30:31,691 INFO [restartedMain] o.s.s.q.LocalDataSourceJobStore [JobStoreSupport.java:3503] ClusterManager: Scanning for instance "Lenovo-PC1641990709026"'s failed in-progress jobs.
2022-01-13 08:30:31,704 INFO [org.springframework.kafka.KafkaListenerEndpointContainer#0-0-C-1] o.a.k.c.c.i.AbstractCoordinator [AbstractCoordinator.java:509] [Consumer clientId=consumer-6, groupId=community-consumer-group] (Re-)joining group
2022-01-13 08:30:31,705 INFO [restartedMain] o.q.c.QuartzScheduler [QuartzScheduler.java:547] Scheduler communityScheduler_$_Lenovo-PC1642033830697 started.
2022-01-13 08:30:31,707 INFO [org.springframework.kafka.KafkaListenerEndpointContainer#2-0-C-1] o.a.k.c.c.i.AbstractCoordinator [AbstractCoordinator.java:509] [Consumer clientId=consumer-2, groupId=community-consumer-group] (Re-)joining group
2022-01-13 08:30:31,722 INFO [org.springframework.kafka.KafkaListenerEndpointContainer#3-0-C-1] o.a.k.c.c.i.AbstractCoordinator [AbstractCoordinator.java:509] [Consumer clientId=consumer-4, groupId=community-consumer-group] (Re-)joining group
2022-01-13 08:30:31,735 INFO [restartedMain] o.a.c.h.Http11NioProtocol [DirectJDKLog.java:173] Starting ProtocolHandler ["http-nio-8080"]
2022-01-13 08:30:31,770 INFO [QuartzScheduler_communityScheduler-Lenovo-PC1642033830697_MisfireHandler] o.s.s.q.LocalDataSourceJobStore [JobStoreSupport.java:973] Handling 1 trigger(s) that missed their scheduled fire-time.
2022-01-13 08:30:31,821 INFO [restartedMain] o.s.b.w.e.t.TomcatWebServer [TomcatWebServer.java:204] Tomcat started on port(s): 8080 (http) with context path '/community'
2022-01-13 08:30:31,826 INFO [restartedMain] c.n.c.CommunityApplication [StartupInfoLogger.java:59] Started CommunityApplication in 9.999 seconds (JVM running for 12.511)
2022-01-13 08:30:31,872 INFO [org.springframework.kafka.KafkaListenerEndpointContainer#2-0-C-1] o.a.k.c.c.i.AbstractCoordinator [AbstractCoordinator.java:473] [Consumer clientId=consumer-2, groupId=community-consumer-group] Successfully joined group with generation 4
2022-01-13 08:30:31,872 INFO [org.springframework.kafka.KafkaListenerEndpointContainer#3-0-C-1] o.a.k.c.c.i.AbstractCoordinator [AbstractCoordinator.java:473] [Consumer clientId=consumer-4, groupId=community-consumer-group] Successfully joined group with generation 4
2022-01-13 08:30:31,874 INFO [org.springframework.kafka.KafkaListenerEndpointContainer#1-0-C-1] o.a.k.c.c.i.AbstractCoordinator [AbstractCoordinator.java:473] [Consumer clientId=consumer-8, groupId=community-consumer-group] Successfully joined group with generation 4
2022-01-13 08:30:31,874 INFO [org.springframework.kafka.KafkaListenerEndpointContainer#0-0-C-1] o.a.k.c.c.i.AbstractCoordinator [AbstractCoordinator.java:473] [Consumer clientId=consumer-6, groupId=community-consumer-group] Successfully joined group with generation 4
2022-01-13 08:30:31,875 INFO [org.springframework.kafka.KafkaListenerEndpointContainer#3-0-C-1] o.a.k.c.c.i.ConsumerCoordinator [ConsumerCoordinator.java:280] [Consumer clientId=consumer-4, groupId=community-consumer-group] Setting newly assigned partitions [publish-0]
2022-01-13 08:30:31,875 INFO [org.springframework.kafka.KafkaListenerEndpointContainer#2-0-C-1] o.a.k.c.c.i.ConsumerCoordinator [ConsumerCoordinator.java:280] [Consumer clientId=consumer-2, groupId=community-consumer-group] Setting newly assigned partitions [comment-0, like-0, follow-0]
2022-01-13 08:30:31,875 INFO [org.springframework.kafka.KafkaListenerEndpointContainer#0-0-C-1] o.a.k.c.c.i.ConsumerCoordinator [ConsumerCoordinator.java:280] [Consumer clientId=consumer-6, groupId=community-consumer-group] Setting newly assigned partitions [share-0]
2022-01-13 08:30:31,875 INFO [org.springframework.kafka.KafkaListenerEndpointContainer#1-0-C-1] o.a.k.c.c.i.ConsumerCoordinator [ConsumerCoordinator.java:280] [Consumer clientId=consumer-8, groupId=community-consumer-group] Setting newly assigned partitions [delete-0]
2022-01-13 08:30:31,891 INFO [org.springframework.kafka.KafkaListenerEndpointContainer#3-0-C-1] o.s.k.l.KafkaMessageListenerContainer [AbstractMessageListenerContainer.java:380] partitions assigned: [publish-0]
2022-01-13 08:30:31,894 INFO [org.springframework.kafka.KafkaListenerEndpointContainer#0-0-C-1] o.s.k.l.KafkaMessageListenerContainer [AbstractMessageListenerContainer.java:380] partitions assigned: [share-0]
2022-01-13 08:30:31,910 INFO [org.springframework.kafka.KafkaListenerEndpointContainer#1-0-C-1] o.s.k.l.KafkaMessageListenerContainer [AbstractMessageListenerContainer.java:380] partitions assigned: [delete-0]
2022-01-13 08:30:31,990 INFO [org.springframework.kafka.KafkaListenerEndpointContainer#2-0-C-1] o.s.k.l.KafkaMessageListenerContainer [AbstractMessageListenerContainer.java:380] partitions assigned: [comment-0, like-0, follow-0]
2022-01-13 08:30:56,708 INFO [http-nio-8080-exec-10] o.a.c.c.C.[.[.[/community] [DirectJDKLog.java:173] Initializing Spring DispatcherServlet 'dispatcherServlet'
2022-01-13 08:30:56,708 INFO [http-nio-8080-exec-10] o.s.w.s.DispatcherServlet [FrameworkServlet.java:524] Initializing Servlet 'dispatcherServlet'
2022-01-13 08:30:56,723 INFO [http-nio-8080-exec-10] o.s.w.s.DispatcherServlet [FrameworkServlet.java:546] Completed initialization in 14 ms
2022-01-13 08:30:56,776 INFO [http-nio-8080-exec-10] c.n.c.a.ServiceLogAspect [ServiceLogAspect.java:40] 用户[0:0:0:0:0:0:0:1],在[2022-01-13 08:30:56],访问了[com.nowcoder.community.service.UserService.findLoginTicket].
2022-01-13 08:30:56,882 INFO [http-nio-8080-exec-10] i.l.c.EpollProvider [Netty4InternalESLogger.java:104] Starting without optional epoll library
2022-01-13 08:30:56,884 INFO [http-nio-8080-exec-10] i.l.c.KqueueProvider [Netty4InternalESLogger.java:104] Starting without optional kqueue library
2022-01-13 08:30:56,997 INFO [http-nio-8080-exec-10] c.n.c.a.ServiceLogAspect [ServiceLogAspect.java:40] 用户[0:0:0:0:0:0:0:1],在[2022-01-13 08:30:56],访问了[com.nowcoder.community.service.UserService.findUserById].
2022-01-13 08:30:57,063 INFO [http-nio-8080-exec-10] c.n.c.a.ServiceLogAspect [ServiceLogAspect.java:40] 用户[0:0:0:0:0:0:0:1],在[2022-01-13 08:30:57],访问了[com.nowcoder.community.service.UserService.getAuthorities].
2022-01-13 08:30:57,067 INFO [http-nio-8080-exec-10] c.n.c.a.ServiceLogAspect [ServiceLogAspect.java:40] 用户[0:0:0:0:0:0:0:1],在[2022-01-13 08:30:57],访问了[com.nowcoder.community.service.DataService.recordUV].
2022-01-13 08:30:57,073 INFO [http-nio-8080-exec-10] c.n.c.a.ServiceLogAspect [ServiceLogAspect.java:40] 用户[0:0:0:0:0:0:0:1],在[2022-01-13 08:30:57],访问了[com.nowcoder.community.service.DataService.recordDAU].
2022-01-13 08:30:57,095 INFO [http-nio-8080-exec-10] c.n.c.a.ServiceLogAspect [ServiceLogAspect.java:40] 用户[0:0:0:0:0:0:0:1],在[2022-01-13 08:30:57],访问了[com.nowcoder.community.service.DiscussPostService.findDiscussPostRows].
2022-01-13 08:30:57,136 INFO [http-nio-8080-exec-10] c.n.c.a.ServiceLogAspect [ServiceLogAspect.java:40] 用户[0:0:0:0:0:0:0:1],在[2022-01-13 08:30:57],访问了[com.nowcoder.community.service.DiscussPostService.findDiscussPosts].
2022-01-13 08:30:57,144 INFO [http-nio-8080-exec-10] c.n.c.a.ServiceLogAspect [ServiceLogAspect.java:40] 用户[0:0:0:0:0:0:0:1],在[2022-01-13 08:30:57],访问了[com.nowcoder.community.service.UserService.findUserById].
2022-01-13 08:30:57,206 INFO [http-nio-8080-exec-10] c.n.c.a.ServiceLogAspect [ServiceLogAspect.java:40] 用户[0:0:0:0:0:0:0:1],在[2022-01-13 08:30:57],访问了[com.nowcoder.community.service.LikeService.findEntityLikeCount].
2022-01-13 08:30:57,215 INFO [http-nio-8080-exec-10] c.n.c.a.ServiceLogAspect [ServiceLogAspect.java:40] 用户[0:0:0:0:0:0:0:1],在[2022-01-13 08:30:57],访问了[com.nowcoder.community.service.UserService.findUserById].
2022-01-13 08:30:57,221 INFO [http-nio-8080-exec-10] c.n.c.a.ServiceLogAspect [ServiceLogAspect.java:40] 用户[0:0:0:0:0:0:0:1],在[2022-01-13 08:30:57],访问了[com.nowcoder.community.service.LikeService.findEntityLikeCount].
2022-01-13 08:30:57,223 INFO [http-nio-8080-exec-10] c.n.c.a.ServiceLogAspect [ServiceLogAspect.java:40] 用户[0:0:0:0:0:0:0:1],在[2022-01-13 08:30:57],访问了[com.nowcoder.community.service.UserService.findUserById].
2022-01-13 08:30:57,230 INFO [http-nio-8080-exec-10] c.n.c.a.ServiceLogAspect [ServiceLogAspect.java:40] 用户[0:0:0:0:0:0:0:1],在[2022-01-13 08:30:57],访问了[com.nowcoder.community.service.LikeService.findEntityLikeCount].
2022-01-13 08:30:57,231 INFO [http-nio-8080-exec-10] c.n.c.a.ServiceLogAspect [ServiceLogAspect.java:40] 用户[0:0:0:0:0:0:0:1],在[2022-01-13 08:30:57],访问了[com.nowcoder.community.service.UserService.findUserById].
2022-01-13 08:30:57,237 INFO [http-nio-8080-exec-10] c.n.c.a.ServiceLogAspect [ServiceLogAspect.java:40] 用户[0:0:0:0:0:0:0:1],在[2022-01-13 08:30:57],访问了[com.nowcoder.community.service.LikeService.findEntityLikeCount].
2022-01-13 08:30:57,240 INFO [http-nio-8080-exec-10] c.n.c.a.ServiceLogAspect [ServiceLogAspect.java:40] 用户[0:0:0:0:0:0:0:1],在[2022-01-13 08:30:57],访问了[com.nowcoder.community.service.UserService.findUserById].
2022-01-13 08:30:57,241 INFO [http-nio-8080-exec-10] c.n.c.a.ServiceLogAspect [ServiceLogAspect.java:40] 用户[0:0:0:0:0:0:0:1],在[2022-01-13 08:30:57],访问了[com.nowcoder.community.service.LikeService.findEntityLikeCount].
2022-01-13 08:30:57,244 INFO [http-nio-8080-exec-10] c.n.c.a.ServiceLogAspect [ServiceLogAspect.java:40] 用户[0:0:0:0:0:0:0:1],在[2022-01-13 08:30:57],访问了[com.nowcoder.community.service.UserService.findUserById].
2022-01-13 08:30:57,246 INFO [http-nio-8080-exec-10] c.n.c.a.ServiceLogAspect [ServiceLogAspect.java:40] 用户[0:0:0:0:0:0:0:1],在[2022-01-13 08:30:57],访问了[com.nowcoder.community.service.LikeService.findEntityLikeCount].
2022-01-13 08:30:57,248 INFO [http-nio-8080-exec-10] c.n.c.a.ServiceLogAspect [ServiceLogAspect.java:40] 用户[0:0:0:0:0:0:0:1],在[2022-01-13 08:30:57],访问了[com.nowcoder.community.service.UserService.findUserById].
2022-01-13 08:30:57,250 INFO [http-nio-8080-exec-10] c.n.c.a.ServiceLogAspect [ServiceLogAspect.java:40] 用户[0:0:0:0:0:0:0:1],在[2022-01-13 08:30:57],访问了[com.nowcoder.community.service.LikeService.findEntityLikeCount].
2022-01-13 08:30:57,252 INFO [http-nio-8080-exec-10] c.n.c.a.ServiceLogAspect [ServiceLogAspect.java:40] 用户[0:0:0:0:0:0:0:1],在[2022-01-13 08:30:57],访问了[com.nowcoder.community.service.UserService.findUserById].
2022-01-13 08:30:57,254 INFO [http-nio-8080-exec-10] c.n.c.a.ServiceLogAspect [ServiceLogAspect.java:40] 用户[0:0:0:0:0:0:0:1],在[2022-01-13 08:30:57],访问了[com.nowcoder.community.service.LikeService.findEntityLikeCount].
2022-01-13 08:30:57,256 INFO [http-nio-8080-exec-10] c.n.c.a.ServiceLogAspect [ServiceLogAspect.java:40] 用户[0:0:0:0:0:0:0:1],在[2022-01-13 08:30:57],访问了[com.nowcoder.community.service.UserService.findUserById].
2022-01-13 08:30:57,257 INFO [http-nio-8080-exec-10] c.n.c.a.ServiceLogAspect [ServiceLogAspect.java:40] 用户[0:0:0:0:0:0:0:1],在[2022-01-13 08:30:57],访问了[com.nowcoder.community.service.LikeService.findEntityLikeCount].
2022-01-13 08:30:57,259 INFO [http-nio-8080-exec-10] c.n.c.a.ServiceLogAspect [ServiceLogAspect.java:40] 用户[0:0:0:0:0:0:0:1],在[2022-01-13 08:30:57],访问了[com.nowcoder.community.service.UserService.findUserById].
2022-01-13 08:30:57,262 INFO [http-nio-8080-exec-10] c.n.c.a.ServiceLogAspect [ServiceLogAspect.java:40] 用户[0:0:0:0:0:0:0:1],在[2022-01-13 08:30:57],访问了[com.nowcoder.community.service.LikeService.findEntityLikeCount].
2022-01-13 08:30:57,270 INFO [http-nio-8080-exec-10] c.n.c.a.ServiceLogAspect [ServiceLogAspect.java:40] 用户[0:0:0:0:0:0:0:1],在[2022-01-13 08:30:57],访问了[com.nowcoder.community.service.MessageService.findLetterUnreadCount].
2022-01-13 08:30:57,294 INFO [http-nio-8080-exec-10] c.n.c.a.ServiceLogAspect [ServiceLogAspect.java:40] 用户[0:0:0:0:0:0:0:1],在[2022-01-13 08:30:57],访问了[com.nowcoder.community.service.MessageService.findNoticeUnreadCount].
2022-01-13 08:31:01,560 INFO [http-nio-8080-exec-4] c.n.c.a.ServiceLogAspect [ServiceLogAspect.java:40] 用户[0:0:0:0:0:0:0:1],在[2022-01-13 08:31:01],访问了[com.nowcoder.community.service.UserService.findLoginTicket].
2022-01-13 08:31:01,562 INFO [http-nio-8080-exec-4] c.n.c.a.ServiceLogAspect [ServiceLogAspect.java:40] 用户[0:0:0:0:0:0:0:1],在[2022-01-13 08:31:01],访问了[com.nowcoder.community.service.UserService.findUserById].
2022-01-13 08:31:01,563 INFO [http-nio-8080-exec-4] c.n.c.a.ServiceLogAspect [ServiceLogAspect.java:40] 用户[0:0:0:0:0:0:0:1],在[2022-01-13 08:31:01],访问了[com.nowcoder.community.service.UserService.getAuthorities].
2022-01-13 08:31:01,565 INFO [http-nio-8080-exec-4] c.n.c.a.ServiceLogAspect [ServiceLogAspect.java:40] 用户[0:0:0:0:0:0:0:1],在[2022-01-13 08:31:01],访问了[com.nowcoder.community.service.DataService.recordUV].
2022-01-13 08:31:01,566 INFO [http-nio-8080-exec-4] c.n.c.a.ServiceLogAspect [ServiceLogAspect.java:40] 用户[0:0:0:0:0:0:0:1],在[2022-01-13 08:31:01],访问了[com.nowcoder.community.service.DataService.recordDAU].
2022-01-13 08:31:01,628 INFO [http-nio-8080-exec-4] c.n.c.a.ServiceLogAspect [ServiceLogAspect.java:40] 用户[0:0:0:0:0:0:0:1],在[2022-01-13 08:31:01],访问了[com.nowcoder.community.service.MessageService.findLetterUnreadCount].
2022-01-13 08:31:01,631 INFO [http-nio-8080-exec-4] c.n.c.a.ServiceLogAspect [ServiceLogAspect.java:40] 用户[0:0:0:0:0:0:0:1],在[2022-01-13 08:31:01],访问了[com.nowcoder.community.service.MessageService.findNoticeUnreadCount].
2022-01-13 08:31:04,334 INFO [communityScheduler_Worker-1] c.n.c.q.PostScoreRefreshJob [PostScoreRefreshJob.java:60] [任务取消] 没有需要刷新的帖子!
2022-01-13 08:31:10,151 INFO [http-nio-8080-exec-9] c.n.c.a.ServiceLogAspect [ServiceLogAspect.java:40] 用户[0:0:0:0:0:0:0:1],在[2022-01-13 08:31:10],访问了[com.nowcoder.community.service.UserService.findLoginTicket].
2022-01-13 08:31:10,152 INFO [http-nio-8080-exec-9] c.n.c.a.ServiceLogAspect [ServiceLogAspect.java:40] 用户[0:0:0:0:0:0:0:1],在[2022-01-13 08:31:10],访问了[com.nowcoder.community.service.UserService.findUserById].
2022-01-13 08:31:10,153 INFO [http-nio-8080-exec-9] c.n.c.a.ServiceLogAspect [ServiceLogAspect.java:40] 用户[0:0:0:0:0:0:0:1],在[2022-01-13 08:31:10],访问了[com.nowcoder.community.service.UserService.getAuthorities].
2022-01-13 08:31:10,156 INFO [http-nio-8080-exec-9] c.n.c.a.ServiceLogAspect [ServiceLogAspect.java:40] 用户[0:0:0:0:0:0:0:1],在[2022-01-13 08:31:10],访问了[com.nowcoder.community.service.DataService.recordUV].
2022-01-13 08:31:10,157 INFO [http-nio-8080-exec-9] c.n.c.a.ServiceLogAspect [ServiceLogAspect.java:40] 用户[0:0:0:0:0:0:0:1],在[2022-01-13 08:31:10],访问了[com.nowcoder.community.service.DataService.recordDAU].
2022-01-13 08:31:10,171 INFO [http-nio-8080-exec-9] c.n.c.a.ServiceLogAspect [ServiceLogAspect.java:40] 用户[0:0:0:0:0:0:0:1],在[2022-01-13 08:31:10],访问了[com.nowcoder.community.service.UserService.updateHeader].
2022-01-13 08:31:10,197 INFO [http-nio-8080-exec-8] c.n.c.a.ServiceLogAspect [ServiceLogAspect.java:40] 用户[0:0:0:0:0:0:0:1],在[2022-01-13 08:31:10],访问了[com.nowcoder.community.service.UserService.findLoginTicket].
2022-01-13 08:31:10,200 INFO [http-nio-8080-exec-8] c.n.c.a.ServiceLogAspect [ServiceLogAspect.java:40] 用户[0:0:0:0:0:0:0:1],在[2022-01-13 08:31:10],访问了[com.nowcoder.community.service.UserService.findUserById].
2022-01-13 08:31:10,206 INFO [http-nio-8080-exec-8] c.n.c.a.ServiceLogAspect [ServiceLogAspect.java:40] 用户[0:0:0:0:0:0:0:1],在[2022-01-13 08:31:10],访问了[com.nowcoder.community.service.UserService.getAuthorities].
2022-01-13 08:31:10,207 INFO [http-nio-8080-exec-8] c.n.c.a.ServiceLogAspect [ServiceLogAspect.java:40] 用户[0:0:0:0:0:0:0:1],在[2022-01-13 08:31:10],访问了[com.nowcoder.community.service.DataService.recordUV].
2022-01-13 08:31:10,208 INFO [http-nio-8080-exec-8] c.n.c.a.ServiceLogAspect [ServiceLogAspect.java:40] 用户[0:0:0:0:0:0:0:1],在[2022-01-13 08:31:10],访问了[com.nowcoder.community.service.DataService.recordDAU].
2022-01-13 08:31:10,211 INFO [http-nio-8080-exec-8] c.n.c.a.ServiceLogAspect [ServiceLogAspect.java:40] 用户[0:0:0:0:0:0:0:1],在[2022-01-13 08:31:10],访问了[com.nowcoder.community.service.MessageService.findLetterUnreadCount].
2022-01-13 08:31:10,214 INFO [http-nio-8080-exec-8] c.n.c.a.ServiceLogAspect [ServiceLogAspect.java:40] 用户[0:0:0:0:0:0:0:1],在[2022-01-13 08:31:10],访问了[com.nowcoder.community.service.MessageService.findNoticeUnreadCount].
2022-01-13 08:31:44,997 INFO [http-nio-8080-exec-3] c.n.c.a.ServiceLogAspect [ServiceLogAspect.java:40] 用户[0:0:0:0:0:0:0:1],在[2022-01-13 08:31:44],访问了[com.nowcoder.community.service.UserService.findLoginTicket].
2022-01-13 08:31:44,999 INFO [http-nio-8080-exec-3] c.n.c.a.ServiceLogAspect [ServiceLogAspect.java:40] 用户[0:0:0:0:0:0:0:1],在[2022-01-13 08:31:44],访问了[com.nowcoder.community.service.UserService.findUserById].
2022-01-13 08:31:45,001 INFO [http-nio-8080-exec-3] c.n.c.a.ServiceLogAspect [ServiceLogAspect.java:40] 用户[0:0:0:0:0:0:0:1],在[2022-01-13 08:31:45],访问了[com.nowcoder.community.service.UserService.getAuthorities].
2022-01-13 08:31:45,003 INFO [http-nio-8080-exec-3] c.n.c.a.ServiceLogAspect [ServiceLogAspect.java:40] 用户[0:0:0:0:0:0:0:1],在[2022-01-13 08:31:45],访问了[com.nowcoder.community.service.DataService.recordUV].
2022-01-13 08:31:45,004 INFO [http-nio-8080-exec-3] c.n.c.a.ServiceLogAspect [ServiceLogAspect.java:40] 用户[0:0:0:0:0:0:0:1],在[2022-01-13 08:31:45],访问了[com.nowcoder.community.service.DataService.recordDAU].
2022-01-13 08:31:45,006 INFO [http-nio-8080-exec-3] c.n.c.a.ServiceLogAspect [ServiceLogAspect.java:40] 用户[0:0:0:0:0:0:0:1],在[2022-01-13 08:31:45],访问了[com.nowcoder.community.service.DiscussPostService.findDiscussPostRows].
2022-01-13 08:31:45,011 INFO [http-nio-8080-exec-3] c.n.c.a.ServiceLogAspect [ServiceLogAspect.java:40] 用户[0:0:0:0:0:0:0:1],在[2022-01-13 08:31:45],访问了[com.nowcoder.community.service.DiscussPostService.findDiscussPosts].
2022-01-13 08:31:45,019 INFO [http-nio-8080-exec-3] c.n.c.a.ServiceLogAspect [ServiceLogAspect.java:40] 用户[0:0:0:0:0:0:0:1],在[2022-01-13 08:31:45],访问了[com.nowcoder.community.service.UserService.findUserById].
2022-01-13 08:31:45,021 INFO [http-nio-8080-exec-3] c.n.c.a.ServiceLogAspect [ServiceLogAspect.java:40] 用户[0:0:0:0:0:0:0:1],在[2022-01-13 08:31:45],访问了[com.nowcoder.community.service.LikeService.findEntityLikeCount].
2022-01-13 08:31:45,023 INFO [http-nio-8080-exec-3] c.n.c.a.ServiceLogAspect [ServiceLogAspect.java:40] 用户[0:0:0:0:0:0:0:1],在[2022-01-13 08:31:45],访问了[com.nowcoder.community.service.UserService.findUserById].
2022-01-13 08:31:45,025 INFO [http-nio-8080-exec-3] c.n.c.a.ServiceLogAspect [ServiceLogAspect.java:40] 用户[0:0:0:0:0:0:0:1],在[2022-01-13 08:31:45],访问了[com.nowcoder.community.service.LikeService.findEntityLikeCount].
2022-01-13 08:31:45,026 INFO [http-nio-8080-exec-3] c.n.c.a.ServiceLogAspect [ServiceLogAspect.java:40] 用户[0:0:0:0:0:0:0:1],在[2022-01-13 08:31:45],访问了[com.nowcoder.community.service.UserService.findUserById].
2022-01-13 08:31:45,027 INFO [http-nio-8080-exec-3] c.n.c.a.ServiceLogAspect [ServiceLogAspect.java:40] 用户[0:0:0:0:0:0:0:1],在[2022-01-13 08:31:45],访问了[com.nowcoder.community.service.LikeService.findEntityLikeCount].
2022-01-13 08:31:45,028 INFO [http-nio-8080-exec-3] c.n.c.a.ServiceLogAspect [ServiceLogAspect.java:40] 用户[0:0:0:0:0:0:0:1],在[2022-01-13 08:31:45],访问了[com.nowcoder.community.service.UserService.findUserById].
2022-01-13 08:31:45,029 INFO [http-nio-8080-exec-3] c.n.c.a.ServiceLogAspect [ServiceLogAspect.java:40] 用户[0:0:0:0:0:0:0:1],在[2022-01-13 08:31:45],访问了[com.nowcoder.community.service.LikeService.findEntityLikeCount].
2022-01-13 08:31:45,030 INFO [http-nio-8080-exec-3] c.n.c.a.ServiceLogAspect [ServiceLogAspect.java:40] 用户[0:0:0:0:0:0:0:1],在[2022-01-13 08:31:45],访问了[com.nowcoder.community.service.UserService.findUserById].
2022-01-13 08:31:45,032 INFO [http-nio-8080-exec-3] c.n.c.a.ServiceLogAspect [ServiceLogAspect.java:40] 用户[0:0:0:0:0:0:0:1],在[2022-01-13 08:31:45],访问了[com.nowcoder.community.service.LikeService.findEntityLikeCount].
2022-01-13 08:31:45,033 INFO [http-nio-8080-exec-3] c.n.c.a.ServiceLogAspect [ServiceLogAspect.java:40] 用户[0:0:0:0:0:0:0:1],在[2022-01-13 08:31:45],访问了[com.nowcoder.community.service.UserService.findUserById].
2022-01-13 08:31:45,034 INFO [http-nio-8080-exec-3] c.n.c.a.ServiceLogAspect [ServiceLogAspect.java:40] 用户[0:0:0:0:0:0:0:1],在[2022-01-13 08:31:45],访问了[com.nowcoder.community.service.LikeService.findEntityLikeCount].
2022-01-13 08:31:45,035 INFO [http-nio-8080-exec-3] c.n.c.a.ServiceLogAspect [ServiceLogAspect.java:40] 用户[0:0:0:0:0:0:0:1],在[2022-01-13 08:31:45],访问了[com.nowcoder.community.service.UserService.findUserById].
2022-01-13 08:31:45,036 INFO [http-nio-8080-exec-3] c.n.c.a.ServiceLogAspect [ServiceLogAspect.java:40] 用户[0:0:0:0:0:0:0:1],在[2022-01-13 08:31:45],访问了[com.nowcoder.community.service.LikeService.findEntityLikeCount].
2022-01-13 08:31:45,037 INFO [http-nio-8080-exec-3] c.n.c.a.ServiceLogAspect [ServiceLogAspect.java:40] 用户[0:0:0:0:0:0:0:1],在[2022-01-13 08:31:45],访问了[com.nowcoder.community.service.UserService.findUserById].
2022-01-13 08:31:45,046 INFO [http-nio-8080-exec-3] c.n.c.a.ServiceLogAspect [ServiceLogAspect.java:40] 用户[0:0:0:0:0:0:0:1],在[2022-01-13 08:31:45],访问了[com.nowcoder.community.service.LikeService.findEntityLikeCount].
2022-01-13 08:31:45,047 INFO [http-nio-8080-exec-3] c.n.c.a.ServiceLogAspect [ServiceLogAspect.java:40] 用户[0:0:0:0:0:0:0:1],在[2022-01-13 08:31:45],访问了[com.nowcoder.community.service.UserService.findUserById].
2022-01-13 08:31:45,048 INFO [http-nio-8080-exec-3] c.n.c.a.ServiceLogAspect [ServiceLogAspect.java:40] 用户[0:0:0:0:0:0:0:1],在[2022-01-13 08:31:45],访问了[com.nowcoder.community.service.LikeService.findEntityLikeCount].
2022-01-13 08:31:45,049 INFO [http-nio-8080-exec-3] c.n.c.a.ServiceLogAspect [ServiceLogAspect.java:40] 用户[0:0:0:0:0:0:0:1],在[2022-01-13 08:31:45],访问了[com.nowcoder.community.service.UserService.findUserById].
2022-01-13 08:31:45,050 INFO [http-nio-8080-exec-3] c.n.c.a.ServiceLogAspect [ServiceLogAspect.java:40] 用户[0:0:0:0:0:0:0:1],在[2022-01-13 08:31:45],访问了[com.nowcoder.community.service.LikeService.findEntityLikeCount].
2022-01-13 08:31:45,051 INFO [http-nio-8080-exec-3] c.n.c.a.ServiceLogAspect [ServiceLogAspect.java:40] 用户[0:0:0:0:0:0:0:1],在[2022-01-13 08:31:45],访问了[com.nowcoder.community.service.MessageService.findLetterUnreadCount].
2022-01-13 08:31:45,054 INFO [http-nio-8080-exec-3] c.n.c.a.ServiceLogAspect [ServiceLogAspect.java:40] 用户[0:0:0:0:0:0:0:1],在[2022-01-13 08:31:45],访问了[com.nowcoder.community.service.MessageService.findNoticeUnreadCount].
2022-01-13 08:31:54,011 INFO [http-nio-8080-exec-6] c.n.c.a.ServiceLogAspect [ServiceLogAspect.java:40] 用户[0:0:0:0:0:0:0:1],在[2022-01-13 08:31:54],访问了[com.nowcoder.community.service.UserService.findLoginTicket].
2022-01-13 08:31:54,014 INFO [http-nio-8080-exec-6] c.n.c.a.ServiceLogAspect [ServiceLogAspect.java:40] 用户[0:0:0:0:0:0:0:1],在[2022-01-13 08:31:54],访问了[com.nowcoder.community.service.UserService.findUserById].
2022-01-13 08:31:54,017 INFO [http-nio-8080-exec-6] c.n.c.a.ServiceLogAspect [ServiceLogAspect.java:40] 用户[0:0:0:0:0:0:0:1],在[2022-01-13 08:31:54],访问了[com.nowcoder.community.service.UserService.getAuthorities].
2022-01-13 08:31:54,019 INFO [http-nio-8080-exec-6] c.n.c.a.ServiceLogAspect [ServiceLogAspect.java:40] 用户[0:0:0:0:0:0:0:1],在[2022-01-13 08:31:54],访问了[com.nowcoder.community.service.DataService.recordUV].
2022-01-13 08:31:54,020 INFO [http-nio-8080-exec-6] c.n.c.a.ServiceLogAspect [ServiceLogAspect.java:40] 用户[0:0:0:0:0:0:0:1],在[2022-01-13 08:31:54],访问了[com.nowcoder.community.service.DataService.recordDAU].
2022-01-13 08:31:54,050 INFO [http-nio-8080-exec-6] o.a.k.c.p.ProducerConfig [AbstractConfig.java:279] ProducerConfig values: 
	acks = 1
	batch.size = 16384
	bootstrap.servers = [localhost:9092]
	buffer.memory = 33554432
	client.id = 
	compression.type = none
	connections.max.idle.ms = 540000
	enable.idempotence = false
	interceptor.classes = []
	key.serializer = class org.apache.kafka.common.serialization.StringSerializer
	linger.ms = 0
	max.block.ms = 60000
	max.in.flight.requests.per.connection = 5
	max.request.size = 1048576
	metadata.max.age.ms = 300000
	metric.reporters = []
	metrics.num.samples = 2
	metrics.recording.level = INFO
	metrics.sample.window.ms = 30000
	partitioner.class = class org.apache.kafka.clients.producer.internals.DefaultPartitioner
	receive.buffer.bytes = 32768
	reconnect.backoff.max.ms = 1000
	reconnect.backoff.ms = 50
	request.timeout.ms = 30000
	retries = 0
	retry.backoff.ms = 100
	sasl.client.callback.handler.class = null
	sasl.jaas.config = null
	sasl.kerberos.kinit.cmd = /usr/bin/kinit
	sasl.kerberos.min.time.before.relogin = 60000
	sasl.kerberos.service.name = null
	sasl.kerberos.ticket.renew.jitter = 0.05
	sasl.kerberos.ticket.renew.window.factor = 0.8
	sasl.login.callback.handler.class = null
	sasl.login.class = null
	sasl.login.refresh.buffer.seconds = 300
	sasl.login.refresh.min.period.seconds = 60
	sasl.login.refresh.window.factor = 0.8
	sasl.login.refresh.window.jitter = 0.05
	sasl.mechanism = GSSAPI
	security.protocol = PLAINTEXT
	send.buffer.bytes = 131072
	ssl.cipher.suites = null
	ssl.enabled.protocols = [TLSv1.2, TLSv1.1, TLSv1]
	ssl.endpoint.identification.algorithm = https
	ssl.key.password = null
	ssl.keymanager.algorithm = SunX509
	ssl.keystore.location = null
	ssl.keystore.password = null
	ssl.keystore.type = JKS
	ssl.protocol = TLS
	ssl.provider = null
	ssl.secure.random.implementation = null
	ssl.trustmanager.algorithm = PKIX
	ssl.truststore.location = null
	ssl.truststore.password = null
	ssl.truststore.type = JKS
	transaction.timeout.ms = 60000
	transactional.id = null
	value.serializer = class org.apache.kafka.common.serialization.StringSerializer

2022-01-13 08:31:54,062 INFO [http-nio-8080-exec-6] o.a.k.c.u.AppInfoParser [AppInfoParser.java:109] Kafka version : 2.0.1
2022-01-13 08:31:54,062 INFO [http-nio-8080-exec-6] o.a.k.c.u.AppInfoParser [AppInfoParser.java:110] Kafka commitId : fa14705e51bd2ce5
2022-01-13 08:31:54,070 INFO [kafka-producer-network-thread | producer-1] o.a.k.c.Metadata [Metadata.java:285] Cluster ID: hlXb88tVQ8ylyHIqc7hrJw
2022-01-13 08:31:54,210 INFO [org.springframework.kafka.KafkaListenerEndpointContainer#0-0-C-1] c.n.c.e.EventConsumer [EventConsumer.java:166] 生成长图成功: d:/Programs/wkhtmltopdf/bin/wkhtmltoimage --quality 75 https://www.nowcoder.com d:/data/wk-images/70bcefbb-f2af-43d4-9f5b-fd4d1a208a7e.png
2022-01-13 08:31:54,219 INFO [scheduling-1] c.n.c.e.EventConsumer [EventConsumer.java:243] 等待图片生成[70bcefbb-f2af-43d4-9f5b-fd4d1a208a7e].
2022-01-13 08:31:54,711 INFO [scheduling-1] c.n.c.e.EventConsumer [EventConsumer.java:243] 等待图片生成[70bcefbb-f2af-43d4-9f5b-fd4d1a208a7e].
2022-01-13 08:31:55,213 INFO [scheduling-2] c.n.c.e.EventConsumer [EventConsumer.java:243] 等待图片生成[70bcefbb-f2af-43d4-9f5b-fd4d1a208a7e].
2022-01-13 08:31:55,713 INFO [scheduling-1] c.n.c.e.EventConsumer [EventConsumer.java:243] 等待图片生成[70bcefbb-f2af-43d4-9f5b-fd4d1a208a7e].
2022-01-13 08:31:56,211 INFO [scheduling-3] c.n.c.e.EventConsumer [EventConsumer.java:243] 等待图片生成[70bcefbb-f2af-43d4-9f5b-fd4d1a208a7e].
2022-01-13 08:31:56,713 INFO [scheduling-3] c.n.c.e.EventConsumer [EventConsumer.java:243] 等待图片生成[70bcefbb-f2af-43d4-9f5b-fd4d1a208a7e].
2022-01-13 08:31:57,212 INFO [scheduling-3] c.n.c.e.EventConsumer [EventConsumer.java:218] 开始第1次上传[70bcefbb-f2af-43d4-9f5b-fd4d1a208a7e].
2022-01-13 08:31:59,989 INFO [scheduling-3] c.n.c.e.EventConsumer [EventConsumer.java:240] 第1次上传失败[70bcefbb-f2af-43d4-9f5b-fd4d1a208a7e].
2022-01-13 08:31:59,990 INFO [scheduling-3] c.n.c.e.EventConsumer [EventConsumer.java:218] 开始第2次上传[70bcefbb-f2af-43d4-9f5b-fd4d1a208a7e].
2022-01-13 08:32:00,504 INFO [scheduling-3] c.n.c.e.EventConsumer [EventConsumer.java:236] 第2次上传成功[70bcefbb-f2af-43d4-9f5b-fd4d1a208a7e].
2022-01-13 08:35:29,786 INFO [http-nio-8080-exec-2] c.n.c.a.ServiceLogAspect [ServiceLogAspect.java:40] 用户[0:0:0:0:0:0:0:1],在[2022-01-13 08:35:29],访问了[com.nowcoder.community.service.DataService.recordUV].
2022-01-13 08:35:29,828 INFO [org.springframework.kafka.KafkaListenerEndpointContainer#0-0-C-1] c.n.c.e.EventConsumer [EventConsumer.java:166] 生成长图成功: d:/Programs/wkhtmltopdf/bin/wkhtmltoimage --quality 75 https://www.nowcoder.com d:/data/wk-images/c1a77717-97a7-459e-9923-3723a124e6c5.png
2022-01-13 08:35:29,830 INFO [scheduling-5] c.n.c.e.EventConsumer [EventConsumer.java:243] 等待图片生成[c1a77717-97a7-459e-9923-3723a124e6c5].
2022-01-13 08:35:30,329 INFO [scheduling-5] c.n.c.e.EventConsumer [EventConsumer.java:243] 等待图片生成[c1a77717-97a7-459e-9923-3723a124e6c5].
2022-01-13 08:35:30,830 INFO [scheduling-5] c.n.c.e.EventConsumer [EventConsumer.java:243] 等待图片生成[c1a77717-97a7-459e-9923-3723a124e6c5].
2022-01-13 08:35:31,329 INFO [scheduling-5] c.n.c.e.EventConsumer [EventConsumer.java:243] 等待图片生成[c1a77717-97a7-459e-9923-3723a124e6c5].
2022-01-13 08:35:31,829 INFO [scheduling-3] c.n.c.e.EventConsumer [EventConsumer.java:243] 等待图片生成[c1a77717-97a7-459e-9923-3723a124e6c5].
2022-01-13 08:35:32,330 INFO [scheduling-3] c.n.c.e.EventConsumer [EventConsumer.java:243] 等待图片生成[c1a77717-97a7-459e-9923-3723a124e6c5].
2022-01-13 08:35:32,829 INFO [scheduling-3] c.n.c.e.EventConsumer [EventConsumer.java:218] 开始第1次上传[c1a77717-97a7-459e-9923-3723a124e6c5].
2022-01-13 08:35:33,053 INFO [scheduling-3] c.n.c.e.EventConsumer [EventConsumer.java:236] 第1次上传成功[c1a77717-97a7-459e-9923-3723a124e6c5].
2022-01-13 08:36:04,324 INFO [communityScheduler_Worker-2] c.n.c.q.PostScoreRefreshJob [PostScoreRefreshJob.java:60] [任务取消] 没有需要刷新的帖子!
2022-01-13 08:36:16,916 INFO [http-nio-8080-exec-10] c.n.c.a.ServiceLogAspect [ServiceLogAspect.java:40] 用户[0:0:0:0:0:0:0:1],在[2022-01-13 08:36:16],访问了[com.nowcoder.community.service.DataService.recordUV].
2022-01-13 08:36:16,931 INFO [org.springframework.kafka.KafkaListenerEndpointContainer#0-0-C-1] c.n.c.e.EventConsumer [EventConsumer.java:166] 生成长图成功: d:/Programs/wkhtmltopdf/bin/wkhtmltoimage --quality 75 https://www.nowcoder.com d:/data/wk-images/6a3da64f-6e80-4c94-80c7-e60a975772e6.png
2022-01-13 08:36:16,931 INFO [scheduling-1] c.n.c.e.EventConsumer [EventConsumer.java:243] 等待图片生成[6a3da64f-6e80-4c94-80c7-e60a975772e6].
2022-01-13 08:36:17,432 INFO [scheduling-1] c.n.c.e.EventConsumer [EventConsumer.java:243] 等待图片生成[6a3da64f-6e80-4c94-80c7-e60a975772e6].
2022-01-13 08:36:17,933 INFO [scheduling-1] c.n.c.e.EventConsumer [EventConsumer.java:243] 等待图片生成[6a3da64f-6e80-4c94-80c7-e60a975772e6].
2022-01-13 08:36:18,432 INFO [scheduling-1] c.n.c.e.EventConsumer [EventConsumer.java:243] 等待图片生成[6a3da64f-6e80-4c94-80c7-e60a975772e6].
2022-01-13 08:36:18,932 INFO [scheduling-1] c.n.c.e.EventConsumer [EventConsumer.java:243] 等待图片生成[6a3da64f-6e80-4c94-80c7-e60a975772e6].
2022-01-13 08:36:19,431 INFO [scheduling-5] c.n.c.e.EventConsumer [EventConsumer.java:243] 等待图片生成[6a3da64f-6e80-4c94-80c7-e60a975772e6].
2022-01-13 08:36:19,932 INFO [scheduling-5] c.n.c.e.EventConsumer [EventConsumer.java:243] 等待图片生成[6a3da64f-6e80-4c94-80c7-e60a975772e6].
2022-01-13 08:36:20,432 INFO [scheduling-5] c.n.c.e.EventConsumer [EventConsumer.java:243] 等待图片生成[6a3da64f-6e80-4c94-80c7-e60a975772e6].
2022-01-13 08:36:20,932 INFO [scheduling-3] c.n.c.e.EventConsumer [EventConsumer.java:243] 等待图片生成[6a3da64f-6e80-4c94-80c7-e60a975772e6].
2022-01-13 08:36:21,433 INFO [scheduling-3] c.n.c.e.EventConsumer [EventConsumer.java:218] 开始第1次上传[6a3da64f-6e80-4c94-80c7-e60a975772e6].
2022-01-13 08:36:21,640 INFO [scheduling-3] c.n.c.e.EventConsumer [EventConsumer.java:236] 第1次上传成功[6a3da64f-6e80-4c94-80c7-e60a975772e6].
2022-01-13 08:39:30,671 INFO [http-nio-8080-exec-7] c.n.c.a.ServiceLogAspect [ServiceLogAspect.java:40] 用户[0:0:0:0:0:0:0:1],在[2022-01-13 08:39:30],访问了[com.nowcoder.community.service.DataService.recordUV].
2022-01-13 08:39:30,686 INFO [org.springframework.kafka.KafkaListenerEndpointContainer#0-0-C-1] c.n.c.e.EventConsumer [EventConsumer.java:166] 生成长图成功: d:/Programs/wkhtmltopdf/bin/wkhtmltoimage --quality 75 https://www.baidu.com d:/data/wk-images/26e032b4-3412-4432-a9cc-9bcd4f1d04f0.png
2022-01-13 08:39:30,687 INFO [scheduling-2] c.n.c.e.EventConsumer [EventConsumer.java:243] 等待图片生成[26e032b4-3412-4432-a9cc-9bcd4f1d04f0].
2022-01-13 08:39:31,189 INFO [scheduling-2] c.n.c.e.EventConsumer [EventConsumer.java:243] 等待图片生成[26e032b4-3412-4432-a9cc-9bcd4f1d04f0].
2022-01-13 08:39:31,688 INFO [scheduling-2] c.n.c.e.EventConsumer [EventConsumer.java:243] 等待图片生成[26e032b4-3412-4432-a9cc-9bcd4f1d04f0].
2022-01-13 08:39:32,188 INFO [scheduling-2] c.n.c.e.EventConsumer [EventConsumer.java:243] 等待图片生成[26e032b4-3412-4432-a9cc-9bcd4f1d04f0].
2022-01-13 08:39:32,689 INFO [scheduling-2] c.n.c.e.EventConsumer [EventConsumer.java:218] 开始第1次上传[26e032b4-3412-4432-a9cc-9bcd4f1d04f0].
2022-01-13 08:39:32,936 INFO [scheduling-2] c.n.c.e.EventConsumer [EventConsumer.java:236] 第1次上传成功[26e032b4-3412-4432-a9cc-9bcd4f1d04f0].
2022-01-13 08:41:04,317 INFO [communityScheduler_Worker-3] c.n.c.q.PostScoreRefreshJob [PostScoreRefreshJob.java:60] [任务取消] 没有需要刷新的帖子!
2022-01-13 08:41:11,275 INFO [http-nio-8080-exec-5] c.n.c.a.ServiceLogAspect [ServiceLogAspect.java:40] 用户[0:0:0:0:0:0:0:1],在[2022-01-13 08:41:11],访问了[com.nowcoder.community.service.DataService.recordUV].
2022-01-13 08:41:11,287 INFO [org.springframework.kafka.KafkaListenerEndpointContainer#0-0-C-1] c.n.c.e.EventConsumer [EventConsumer.java:166] 生成长图成功: d:/Programs/wkhtmltopdf/bin/wkhtmltoimage --quality 75 https://view.inews.qq.com/a/20211122A01K9N00 d:/data/wk-images/58133e58-c6ef-49d9-adb3-32c7cd0834ed.png
2022-01-13 08:41:11,287 INFO [scheduling-4] c.n.c.e.EventConsumer [EventConsumer.java:243] 等待图片生成[58133e58-c6ef-49d9-adb3-32c7cd0834ed].
2022-01-13 08:41:11,789 INFO [scheduling-4] c.n.c.e.EventConsumer [EventConsumer.java:243] 等待图片生成[58133e58-c6ef-49d9-adb3-32c7cd0834ed].
2022-01-13 08:41:12,288 INFO [scheduling-4] c.n.c.e.EventConsumer [EventConsumer.java:243] 等待图片生成[58133e58-c6ef-49d9-adb3-32c7cd0834ed].
2022-01-13 08:41:12,788 INFO [scheduling-4] c.n.c.e.EventConsumer [EventConsumer.java:243] 等待图片生成[58133e58-c6ef-49d9-adb3-32c7cd0834ed].
2022-01-13 08:41:13,288 INFO [scheduling-4] c.n.c.e.EventConsumer [EventConsumer.java:218] 开始第1次上传[58133e58-c6ef-49d9-adb3-32c7cd0834ed].
2022-01-13 08:41:13,442 INFO [scheduling-4] c.n.c.e.EventConsumer [EventConsumer.java:236] 第1次上传成功[58133e58-c6ef-49d9-adb3-32c7cd0834ed].
2022-01-13 08:42:08,987 INFO [http-nio-8080-exec-3] c.n.c.a.ServiceLogAspect [ServiceLogAspect.java:40] 用户[0:0:0:0:0:0:0:1],在[2022-01-13 08:42:08],访问了[com.nowcoder.community.service.DataService.recordUV].
2022-01-13 08:42:08,999 INFO [org.springframework.kafka.KafkaListenerEndpointContainer#0-0-C-1] c.n.c.e.EventConsumer [EventConsumer.java:166] 生成长图成功: d:/Programs/wkhtmltopdf/bin/wkhtmltoimage --quality 75 https://view.inews.qq.com/a/20211122A01K9N00 d:/data/wk-images/de6688ec-491d-4e4b-903f-51d8fda3ea5c.png
2022-01-13 08:42:09,001 INFO [scheduling-5] c.n.c.e.EventConsumer [EventConsumer.java:243] 等待图片生成[de6688ec-491d-4e4b-903f-51d8fda3ea5c].
2022-01-13 08:42:09,501 INFO [scheduling-5] c.n.c.e.EventConsumer [EventConsumer.java:243] 等待图片生成[de6688ec-491d-4e4b-903f-51d8fda3ea5c].
2022-01-13 08:42:10,000 INFO [scheduling-5] c.n.c.e.EventConsumer [EventConsumer.java:243] 等待图片生成[de6688ec-491d-4e4b-903f-51d8fda3ea5c].
2022-01-13 08:42:10,501 INFO [scheduling-5] c.n.c.e.EventConsumer [EventConsumer.java:243] 等待图片生成[de6688ec-491d-4e4b-903f-51d8fda3ea5c].
2022-01-13 08:42:11,001 INFO [scheduling-5] c.n.c.e.EventConsumer [EventConsumer.java:218] 开始第1次上传[de6688ec-491d-4e4b-903f-51d8fda3ea5c].
2022-01-13 08:42:11,209 INFO [scheduling-5] c.n.c.e.EventConsumer [EventConsumer.java:236] 第1次上传成功[de6688ec-491d-4e4b-903f-51d8fda3ea5c].
2022-01-13 08:43:15,362 INFO [http-nio-8080-exec-10] c.n.c.a.ServiceLogAspect [ServiceLogAspect.java:40] 用户[0:0:0:0:0:0:0:1],在[2022-01-13 08:43:15],访问了[com.nowcoder.community.service.DataService.recordUV].
2022-01-13 08:43:15,375 INFO [org.springframework.kafka.KafkaListenerEndpointContainer#0-0-C-1] c.n.c.e.EventConsumer [EventConsumer.java:166] 生成长图成功: d:/Programs/wkhtmltopdf/bin/wkhtmltoimage --quality 75 https://www.toutiao.com/ d:/data/wk-images/cba5939b-4b8e-4e4f-bd8c-ee786408fdc4.png
2022-01-13 08:43:15,375 INFO [scheduling-1] c.n.c.e.EventConsumer [EventConsumer.java:243] 等待图片生成[cba5939b-4b8e-4e4f-bd8c-ee786408fdc4].
2022-01-13 08:43:15,875 INFO [scheduling-1] c.n.c.e.EventConsumer [EventConsumer.java:243] 等待图片生成[cba5939b-4b8e-4e4f-bd8c-ee786408fdc4].
2022-01-13 08:43:16,375 INFO [scheduling-1] c.n.c.e.EventConsumer [EventConsumer.java:243] 等待图片生成[cba5939b-4b8e-4e4f-bd8c-ee786408fdc4].
2022-01-13 08:43:16,877 INFO [scheduling-1] c.n.c.e.EventConsumer [EventConsumer.java:243] 等待图片生成[cba5939b-4b8e-4e4f-bd8c-ee786408fdc4].
2022-01-13 08:43:17,376 INFO [scheduling-1] c.n.c.e.EventConsumer [EventConsumer.java:243] 等待图片生成[cba5939b-4b8e-4e4f-bd8c-ee786408fdc4].
2022-01-13 08:43:17,875 INFO [scheduling-1] c.n.c.e.EventConsumer [EventConsumer.java:243] 等待图片生成[cba5939b-4b8e-4e4f-bd8c-ee786408fdc4].
2022-01-13 08:43:18,376 INFO [scheduling-1] c.n.c.e.EventConsumer [EventConsumer.java:243] 等待图片生成[cba5939b-4b8e-4e4f-bd8c-ee786408fdc4].
2022-01-13 08:43:18,877 INFO [scheduling-4] c.n.c.e.EventConsumer [EventConsumer.java:243] 等待图片生成[cba5939b-4b8e-4e4f-bd8c-ee786408fdc4].
2022-01-13 08:43:19,377 INFO [scheduling-4] c.n.c.e.EventConsumer [EventConsumer.java:243] 等待图片生成[cba5939b-4b8e-4e4f-bd8c-ee786408fdc4].
2022-01-13 08:43:19,877 INFO [scheduling-4] c.n.c.e.EventConsumer [EventConsumer.java:243] 等待图片生成[cba5939b-4b8e-4e4f-bd8c-ee786408fdc4].
2022-01-13 08:43:20,375 INFO [scheduling-4] c.n.c.e.EventConsumer [EventConsumer.java:243] 等待图片生成[cba5939b-4b8e-4e4f-bd8c-ee786408fdc4].
2022-01-13 08:43:20,875 INFO [scheduling-1] c.n.c.e.EventConsumer [EventConsumer.java:243] 等待图片生成[cba5939b-4b8e-4e4f-bd8c-ee786408fdc4].
2022-01-13 08:43:21,377 INFO [scheduling-1] c.n.c.e.EventConsumer [EventConsumer.java:243] 等待图片生成[cba5939b-4b8e-4e4f-bd8c-ee786408fdc4].
2022-01-13 08:43:21,877 INFO [scheduling-1] c.n.c.e.EventConsumer [EventConsumer.java:243] 等待图片生成[cba5939b-4b8e-4e4f-bd8c-ee786408fdc4].
2022-01-13 08:43:22,376 INFO [scheduling-1] c.n.c.e.EventConsumer [EventConsumer.java:243] 等待图片生成[cba5939b-4b8e-4e4f-bd8c-ee786408fdc4].
2022-01-13 08:43:22,876 INFO [scheduling-4] c.n.c.e.EventConsumer [EventConsumer.java:243] 等待图片生成[cba5939b-4b8e-4e4f-bd8c-ee786408fdc4].
2022-01-13 08:43:23,375 INFO [scheduling-4] c.n.c.e.EventConsumer [EventConsumer.java:243] 等待图片生成[cba5939b-4b8e-4e4f-bd8c-ee786408fdc4].
2022-01-13 08:43:23,877 INFO [scheduling-4] c.n.c.e.EventConsumer [EventConsumer.java:243] 等待图片生成[cba5939b-4b8e-4e4f-bd8c-ee786408fdc4].
2022-01-13 08:43:24,375 INFO [scheduling-4] c.n.c.e.EventConsumer [EventConsumer.java:243] 等待图片生成[cba5939b-4b8e-4e4f-bd8c-ee786408fdc4].
2022-01-13 08:43:24,877 INFO [scheduling-4] c.n.c.e.EventConsumer [EventConsumer.java:243] 等待图片生成[cba5939b-4b8e-4e4f-bd8c-ee786408fdc4].
2022-01-13 08:43:25,377 INFO [scheduling-4] c.n.c.e.EventConsumer [EventConsumer.java:243] 等待图片生成[cba5939b-4b8e-4e4f-bd8c-ee786408fdc4].
2022-01-13 08:43:25,875 INFO [scheduling-4] c.n.c.e.EventConsumer [EventConsumer.java:243] 等待图片生成[cba5939b-4b8e-4e4f-bd8c-ee786408fdc4].
2022-01-13 08:43:26,375 INFO [scheduling-4] c.n.c.e.EventConsumer [EventConsumer.java:243] 等待图片生成[cba5939b-4b8e-4e4f-bd8c-ee786408fdc4].
2022-01-13 08:43:26,876 INFO [scheduling-4] c.n.c.e.EventConsumer [EventConsumer.java:243] 等待图片生成[cba5939b-4b8e-4e4f-bd8c-ee786408fdc4].
2022-01-13 08:43:27,376 INFO [scheduling-4] c.n.c.e.EventConsumer [EventConsumer.java:243] 等待图片生成[cba5939b-4b8e-4e4f-bd8c-ee786408fdc4].
2022-01-13 08:43:27,877 INFO [scheduling-4] c.n.c.e.EventConsumer [EventConsumer.java:243] 等待图片生成[cba5939b-4b8e-4e4f-bd8c-ee786408fdc4].
2022-01-13 08:43:28,375 INFO [scheduling-4] c.n.c.e.EventConsumer [EventConsumer.java:243] 等待图片生成[cba5939b-4b8e-4e4f-bd8c-ee786408fdc4].
2022-01-13 08:43:28,877 INFO [scheduling-4] c.n.c.e.EventConsumer [EventConsumer.java:243] 等待图片生成[cba5939b-4b8e-4e4f-bd8c-ee786408fdc4].
2022-01-13 08:43:29,377 INFO [scheduling-4] c.n.c.e.EventConsumer [EventConsumer.java:243] 等待图片生成[cba5939b-4b8e-4e4f-bd8c-ee786408fdc4].
2022-01-13 08:43:29,876 INFO [scheduling-4] c.n.c.e.EventConsumer [EventConsumer.java:243] 等待图片生成[cba5939b-4b8e-4e4f-bd8c-ee786408fdc4].
2022-01-13 08:43:30,377 INFO [scheduling-4] c.n.c.e.EventConsumer [EventConsumer.java:243] 等待图片生成[cba5939b-4b8e-4e4f-bd8c-ee786408fdc4].
2022-01-13 08:43:30,876 INFO [scheduling-4] c.n.c.e.EventConsumer [EventConsumer.java:243] 等待图片生成[cba5939b-4b8e-4e4f-bd8c-ee786408fdc4].
2022-01-13 08:43:31,375 INFO [scheduling-4] c.n.c.e.EventConsumer [EventConsumer.java:243] 等待图片生成[cba5939b-4b8e-4e4f-bd8c-ee786408fdc4].
2022-01-13 08:43:31,877 INFO [scheduling-4] c.n.c.e.EventConsumer [EventConsumer.java:243] 等待图片生成[cba5939b-4b8e-4e4f-bd8c-ee786408fdc4].
2022-01-13 08:43:32,377 INFO [scheduling-4] c.n.c.e.EventConsumer [EventConsumer.java:243] 等待图片生成[cba5939b-4b8e-4e4f-bd8c-ee786408fdc4].
2022-01-13 08:43:32,875 INFO [scheduling-4] c.n.c.e.EventConsumer [EventConsumer.java:243] 等待图片生成[cba5939b-4b8e-4e4f-bd8c-ee786408fdc4].
2022-01-13 08:43:33,377 INFO [scheduling-4] c.n.c.e.EventConsumer [EventConsumer.java:243] 等待图片生成[cba5939b-4b8e-4e4f-bd8c-ee786408fdc4].
2022-01-13 08:43:33,877 INFO [scheduling-4] c.n.c.e.EventConsumer [EventConsumer.java:243] 等待图片生成[cba5939b-4b8e-4e4f-bd8c-ee786408fdc4].
2022-01-13 08:43:34,376 INFO [scheduling-4] c.n.c.e.EventConsumer [EventConsumer.java:243] 等待图片生成[cba5939b-4b8e-4e4f-bd8c-ee786408fdc4].
2022-01-13 08:43:34,875 INFO [scheduling-4] c.n.c.e.EventConsumer [EventConsumer.java:243] 等待图片生成[cba5939b-4b8e-4e4f-bd8c-ee786408fdc4].
2022-01-13 08:43:35,377 INFO [scheduling-4] c.n.c.e.EventConsumer [EventConsumer.java:243] 等待图片生成[cba5939b-4b8e-4e4f-bd8c-ee786408fdc4].
2022-01-13 08:43:35,875 INFO [scheduling-4] c.n.c.e.EventConsumer [EventConsumer.java:243] 等待图片生成[cba5939b-4b8e-4e4f-bd8c-ee786408fdc4].
2022-01-13 08:43:36,377 INFO [scheduling-4] c.n.c.e.EventConsumer [EventConsumer.java:243] 等待图片生成[cba5939b-4b8e-4e4f-bd8c-ee786408fdc4].
2022-01-13 08:43:36,877 INFO [scheduling-4] c.n.c.e.EventConsumer [EventConsumer.java:243] 等待图片生成[cba5939b-4b8e-4e4f-bd8c-ee786408fdc4].
2022-01-13 08:43:37,376 INFO [scheduling-4] c.n.c.e.EventConsumer [EventConsumer.java:243] 等待图片生成[cba5939b-4b8e-4e4f-bd8c-ee786408fdc4].
2022-01-13 08:43:37,875 INFO [scheduling-4] c.n.c.e.EventConsumer [EventConsumer.java:243] 等待图片生成[cba5939b-4b8e-4e4f-bd8c-ee786408fdc4].
2022-01-13 08:43:38,376 INFO [scheduling-4] c.n.c.e.EventConsumer [EventConsumer.java:243] 等待图片生成[cba5939b-4b8e-4e4f-bd8c-ee786408fdc4].
2022-01-13 08:43:38,875 INFO [scheduling-4] c.n.c.e.EventConsumer [EventConsumer.java:243] 等待图片生成[cba5939b-4b8e-4e4f-bd8c-ee786408fdc4].
2022-01-13 08:43:39,377 INFO [scheduling-4] c.n.c.e.EventConsumer [EventConsumer.java:243] 等待图片生成[cba5939b-4b8e-4e4f-bd8c-ee786408fdc4].
2022-01-13 08:43:39,875 INFO [scheduling-4] c.n.c.e.EventConsumer [EventConsumer.java:243] 等待图片生成[cba5939b-4b8e-4e4f-bd8c-ee786408fdc4].
2022-01-13 08:43:40,377 INFO [scheduling-4] c.n.c.e.EventConsumer [EventConsumer.java:243] 等待图片生成[cba5939b-4b8e-4e4f-bd8c-ee786408fdc4].
2022-01-13 08:43:40,877 INFO [scheduling-4] c.n.c.e.EventConsumer [EventConsumer.java:243] 等待图片生成[cba5939b-4b8e-4e4f-bd8c-ee786408fdc4].
2022-01-13 08:43:41,376 INFO [scheduling-4] c.n.c.e.EventConsumer [EventConsumer.java:243] 等待图片生成[cba5939b-4b8e-4e4f-bd8c-ee786408fdc4].
2022-01-13 08:43:41,875 INFO [scheduling-4] c.n.c.e.EventConsumer [EventConsumer.java:243] 等待图片生成[cba5939b-4b8e-4e4f-bd8c-ee786408fdc4].
2022-01-13 08:43:42,377 INFO [scheduling-4] c.n.c.e.EventConsumer [EventConsumer.java:243] 等待图片生成[cba5939b-4b8e-4e4f-bd8c-ee786408fdc4].
2022-01-13 08:43:42,876 INFO [scheduling-4] c.n.c.e.EventConsumer [EventConsumer.java:243] 等待图片生成[cba5939b-4b8e-4e4f-bd8c-ee786408fdc4].
2022-01-13 08:43:43,376 INFO [scheduling-4] c.n.c.e.EventConsumer [EventConsumer.java:243] 等待图片生成[cba5939b-4b8e-4e4f-bd8c-ee786408fdc4].
2022-01-13 08:43:43,877 INFO [scheduling-4] c.n.c.e.EventConsumer [EventConsumer.java:243] 等待图片生成[cba5939b-4b8e-4e4f-bd8c-ee786408fdc4].
2022-01-13 08:43:44,375 INFO [scheduling-4] c.n.c.e.EventConsumer [EventConsumer.java:243] 等待图片生成[cba5939b-4b8e-4e4f-bd8c-ee786408fdc4].
2022-01-13 08:43:44,877 INFO [scheduling-4] c.n.c.e.EventConsumer [EventConsumer.java:243] 等待图片生成[cba5939b-4b8e-4e4f-bd8c-ee786408fdc4].
2022-01-13 08:43:45,375 INFO [scheduling-4] c.n.c.e.EventConsumer [EventConsumer.java:243] 等待图片生成[cba5939b-4b8e-4e4f-bd8c-ee786408fdc4].
2022-01-13 08:44:07,070 INFO [http-nio-8080-exec-8] c.n.c.a.ServiceLogAspect [ServiceLogAspect.java:40] 用户[0:0:0:0:0:0:0:1],在[2022-01-13 08:44:07],访问了[com.nowcoder.community.service.DataService.recordUV].
2022-01-13 08:44:07,084 INFO [org.springframework.kafka.KafkaListenerEndpointContainer#0-0-C-1] c.n.c.e.EventConsumer [EventConsumer.java:166] 生成长图成功: d:/Programs/wkhtmltopdf/bin/wkhtmltoimage --quality 75 https://www.toutiao.com d:/data/wk-images/8f985ffb-56cc-4ee8-a6f7-c6ca0eb178f2.png
2022-01-13 08:44:07,085 INFO [scheduling-2] c.n.c.e.EventConsumer [EventConsumer.java:243] 等待图片生成[8f985ffb-56cc-4ee8-a6f7-c6ca0eb178f2].
2022-01-13 08:44:07,587 INFO [scheduling-2] c.n.c.e.EventConsumer [EventConsumer.java:243] 等待图片生成[8f985ffb-56cc-4ee8-a6f7-c6ca0eb178f2].
2022-01-13 08:44:08,085 INFO [scheduling-5] c.n.c.e.EventConsumer [EventConsumer.java:243] 等待图片生成[8f985ffb-56cc-4ee8-a6f7-c6ca0eb178f2].
2022-01-13 08:44:08,587 INFO [scheduling-5] c.n.c.e.EventConsumer [EventConsumer.java:243] 等待图片生成[8f985ffb-56cc-4ee8-a6f7-c6ca0eb178f2].
2022-01-13 08:44:09,087 INFO [scheduling-5] c.n.c.e.EventConsumer [EventConsumer.java:243] 等待图片生成[8f985ffb-56cc-4ee8-a6f7-c6ca0eb178f2].
2022-01-13 08:44:09,587 INFO [scheduling-5] c.n.c.e.EventConsumer [EventConsumer.java:243] 等待图片生成[8f985ffb-56cc-4ee8-a6f7-c6ca0eb178f2].
2022-01-13 08:44:10,087 INFO [scheduling-5] c.n.c.e.EventConsumer [EventConsumer.java:243] 等待图片生成[8f985ffb-56cc-4ee8-a6f7-c6ca0eb178f2].
2022-01-13 08:44:10,585 INFO [scheduling-5] c.n.c.e.EventConsumer [EventConsumer.java:243] 等待图片生成[8f985ffb-56cc-4ee8-a6f7-c6ca0eb178f2].
2022-01-13 08:44:11,088 INFO [scheduling-5] c.n.c.e.EventConsumer [EventConsumer.java:243] 等待图片生成[8f985ffb-56cc-4ee8-a6f7-c6ca0eb178f2].
2022-01-13 08:44:11,595 INFO [scheduling-1] c.n.c.e.EventConsumer [EventConsumer.java:243] 等待图片生成[8f985ffb-56cc-4ee8-a6f7-c6ca0eb178f2].
2022-01-13 08:44:12,085 INFO [scheduling-2] c.n.c.e.EventConsumer [EventConsumer.java:243] 等待图片生成[8f985ffb-56cc-4ee8-a6f7-c6ca0eb178f2].
2022-01-13 08:44:12,592 INFO [scheduling-3] c.n.c.e.EventConsumer [EventConsumer.java:243] 等待图片生成[8f985ffb-56cc-4ee8-a6f7-c6ca0eb178f2].
2022-01-13 08:44:13,087 INFO [scheduling-4] c.n.c.e.EventConsumer [EventConsumer.java:243] 等待图片生成[8f985ffb-56cc-4ee8-a6f7-c6ca0eb178f2].
2022-01-13 08:44:13,587 INFO [scheduling-5] c.n.c.e.EventConsumer [EventConsumer.java:243] 等待图片生成[8f985ffb-56cc-4ee8-a6f7-c6ca0eb178f2].
2022-01-13 08:44:14,085 INFO [scheduling-1] c.n.c.e.EventConsumer [EventConsumer.java:243] 等待图片生成[8f985ffb-56cc-4ee8-a6f7-c6ca0eb178f2].
2022-01-13 08:44:14,586 INFO [scheduling-1] c.n.c.e.EventConsumer [EventConsumer.java:243] 等待图片生成[8f985ffb-56cc-4ee8-a6f7-c6ca0eb178f2].
2022-01-13 08:44:15,086 INFO [scheduling-1] c.n.c.e.EventConsumer [EventConsumer.java:243] 等待图片生成[8f985ffb-56cc-4ee8-a6f7-c6ca0eb178f2].
2022-01-13 08:44:15,585 INFO [scheduling-1] c.n.c.e.EventConsumer [EventConsumer.java:243] 等待图片生成[8f985ffb-56cc-4ee8-a6f7-c6ca0eb178f2].
2022-01-13 08:44:16,087 INFO [scheduling-1] c.n.c.e.EventConsumer [EventConsumer.java:243] 等待图片生成[8f985ffb-56cc-4ee8-a6f7-c6ca0eb178f2].
2022-01-13 08:44:16,586 INFO [scheduling-1] c.n.c.e.EventConsumer [EventConsumer.java:243] 等待图片生成[8f985ffb-56cc-4ee8-a6f7-c6ca0eb178f2].
2022-01-13 08:44:17,086 INFO [scheduling-1] c.n.c.e.EventConsumer [EventConsumer.java:243] 等待图片生成[8f985ffb-56cc-4ee8-a6f7-c6ca0eb178f2].
2022-01-13 08:44:17,585 INFO [scheduling-1] c.n.c.e.EventConsumer [EventConsumer.java:243] 等待图片生成[8f985ffb-56cc-4ee8-a6f7-c6ca0eb178f2].
2022-01-13 08:44:18,087 INFO [scheduling-1] c.n.c.e.EventConsumer [EventConsumer.java:243] 等待图片生成[8f985ffb-56cc-4ee8-a6f7-c6ca0eb178f2].
2022-01-13 08:44:18,586 INFO [scheduling-1] c.n.c.e.EventConsumer [EventConsumer.java:243] 等待图片生成[8f985ffb-56cc-4ee8-a6f7-c6ca0eb178f2].
2022-01-13 08:44:19,085 INFO [scheduling-1] c.n.c.e.EventConsumer [EventConsumer.java:243] 等待图片生成[8f985ffb-56cc-4ee8-a6f7-c6ca0eb178f2].
2022-01-13 08:44:19,587 INFO [scheduling-1] c.n.c.e.EventConsumer [EventConsumer.java:243] 等待图片生成[8f985ffb-56cc-4ee8-a6f7-c6ca0eb178f2].
2022-01-13 08:44:20,087 INFO [scheduling-1] c.n.c.e.EventConsumer [EventConsumer.java:243] 等待图片生成[8f985ffb-56cc-4ee8-a6f7-c6ca0eb178f2].
2022-01-13 08:44:20,586 INFO [scheduling-1] c.n.c.e.EventConsumer [EventConsumer.java:243] 等待图片生成[8f985ffb-56cc-4ee8-a6f7-c6ca0eb178f2].
2022-01-13 08:44:21,085 INFO [scheduling-1] c.n.c.e.EventConsumer [EventConsumer.java:243] 等待图片生成[8f985ffb-56cc-4ee8-a6f7-c6ca0eb178f2].
2022-01-13 08:44:21,586 INFO [scheduling-1] c.n.c.e.EventConsumer [EventConsumer.java:243] 等待图片生成[8f985ffb-56cc-4ee8-a6f7-c6ca0eb178f2].
2022-01-13 08:44:22,087 INFO [scheduling-1] c.n.c.e.EventConsumer [EventConsumer.java:243] 等待图片生成[8f985ffb-56cc-4ee8-a6f7-c6ca0eb178f2].
2022-01-13 08:44:22,585 INFO [scheduling-1] c.n.c.e.EventConsumer [EventConsumer.java:243] 等待图片生成[8f985ffb-56cc-4ee8-a6f7-c6ca0eb178f2].
2022-01-13 08:44:23,086 INFO [scheduling-3] c.n.c.e.EventConsumer [EventConsumer.java:243] 等待图片生成[8f985ffb-56cc-4ee8-a6f7-c6ca0eb178f2].
2022-01-13 08:44:23,586 INFO [scheduling-3] c.n.c.e.EventConsumer [EventConsumer.java:243] 等待图片生成[8f985ffb-56cc-4ee8-a6f7-c6ca0eb178f2].
2022-01-13 08:44:24,086 INFO [scheduling-3] c.n.c.e.EventConsumer [EventConsumer.java:243] 等待图片生成[8f985ffb-56cc-4ee8-a6f7-c6ca0eb178f2].
2022-01-13 08:44:24,585 INFO [scheduling-3] c.n.c.e.EventConsumer [EventConsumer.java:243] 等待图片生成[8f985ffb-56cc-4ee8-a6f7-c6ca0eb178f2].
2022-01-13 08:44:25,087 INFO [scheduling-3] c.n.c.e.EventConsumer [EventConsumer.java:243] 等待图片生成[8f985ffb-56cc-4ee8-a6f7-c6ca0eb178f2].
2022-01-13 08:44:25,587 INFO [scheduling-3] c.n.c.e.EventConsumer [EventConsumer.java:243] 等待图片生成[8f985ffb-56cc-4ee8-a6f7-c6ca0eb178f2].
2022-01-13 08:44:26,085 INFO [scheduling-3] c.n.c.e.EventConsumer [EventConsumer.java:243] 等待图片生成[8f985ffb-56cc-4ee8-a6f7-c6ca0eb178f2].
2022-01-13 08:44:26,587 INFO [scheduling-2] c.n.c.e.EventConsumer [EventConsumer.java:243] 等待图片生成[8f985ffb-56cc-4ee8-a6f7-c6ca0eb178f2].
2022-01-13 08:44:27,087 INFO [scheduling-2] c.n.c.e.EventConsumer [EventConsumer.java:243] 等待图片生成[8f985ffb-56cc-4ee8-a6f7-c6ca0eb178f2].
2022-01-13 08:44:27,586 INFO [scheduling-2] c.n.c.e.EventConsumer [EventConsumer.java:243] 等待图片生成[8f985ffb-56cc-4ee8-a6f7-c6ca0eb178f2].
2022-01-13 08:44:28,087 INFO [scheduling-2] c.n.c.e.EventConsumer [EventConsumer.java:243] 等待图片生成[8f985ffb-56cc-4ee8-a6f7-c6ca0eb178f2].
2022-01-13 08:44:28,587 INFO [scheduling-2] c.n.c.e.EventConsumer [EventConsumer.java:243] 等待图片生成[8f985ffb-56cc-4ee8-a6f7-c6ca0eb178f2].
2022-01-13 08:44:29,086 INFO [scheduling-2] c.n.c.e.EventConsumer [EventConsumer.java:243] 等待图片生成[8f985ffb-56cc-4ee8-a6f7-c6ca0eb178f2].
2022-01-13 08:44:29,585 INFO [scheduling-2] c.n.c.e.EventConsumer [EventConsumer.java:243] 等待图片生成[8f985ffb-56cc-4ee8-a6f7-c6ca0eb178f2].
2022-01-13 08:44:30,087 INFO [scheduling-2] c.n.c.e.EventConsumer [EventConsumer.java:243] 等待图片生成[8f985ffb-56cc-4ee8-a6f7-c6ca0eb178f2].
2022-01-13 08:44:30,586 INFO [scheduling-2] c.n.c.e.EventConsumer [EventConsumer.java:243] 等待图片生成[8f985ffb-56cc-4ee8-a6f7-c6ca0eb178f2].
2022-01-13 08:44:31,085 INFO [scheduling-2] c.n.c.e.EventConsumer [EventConsumer.java:243] 等待图片生成[8f985ffb-56cc-4ee8-a6f7-c6ca0eb178f2].
2022-01-13 08:44:31,587 INFO [scheduling-2] c.n.c.e.EventConsumer [EventConsumer.java:243] 等待图片生成[8f985ffb-56cc-4ee8-a6f7-c6ca0eb178f2].
2022-01-13 08:44:32,086 INFO [scheduling-2] c.n.c.e.EventConsumer [EventConsumer.java:243] 等待图片生成[8f985ffb-56cc-4ee8-a6f7-c6ca0eb178f2].
2022-01-13 08:44:32,587 INFO [scheduling-2] c.n.c.e.EventConsumer [EventConsumer.java:243] 等待图片生成[8f985ffb-56cc-4ee8-a6f7-c6ca0eb178f2].
2022-01-13 08:44:33,085 INFO [scheduling-2] c.n.c.e.EventConsumer [EventConsumer.java:243] 等待图片生成[8f985ffb-56cc-4ee8-a6f7-c6ca0eb178f2].
2022-01-13 08:44:33,587 INFO [scheduling-2] c.n.c.e.EventConsumer [EventConsumer.java:243] 等待图片生成[8f985ffb-56cc-4ee8-a6f7-c6ca0eb178f2].
2022-01-13 08:44:34,087 INFO [scheduling-2] c.n.c.e.EventConsumer [EventConsumer.java:243] 等待图片生成[8f985ffb-56cc-4ee8-a6f7-c6ca0eb178f2].
2022-01-13 08:44:34,585 INFO [scheduling-2] c.n.c.e.EventConsumer [EventConsumer.java:243] 等待图片生成[8f985ffb-56cc-4ee8-a6f7-c6ca0eb178f2].
2022-01-13 08:44:35,085 INFO [scheduling-2] c.n.c.e.EventConsumer [EventConsumer.java:243] 等待图片生成[8f985ffb-56cc-4ee8-a6f7-c6ca0eb178f2].
2022-01-13 08:44:35,587 INFO [scheduling-2] c.n.c.e.EventConsumer [EventConsumer.java:243] 等待图片生成[8f985ffb-56cc-4ee8-a6f7-c6ca0eb178f2].
2022-01-13 08:44:36,087 INFO [scheduling-2] c.n.c.e.EventConsumer [EventConsumer.java:243] 等待图片生成[8f985ffb-56cc-4ee8-a6f7-c6ca0eb178f2].
2022-01-13 08:44:36,585 INFO [scheduling-2] c.n.c.e.EventConsumer [EventConsumer.java:243] 等待图片生成[8f985ffb-56cc-4ee8-a6f7-c6ca0eb178f2].
