2021-06-24 16:50:26,013 INFO [main] c.n.c.RedisTests [StartupInfoLogger.java:50] Starting RedisTests on Lenovo-PC with PID 15988 (started by Noahs_Ark in D:\CSLearning\ideaProjects\community)
2021-06-24 16:50:26,073 INFO [main] c.n.c.RedisTests [SpringApplication.java:675] No active profile set, falling back to default profiles: default
2021-06-24 16:50:28,205 INFO [main] o.s.d.r.c.RepositoryConfigurationDelegate [RepositoryConfigurationDelegate.java:244] Multiple Spring Data modules found, entering strict repository configuration mode!
2021-06-24 16:50:28,210 INFO [main] o.s.d.r.c.RepositoryConfigurationDelegate [RepositoryConfigurationDelegate.java:126] Bootstrapping Spring Data repositories in DEFAULT mode.
2021-06-24 16:50:28,253 INFO [main] o.s.d.r.c.RepositoryConfigurationDelegate [RepositoryConfigurationDelegate.java:182] Finished Spring Data repository scanning in 22ms. Found 0 repository interfaces.
2021-06-24 16:50:29,135 INFO [main] o.s.c.s.PostProcessorRegistrationDelegate$BeanPostProcessorChecker [PostProcessorRegistrationDelegate.java:330] Bean 'org.springframework.transaction.annotation.ProxyTransactionManagementConfiguration' of type [org.springframework.transaction.annotation.ProxyTransactionManagementConfiguration$$EnhancerBySpringCGLIB$$de204afd] is not eligible for getting processed by all BeanPostProcessors (for example: not eligible for auto-proxying)
2021-06-24 16:50:32,611 INFO [main] o.s.s.c.ThreadPoolTaskExecutor [ExecutorConfigurationSupport.java:171] Initializing ExecutorService 'applicationTaskExecutor'
2021-06-24 16:50:32,926 INFO [main] o.s.b.a.w.s.WelcomePageHandlerMapping [WelcomePageHandlerMapping.java:61] Adding welcome page template: index
2021-06-24 16:50:33,644 INFO [main] c.n.c.RedisTests [StartupInfoLogger.java:59] Started RedisTests in 9.291 seconds (JVM running for 11.65)
2021-06-24 16:50:34,568 INFO [main] i.l.c.EpollProvider [EpollProvider.java:68] Starting without optional epoll library
2021-06-24 16:50:34,569 INFO [main] i.l.c.KqueueProvider [KqueueProvider.java:70] Starting without optional kqueue library
2021-06-24 16:50:35,799 INFO [Thread-2] o.s.s.c.ThreadPoolTaskExecutor [ExecutorConfigurationSupport.java:208] Shutting down ExecutorService 'applicationTaskExecutor'
2021-06-24 16:56:11,176 INFO [main] c.n.c.RedisTests [StartupInfoLogger.java:50] Starting RedisTests on Lenovo-PC with PID 15164 (started by Noahs_Ark in D:\CSLearning\ideaProjects\community)
2021-06-24 16:56:11,178 INFO [main] c.n.c.RedisTests [SpringApplication.java:675] No active profile set, falling back to default profiles: default
2021-06-24 16:56:13,595 INFO [main] o.s.d.r.c.RepositoryConfigurationDelegate [RepositoryConfigurationDelegate.java:244] Multiple Spring Data modules found, entering strict repository configuration mode!
2021-06-24 16:56:13,602 INFO [main] o.s.d.r.c.RepositoryConfigurationDelegate [RepositoryConfigurationDelegate.java:126] Bootstrapping Spring Data repositories in DEFAULT mode.
2021-06-24 16:56:13,676 INFO [main] o.s.d.r.c.RepositoryConfigurationDelegate [RepositoryConfigurationDelegate.java:182] Finished Spring Data repository scanning in 42ms. Found 0 repository interfaces.
2021-06-24 16:56:14,459 INFO [main] o.s.c.s.PostProcessorRegistrationDelegate$BeanPostProcessorChecker [PostProcessorRegistrationDelegate.java:330] Bean 'org.springframework.transaction.annotation.ProxyTransactionManagementConfiguration' of type [org.springframework.transaction.annotation.ProxyTransactionManagementConfiguration$$EnhancerBySpringCGLIB$$c0b510da] is not eligible for getting processed by all BeanPostProcessors (for example: not eligible for auto-proxying)
2021-06-24 16:56:17,803 INFO [main] o.s.s.c.ThreadPoolTaskExecutor [ExecutorConfigurationSupport.java:171] Initializing ExecutorService 'applicationTaskExecutor'
2021-06-24 16:56:18,112 INFO [main] o.s.b.a.w.s.WelcomePageHandlerMapping [WelcomePageHandlerMapping.java:61] Adding welcome page template: index
2021-06-24 16:56:19,075 INFO [main] c.n.c.RedisTests [StartupInfoLogger.java:59] Started RedisTests in 8.937 seconds (JVM running for 10.61)
2021-06-24 16:56:19,958 INFO [main] i.l.c.EpollProvider [EpollProvider.java:68] Starting without optional epoll library
2021-06-24 16:56:19,960 INFO [main] i.l.c.KqueueProvider [KqueueProvider.java:70] Starting without optional kqueue library
2021-06-24 16:56:21,687 INFO [Thread-2] o.s.s.c.ThreadPoolTaskExecutor [ExecutorConfigurationSupport.java:208] Shutting down ExecutorService 'applicationTaskExecutor'
2021-06-24 17:06:56,628 INFO [main] c.n.c.RedisTests [StartupInfoLogger.java:50] Starting RedisTests on Lenovo-PC with PID 12400 (started by Noahs_Ark in D:\CSLearning\ideaProjects\community)
2021-06-24 17:06:56,632 INFO [main] c.n.c.RedisTests [SpringApplication.java:675] No active profile set, falling back to default profiles: default
2021-06-24 17:06:59,917 INFO [main] o.s.d.r.c.RepositoryConfigurationDelegate [RepositoryConfigurationDelegate.java:244] Multiple Spring Data modules found, entering strict repository configuration mode!
2021-06-24 17:06:59,923 INFO [main] o.s.d.r.c.RepositoryConfigurationDelegate [RepositoryConfigurationDelegate.java:126] Bootstrapping Spring Data repositories in DEFAULT mode.
2021-06-24 17:07:00,098 INFO [main] o.s.d.r.c.RepositoryConfigurationDelegate [RepositoryConfigurationDelegate.java:182] Finished Spring Data repository scanning in 123ms. Found 0 repository interfaces.
2021-06-24 17:07:01,784 INFO [main] o.s.c.s.PostProcessorRegistrationDelegate$BeanPostProcessorChecker [PostProcessorRegistrationDelegate.java:330] Bean 'org.springframework.transaction.annotation.ProxyTransactionManagementConfiguration' of type [org.springframework.transaction.annotation.ProxyTransactionManagementConfiguration$$EnhancerBySpringCGLIB$$ec1d6b89] is not eligible for getting processed by all BeanPostProcessors (for example: not eligible for auto-proxying)
2021-06-24 17:07:07,483 INFO [main] o.s.s.c.ThreadPoolTaskExecutor [ExecutorConfigurationSupport.java:171] Initializing ExecutorService 'applicationTaskExecutor'
2021-06-24 17:07:07,794 INFO [main] o.s.b.a.w.s.WelcomePageHandlerMapping [WelcomePageHandlerMapping.java:61] Adding welcome page template: index
2021-06-24 17:07:08,456 INFO [main] c.n.c.RedisTests [StartupInfoLogger.java:59] Started RedisTests in 12.885 seconds (JVM running for 14.686)
2021-06-24 17:07:09,344 INFO [main] i.l.c.EpollProvider [EpollProvider.java:68] Starting without optional epoll library
2021-06-24 17:07:09,352 INFO [main] i.l.c.KqueueProvider [KqueueProvider.java:70] Starting without optional kqueue library
2021-06-24 17:07:10,635 INFO [Thread-2] o.s.s.c.ThreadPoolTaskExecutor [ExecutorConfigurationSupport.java:208] Shutting down ExecutorService 'applicationTaskExecutor'
