2021-10-12 21:43:53,131 INFO [restartedMain] c.n.c.CommunityApplication [StartupInfoLogger.java:50] Starting CommunityApplication on Lenovo-PC with PID 12440 (D:\CSLearning\ideaProjects\community\target\classes started by Noahs_Ark in D:\CSLearning\ideaProjects\community)
2021-10-12 21:43:53,138 INFO [restartedMain] c.n.c.CommunityApplication [SpringApplication.java:675] No active profile set, falling back to default profiles: default
2021-10-12 21:43:53,201 INFO [restartedMain] o.s.b.d.e.DevToolsPropertyDefaultsPostProcessor [DeferredLog.java:227] Devtools property defaults active! Set 'spring.devtools.add-properties' to 'false' to disable
2021-10-12 21:43:53,201 INFO [restartedMain] o.s.b.d.e.DevToolsPropertyDefaultsPostProcessor [DeferredLog.java:227] For additional web related logging consider setting the 'logging.level.web' property to 'DEBUG'
2021-10-12 21:43:54,012 INFO [restartedMain] o.s.d.r.c.RepositoryConfigurationDelegate [RepositoryConfigurationDelegate.java:244] Multiple Spring Data modules found, entering strict repository configuration mode!
2021-10-12 21:43:54,015 INFO [restartedMain] o.s.d.r.c.RepositoryConfigurationDelegate [RepositoryConfigurationDelegate.java:126] Bootstrapping Spring Data repositories in DEFAULT mode.
2021-10-12 21:43:54,047 INFO [restartedMain] o.s.d.r.c.RepositoryConfigurationDelegate [RepositoryConfigurationDelegate.java:182] Finished Spring Data repository scanning in 12ms. Found 0 repository interfaces.
2021-10-12 21:43:54,411 INFO [restartedMain] o.s.c.s.PostProcessorRegistrationDelegate$BeanPostProcessorChecker [PostProcessorRegistrationDelegate.java:330] Bean 'org.springframework.transaction.annotation.ProxyTransactionManagementConfiguration' of type [org.springframework.transaction.annotation.ProxyTransactionManagementConfiguration$$EnhancerBySpringCGLIB$$62477491] is not eligible for getting processed by all BeanPostProcessors (for example: not eligible for auto-proxying)
2021-10-12 21:43:54,827 INFO [restartedMain] o.s.b.w.e.t.TomcatWebServer [TomcatWebServer.java:90] Tomcat initialized with port(s): 8080 (http)
2021-10-12 21:43:54,840 INFO [restartedMain] o.a.c.h.Http11NioProtocol [DirectJDKLog.java:173] Initializing ProtocolHandler ["http-nio-8080"]
2021-10-12 21:43:54,849 INFO [restartedMain] o.a.c.c.StandardService [DirectJDKLog.java:173] Starting service [Tomcat]
2021-10-12 21:43:54,849 INFO [restartedMain] o.a.c.c.StandardEngine [DirectJDKLog.java:173] Starting Servlet engine: [Apache Tomcat/9.0.19]
2021-10-12 21:43:54,945 INFO [restartedMain] o.a.c.c.C.[.[.[/community] [DirectJDKLog.java:173] Initializing Spring embedded WebApplicationContext
2021-10-12 21:43:54,946 INFO [restartedMain] o.s.w.c.ContextLoader [ServletWebServerApplicationContext.java:296] Root WebApplicationContext: initialization completed in 1744 ms
2021-10-12 21:43:55,971 INFO [restartedMain] o.s.s.c.ThreadPoolTaskExecutor [ExecutorConfigurationSupport.java:171] Initializing ExecutorService 'applicationTaskExecutor'
2021-10-12 21:43:56,087 INFO [restartedMain] o.s.b.a.w.s.WelcomePageHandlerMapping [WelcomePageHandlerMapping.java:61] Adding welcome page template: index
2021-10-12 21:43:56,368 INFO [restartedMain] o.s.b.d.a.OptionalLiveReloadServer [OptionalLiveReloadServer.java:57] LiveReload server is running on port 35729
2021-10-12 21:43:56,409 INFO [restartedMain] o.a.c.h.Http11NioProtocol [DirectJDKLog.java:173] Starting ProtocolHandler ["http-nio-8080"]
2021-10-12 21:43:56,432 INFO [restartedMain] o.s.b.w.e.t.TomcatWebServer [TomcatWebServer.java:204] Tomcat started on port(s): 8080 (http) with context path '/community'
2021-10-12 21:43:56,435 INFO [restartedMain] c.n.c.CommunityApplication [StartupInfoLogger.java:59] Started CommunityApplication in 3.955 seconds (JVM running for 5.746)
2021-10-12 21:44:20,895 INFO [http-nio-8080-exec-1] o.a.c.c.C.[.[.[/community] [DirectJDKLog.java:173] Initializing Spring DispatcherServlet 'dispatcherServlet'
2021-10-12 21:44:20,896 INFO [http-nio-8080-exec-1] o.s.w.s.DispatcherServlet [FrameworkServlet.java:524] Initializing Servlet 'dispatcherServlet'
2021-10-12 21:44:20,913 INFO [http-nio-8080-exec-1] o.s.w.s.DispatcherServlet [FrameworkServlet.java:546] Completed initialization in 17 ms
2021-10-12 21:44:20,947 INFO [http-nio-8080-exec-1] c.n.c.a.ServiceLogAspect [ServiceLogAspect.java:37] 用户[0:0:0:0:0:0:0:1],在[2021-10-12 21:44:20],访问了[com.nowcoder.community.service.DiscussPostService.findDiscussPostRows].
2021-10-12 21:44:20,977 INFO [http-nio-8080-exec-1] c.z.h.HikariDataSource [HikariDataSource.java:110] HikariPool-1 - Starting...
2021-10-12 21:44:21,106 INFO [http-nio-8080-exec-1] c.z.h.HikariDataSource [HikariDataSource.java:123] HikariPool-1 - Start completed.
2021-10-12 21:44:21,156 INFO [http-nio-8080-exec-1] c.n.c.a.ServiceLogAspect [ServiceLogAspect.java:37] 用户[0:0:0:0:0:0:0:1],在[2021-10-12 21:44:21],访问了[com.nowcoder.community.service.DiscussPostService.findDiscussPosts].
2021-10-12 21:44:21,167 INFO [http-nio-8080-exec-1] c.n.c.a.ServiceLogAspect [ServiceLogAspect.java:37] 用户[0:0:0:0:0:0:0:1],在[2021-10-12 21:44:21],访问了[com.nowcoder.community.service.UserService.findUserById].
2021-10-12 21:44:21,185 INFO [http-nio-8080-exec-1] c.n.c.a.ServiceLogAspect [ServiceLogAspect.java:37] 用户[0:0:0:0:0:0:0:1],在[2021-10-12 21:44:21],访问了[com.nowcoder.community.service.LikeService.findEntityLikeCount].
2021-10-12 21:44:21,306 INFO [http-nio-8080-exec-1] i.l.c.EpollProvider [EpollProvider.java:68] Starting without optional epoll library
2021-10-12 21:44:21,307 INFO [http-nio-8080-exec-1] i.l.c.KqueueProvider [KqueueProvider.java:70] Starting without optional kqueue library
2021-10-12 21:44:21,939 INFO [http-nio-8080-exec-1] c.n.c.a.ServiceLogAspect [ServiceLogAspect.java:37] 用户[0:0:0:0:0:0:0:1],在[2021-10-12 21:44:21],访问了[com.nowcoder.community.service.UserService.findUserById].
2021-10-12 21:44:21,943 INFO [http-nio-8080-exec-1] c.n.c.a.ServiceLogAspect [ServiceLogAspect.java:37] 用户[0:0:0:0:0:0:0:1],在[2021-10-12 21:44:21],访问了[com.nowcoder.community.service.LikeService.findEntityLikeCount].
2021-10-12 21:44:21,945 INFO [http-nio-8080-exec-1] c.n.c.a.ServiceLogAspect [ServiceLogAspect.java:37] 用户[0:0:0:0:0:0:0:1],在[2021-10-12 21:44:21],访问了[com.nowcoder.community.service.UserService.findUserById].
2021-10-12 21:44:21,947 INFO [http-nio-8080-exec-1] c.n.c.a.ServiceLogAspect [ServiceLogAspect.java:37] 用户[0:0:0:0:0:0:0:1],在[2021-10-12 21:44:21],访问了[com.nowcoder.community.service.LikeService.findEntityLikeCount].
2021-10-12 21:44:21,949 INFO [http-nio-8080-exec-1] c.n.c.a.ServiceLogAspect [ServiceLogAspect.java:37] 用户[0:0:0:0:0:0:0:1],在[2021-10-12 21:44:21],访问了[com.nowcoder.community.service.UserService.findUserById].
2021-10-12 21:44:21,952 INFO [http-nio-8080-exec-1] c.n.c.a.ServiceLogAspect [ServiceLogAspect.java:37] 用户[0:0:0:0:0:0:0:1],在[2021-10-12 21:44:21],访问了[com.nowcoder.community.service.LikeService.findEntityLikeCount].
2021-10-12 21:44:21,954 INFO [http-nio-8080-exec-1] c.n.c.a.ServiceLogAspect [ServiceLogAspect.java:37] 用户[0:0:0:0:0:0:0:1],在[2021-10-12 21:44:21],访问了[com.nowcoder.community.service.UserService.findUserById].
2021-10-12 21:44:21,957 INFO [http-nio-8080-exec-1] c.n.c.a.ServiceLogAspect [ServiceLogAspect.java:37] 用户[0:0:0:0:0:0:0:1],在[2021-10-12 21:44:21],访问了[com.nowcoder.community.service.LikeService.findEntityLikeCount].
2021-10-12 21:44:21,958 INFO [http-nio-8080-exec-1] c.n.c.a.ServiceLogAspect [ServiceLogAspect.java:37] 用户[0:0:0:0:0:0:0:1],在[2021-10-12 21:44:21],访问了[com.nowcoder.community.service.UserService.findUserById].
2021-10-12 21:44:21,961 INFO [http-nio-8080-exec-1] c.n.c.a.ServiceLogAspect [ServiceLogAspect.java:37] 用户[0:0:0:0:0:0:0:1],在[2021-10-12 21:44:21],访问了[com.nowcoder.community.service.LikeService.findEntityLikeCount].
2021-10-12 21:44:21,963 INFO [http-nio-8080-exec-1] c.n.c.a.ServiceLogAspect [ServiceLogAspect.java:37] 用户[0:0:0:0:0:0:0:1],在[2021-10-12 21:44:21],访问了[com.nowcoder.community.service.UserService.findUserById].
2021-10-12 21:44:21,967 INFO [http-nio-8080-exec-1] c.n.c.a.ServiceLogAspect [ServiceLogAspect.java:37] 用户[0:0:0:0:0:0:0:1],在[2021-10-12 21:44:21],访问了[com.nowcoder.community.service.LikeService.findEntityLikeCount].
2021-10-12 21:44:21,969 INFO [http-nio-8080-exec-1] c.n.c.a.ServiceLogAspect [ServiceLogAspect.java:37] 用户[0:0:0:0:0:0:0:1],在[2021-10-12 21:44:21],访问了[com.nowcoder.community.service.UserService.findUserById].
2021-10-12 21:44:21,972 INFO [http-nio-8080-exec-1] c.n.c.a.ServiceLogAspect [ServiceLogAspect.java:37] 用户[0:0:0:0:0:0:0:1],在[2021-10-12 21:44:21],访问了[com.nowcoder.community.service.LikeService.findEntityLikeCount].
2021-10-12 21:44:21,973 INFO [http-nio-8080-exec-1] c.n.c.a.ServiceLogAspect [ServiceLogAspect.java:37] 用户[0:0:0:0:0:0:0:1],在[2021-10-12 21:44:21],访问了[com.nowcoder.community.service.UserService.findUserById].
2021-10-12 21:44:21,976 INFO [http-nio-8080-exec-1] c.n.c.a.ServiceLogAspect [ServiceLogAspect.java:37] 用户[0:0:0:0:0:0:0:1],在[2021-10-12 21:44:21],访问了[com.nowcoder.community.service.LikeService.findEntityLikeCount].
2021-10-12 21:44:21,978 INFO [http-nio-8080-exec-1] c.n.c.a.ServiceLogAspect [ServiceLogAspect.java:37] 用户[0:0:0:0:0:0:0:1],在[2021-10-12 21:44:21],访问了[com.nowcoder.community.service.UserService.findUserById].
2021-10-12 21:44:21,980 INFO [http-nio-8080-exec-1] c.n.c.a.ServiceLogAspect [ServiceLogAspect.java:37] 用户[0:0:0:0:0:0:0:1],在[2021-10-12 21:44:21],访问了[com.nowcoder.community.service.LikeService.findEntityLikeCount].
2021-10-12 21:44:37,582 INFO [http-nio-8080-exec-6] c.n.c.a.ServiceLogAspect [ServiceLogAspect.java:37] 用户[0:0:0:0:0:0:0:1],在[2021-10-12 21:44:37],访问了[com.nowcoder.community.service.DiscussPostService.findDiscussPostRows].
2021-10-12 21:44:37,587 INFO [http-nio-8080-exec-6] c.n.c.a.ServiceLogAspect [ServiceLogAspect.java:37] 用户[0:0:0:0:0:0:0:1],在[2021-10-12 21:44:37],访问了[com.nowcoder.community.service.DiscussPostService.findDiscussPosts].
2021-10-12 21:44:37,594 INFO [http-nio-8080-exec-6] c.n.c.a.ServiceLogAspect [ServiceLogAspect.java:37] 用户[0:0:0:0:0:0:0:1],在[2021-10-12 21:44:37],访问了[com.nowcoder.community.service.UserService.findUserById].
2021-10-12 21:44:37,598 INFO [http-nio-8080-exec-6] c.n.c.a.ServiceLogAspect [ServiceLogAspect.java:37] 用户[0:0:0:0:0:0:0:1],在[2021-10-12 21:44:37],访问了[com.nowcoder.community.service.LikeService.findEntityLikeCount].
2021-10-12 21:44:37,600 INFO [http-nio-8080-exec-6] c.n.c.a.ServiceLogAspect [ServiceLogAspect.java:37] 用户[0:0:0:0:0:0:0:1],在[2021-10-12 21:44:37],访问了[com.nowcoder.community.service.UserService.findUserById].
2021-10-12 21:44:37,605 INFO [http-nio-8080-exec-6] c.n.c.a.ServiceLogAspect [ServiceLogAspect.java:37] 用户[0:0:0:0:0:0:0:1],在[2021-10-12 21:44:37],访问了[com.nowcoder.community.service.LikeService.findEntityLikeCount].
2021-10-12 21:44:37,606 INFO [http-nio-8080-exec-6] c.n.c.a.ServiceLogAspect [ServiceLogAspect.java:37] 用户[0:0:0:0:0:0:0:1],在[2021-10-12 21:44:37],访问了[com.nowcoder.community.service.UserService.findUserById].
2021-10-12 21:44:37,609 INFO [http-nio-8080-exec-6] c.n.c.a.ServiceLogAspect [ServiceLogAspect.java:37] 用户[0:0:0:0:0:0:0:1],在[2021-10-12 21:44:37],访问了[com.nowcoder.community.service.LikeService.findEntityLikeCount].
2021-10-12 21:44:37,610 INFO [http-nio-8080-exec-6] c.n.c.a.ServiceLogAspect [ServiceLogAspect.java:37] 用户[0:0:0:0:0:0:0:1],在[2021-10-12 21:44:37],访问了[com.nowcoder.community.service.UserService.findUserById].
2021-10-12 21:44:37,613 INFO [http-nio-8080-exec-6] c.n.c.a.ServiceLogAspect [ServiceLogAspect.java:37] 用户[0:0:0:0:0:0:0:1],在[2021-10-12 21:44:37],访问了[com.nowcoder.community.service.LikeService.findEntityLikeCount].
2021-10-12 21:44:37,615 INFO [http-nio-8080-exec-6] c.n.c.a.ServiceLogAspect [ServiceLogAspect.java:37] 用户[0:0:0:0:0:0:0:1],在[2021-10-12 21:44:37],访问了[com.nowcoder.community.service.UserService.findUserById].
2021-10-12 21:44:37,620 INFO [http-nio-8080-exec-6] c.n.c.a.ServiceLogAspect [ServiceLogAspect.java:37] 用户[0:0:0:0:0:0:0:1],在[2021-10-12 21:44:37],访问了[com.nowcoder.community.service.LikeService.findEntityLikeCount].
2021-10-12 21:44:37,621 INFO [http-nio-8080-exec-6] c.n.c.a.ServiceLogAspect [ServiceLogAspect.java:37] 用户[0:0:0:0:0:0:0:1],在[2021-10-12 21:44:37],访问了[com.nowcoder.community.service.UserService.findUserById].
2021-10-12 21:44:37,626 INFO [http-nio-8080-exec-6] c.n.c.a.ServiceLogAspect [ServiceLogAspect.java:37] 用户[0:0:0:0:0:0:0:1],在[2021-10-12 21:44:37],访问了[com.nowcoder.community.service.LikeService.findEntityLikeCount].
2021-10-12 21:44:37,628 INFO [http-nio-8080-exec-6] c.n.c.a.ServiceLogAspect [ServiceLogAspect.java:37] 用户[0:0:0:0:0:0:0:1],在[2021-10-12 21:44:37],访问了[com.nowcoder.community.service.UserService.findUserById].
2021-10-12 21:44:37,630 INFO [http-nio-8080-exec-6] c.n.c.a.ServiceLogAspect [ServiceLogAspect.java:37] 用户[0:0:0:0:0:0:0:1],在[2021-10-12 21:44:37],访问了[com.nowcoder.community.service.LikeService.findEntityLikeCount].
2021-10-12 21:44:37,632 INFO [http-nio-8080-exec-6] c.n.c.a.ServiceLogAspect [ServiceLogAspect.java:37] 用户[0:0:0:0:0:0:0:1],在[2021-10-12 21:44:37],访问了[com.nowcoder.community.service.UserService.findUserById].
2021-10-12 21:44:37,636 INFO [http-nio-8080-exec-6] c.n.c.a.ServiceLogAspect [ServiceLogAspect.java:37] 用户[0:0:0:0:0:0:0:1],在[2021-10-12 21:44:37],访问了[com.nowcoder.community.service.LikeService.findEntityLikeCount].
2021-10-12 21:44:37,638 INFO [http-nio-8080-exec-6] c.n.c.a.ServiceLogAspect [ServiceLogAspect.java:37] 用户[0:0:0:0:0:0:0:1],在[2021-10-12 21:44:37],访问了[com.nowcoder.community.service.UserService.findUserById].
2021-10-12 21:44:37,641 INFO [http-nio-8080-exec-6] c.n.c.a.ServiceLogAspect [ServiceLogAspect.java:37] 用户[0:0:0:0:0:0:0:1],在[2021-10-12 21:44:37],访问了[com.nowcoder.community.service.LikeService.findEntityLikeCount].
2021-10-12 21:44:37,642 INFO [http-nio-8080-exec-6] c.n.c.a.ServiceLogAspect [ServiceLogAspect.java:37] 用户[0:0:0:0:0:0:0:1],在[2021-10-12 21:44:37],访问了[com.nowcoder.community.service.UserService.findUserById].
2021-10-12 21:44:37,645 INFO [http-nio-8080-exec-6] c.n.c.a.ServiceLogAspect [ServiceLogAspect.java:37] 用户[0:0:0:0:0:0:0:1],在[2021-10-12 21:44:37],访问了[com.nowcoder.community.service.LikeService.findEntityLikeCount].
2021-10-12 21:44:42,666 INFO [http-nio-8080-exec-1] c.n.c.a.ServiceLogAspect [ServiceLogAspect.java:37] 用户[0:0:0:0:0:0:0:1],在[2021-10-12 21:44:42],访问了[com.nowcoder.community.service.DiscussPostService.findDiscussPostById].
2021-10-12 21:44:42,670 INFO [http-nio-8080-exec-1] c.n.c.a.ServiceLogAspect [ServiceLogAspect.java:37] 用户[0:0:0:0:0:0:0:1],在[2021-10-12 21:44:42],访问了[com.nowcoder.community.service.UserService.findUserById].
2021-10-12 21:44:42,672 INFO [http-nio-8080-exec-1] c.n.c.a.ServiceLogAspect [ServiceLogAspect.java:37] 用户[0:0:0:0:0:0:0:1],在[2021-10-12 21:44:42],访问了[com.nowcoder.community.service.LikeService.findEntityLikeCount].
2021-10-12 21:44:42,674 INFO [http-nio-8080-exec-1] c.n.c.a.ServiceLogAspect [ServiceLogAspect.java:37] 用户[0:0:0:0:0:0:0:1],在[2021-10-12 21:44:42],访问了[com.nowcoder.community.service.CommentService.findCommentsByEntity].
2021-10-12 21:44:42,692 INFO [http-nio-8080-exec-1] c.n.c.a.ServiceLogAspect [ServiceLogAspect.java:37] 用户[0:0:0:0:0:0:0:1],在[2021-10-12 21:44:42],访问了[com.nowcoder.community.service.UserService.findUserById].
2021-10-12 21:44:42,695 INFO [http-nio-8080-exec-1] c.n.c.a.ServiceLogAspect [ServiceLogAspect.java:37] 用户[0:0:0:0:0:0:0:1],在[2021-10-12 21:44:42],访问了[com.nowcoder.community.service.LikeService.findEntityLikeCount].
2021-10-12 21:44:42,698 INFO [http-nio-8080-exec-1] c.n.c.a.ServiceLogAspect [ServiceLogAspect.java:37] 用户[0:0:0:0:0:0:0:1],在[2021-10-12 21:44:42],访问了[com.nowcoder.community.service.CommentService.findCommentsByEntity].
2021-10-12 21:44:42,701 INFO [http-nio-8080-exec-1] c.n.c.a.ServiceLogAspect [ServiceLogAspect.java:37] 用户[0:0:0:0:0:0:0:1],在[2021-10-12 21:44:42],访问了[com.nowcoder.community.service.UserService.findUserById].
2021-10-12 21:44:42,703 INFO [http-nio-8080-exec-1] c.n.c.a.ServiceLogAspect [ServiceLogAspect.java:37] 用户[0:0:0:0:0:0:0:1],在[2021-10-12 21:44:42],访问了[com.nowcoder.community.service.LikeService.findEntityLikeCount].
2021-10-12 21:44:42,705 INFO [http-nio-8080-exec-1] c.n.c.a.ServiceLogAspect [ServiceLogAspect.java:37] 用户[0:0:0:0:0:0:0:1],在[2021-10-12 21:44:42],访问了[com.nowcoder.community.service.UserService.findUserById].
2021-10-12 21:44:42,707 INFO [http-nio-8080-exec-1] c.n.c.a.ServiceLogAspect [ServiceLogAspect.java:37] 用户[0:0:0:0:0:0:0:1],在[2021-10-12 21:44:42],访问了[com.nowcoder.community.service.UserService.findUserById].
2021-10-12 21:44:42,710 INFO [http-nio-8080-exec-1] c.n.c.a.ServiceLogAspect [ServiceLogAspect.java:37] 用户[0:0:0:0:0:0:0:1],在[2021-10-12 21:44:42],访问了[com.nowcoder.community.service.LikeService.findEntityLikeCount].
2021-10-12 21:44:42,712 INFO [http-nio-8080-exec-1] c.n.c.a.ServiceLogAspect [ServiceLogAspect.java:37] 用户[0:0:0:0:0:0:0:1],在[2021-10-12 21:44:42],访问了[com.nowcoder.community.service.UserService.findUserById].
2021-10-12 21:44:42,715 INFO [http-nio-8080-exec-1] c.n.c.a.ServiceLogAspect [ServiceLogAspect.java:37] 用户[0:0:0:0:0:0:0:1],在[2021-10-12 21:44:42],访问了[com.nowcoder.community.service.UserService.findUserById].
2021-10-12 21:44:42,717 INFO [http-nio-8080-exec-1] c.n.c.a.ServiceLogAspect [ServiceLogAspect.java:37] 用户[0:0:0:0:0:0:0:1],在[2021-10-12 21:44:42],访问了[com.nowcoder.community.service.LikeService.findEntityLikeCount].
2021-10-12 21:44:42,718 INFO [http-nio-8080-exec-1] c.n.c.a.ServiceLogAspect [ServiceLogAspect.java:37] 用户[0:0:0:0:0:0:0:1],在[2021-10-12 21:44:42],访问了[com.nowcoder.community.service.UserService.findUserById].
2021-10-12 21:44:42,720 INFO [http-nio-8080-exec-1] c.n.c.a.ServiceLogAspect [ServiceLogAspect.java:37] 用户[0:0:0:0:0:0:0:1],在[2021-10-12 21:44:42],访问了[com.nowcoder.community.service.UserService.findUserById].
2021-10-12 21:44:42,722 INFO [http-nio-8080-exec-1] c.n.c.a.ServiceLogAspect [ServiceLogAspect.java:37] 用户[0:0:0:0:0:0:0:1],在[2021-10-12 21:44:42],访问了[com.nowcoder.community.service.LikeService.findEntityLikeCount].
2021-10-12 21:44:42,724 INFO [http-nio-8080-exec-1] c.n.c.a.ServiceLogAspect [ServiceLogAspect.java:37] 用户[0:0:0:0:0:0:0:1],在[2021-10-12 21:44:42],访问了[com.nowcoder.community.service.CommentService.findCommentCount].
2021-10-12 21:44:42,726 INFO [http-nio-8080-exec-1] c.n.c.a.ServiceLogAspect [ServiceLogAspect.java:37] 用户[0:0:0:0:0:0:0:1],在[2021-10-12 21:44:42],访问了[com.nowcoder.community.service.UserService.findUserById].
2021-10-12 21:44:42,729 INFO [http-nio-8080-exec-1] c.n.c.a.ServiceLogAspect [ServiceLogAspect.java:37] 用户[0:0:0:0:0:0:0:1],在[2021-10-12 21:44:42],访问了[com.nowcoder.community.service.LikeService.findEntityLikeCount].
2021-10-12 21:44:42,731 INFO [http-nio-8080-exec-1] c.n.c.a.ServiceLogAspect [ServiceLogAspect.java:37] 用户[0:0:0:0:0:0:0:1],在[2021-10-12 21:44:42],访问了[com.nowcoder.community.service.CommentService.findCommentsByEntity].
2021-10-12 21:44:42,733 INFO [http-nio-8080-exec-1] c.n.c.a.ServiceLogAspect [ServiceLogAspect.java:37] 用户[0:0:0:0:0:0:0:1],在[2021-10-12 21:44:42],访问了[com.nowcoder.community.service.CommentService.findCommentCount].
2021-10-12 21:44:42,735 INFO [http-nio-8080-exec-1] c.n.c.a.ServiceLogAspect [ServiceLogAspect.java:37] 用户[0:0:0:0:0:0:0:1],在[2021-10-12 21:44:42],访问了[com.nowcoder.community.service.UserService.findUserById].
2021-10-12 21:44:42,738 INFO [http-nio-8080-exec-1] c.n.c.a.ServiceLogAspect [ServiceLogAspect.java:37] 用户[0:0:0:0:0:0:0:1],在[2021-10-12 21:44:42],访问了[com.nowcoder.community.service.LikeService.findEntityLikeCount].
2021-10-12 21:44:42,739 INFO [http-nio-8080-exec-1] c.n.c.a.ServiceLogAspect [ServiceLogAspect.java:37] 用户[0:0:0:0:0:0:0:1],在[2021-10-12 21:44:42],访问了[com.nowcoder.community.service.CommentService.findCommentsByEntity].
2021-10-12 21:44:42,741 INFO [http-nio-8080-exec-1] c.n.c.a.ServiceLogAspect [ServiceLogAspect.java:37] 用户[0:0:0:0:0:0:0:1],在[2021-10-12 21:44:42],访问了[com.nowcoder.community.service.CommentService.findCommentCount].
2021-10-12 21:44:42,745 INFO [http-nio-8080-exec-1] c.n.c.a.ServiceLogAspect [ServiceLogAspect.java:37] 用户[0:0:0:0:0:0:0:1],在[2021-10-12 21:44:42],访问了[com.nowcoder.community.service.UserService.findUserById].
2021-10-12 21:44:42,747 INFO [http-nio-8080-exec-1] c.n.c.a.ServiceLogAspect [ServiceLogAspect.java:37] 用户[0:0:0:0:0:0:0:1],在[2021-10-12 21:44:42],访问了[com.nowcoder.community.service.LikeService.findEntityLikeCount].
2021-10-12 21:44:42,748 INFO [http-nio-8080-exec-1] c.n.c.a.ServiceLogAspect [ServiceLogAspect.java:37] 用户[0:0:0:0:0:0:0:1],在[2021-10-12 21:44:42],访问了[com.nowcoder.community.service.CommentService.findCommentsByEntity].
2021-10-12 21:44:42,750 INFO [http-nio-8080-exec-1] c.n.c.a.ServiceLogAspect [ServiceLogAspect.java:37] 用户[0:0:0:0:0:0:0:1],在[2021-10-12 21:44:42],访问了[com.nowcoder.community.service.CommentService.findCommentCount].
2021-10-12 21:44:42,757 INFO [http-nio-8080-exec-1] c.n.c.a.ServiceLogAspect [ServiceLogAspect.java:37] 用户[0:0:0:0:0:0:0:1],在[2021-10-12 21:44:42],访问了[com.nowcoder.community.service.UserService.findUserById].
2021-10-12 21:44:42,759 INFO [http-nio-8080-exec-1] c.n.c.a.ServiceLogAspect [ServiceLogAspect.java:37] 用户[0:0:0:0:0:0:0:1],在[2021-10-12 21:44:42],访问了[com.nowcoder.community.service.LikeService.findEntityLikeCount].
2021-10-12 21:44:42,760 INFO [http-nio-8080-exec-1] c.n.c.a.ServiceLogAspect [ServiceLogAspect.java:37] 用户[0:0:0:0:0:0:0:1],在[2021-10-12 21:44:42],访问了[com.nowcoder.community.service.CommentService.findCommentsByEntity].
2021-10-12 21:44:42,763 INFO [http-nio-8080-exec-1] c.n.c.a.ServiceLogAspect [ServiceLogAspect.java:37] 用户[0:0:0:0:0:0:0:1],在[2021-10-12 21:44:42],访问了[com.nowcoder.community.service.CommentService.findCommentCount].
2021-10-12 21:45:17,523 INFO [http-nio-8080-exec-4] c.n.c.a.ServiceLogAspect [ServiceLogAspect.java:37] 用户[0:0:0:0:0:0:0:1],在[2021-10-12 21:45:17],访问了[com.nowcoder.community.service.UserService.login].
2021-10-12 21:45:17,564 INFO [http-nio-8080-exec-6] c.n.c.a.ServiceLogAspect [ServiceLogAspect.java:37] 用户[0:0:0:0:0:0:0:1],在[2021-10-12 21:45:17],访问了[com.nowcoder.community.service.UserService.findLoginTicket].
2021-10-12 21:45:17,566 INFO [http-nio-8080-exec-6] c.n.c.a.ServiceLogAspect [ServiceLogAspect.java:37] 用户[0:0:0:0:0:0:0:1],在[2021-10-12 21:45:17],访问了[com.nowcoder.community.service.UserService.findUserById].
2021-10-12 21:45:17,569 INFO [http-nio-8080-exec-6] c.n.c.a.ServiceLogAspect [ServiceLogAspect.java:37] 用户[0:0:0:0:0:0:0:1],在[2021-10-12 21:45:17],访问了[com.nowcoder.community.service.DiscussPostService.findDiscussPostRows].
2021-10-12 21:45:17,571 INFO [http-nio-8080-exec-6] c.n.c.a.ServiceLogAspect [ServiceLogAspect.java:37] 用户[0:0:0:0:0:0:0:1],在[2021-10-12 21:45:17],访问了[com.nowcoder.community.service.DiscussPostService.findDiscussPosts].
2021-10-12 21:45:17,574 INFO [http-nio-8080-exec-6] c.n.c.a.ServiceLogAspect [ServiceLogAspect.java:37] 用户[0:0:0:0:0:0:0:1],在[2021-10-12 21:45:17],访问了[com.nowcoder.community.service.UserService.findUserById].
2021-10-12 21:45:17,578 INFO [http-nio-8080-exec-6] c.n.c.a.ServiceLogAspect [ServiceLogAspect.java:37] 用户[0:0:0:0:0:0:0:1],在[2021-10-12 21:45:17],访问了[com.nowcoder.community.service.LikeService.findEntityLikeCount].
2021-10-12 21:45:17,579 INFO [http-nio-8080-exec-6] c.n.c.a.ServiceLogAspect [ServiceLogAspect.java:37] 用户[0:0:0:0:0:0:0:1],在[2021-10-12 21:45:17],访问了[com.nowcoder.community.service.UserService.findUserById].
2021-10-12 21:45:17,581 INFO [http-nio-8080-exec-6] c.n.c.a.ServiceLogAspect [ServiceLogAspect.java:37] 用户[0:0:0:0:0:0:0:1],在[2021-10-12 21:45:17],访问了[com.nowcoder.community.service.LikeService.findEntityLikeCount].
2021-10-12 21:45:17,582 INFO [http-nio-8080-exec-6] c.n.c.a.ServiceLogAspect [ServiceLogAspect.java:37] 用户[0:0:0:0:0:0:0:1],在[2021-10-12 21:45:17],访问了[com.nowcoder.community.service.UserService.findUserById].
2021-10-12 21:45:17,584 INFO [http-nio-8080-exec-6] c.n.c.a.ServiceLogAspect [ServiceLogAspect.java:37] 用户[0:0:0:0:0:0:0:1],在[2021-10-12 21:45:17],访问了[com.nowcoder.community.service.LikeService.findEntityLikeCount].
2021-10-12 21:45:17,585 INFO [http-nio-8080-exec-6] c.n.c.a.ServiceLogAspect [ServiceLogAspect.java:37] 用户[0:0:0:0:0:0:0:1],在[2021-10-12 21:45:17],访问了[com.nowcoder.community.service.UserService.findUserById].
2021-10-12 21:45:17,588 INFO [http-nio-8080-exec-6] c.n.c.a.ServiceLogAspect [ServiceLogAspect.java:37] 用户[0:0:0:0:0:0:0:1],在[2021-10-12 21:45:17],访问了[com.nowcoder.community.service.LikeService.findEntityLikeCount].
2021-10-12 21:45:17,589 INFO [http-nio-8080-exec-6] c.n.c.a.ServiceLogAspect [ServiceLogAspect.java:37] 用户[0:0:0:0:0:0:0:1],在[2021-10-12 21:45:17],访问了[com.nowcoder.community.service.UserService.findUserById].
2021-10-12 21:45:17,591 INFO [http-nio-8080-exec-6] c.n.c.a.ServiceLogAspect [ServiceLogAspect.java:37] 用户[0:0:0:0:0:0:0:1],在[2021-10-12 21:45:17],访问了[com.nowcoder.community.service.LikeService.findEntityLikeCount].
2021-10-12 21:45:17,593 INFO [http-nio-8080-exec-6] c.n.c.a.ServiceLogAspect [ServiceLogAspect.java:37] 用户[0:0:0:0:0:0:0:1],在[2021-10-12 21:45:17],访问了[com.nowcoder.community.service.UserService.findUserById].
2021-10-12 21:45:17,597 INFO [http-nio-8080-exec-6] c.n.c.a.ServiceLogAspect [ServiceLogAspect.java:37] 用户[0:0:0:0:0:0:0:1],在[2021-10-12 21:45:17],访问了[com.nowcoder.community.service.LikeService.findEntityLikeCount].
2021-10-12 21:45:17,598 INFO [http-nio-8080-exec-6] c.n.c.a.ServiceLogAspect [ServiceLogAspect.java:37] 用户[0:0:0:0:0:0:0:1],在[2021-10-12 21:45:17],访问了[com.nowcoder.community.service.UserService.findUserById].
2021-10-12 21:45:17,600 INFO [http-nio-8080-exec-6] c.n.c.a.ServiceLogAspect [ServiceLogAspect.java:37] 用户[0:0:0:0:0:0:0:1],在[2021-10-12 21:45:17],访问了[com.nowcoder.community.service.LikeService.findEntityLikeCount].
2021-10-12 21:45:17,602 INFO [http-nio-8080-exec-6] c.n.c.a.ServiceLogAspect [ServiceLogAspect.java:37] 用户[0:0:0:0:0:0:0:1],在[2021-10-12 21:45:17],访问了[com.nowcoder.community.service.UserService.findUserById].
2021-10-12 21:45:17,604 INFO [http-nio-8080-exec-6] c.n.c.a.ServiceLogAspect [ServiceLogAspect.java:37] 用户[0:0:0:0:0:0:0:1],在[2021-10-12 21:45:17],访问了[com.nowcoder.community.service.LikeService.findEntityLikeCount].
2021-10-12 21:45:17,605 INFO [http-nio-8080-exec-6] c.n.c.a.ServiceLogAspect [ServiceLogAspect.java:37] 用户[0:0:0:0:0:0:0:1],在[2021-10-12 21:45:17],访问了[com.nowcoder.community.service.UserService.findUserById].
2021-10-12 21:45:17,607 INFO [http-nio-8080-exec-6] c.n.c.a.ServiceLogAspect [ServiceLogAspect.java:37] 用户[0:0:0:0:0:0:0:1],在[2021-10-12 21:45:17],访问了[com.nowcoder.community.service.LikeService.findEntityLikeCount].
2021-10-12 21:45:17,610 INFO [http-nio-8080-exec-6] c.n.c.a.ServiceLogAspect [ServiceLogAspect.java:37] 用户[0:0:0:0:0:0:0:1],在[2021-10-12 21:45:17],访问了[com.nowcoder.community.service.UserService.findUserById].
2021-10-12 21:45:17,612 INFO [http-nio-8080-exec-6] c.n.c.a.ServiceLogAspect [ServiceLogAspect.java:37] 用户[0:0:0:0:0:0:0:1],在[2021-10-12 21:45:17],访问了[com.nowcoder.community.service.LikeService.findEntityLikeCount].
2021-10-12 21:45:19,911 INFO [http-nio-8080-exec-1] c.n.c.a.ServiceLogAspect [ServiceLogAspect.java:37] 用户[0:0:0:0:0:0:0:1],在[2021-10-12 21:45:19],访问了[com.nowcoder.community.service.UserService.findLoginTicket].
2021-10-12 21:45:19,914 INFO [http-nio-8080-exec-1] c.n.c.a.ServiceLogAspect [ServiceLogAspect.java:37] 用户[0:0:0:0:0:0:0:1],在[2021-10-12 21:45:19],访问了[com.nowcoder.community.service.UserService.findUserById].
2021-10-12 21:45:19,917 INFO [http-nio-8080-exec-1] c.n.c.a.ServiceLogAspect [ServiceLogAspect.java:37] 用户[0:0:0:0:0:0:0:1],在[2021-10-12 21:45:19],访问了[com.nowcoder.community.service.DiscussPostService.findDiscussPostById].
2021-10-12 21:45:19,919 INFO [http-nio-8080-exec-1] c.n.c.a.ServiceLogAspect [ServiceLogAspect.java:37] 用户[0:0:0:0:0:0:0:1],在[2021-10-12 21:45:19],访问了[com.nowcoder.community.service.UserService.findUserById].
2021-10-12 21:45:19,920 INFO [http-nio-8080-exec-1] c.n.c.a.ServiceLogAspect [ServiceLogAspect.java:37] 用户[0:0:0:0:0:0:0:1],在[2021-10-12 21:45:19],访问了[com.nowcoder.community.service.LikeService.findEntityLikeCount].
2021-10-12 21:45:19,922 INFO [http-nio-8080-exec-1] c.n.c.a.ServiceLogAspect [ServiceLogAspect.java:37] 用户[0:0:0:0:0:0:0:1],在[2021-10-12 21:45:19],访问了[com.nowcoder.community.service.LikeService.findEntityLikeStatus].
2021-10-12 21:45:19,945 INFO [http-nio-8080-exec-1] c.n.c.a.ServiceLogAspect [ServiceLogAspect.java:37] 用户[0:0:0:0:0:0:0:1],在[2021-10-12 21:45:19],访问了[com.nowcoder.community.service.CommentService.findCommentsByEntity].
2021-10-12 21:45:19,948 INFO [http-nio-8080-exec-1] c.n.c.a.ServiceLogAspect [ServiceLogAspect.java:37] 用户[0:0:0:0:0:0:0:1],在[2021-10-12 21:45:19],访问了[com.nowcoder.community.service.UserService.findUserById].
2021-10-12 21:45:19,950 INFO [http-nio-8080-exec-1] c.n.c.a.ServiceLogAspect [ServiceLogAspect.java:37] 用户[0:0:0:0:0:0:0:1],在[2021-10-12 21:45:19],访问了[com.nowcoder.community.service.LikeService.findEntityLikeCount].
2021-10-12 21:45:19,951 INFO [http-nio-8080-exec-1] c.n.c.a.ServiceLogAspect [ServiceLogAspect.java:37] 用户[0:0:0:0:0:0:0:1],在[2021-10-12 21:45:19],访问了[com.nowcoder.community.service.LikeService.findEntityLikeStatus].
2021-10-12 21:45:19,953 INFO [http-nio-8080-exec-1] c.n.c.a.ServiceLogAspect [ServiceLogAspect.java:37] 用户[0:0:0:0:0:0:0:1],在[2021-10-12 21:45:19],访问了[com.nowcoder.community.service.CommentService.findCommentsByEntity].
2021-10-12 21:45:19,955 INFO [http-nio-8080-exec-1] c.n.c.a.ServiceLogAspect [ServiceLogAspect.java:37] 用户[0:0:0:0:0:0:0:1],在[2021-10-12 21:45:19],访问了[com.nowcoder.community.service.UserService.findUserById].
2021-10-12 21:45:19,958 INFO [http-nio-8080-exec-1] c.n.c.a.ServiceLogAspect [ServiceLogAspect.java:37] 用户[0:0:0:0:0:0:0:1],在[2021-10-12 21:45:19],访问了[com.nowcoder.community.service.LikeService.findEntityLikeCount].
2021-10-12 21:45:19,959 INFO [http-nio-8080-exec-1] c.n.c.a.ServiceLogAspect [ServiceLogAspect.java:37] 用户[0:0:0:0:0:0:0:1],在[2021-10-12 21:45:19],访问了[com.nowcoder.community.service.LikeService.findEntityLikeStatus].
2021-10-12 21:45:19,960 INFO [http-nio-8080-exec-1] c.n.c.a.ServiceLogAspect [ServiceLogAspect.java:37] 用户[0:0:0:0:0:0:0:1],在[2021-10-12 21:45:19],访问了[com.nowcoder.community.service.CommentService.findCommentCount].
2021-10-12 21:45:19,962 INFO [http-nio-8080-exec-1] c.n.c.a.ServiceLogAspect [ServiceLogAspect.java:37] 用户[0:0:0:0:0:0:0:1],在[2021-10-12 21:45:19],访问了[com.nowcoder.community.service.UserService.findUserById].
2021-10-12 21:45:19,964 INFO [http-nio-8080-exec-1] c.n.c.a.ServiceLogAspect [ServiceLogAspect.java:37] 用户[0:0:0:0:0:0:0:1],在[2021-10-12 21:45:19],访问了[com.nowcoder.community.service.LikeService.findEntityLikeCount].
2021-10-12 21:45:19,965 INFO [http-nio-8080-exec-1] c.n.c.a.ServiceLogAspect [ServiceLogAspect.java:37] 用户[0:0:0:0:0:0:0:1],在[2021-10-12 21:45:19],访问了[com.nowcoder.community.service.LikeService.findEntityLikeStatus].
2021-10-12 21:45:19,966 INFO [http-nio-8080-exec-1] c.n.c.a.ServiceLogAspect [ServiceLogAspect.java:37] 用户[0:0:0:0:0:0:0:1],在[2021-10-12 21:45:19],访问了[com.nowcoder.community.service.CommentService.findCommentsByEntity].
2021-10-12 21:45:19,968 INFO [http-nio-8080-exec-1] c.n.c.a.ServiceLogAspect [ServiceLogAspect.java:37] 用户[0:0:0:0:0:0:0:1],在[2021-10-12 21:45:19],访问了[com.nowcoder.community.service.CommentService.findCommentCount].
2021-10-12 21:45:19,970 INFO [http-nio-8080-exec-1] c.n.c.a.ServiceLogAspect [ServiceLogAspect.java:37] 用户[0:0:0:0:0:0:0:1],在[2021-10-12 21:45:19],访问了[com.nowcoder.community.service.UserService.findUserById].
2021-10-12 21:45:19,972 INFO [http-nio-8080-exec-1] c.n.c.a.ServiceLogAspect [ServiceLogAspect.java:37] 用户[0:0:0:0:0:0:0:1],在[2021-10-12 21:45:19],访问了[com.nowcoder.community.service.LikeService.findEntityLikeCount].
2021-10-12 21:45:19,974 INFO [http-nio-8080-exec-1] c.n.c.a.ServiceLogAspect [ServiceLogAspect.java:37] 用户[0:0:0:0:0:0:0:1],在[2021-10-12 21:45:19],访问了[com.nowcoder.community.service.LikeService.findEntityLikeStatus].
2021-10-12 21:45:19,976 INFO [http-nio-8080-exec-1] c.n.c.a.ServiceLogAspect [ServiceLogAspect.java:37] 用户[0:0:0:0:0:0:0:1],在[2021-10-12 21:45:19],访问了[com.nowcoder.community.service.CommentService.findCommentsByEntity].
2021-10-12 21:45:19,978 INFO [http-nio-8080-exec-1] c.n.c.a.ServiceLogAspect [ServiceLogAspect.java:37] 用户[0:0:0:0:0:0:0:1],在[2021-10-12 21:45:19],访问了[com.nowcoder.community.service.CommentService.findCommentCount].
2021-10-12 21:45:19,979 INFO [http-nio-8080-exec-1] c.n.c.a.ServiceLogAspect [ServiceLogAspect.java:37] 用户[0:0:0:0:0:0:0:1],在[2021-10-12 21:45:19],访问了[com.nowcoder.community.service.UserService.findUserById].
2021-10-12 21:45:19,981 INFO [http-nio-8080-exec-1] c.n.c.a.ServiceLogAspect [ServiceLogAspect.java:37] 用户[0:0:0:0:0:0:0:1],在[2021-10-12 21:45:19],访问了[com.nowcoder.community.service.LikeService.findEntityLikeCount].
2021-10-12 21:45:19,982 INFO [http-nio-8080-exec-1] c.n.c.a.ServiceLogAspect [ServiceLogAspect.java:37] 用户[0:0:0:0:0:0:0:1],在[2021-10-12 21:45:19],访问了[com.nowcoder.community.service.LikeService.findEntityLikeStatus].
2021-10-12 21:45:19,985 INFO [http-nio-8080-exec-1] c.n.c.a.ServiceLogAspect [ServiceLogAspect.java:37] 用户[0:0:0:0:0:0:0:1],在[2021-10-12 21:45:19],访问了[com.nowcoder.community.service.CommentService.findCommentsByEntity].
2021-10-12 21:45:19,988 INFO [http-nio-8080-exec-1] c.n.c.a.ServiceLogAspect [ServiceLogAspect.java:37] 用户[0:0:0:0:0:0:0:1],在[2021-10-12 21:45:19],访问了[com.nowcoder.community.service.CommentService.findCommentCount].
2021-10-12 21:45:19,990 INFO [http-nio-8080-exec-1] c.n.c.a.ServiceLogAspect [ServiceLogAspect.java:37] 用户[0:0:0:0:0:0:0:1],在[2021-10-12 21:45:19],访问了[com.nowcoder.community.service.UserService.findUserById].
2021-10-12 21:45:19,991 INFO [http-nio-8080-exec-1] c.n.c.a.ServiceLogAspect [ServiceLogAspect.java:37] 用户[0:0:0:0:0:0:0:1],在[2021-10-12 21:45:19],访问了[com.nowcoder.community.service.LikeService.findEntityLikeCount].
2021-10-12 21:45:19,992 INFO [http-nio-8080-exec-1] c.n.c.a.ServiceLogAspect [ServiceLogAspect.java:37] 用户[0:0:0:0:0:0:0:1],在[2021-10-12 21:45:19],访问了[com.nowcoder.community.service.LikeService.findEntityLikeStatus].
2021-10-12 21:45:19,994 INFO [http-nio-8080-exec-1] c.n.c.a.ServiceLogAspect [ServiceLogAspect.java:37] 用户[0:0:0:0:0:0:0:1],在[2021-10-12 21:45:19],访问了[com.nowcoder.community.service.CommentService.findCommentsByEntity].
2021-10-12 21:45:19,996 INFO [http-nio-8080-exec-1] c.n.c.a.ServiceLogAspect [ServiceLogAspect.java:37] 用户[0:0:0:0:0:0:0:1],在[2021-10-12 21:45:19],访问了[com.nowcoder.community.service.CommentService.findCommentCount].
2021-10-12 21:45:25,711 INFO [http-nio-8080-exec-6] c.n.c.a.ServiceLogAspect [ServiceLogAspect.java:37] 用户[0:0:0:0:0:0:0:1],在[2021-10-12 21:45:25],访问了[com.nowcoder.community.service.UserService.findLoginTicket].
2021-10-12 21:45:25,714 INFO [http-nio-8080-exec-6] c.n.c.a.ServiceLogAspect [ServiceLogAspect.java:37] 用户[0:0:0:0:0:0:0:1],在[2021-10-12 21:45:25],访问了[com.nowcoder.community.service.UserService.findUserById].
2021-10-12 21:45:25,717 INFO [http-nio-8080-exec-6] c.n.c.a.ServiceLogAspect [ServiceLogAspect.java:37] 用户[0:0:0:0:0:0:0:1],在[2021-10-12 21:45:25],访问了[com.nowcoder.community.service.LikeService.like].
2021-10-12 21:45:25,759 INFO [http-nio-8080-exec-6] c.n.c.a.ServiceLogAspect [ServiceLogAspect.java:37] 用户[0:0:0:0:0:0:0:1],在[2021-10-12 21:45:25],访问了[com.nowcoder.community.service.LikeService.findEntityLikeCount].
2021-10-12 21:45:25,761 INFO [http-nio-8080-exec-6] c.n.c.a.ServiceLogAspect [ServiceLogAspect.java:37] 用户[0:0:0:0:0:0:0:1],在[2021-10-12 21:45:25],访问了[com.nowcoder.community.service.LikeService.findEntityLikeStatus].
2021-10-12 21:45:43,512 INFO [http-nio-8080-exec-7] c.n.c.a.ServiceLogAspect [ServiceLogAspect.java:37] 用户[0:0:0:0:0:0:0:1],在[2021-10-12 21:45:43],访问了[com.nowcoder.community.service.UserService.findLoginTicket].
2021-10-12 21:45:43,516 INFO [http-nio-8080-exec-7] c.n.c.a.ServiceLogAspect [ServiceLogAspect.java:37] 用户[0:0:0:0:0:0:0:1],在[2021-10-12 21:45:43],访问了[com.nowcoder.community.service.UserService.findUserById].
2021-10-12 21:45:43,521 INFO [http-nio-8080-exec-7] c.n.c.a.ServiceLogAspect [ServiceLogAspect.java:37] 用户[0:0:0:0:0:0:0:1],在[2021-10-12 21:45:43],访问了[com.nowcoder.community.service.UserService.logout].
2021-10-12 21:45:43,540 INFO [http-nio-8080-exec-9] c.n.c.a.ServiceLogAspect [ServiceLogAspect.java:37] 用户[0:0:0:0:0:0:0:1],在[2021-10-12 21:45:43],访问了[com.nowcoder.community.service.UserService.findLoginTicket].
2021-10-12 21:45:43,604 INFO [http-nio-8080-exec-2] c.n.c.a.ServiceLogAspect [ServiceLogAspect.java:37] 用户[0:0:0:0:0:0:0:1],在[2021-10-12 21:45:43],访问了[com.nowcoder.community.service.UserService.findLoginTicket].
2021-10-12 21:45:45,564 INFO [http-nio-8080-exec-3] c.n.c.a.ServiceLogAspect [ServiceLogAspect.java:37] 用户[0:0:0:0:0:0:0:1],在[2021-10-12 21:45:45],访问了[com.nowcoder.community.service.UserService.findLoginTicket].
2021-10-12 21:45:45,568 INFO [http-nio-8080-exec-3] c.n.c.a.ServiceLogAspect [ServiceLogAspect.java:37] 用户[0:0:0:0:0:0:0:1],在[2021-10-12 21:45:45],访问了[com.nowcoder.community.service.DiscussPostService.findDiscussPostRows].
2021-10-12 21:45:45,570 INFO [http-nio-8080-exec-3] c.n.c.a.ServiceLogAspect [ServiceLogAspect.java:37] 用户[0:0:0:0:0:0:0:1],在[2021-10-12 21:45:45],访问了[com.nowcoder.community.service.DiscussPostService.findDiscussPosts].
2021-10-12 21:45:45,573 INFO [http-nio-8080-exec-3] c.n.c.a.ServiceLogAspect [ServiceLogAspect.java:37] 用户[0:0:0:0:0:0:0:1],在[2021-10-12 21:45:45],访问了[com.nowcoder.community.service.UserService.findUserById].
2021-10-12 21:45:45,575 INFO [http-nio-8080-exec-3] c.n.c.a.ServiceLogAspect [ServiceLogAspect.java:37] 用户[0:0:0:0:0:0:0:1],在[2021-10-12 21:45:45],访问了[com.nowcoder.community.service.LikeService.findEntityLikeCount].
2021-10-12 21:45:45,576 INFO [http-nio-8080-exec-3] c.n.c.a.ServiceLogAspect [ServiceLogAspect.java:37] 用户[0:0:0:0:0:0:0:1],在[2021-10-12 21:45:45],访问了[com.nowcoder.community.service.UserService.findUserById].
2021-10-12 21:45:45,578 INFO [http-nio-8080-exec-3] c.n.c.a.ServiceLogAspect [ServiceLogAspect.java:37] 用户[0:0:0:0:0:0:0:1],在[2021-10-12 21:45:45],访问了[com.nowcoder.community.service.LikeService.findEntityLikeCount].
2021-10-12 21:45:45,580 INFO [http-nio-8080-exec-3] c.n.c.a.ServiceLogAspect [ServiceLogAspect.java:37] 用户[0:0:0:0:0:0:0:1],在[2021-10-12 21:45:45],访问了[com.nowcoder.community.service.UserService.findUserById].
2021-10-12 21:45:45,583 INFO [http-nio-8080-exec-3] c.n.c.a.ServiceLogAspect [ServiceLogAspect.java:37] 用户[0:0:0:0:0:0:0:1],在[2021-10-12 21:45:45],访问了[com.nowcoder.community.service.LikeService.findEntityLikeCount].
2021-10-12 21:45:45,584 INFO [http-nio-8080-exec-3] c.n.c.a.ServiceLogAspect [ServiceLogAspect.java:37] 用户[0:0:0:0:0:0:0:1],在[2021-10-12 21:45:45],访问了[com.nowcoder.community.service.UserService.findUserById].
2021-10-12 21:45:45,586 INFO [http-nio-8080-exec-3] c.n.c.a.ServiceLogAspect [ServiceLogAspect.java:37] 用户[0:0:0:0:0:0:0:1],在[2021-10-12 21:45:45],访问了[com.nowcoder.community.service.LikeService.findEntityLikeCount].
2021-10-12 21:45:45,587 INFO [http-nio-8080-exec-3] c.n.c.a.ServiceLogAspect [ServiceLogAspect.java:37] 用户[0:0:0:0:0:0:0:1],在[2021-10-12 21:45:45],访问了[com.nowcoder.community.service.UserService.findUserById].
2021-10-12 21:45:45,589 INFO [http-nio-8080-exec-3] c.n.c.a.ServiceLogAspect [ServiceLogAspect.java:37] 用户[0:0:0:0:0:0:0:1],在[2021-10-12 21:45:45],访问了[com.nowcoder.community.service.LikeService.findEntityLikeCount].
2021-10-12 21:45:45,590 INFO [http-nio-8080-exec-3] c.n.c.a.ServiceLogAspect [ServiceLogAspect.java:37] 用户[0:0:0:0:0:0:0:1],在[2021-10-12 21:45:45],访问了[com.nowcoder.community.service.UserService.findUserById].
2021-10-12 21:45:45,592 INFO [http-nio-8080-exec-3] c.n.c.a.ServiceLogAspect [ServiceLogAspect.java:37] 用户[0:0:0:0:0:0:0:1],在[2021-10-12 21:45:45],访问了[com.nowcoder.community.service.LikeService.findEntityLikeCount].
2021-10-12 21:45:45,593 INFO [http-nio-8080-exec-3] c.n.c.a.ServiceLogAspect [ServiceLogAspect.java:37] 用户[0:0:0:0:0:0:0:1],在[2021-10-12 21:45:45],访问了[com.nowcoder.community.service.UserService.findUserById].
2021-10-12 21:45:45,595 INFO [http-nio-8080-exec-3] c.n.c.a.ServiceLogAspect [ServiceLogAspect.java:37] 用户[0:0:0:0:0:0:0:1],在[2021-10-12 21:45:45],访问了[com.nowcoder.community.service.LikeService.findEntityLikeCount].
2021-10-12 21:45:45,597 INFO [http-nio-8080-exec-3] c.n.c.a.ServiceLogAspect [ServiceLogAspect.java:37] 用户[0:0:0:0:0:0:0:1],在[2021-10-12 21:45:45],访问了[com.nowcoder.community.service.UserService.findUserById].
2021-10-12 21:45:45,600 INFO [http-nio-8080-exec-3] c.n.c.a.ServiceLogAspect [ServiceLogAspect.java:37] 用户[0:0:0:0:0:0:0:1],在[2021-10-12 21:45:45],访问了[com.nowcoder.community.service.LikeService.findEntityLikeCount].
2021-10-12 21:45:45,602 INFO [http-nio-8080-exec-3] c.n.c.a.ServiceLogAspect [ServiceLogAspect.java:37] 用户[0:0:0:0:0:0:0:1],在[2021-10-12 21:45:45],访问了[com.nowcoder.community.service.UserService.findUserById].
2021-10-12 21:45:45,604 INFO [http-nio-8080-exec-3] c.n.c.a.ServiceLogAspect [ServiceLogAspect.java:37] 用户[0:0:0:0:0:0:0:1],在[2021-10-12 21:45:45],访问了[com.nowcoder.community.service.LikeService.findEntityLikeCount].
2021-10-12 21:45:45,605 INFO [http-nio-8080-exec-3] c.n.c.a.ServiceLogAspect [ServiceLogAspect.java:37] 用户[0:0:0:0:0:0:0:1],在[2021-10-12 21:45:45],访问了[com.nowcoder.community.service.UserService.findUserById].
2021-10-12 21:45:45,607 INFO [http-nio-8080-exec-3] c.n.c.a.ServiceLogAspect [ServiceLogAspect.java:37] 用户[0:0:0:0:0:0:0:1],在[2021-10-12 21:45:45],访问了[com.nowcoder.community.service.LikeService.findEntityLikeCount].
2021-10-12 21:45:48,341 INFO [http-nio-8080-exec-9] c.n.c.a.ServiceLogAspect [ServiceLogAspect.java:37] 用户[0:0:0:0:0:0:0:1],在[2021-10-12 21:45:48],访问了[com.nowcoder.community.service.UserService.findLoginTicket].
2021-10-12 21:45:48,345 INFO [http-nio-8080-exec-9] c.n.c.a.ServiceLogAspect [ServiceLogAspect.java:37] 用户[0:0:0:0:0:0:0:1],在[2021-10-12 21:45:48],访问了[com.nowcoder.community.service.DiscussPostService.findDiscussPostById].
2021-10-12 21:45:48,348 INFO [http-nio-8080-exec-9] c.n.c.a.ServiceLogAspect [ServiceLogAspect.java:37] 用户[0:0:0:0:0:0:0:1],在[2021-10-12 21:45:48],访问了[com.nowcoder.community.service.UserService.findUserById].
2021-10-12 21:45:48,350 INFO [http-nio-8080-exec-9] c.n.c.a.ServiceLogAspect [ServiceLogAspect.java:37] 用户[0:0:0:0:0:0:0:1],在[2021-10-12 21:45:48],访问了[com.nowcoder.community.service.LikeService.findEntityLikeCount].
2021-10-12 21:45:48,351 INFO [http-nio-8080-exec-9] c.n.c.a.ServiceLogAspect [ServiceLogAspect.java:37] 用户[0:0:0:0:0:0:0:1],在[2021-10-12 21:45:48],访问了[com.nowcoder.community.service.CommentService.findCommentsByEntity].
2021-10-12 21:45:48,355 INFO [http-nio-8080-exec-9] c.n.c.a.ServiceLogAspect [ServiceLogAspect.java:37] 用户[0:0:0:0:0:0:0:1],在[2021-10-12 21:45:48],访问了[com.nowcoder.community.service.UserService.findUserById].
2021-10-12 21:45:48,357 INFO [http-nio-8080-exec-9] c.n.c.a.ServiceLogAspect [ServiceLogAspect.java:37] 用户[0:0:0:0:0:0:0:1],在[2021-10-12 21:45:48],访问了[com.nowcoder.community.service.LikeService.findEntityLikeCount].
2021-10-12 21:45:48,358 INFO [http-nio-8080-exec-9] c.n.c.a.ServiceLogAspect [ServiceLogAspect.java:37] 用户[0:0:0:0:0:0:0:1],在[2021-10-12 21:45:48],访问了[com.nowcoder.community.service.CommentService.findCommentsByEntity].
2021-10-12 21:45:48,360 INFO [http-nio-8080-exec-9] c.n.c.a.ServiceLogAspect [ServiceLogAspect.java:37] 用户[0:0:0:0:0:0:0:1],在[2021-10-12 21:45:48],访问了[com.nowcoder.community.service.UserService.findUserById].
2021-10-12 21:45:48,362 INFO [http-nio-8080-exec-9] c.n.c.a.ServiceLogAspect [ServiceLogAspect.java:37] 用户[0:0:0:0:0:0:0:1],在[2021-10-12 21:45:48],访问了[com.nowcoder.community.service.LikeService.findEntityLikeCount].
2021-10-12 21:45:48,364 INFO [http-nio-8080-exec-9] c.n.c.a.ServiceLogAspect [ServiceLogAspect.java:37] 用户[0:0:0:0:0:0:0:1],在[2021-10-12 21:45:48],访问了[com.nowcoder.community.service.CommentService.findCommentCount].
2021-10-12 21:45:48,365 INFO [http-nio-8080-exec-9] c.n.c.a.ServiceLogAspect [ServiceLogAspect.java:37] 用户[0:0:0:0:0:0:0:1],在[2021-10-12 21:45:48],访问了[com.nowcoder.community.service.UserService.findUserById].
2021-10-12 21:45:48,367 INFO [http-nio-8080-exec-9] c.n.c.a.ServiceLogAspect [ServiceLogAspect.java:37] 用户[0:0:0:0:0:0:0:1],在[2021-10-12 21:45:48],访问了[com.nowcoder.community.service.LikeService.findEntityLikeCount].
2021-10-12 21:45:48,368 INFO [http-nio-8080-exec-9] c.n.c.a.ServiceLogAspect [ServiceLogAspect.java:37] 用户[0:0:0:0:0:0:0:1],在[2021-10-12 21:45:48],访问了[com.nowcoder.community.service.CommentService.findCommentsByEntity].
2021-10-12 21:45:48,370 INFO [http-nio-8080-exec-9] c.n.c.a.ServiceLogAspect [ServiceLogAspect.java:37] 用户[0:0:0:0:0:0:0:1],在[2021-10-12 21:45:48],访问了[com.nowcoder.community.service.CommentService.findCommentCount].
2021-10-12 21:45:48,372 INFO [http-nio-8080-exec-9] c.n.c.a.ServiceLogAspect [ServiceLogAspect.java:37] 用户[0:0:0:0:0:0:0:1],在[2021-10-12 21:45:48],访问了[com.nowcoder.community.service.UserService.findUserById].
2021-10-12 21:45:48,374 INFO [http-nio-8080-exec-9] c.n.c.a.ServiceLogAspect [ServiceLogAspect.java:37] 用户[0:0:0:0:0:0:0:1],在[2021-10-12 21:45:48],访问了[com.nowcoder.community.service.LikeService.findEntityLikeCount].
2021-10-12 21:45:48,375 INFO [http-nio-8080-exec-9] c.n.c.a.ServiceLogAspect [ServiceLogAspect.java:37] 用户[0:0:0:0:0:0:0:1],在[2021-10-12 21:45:48],访问了[com.nowcoder.community.service.CommentService.findCommentsByEntity].
2021-10-12 21:45:48,378 INFO [http-nio-8080-exec-9] c.n.c.a.ServiceLogAspect [ServiceLogAspect.java:37] 用户[0:0:0:0:0:0:0:1],在[2021-10-12 21:45:48],访问了[com.nowcoder.community.service.CommentService.findCommentCount].
2021-10-12 21:45:48,381 INFO [http-nio-8080-exec-9] c.n.c.a.ServiceLogAspect [ServiceLogAspect.java:37] 用户[0:0:0:0:0:0:0:1],在[2021-10-12 21:45:48],访问了[com.nowcoder.community.service.UserService.findUserById].
2021-10-12 21:45:48,383 INFO [http-nio-8080-exec-9] c.n.c.a.ServiceLogAspect [ServiceLogAspect.java:37] 用户[0:0:0:0:0:0:0:1],在[2021-10-12 21:45:48],访问了[com.nowcoder.community.service.LikeService.findEntityLikeCount].
2021-10-12 21:45:48,384 INFO [http-nio-8080-exec-9] c.n.c.a.ServiceLogAspect [ServiceLogAspect.java:37] 用户[0:0:0:0:0:0:0:1],在[2021-10-12 21:45:48],访问了[com.nowcoder.community.service.CommentService.findCommentsByEntity].
2021-10-12 21:45:48,386 INFO [http-nio-8080-exec-9] c.n.c.a.ServiceLogAspect [ServiceLogAspect.java:37] 用户[0:0:0:0:0:0:0:1],在[2021-10-12 21:45:48],访问了[com.nowcoder.community.service.CommentService.findCommentCount].
2021-10-12 21:45:48,388 INFO [http-nio-8080-exec-9] c.n.c.a.ServiceLogAspect [ServiceLogAspect.java:37] 用户[0:0:0:0:0:0:0:1],在[2021-10-12 21:45:48],访问了[com.nowcoder.community.service.UserService.findUserById].
2021-10-12 21:45:48,390 INFO [http-nio-8080-exec-9] c.n.c.a.ServiceLogAspect [ServiceLogAspect.java:37] 用户[0:0:0:0:0:0:0:1],在[2021-10-12 21:45:48],访问了[com.nowcoder.community.service.LikeService.findEntityLikeCount].
2021-10-12 21:45:48,391 INFO [http-nio-8080-exec-9] c.n.c.a.ServiceLogAspect [ServiceLogAspect.java:37] 用户[0:0:0:0:0:0:0:1],在[2021-10-12 21:45:48],访问了[com.nowcoder.community.service.CommentService.findCommentsByEntity].
2021-10-12 21:45:48,393 INFO [http-nio-8080-exec-9] c.n.c.a.ServiceLogAspect [ServiceLogAspect.java:37] 用户[0:0:0:0:0:0:0:1],在[2021-10-12 21:45:48],访问了[com.nowcoder.community.service.CommentService.findCommentCount].
2021-10-12 21:45:49,428 INFO [http-nio-8080-exec-3] c.n.c.a.ServiceLogAspect [ServiceLogAspect.java:37] 用户[0:0:0:0:0:0:0:1],在[2021-10-12 21:45:49],访问了[com.nowcoder.community.service.UserService.findLoginTicket].
2021-10-12 21:45:49,435 INFO [http-nio-8080-exec-5] c.n.c.a.ServiceLogAspect [ServiceLogAspect.java:37] 用户[0:0:0:0:0:0:0:1],在[2021-10-12 21:45:49],访问了[com.nowcoder.community.service.UserService.findLoginTicket].
2021-10-12 21:45:50,387 INFO [http-nio-8080-exec-4] c.n.c.a.ServiceLogAspect [ServiceLogAspect.java:37] 用户[0:0:0:0:0:0:0:1],在[2021-10-12 21:45:50],访问了[com.nowcoder.community.service.UserService.findLoginTicket].
2021-10-12 21:45:50,394 INFO [http-nio-8080-exec-6] c.n.c.a.ServiceLogAspect [ServiceLogAspect.java:37] 用户[0:0:0:0:0:0:0:1],在[2021-10-12 21:45:50],访问了[com.nowcoder.community.service.UserService.findLoginTicket].
2021-10-12 21:45:50,681 INFO [http-nio-8080-exec-7] c.n.c.a.ServiceLogAspect [ServiceLogAspect.java:37] 用户[0:0:0:0:0:0:0:1],在[2021-10-12 21:45:50],访问了[com.nowcoder.community.service.UserService.findLoginTicket].
2021-10-12 21:45:50,688 INFO [http-nio-8080-exec-9] c.n.c.a.ServiceLogAspect [ServiceLogAspect.java:37] 用户[0:0:0:0:0:0:0:1],在[2021-10-12 21:45:50],访问了[com.nowcoder.community.service.UserService.findLoginTicket].
2021-10-12 21:45:52,289 INFO [http-nio-8080-exec-10] c.n.c.a.ServiceLogAspect [ServiceLogAspect.java:37] 用户[0:0:0:0:0:0:0:1],在[2021-10-12 21:45:52],访问了[com.nowcoder.community.service.UserService.findLoginTicket].
2021-10-12 21:45:52,297 INFO [http-nio-8080-exec-8] c.n.c.a.ServiceLogAspect [ServiceLogAspect.java:37] 用户[0:0:0:0:0:0:0:1],在[2021-10-12 21:45:52],访问了[com.nowcoder.community.service.UserService.findLoginTicket].
2021-10-12 21:45:52,955 INFO [http-nio-8080-exec-1] c.n.c.a.ServiceLogAspect [ServiceLogAspect.java:37] 用户[0:0:0:0:0:0:0:1],在[2021-10-12 21:45:52],访问了[com.nowcoder.community.service.UserService.findLoginTicket].
2021-10-12 21:45:52,962 INFO [http-nio-8080-exec-2] c.n.c.a.ServiceLogAspect [ServiceLogAspect.java:37] 用户[0:0:0:0:0:0:0:1],在[2021-10-12 21:45:52],访问了[com.nowcoder.community.service.UserService.findLoginTicket].
2021-10-12 21:45:53,169 INFO [http-nio-8080-exec-3] c.n.c.a.ServiceLogAspect [ServiceLogAspect.java:37] 用户[0:0:0:0:0:0:0:1],在[2021-10-12 21:45:53],访问了[com.nowcoder.community.service.UserService.findLoginTicket].
2021-10-12 21:45:53,177 INFO [http-nio-8080-exec-5] c.n.c.a.ServiceLogAspect [ServiceLogAspect.java:37] 用户[0:0:0:0:0:0:0:1],在[2021-10-12 21:45:53],访问了[com.nowcoder.community.service.UserService.findLoginTicket].
2021-10-12 21:45:53,351 INFO [http-nio-8080-exec-4] c.n.c.a.ServiceLogAspect [ServiceLogAspect.java:37] 用户[0:0:0:0:0:0:0:1],在[2021-10-12 21:45:53],访问了[com.nowcoder.community.service.UserService.findLoginTicket].
2021-10-12 21:45:53,358 INFO [http-nio-8080-exec-6] c.n.c.a.ServiceLogAspect [ServiceLogAspect.java:37] 用户[0:0:0:0:0:0:0:1],在[2021-10-12 21:45:53],访问了[com.nowcoder.community.service.UserService.findLoginTicket].
2021-10-12 21:45:53,533 INFO [http-nio-8080-exec-7] c.n.c.a.ServiceLogAspect [ServiceLogAspect.java:37] 用户[0:0:0:0:0:0:0:1],在[2021-10-12 21:45:53],访问了[com.nowcoder.community.service.UserService.findLoginTicket].
2021-10-12 21:45:53,540 INFO [http-nio-8080-exec-9] c.n.c.a.ServiceLogAspect [ServiceLogAspect.java:37] 用户[0:0:0:0:0:0:0:1],在[2021-10-12 21:45:53],访问了[com.nowcoder.community.service.UserService.findLoginTicket].
2021-10-12 21:45:53,731 INFO [http-nio-8080-exec-10] c.n.c.a.ServiceLogAspect [ServiceLogAspect.java:37] 用户[0:0:0:0:0:0:0:1],在[2021-10-12 21:45:53],访问了[com.nowcoder.community.service.UserService.findLoginTicket].
2021-10-12 21:45:53,739 INFO [http-nio-8080-exec-8] c.n.c.a.ServiceLogAspect [ServiceLogAspect.java:37] 用户[0:0:0:0:0:0:0:1],在[2021-10-12 21:45:53],访问了[com.nowcoder.community.service.UserService.findLoginTicket].
2021-10-12 21:45:55,097 INFO [http-nio-8080-exec-1] c.n.c.a.ServiceLogAspect [ServiceLogAspect.java:37] 用户[0:0:0:0:0:0:0:1],在[2021-10-12 21:45:55],访问了[com.nowcoder.community.service.UserService.findLoginTicket].
2021-10-12 21:45:55,104 INFO [http-nio-8080-exec-2] c.n.c.a.ServiceLogAspect [ServiceLogAspect.java:37] 用户[0:0:0:0:0:0:0:1],在[2021-10-12 21:45:55],访问了[com.nowcoder.community.service.UserService.findLoginTicket].
2021-10-12 21:46:49,740 INFO [Thread-5] o.s.s.c.ThreadPoolTaskExecutor [ExecutorConfigurationSupport.java:208] Shutting down ExecutorService 'applicationTaskExecutor'
2021-10-12 21:46:50,939 INFO [Thread-5] c.z.h.HikariDataSource [HikariDataSource.java:350] HikariPool-1 - Shutdown initiated...
2021-10-12 21:46:50,949 INFO [Thread-5] c.z.h.HikariDataSource [HikariDataSource.java:352] HikariPool-1 - Shutdown completed.
2021-10-12 21:46:51,451 INFO [restartedMain] c.n.c.CommunityApplication [StartupInfoLogger.java:50] Starting CommunityApplication on Lenovo-PC with PID 12440 (D:\CSLearning\ideaProjects\community\target\classes started by Noahs_Ark in D:\CSLearning\ideaProjects\community)
2021-10-12 21:46:51,452 INFO [restartedMain] c.n.c.CommunityApplication [SpringApplication.java:675] No active profile set, falling back to default profiles: default
2021-10-12 21:46:51,814 INFO [restartedMain] o.s.d.r.c.RepositoryConfigurationDelegate [RepositoryConfigurationDelegate.java:244] Multiple Spring Data modules found, entering strict repository configuration mode!
2021-10-12 21:46:51,814 INFO [restartedMain] o.s.d.r.c.RepositoryConfigurationDelegate [RepositoryConfigurationDelegate.java:126] Bootstrapping Spring Data repositories in DEFAULT mode.
2021-10-12 21:46:51,828 INFO [restartedMain] o.s.d.r.c.RepositoryConfigurationDelegate [RepositoryConfigurationDelegate.java:182] Finished Spring Data repository scanning in 14ms. Found 0 repository interfaces.
2021-10-12 21:46:51,955 INFO [restartedMain] o.s.c.s.PostProcessorRegistrationDelegate$BeanPostProcessorChecker [PostProcessorRegistrationDelegate.java:330] Bean 'org.springframework.transaction.annotation.ProxyTransactionManagementConfiguration' of type [org.springframework.transaction.annotation.ProxyTransactionManagementConfiguration$$EnhancerBySpringCGLIB$$62477491] is not eligible for getting processed by all BeanPostProcessors (for example: not eligible for auto-proxying)
2021-10-12 21:46:52,122 INFO [restartedMain] o.s.b.w.e.t.TomcatWebServer [TomcatWebServer.java:90] Tomcat initialized with port(s): 8080 (http)
2021-10-12 21:46:52,130 INFO [restartedMain] o.a.c.h.Http11NioProtocol [DirectJDKLog.java:173] Initializing ProtocolHandler ["http-nio-8080"]
2021-10-12 21:46:52,134 INFO [restartedMain] o.a.c.c.StandardService [DirectJDKLog.java:173] Starting service [Tomcat]
2021-10-12 21:46:52,134 INFO [restartedMain] o.a.c.c.StandardEngine [DirectJDKLog.java:173] Starting Servlet engine: [Apache Tomcat/9.0.19]
2021-10-12 21:46:52,187 INFO [restartedMain] o.a.c.c.C.[.[.[/community] [DirectJDKLog.java:173] Initializing Spring embedded WebApplicationContext
2021-10-12 21:46:52,187 INFO [restartedMain] o.s.w.c.ContextLoader [ServletWebServerApplicationContext.java:296] Root WebApplicationContext: initialization completed in 730 ms
2021-10-12 21:46:52,823 INFO [restartedMain] o.s.s.c.ThreadPoolTaskExecutor [ExecutorConfigurationSupport.java:171] Initializing ExecutorService 'applicationTaskExecutor'
2021-10-12 21:46:52,878 INFO [restartedMain] o.s.b.a.w.s.WelcomePageHandlerMapping [WelcomePageHandlerMapping.java:61] Adding welcome page template: index
2021-10-12 21:46:53,000 INFO [restartedMain] o.s.b.d.a.OptionalLiveReloadServer [OptionalLiveReloadServer.java:57] LiveReload server is running on port 35729
2021-10-12 21:46:53,014 INFO [restartedMain] o.a.c.h.Http11NioProtocol [DirectJDKLog.java:173] Starting ProtocolHandler ["http-nio-8080"]
2021-10-12 21:46:53,018 INFO [restartedMain] o.s.b.w.e.t.TomcatWebServer [TomcatWebServer.java:204] Tomcat started on port(s): 8080 (http) with context path '/community'
2021-10-12 21:46:53,019 INFO [restartedMain] c.n.c.CommunityApplication [StartupInfoLogger.java:59] Started CommunityApplication in 1.607 seconds (JVM running for 182.331)
2021-10-12 21:46:53,022 INFO [restartedMain] o.s.b.d.a.ConditionEvaluationDeltaLoggingListener [ConditionEvaluationDeltaLoggingListener.java:70] Condition evaluation unchanged
2021-10-12 21:46:54,682 INFO [http-nio-8080-exec-1] o.a.c.c.C.[.[.[/community] [DirectJDKLog.java:173] Initializing Spring DispatcherServlet 'dispatcherServlet'
2021-10-12 21:46:54,683 INFO [http-nio-8080-exec-1] o.s.w.s.DispatcherServlet [FrameworkServlet.java:524] Initializing Servlet 'dispatcherServlet'
2021-10-12 21:46:54,689 INFO [http-nio-8080-exec-1] o.s.w.s.DispatcherServlet [FrameworkServlet.java:546] Completed initialization in 6 ms
2021-10-12 21:46:54,691 INFO [http-nio-8080-exec-1] c.n.c.a.ServiceLogAspect [ServiceLogAspect.java:37] 用户[0:0:0:0:0:0:0:1],在[2021-10-12 21:46:54],访问了[com.nowcoder.community.service.UserService.findLoginTicket].
2021-10-12 21:46:54,696 INFO [http-nio-8080-exec-1] c.z.h.HikariDataSource [HikariDataSource.java:110] HikariPool-2 - Starting...
2021-10-12 21:46:54,700 INFO [http-nio-8080-exec-1] c.z.h.HikariDataSource [HikariDataSource.java:123] HikariPool-2 - Start completed.
2021-10-12 21:46:54,704 INFO [http-nio-8080-exec-1] c.n.c.a.ServiceLogAspect [ServiceLogAspect.java:37] 用户[0:0:0:0:0:0:0:1],在[2021-10-12 21:46:54],访问了[com.nowcoder.community.service.DiscussPostService.findDiscussPostRows].
2021-10-12 21:46:54,713 INFO [http-nio-8080-exec-1] c.n.c.a.ServiceLogAspect [ServiceLogAspect.java:37] 用户[0:0:0:0:0:0:0:1],在[2021-10-12 21:46:54],访问了[com.nowcoder.community.service.DiscussPostService.findDiscussPosts].
2021-10-12 21:46:54,716 INFO [http-nio-8080-exec-1] c.n.c.a.ServiceLogAspect [ServiceLogAspect.java:37] 用户[0:0:0:0:0:0:0:1],在[2021-10-12 21:46:54],访问了[com.nowcoder.community.service.UserService.findUserById].
2021-10-12 21:46:54,718 INFO [http-nio-8080-exec-1] c.n.c.a.ServiceLogAspect [ServiceLogAspect.java:37] 用户[0:0:0:0:0:0:0:1],在[2021-10-12 21:46:54],访问了[com.nowcoder.community.service.LikeService.findEntityLikeCount].
2021-10-12 21:46:54,735 INFO [http-nio-8080-exec-1] c.n.c.a.ServiceLogAspect [ServiceLogAspect.java:37] 用户[0:0:0:0:0:0:0:1],在[2021-10-12 21:46:54],访问了[com.nowcoder.community.service.UserService.findUserById].
2021-10-12 21:46:54,737 INFO [http-nio-8080-exec-1] c.n.c.a.ServiceLogAspect [ServiceLogAspect.java:37] 用户[0:0:0:0:0:0:0:1],在[2021-10-12 21:46:54],访问了[com.nowcoder.community.service.LikeService.findEntityLikeCount].
2021-10-12 21:46:54,738 INFO [http-nio-8080-exec-1] c.n.c.a.ServiceLogAspect [ServiceLogAspect.java:37] 用户[0:0:0:0:0:0:0:1],在[2021-10-12 21:46:54],访问了[com.nowcoder.community.service.UserService.findUserById].
2021-10-12 21:46:54,740 INFO [http-nio-8080-exec-1] c.n.c.a.ServiceLogAspect [ServiceLogAspect.java:37] 用户[0:0:0:0:0:0:0:1],在[2021-10-12 21:46:54],访问了[com.nowcoder.community.service.LikeService.findEntityLikeCount].
2021-10-12 21:46:54,741 INFO [http-nio-8080-exec-1] c.n.c.a.ServiceLogAspect [ServiceLogAspect.java:37] 用户[0:0:0:0:0:0:0:1],在[2021-10-12 21:46:54],访问了[com.nowcoder.community.service.UserService.findUserById].
2021-10-12 21:46:54,745 INFO [http-nio-8080-exec-1] c.n.c.a.ServiceLogAspect [ServiceLogAspect.java:37] 用户[0:0:0:0:0:0:0:1],在[2021-10-12 21:46:54],访问了[com.nowcoder.community.service.LikeService.findEntityLikeCount].
2021-10-12 21:46:54,746 INFO [http-nio-8080-exec-1] c.n.c.a.ServiceLogAspect [ServiceLogAspect.java:37] 用户[0:0:0:0:0:0:0:1],在[2021-10-12 21:46:54],访问了[com.nowcoder.community.service.UserService.findUserById].
2021-10-12 21:46:54,748 INFO [http-nio-8080-exec-1] c.n.c.a.ServiceLogAspect [ServiceLogAspect.java:37] 用户[0:0:0:0:0:0:0:1],在[2021-10-12 21:46:54],访问了[com.nowcoder.community.service.LikeService.findEntityLikeCount].
2021-10-12 21:46:54,749 INFO [http-nio-8080-exec-1] c.n.c.a.ServiceLogAspect [ServiceLogAspect.java:37] 用户[0:0:0:0:0:0:0:1],在[2021-10-12 21:46:54],访问了[com.nowcoder.community.service.UserService.findUserById].
2021-10-12 21:46:54,751 INFO [http-nio-8080-exec-1] c.n.c.a.ServiceLogAspect [ServiceLogAspect.java:37] 用户[0:0:0:0:0:0:0:1],在[2021-10-12 21:46:54],访问了[com.nowcoder.community.service.LikeService.findEntityLikeCount].
2021-10-12 21:46:54,752 INFO [http-nio-8080-exec-1] c.n.c.a.ServiceLogAspect [ServiceLogAspect.java:37] 用户[0:0:0:0:0:0:0:1],在[2021-10-12 21:46:54],访问了[com.nowcoder.community.service.UserService.findUserById].
2021-10-12 21:46:54,754 INFO [http-nio-8080-exec-1] c.n.c.a.ServiceLogAspect [ServiceLogAspect.java:37] 用户[0:0:0:0:0:0:0:1],在[2021-10-12 21:46:54],访问了[com.nowcoder.community.service.LikeService.findEntityLikeCount].
2021-10-12 21:46:54,755 INFO [http-nio-8080-exec-1] c.n.c.a.ServiceLogAspect [ServiceLogAspect.java:37] 用户[0:0:0:0:0:0:0:1],在[2021-10-12 21:46:54],访问了[com.nowcoder.community.service.UserService.findUserById].
2021-10-12 21:46:54,756 INFO [http-nio-8080-exec-1] c.n.c.a.ServiceLogAspect [ServiceLogAspect.java:37] 用户[0:0:0:0:0:0:0:1],在[2021-10-12 21:46:54],访问了[com.nowcoder.community.service.LikeService.findEntityLikeCount].
2021-10-12 21:46:54,757 INFO [http-nio-8080-exec-1] c.n.c.a.ServiceLogAspect [ServiceLogAspect.java:37] 用户[0:0:0:0:0:0:0:1],在[2021-10-12 21:46:54],访问了[com.nowcoder.community.service.UserService.findUserById].
2021-10-12 21:46:54,759 INFO [http-nio-8080-exec-1] c.n.c.a.ServiceLogAspect [ServiceLogAspect.java:37] 用户[0:0:0:0:0:0:0:1],在[2021-10-12 21:46:54],访问了[com.nowcoder.community.service.LikeService.findEntityLikeCount].
2021-10-12 21:46:54,760 INFO [http-nio-8080-exec-1] c.n.c.a.ServiceLogAspect [ServiceLogAspect.java:37] 用户[0:0:0:0:0:0:0:1],在[2021-10-12 21:46:54],访问了[com.nowcoder.community.service.UserService.findUserById].
2021-10-12 21:46:54,763 INFO [http-nio-8080-exec-1] c.n.c.a.ServiceLogAspect [ServiceLogAspect.java:37] 用户[0:0:0:0:0:0:0:1],在[2021-10-12 21:46:54],访问了[com.nowcoder.community.service.LikeService.findEntityLikeCount].
2021-10-12 21:46:57,144 INFO [http-nio-8080-exec-6] c.n.c.a.ServiceLogAspect [ServiceLogAspect.java:37] 用户[0:0:0:0:0:0:0:1],在[2021-10-12 21:46:57],访问了[com.nowcoder.community.service.UserService.findLoginTicket].
2021-10-12 21:46:57,151 INFO [http-nio-8080-exec-6] c.n.c.a.ServiceLogAspect [ServiceLogAspect.java:37] 用户[0:0:0:0:0:0:0:1],在[2021-10-12 21:46:57],访问了[com.nowcoder.community.service.DiscussPostService.findDiscussPostById].
2021-10-12 21:46:57,153 INFO [http-nio-8080-exec-6] c.n.c.a.ServiceLogAspect [ServiceLogAspect.java:37] 用户[0:0:0:0:0:0:0:1],在[2021-10-12 21:46:57],访问了[com.nowcoder.community.service.UserService.findUserById].
2021-10-12 21:46:57,155 INFO [http-nio-8080-exec-6] c.n.c.a.ServiceLogAspect [ServiceLogAspect.java:37] 用户[0:0:0:0:0:0:0:1],在[2021-10-12 21:46:57],访问了[com.nowcoder.community.service.LikeService.findEntityLikeCount].
2021-10-12 21:46:57,156 INFO [http-nio-8080-exec-6] c.n.c.a.ServiceLogAspect [ServiceLogAspect.java:37] 用户[0:0:0:0:0:0:0:1],在[2021-10-12 21:46:57],访问了[com.nowcoder.community.service.CommentService.findCommentsByEntity].
2021-10-12 21:46:57,161 INFO [http-nio-8080-exec-6] c.n.c.a.ServiceLogAspect [ServiceLogAspect.java:37] 用户[0:0:0:0:0:0:0:1],在[2021-10-12 21:46:57],访问了[com.nowcoder.community.service.UserService.findUserById].
2021-10-12 21:46:57,163 INFO [http-nio-8080-exec-6] c.n.c.a.ServiceLogAspect [ServiceLogAspect.java:37] 用户[0:0:0:0:0:0:0:1],在[2021-10-12 21:46:57],访问了[com.nowcoder.community.service.LikeService.findEntityLikeCount].
2021-10-12 21:46:57,164 INFO [http-nio-8080-exec-6] c.n.c.a.ServiceLogAspect [ServiceLogAspect.java:37] 用户[0:0:0:0:0:0:0:1],在[2021-10-12 21:46:57],访问了[com.nowcoder.community.service.CommentService.findCommentsByEntity].
2021-10-12 21:46:57,167 INFO [http-nio-8080-exec-6] c.n.c.a.ServiceLogAspect [ServiceLogAspect.java:37] 用户[0:0:0:0:0:0:0:1],在[2021-10-12 21:46:57],访问了[com.nowcoder.community.service.UserService.findUserById].
2021-10-12 21:46:57,169 INFO [http-nio-8080-exec-6] c.n.c.a.ServiceLogAspect [ServiceLogAspect.java:37] 用户[0:0:0:0:0:0:0:1],在[2021-10-12 21:46:57],访问了[com.nowcoder.community.service.LikeService.findEntityLikeCount].
2021-10-12 21:46:57,170 INFO [http-nio-8080-exec-6] c.n.c.a.ServiceLogAspect [ServiceLogAspect.java:37] 用户[0:0:0:0:0:0:0:1],在[2021-10-12 21:46:57],访问了[com.nowcoder.community.service.CommentService.findCommentCount].
2021-10-12 21:46:57,172 INFO [http-nio-8080-exec-6] c.n.c.a.ServiceLogAspect [ServiceLogAspect.java:37] 用户[0:0:0:0:0:0:0:1],在[2021-10-12 21:46:57],访问了[com.nowcoder.community.service.UserService.findUserById].
2021-10-12 21:46:57,175 INFO [http-nio-8080-exec-6] c.n.c.a.ServiceLogAspect [ServiceLogAspect.java:37] 用户[0:0:0:0:0:0:0:1],在[2021-10-12 21:46:57],访问了[com.nowcoder.community.service.LikeService.findEntityLikeCount].
2021-10-12 21:46:57,176 INFO [http-nio-8080-exec-6] c.n.c.a.ServiceLogAspect [ServiceLogAspect.java:37] 用户[0:0:0:0:0:0:0:1],在[2021-10-12 21:46:57],访问了[com.nowcoder.community.service.CommentService.findCommentsByEntity].
2021-10-12 21:46:57,178 INFO [http-nio-8080-exec-6] c.n.c.a.ServiceLogAspect [ServiceLogAspect.java:37] 用户[0:0:0:0:0:0:0:1],在[2021-10-12 21:46:57],访问了[com.nowcoder.community.service.CommentService.findCommentCount].
2021-10-12 21:46:57,180 INFO [http-nio-8080-exec-6] c.n.c.a.ServiceLogAspect [ServiceLogAspect.java:37] 用户[0:0:0:0:0:0:0:1],在[2021-10-12 21:46:57],访问了[com.nowcoder.community.service.UserService.findUserById].
2021-10-12 21:46:57,182 INFO [http-nio-8080-exec-6] c.n.c.a.ServiceLogAspect [ServiceLogAspect.java:37] 用户[0:0:0:0:0:0:0:1],在[2021-10-12 21:46:57],访问了[com.nowcoder.community.service.LikeService.findEntityLikeCount].
2021-10-12 21:46:57,184 INFO [http-nio-8080-exec-6] c.n.c.a.ServiceLogAspect [ServiceLogAspect.java:37] 用户[0:0:0:0:0:0:0:1],在[2021-10-12 21:46:57],访问了[com.nowcoder.community.service.CommentService.findCommentsByEntity].
2021-10-12 21:46:57,186 INFO [http-nio-8080-exec-6] c.n.c.a.ServiceLogAspect [ServiceLogAspect.java:37] 用户[0:0:0:0:0:0:0:1],在[2021-10-12 21:46:57],访问了[com.nowcoder.community.service.CommentService.findCommentCount].
2021-10-12 21:46:57,188 INFO [http-nio-8080-exec-6] c.n.c.a.ServiceLogAspect [ServiceLogAspect.java:37] 用户[0:0:0:0:0:0:0:1],在[2021-10-12 21:46:57],访问了[com.nowcoder.community.service.UserService.findUserById].
2021-10-12 21:46:57,193 INFO [http-nio-8080-exec-6] c.n.c.a.ServiceLogAspect [ServiceLogAspect.java:37] 用户[0:0:0:0:0:0:0:1],在[2021-10-12 21:46:57],访问了[com.nowcoder.community.service.LikeService.findEntityLikeCount].
2021-10-12 21:46:57,194 INFO [http-nio-8080-exec-6] c.n.c.a.ServiceLogAspect [ServiceLogAspect.java:37] 用户[0:0:0:0:0:0:0:1],在[2021-10-12 21:46:57],访问了[com.nowcoder.community.service.CommentService.findCommentsByEntity].
2021-10-12 21:46:57,196 INFO [http-nio-8080-exec-6] c.n.c.a.ServiceLogAspect [ServiceLogAspect.java:37] 用户[0:0:0:0:0:0:0:1],在[2021-10-12 21:46:57],访问了[com.nowcoder.community.service.CommentService.findCommentCount].
2021-10-12 21:46:57,197 INFO [http-nio-8080-exec-6] c.n.c.a.ServiceLogAspect [ServiceLogAspect.java:37] 用户[0:0:0:0:0:0:0:1],在[2021-10-12 21:46:57],访问了[com.nowcoder.community.service.UserService.findUserById].
2021-10-12 21:46:57,199 INFO [http-nio-8080-exec-6] c.n.c.a.ServiceLogAspect [ServiceLogAspect.java:37] 用户[0:0:0:0:0:0:0:1],在[2021-10-12 21:46:57],访问了[com.nowcoder.community.service.LikeService.findEntityLikeCount].
2021-10-12 21:46:57,200 INFO [http-nio-8080-exec-6] c.n.c.a.ServiceLogAspect [ServiceLogAspect.java:37] 用户[0:0:0:0:0:0:0:1],在[2021-10-12 21:46:57],访问了[com.nowcoder.community.service.CommentService.findCommentsByEntity].
2021-10-12 21:46:57,202 INFO [http-nio-8080-exec-6] c.n.c.a.ServiceLogAspect [ServiceLogAspect.java:37] 用户[0:0:0:0:0:0:0:1],在[2021-10-12 21:46:57],访问了[com.nowcoder.community.service.CommentService.findCommentCount].
2021-10-12 21:46:58,756 INFO [http-nio-8080-exec-1] c.n.c.a.ServiceLogAspect [ServiceLogAspect.java:37] 用户[0:0:0:0:0:0:0:1],在[2021-10-12 21:46:58],访问了[com.nowcoder.community.service.UserService.findLoginTicket].
2021-10-12 21:47:04,788 INFO [http-nio-8080-exec-2] c.n.c.a.ServiceLogAspect [ServiceLogAspect.java:37] 用户[0:0:0:0:0:0:0:1],在[2021-10-12 21:47:04],访问了[com.nowcoder.community.service.UserService.findLoginTicket].
2021-10-12 21:48:16,554 INFO [http-nio-8080-exec-5] c.n.c.a.ServiceLogAspect [ServiceLogAspect.java:37] 用户[0:0:0:0:0:0:0:1],在[2021-10-12 21:48:16],访问了[com.nowcoder.community.service.UserService.findLoginTicket].
2021-10-12 21:48:16,621 INFO [http-nio-8080-exec-9] c.n.c.a.ServiceLogAspect [ServiceLogAspect.java:37] 用户[0:0:0:0:0:0:0:1],在[2021-10-12 21:48:16],访问了[com.nowcoder.community.service.UserService.findLoginTicket].
2021-10-12 21:48:26,670 INFO [http-nio-8080-exec-10] c.n.c.a.ServiceLogAspect [ServiceLogAspect.java:37] 用户[0:0:0:0:0:0:0:1],在[2021-10-12 21:48:26],访问了[com.nowcoder.community.service.UserService.findLoginTicket].
2021-10-12 21:48:26,675 INFO [http-nio-8080-exec-10] c.n.c.a.ServiceLogAspect [ServiceLogAspect.java:37] 用户[0:0:0:0:0:0:0:1],在[2021-10-12 21:48:26],访问了[com.nowcoder.community.service.UserService.login].
2021-10-12 21:48:26,695 INFO [http-nio-8080-exec-1] c.n.c.a.ServiceLogAspect [ServiceLogAspect.java:37] 用户[0:0:0:0:0:0:0:1],在[2021-10-12 21:48:26],访问了[com.nowcoder.community.service.UserService.findLoginTicket].
2021-10-12 21:48:26,697 INFO [http-nio-8080-exec-1] c.n.c.a.ServiceLogAspect [ServiceLogAspect.java:37] 用户[0:0:0:0:0:0:0:1],在[2021-10-12 21:48:26],访问了[com.nowcoder.community.service.UserService.findUserById].
2021-10-12 21:48:26,700 INFO [http-nio-8080-exec-1] c.n.c.a.ServiceLogAspect [ServiceLogAspect.java:37] 用户[0:0:0:0:0:0:0:1],在[2021-10-12 21:48:26],访问了[com.nowcoder.community.service.DiscussPostService.findDiscussPostRows].
2021-10-12 21:48:26,702 INFO [http-nio-8080-exec-1] c.n.c.a.ServiceLogAspect [ServiceLogAspect.java:37] 用户[0:0:0:0:0:0:0:1],在[2021-10-12 21:48:26],访问了[com.nowcoder.community.service.DiscussPostService.findDiscussPosts].
2021-10-12 21:48:26,706 INFO [http-nio-8080-exec-1] c.n.c.a.ServiceLogAspect [ServiceLogAspect.java:37] 用户[0:0:0:0:0:0:0:1],在[2021-10-12 21:48:26],访问了[com.nowcoder.community.service.UserService.findUserById].
2021-10-12 21:48:26,708 INFO [http-nio-8080-exec-1] c.n.c.a.ServiceLogAspect [ServiceLogAspect.java:37] 用户[0:0:0:0:0:0:0:1],在[2021-10-12 21:48:26],访问了[com.nowcoder.community.service.LikeService.findEntityLikeCount].
2021-10-12 21:48:26,709 INFO [http-nio-8080-exec-1] c.n.c.a.ServiceLogAspect [ServiceLogAspect.java:37] 用户[0:0:0:0:0:0:0:1],在[2021-10-12 21:48:26],访问了[com.nowcoder.community.service.UserService.findUserById].
2021-10-12 21:48:26,711 INFO [http-nio-8080-exec-1] c.n.c.a.ServiceLogAspect [ServiceLogAspect.java:37] 用户[0:0:0:0:0:0:0:1],在[2021-10-12 21:48:26],访问了[com.nowcoder.community.service.LikeService.findEntityLikeCount].
2021-10-12 21:48:26,712 INFO [http-nio-8080-exec-1] c.n.c.a.ServiceLogAspect [ServiceLogAspect.java:37] 用户[0:0:0:0:0:0:0:1],在[2021-10-12 21:48:26],访问了[com.nowcoder.community.service.UserService.findUserById].
2021-10-12 21:48:26,714 INFO [http-nio-8080-exec-1] c.n.c.a.ServiceLogAspect [ServiceLogAspect.java:37] 用户[0:0:0:0:0:0:0:1],在[2021-10-12 21:48:26],访问了[com.nowcoder.community.service.LikeService.findEntityLikeCount].
2021-10-12 21:48:26,716 INFO [http-nio-8080-exec-1] c.n.c.a.ServiceLogAspect [ServiceLogAspect.java:37] 用户[0:0:0:0:0:0:0:1],在[2021-10-12 21:48:26],访问了[com.nowcoder.community.service.UserService.findUserById].
2021-10-12 21:48:26,719 INFO [http-nio-8080-exec-1] c.n.c.a.ServiceLogAspect [ServiceLogAspect.java:37] 用户[0:0:0:0:0:0:0:1],在[2021-10-12 21:48:26],访问了[com.nowcoder.community.service.LikeService.findEntityLikeCount].
2021-10-12 21:48:26,720 INFO [http-nio-8080-exec-1] c.n.c.a.ServiceLogAspect [ServiceLogAspect.java:37] 用户[0:0:0:0:0:0:0:1],在[2021-10-12 21:48:26],访问了[com.nowcoder.community.service.UserService.findUserById].
2021-10-12 21:48:26,721 INFO [http-nio-8080-exec-1] c.n.c.a.ServiceLogAspect [ServiceLogAspect.java:37] 用户[0:0:0:0:0:0:0:1],在[2021-10-12 21:48:26],访问了[com.nowcoder.community.service.LikeService.findEntityLikeCount].
2021-10-12 21:48:26,722 INFO [http-nio-8080-exec-1] c.n.c.a.ServiceLogAspect [ServiceLogAspect.java:37] 用户[0:0:0:0:0:0:0:1],在[2021-10-12 21:48:26],访问了[com.nowcoder.community.service.UserService.findUserById].
2021-10-12 21:48:26,724 INFO [http-nio-8080-exec-1] c.n.c.a.ServiceLogAspect [ServiceLogAspect.java:37] 用户[0:0:0:0:0:0:0:1],在[2021-10-12 21:48:26],访问了[com.nowcoder.community.service.LikeService.findEntityLikeCount].
2021-10-12 21:48:26,725 INFO [http-nio-8080-exec-1] c.n.c.a.ServiceLogAspect [ServiceLogAspect.java:37] 用户[0:0:0:0:0:0:0:1],在[2021-10-12 21:48:26],访问了[com.nowcoder.community.service.UserService.findUserById].
2021-10-12 21:48:26,727 INFO [http-nio-8080-exec-1] c.n.c.a.ServiceLogAspect [ServiceLogAspect.java:37] 用户[0:0:0:0:0:0:0:1],在[2021-10-12 21:48:26],访问了[com.nowcoder.community.service.LikeService.findEntityLikeCount].
2021-10-12 21:48:26,727 INFO [http-nio-8080-exec-1] c.n.c.a.ServiceLogAspect [ServiceLogAspect.java:37] 用户[0:0:0:0:0:0:0:1],在[2021-10-12 21:48:26],访问了[com.nowcoder.community.service.UserService.findUserById].
2021-10-12 21:48:26,729 INFO [http-nio-8080-exec-1] c.n.c.a.ServiceLogAspect [ServiceLogAspect.java:37] 用户[0:0:0:0:0:0:0:1],在[2021-10-12 21:48:26],访问了[com.nowcoder.community.service.LikeService.findEntityLikeCount].
2021-10-12 21:48:26,730 INFO [http-nio-8080-exec-1] c.n.c.a.ServiceLogAspect [ServiceLogAspect.java:37] 用户[0:0:0:0:0:0:0:1],在[2021-10-12 21:48:26],访问了[com.nowcoder.community.service.UserService.findUserById].
2021-10-12 21:48:26,734 INFO [http-nio-8080-exec-1] c.n.c.a.ServiceLogAspect [ServiceLogAspect.java:37] 用户[0:0:0:0:0:0:0:1],在[2021-10-12 21:48:26],访问了[com.nowcoder.community.service.LikeService.findEntityLikeCount].
2021-10-12 21:48:26,735 INFO [http-nio-8080-exec-1] c.n.c.a.ServiceLogAspect [ServiceLogAspect.java:37] 用户[0:0:0:0:0:0:0:1],在[2021-10-12 21:48:26],访问了[com.nowcoder.community.service.UserService.findUserById].
2021-10-12 21:48:26,737 INFO [http-nio-8080-exec-1] c.n.c.a.ServiceLogAspect [ServiceLogAspect.java:37] 用户[0:0:0:0:0:0:0:1],在[2021-10-12 21:48:26],访问了[com.nowcoder.community.service.LikeService.findEntityLikeCount].
2021-10-12 21:48:28,550 INFO [http-nio-8080-exec-6] c.n.c.a.ServiceLogAspect [ServiceLogAspect.java:37] 用户[0:0:0:0:0:0:0:1],在[2021-10-12 21:48:28],访问了[com.nowcoder.community.service.UserService.findLoginTicket].
2021-10-12 21:48:28,553 INFO [http-nio-8080-exec-6] c.n.c.a.ServiceLogAspect [ServiceLogAspect.java:37] 用户[0:0:0:0:0:0:0:1],在[2021-10-12 21:48:28],访问了[com.nowcoder.community.service.UserService.findUserById].
2021-10-12 21:48:28,555 INFO [http-nio-8080-exec-6] c.n.c.a.ServiceLogAspect [ServiceLogAspect.java:37] 用户[0:0:0:0:0:0:0:1],在[2021-10-12 21:48:28],访问了[com.nowcoder.community.service.UserService.findUserById].
2021-10-12 21:48:28,557 INFO [http-nio-8080-exec-6] c.n.c.a.ServiceLogAspect [ServiceLogAspect.java:37] 用户[0:0:0:0:0:0:0:1],在[2021-10-12 21:48:28],访问了[com.nowcoder.community.service.LikeService.findUserLikeCount].
2021-10-12 21:48:28,658 INFO [http-nio-8080-exec-9] c.n.c.a.ServiceLogAspect [ServiceLogAspect.java:37] 用户[0:0:0:0:0:0:0:1],在[2021-10-12 21:48:28],访问了[com.nowcoder.community.service.UserService.findLoginTicket].
2021-10-12 21:48:28,658 INFO [http-nio-8080-exec-8] c.n.c.a.ServiceLogAspect [ServiceLogAspect.java:37] 用户[0:0:0:0:0:0:0:1],在[2021-10-12 21:48:28],访问了[com.nowcoder.community.service.UserService.findLoginTicket].
2021-10-12 21:48:28,664 INFO [http-nio-8080-exec-9] c.n.c.a.ServiceLogAspect [ServiceLogAspect.java:37] 用户[0:0:0:0:0:0:0:1],在[2021-10-12 21:48:28],访问了[com.nowcoder.community.service.UserService.findUserById].
2021-10-12 21:48:28,666 INFO [http-nio-8080-exec-8] c.n.c.a.ServiceLogAspect [ServiceLogAspect.java:37] 用户[0:0:0:0:0:0:0:1],在[2021-10-12 21:48:28],访问了[com.nowcoder.community.service.UserService.findUserById].
2021-10-12 21:48:34,841 INFO [http-nio-8080-exec-10] c.n.c.a.ServiceLogAspect [ServiceLogAspect.java:37] 用户[0:0:0:0:0:0:0:1],在[2021-10-12 21:48:34],访问了[com.nowcoder.community.service.UserService.findLoginTicket].
2021-10-12 21:48:34,845 INFO [http-nio-8080-exec-10] c.n.c.a.ServiceLogAspect [ServiceLogAspect.java:37] 用户[0:0:0:0:0:0:0:1],在[2021-10-12 21:48:34],访问了[com.nowcoder.community.service.UserService.findUserById].
2021-10-12 21:48:34,861 INFO [http-nio-8080-exec-1] c.n.c.a.ServiceLogAspect [ServiceLogAspect.java:37] 用户[0:0:0:0:0:0:0:1],在[2021-10-12 21:48:34],访问了[com.nowcoder.community.service.UserService.findLoginTicket].
2021-10-12 21:48:34,863 INFO [http-nio-8080-exec-1] c.n.c.a.ServiceLogAspect [ServiceLogAspect.java:37] 用户[0:0:0:0:0:0:0:1],在[2021-10-12 21:48:34],访问了[com.nowcoder.community.service.UserService.findUserById].
2021-10-12 21:48:36,308 INFO [http-nio-8080-exec-5] c.n.c.a.ServiceLogAspect [ServiceLogAspect.java:37] 用户[0:0:0:0:0:0:0:1],在[2021-10-12 21:48:36],访问了[com.nowcoder.community.service.UserService.findLoginTicket].
2021-10-12 21:48:36,312 INFO [http-nio-8080-exec-5] c.n.c.a.ServiceLogAspect [ServiceLogAspect.java:37] 用户[0:0:0:0:0:0:0:1],在[2021-10-12 21:48:36],访问了[com.nowcoder.community.service.UserService.findUserById].
2021-10-12 21:48:36,313 INFO [http-nio-8080-exec-5] c.n.c.a.ServiceLogAspect [ServiceLogAspect.java:37] 用户[0:0:0:0:0:0:0:1],在[2021-10-12 21:48:36],访问了[com.nowcoder.community.service.DiscussPostService.findDiscussPostRows].
2021-10-12 21:48:36,315 INFO [http-nio-8080-exec-5] c.n.c.a.ServiceLogAspect [ServiceLogAspect.java:37] 用户[0:0:0:0:0:0:0:1],在[2021-10-12 21:48:36],访问了[com.nowcoder.community.service.DiscussPostService.findDiscussPosts].
2021-10-12 21:48:36,317 INFO [http-nio-8080-exec-5] c.n.c.a.ServiceLogAspect [ServiceLogAspect.java:37] 用户[0:0:0:0:0:0:0:1],在[2021-10-12 21:48:36],访问了[com.nowcoder.community.service.UserService.findUserById].
2021-10-12 21:48:36,319 INFO [http-nio-8080-exec-5] c.n.c.a.ServiceLogAspect [ServiceLogAspect.java:37] 用户[0:0:0:0:0:0:0:1],在[2021-10-12 21:48:36],访问了[com.nowcoder.community.service.LikeService.findEntityLikeCount].
2021-10-12 21:48:36,320 INFO [http-nio-8080-exec-5] c.n.c.a.ServiceLogAspect [ServiceLogAspect.java:37] 用户[0:0:0:0:0:0:0:1],在[2021-10-12 21:48:36],访问了[com.nowcoder.community.service.UserService.findUserById].
2021-10-12 21:48:36,323 INFO [http-nio-8080-exec-5] c.n.c.a.ServiceLogAspect [ServiceLogAspect.java:37] 用户[0:0:0:0:0:0:0:1],在[2021-10-12 21:48:36],访问了[com.nowcoder.community.service.LikeService.findEntityLikeCount].
2021-10-12 21:48:36,324 INFO [http-nio-8080-exec-5] c.n.c.a.ServiceLogAspect [ServiceLogAspect.java:37] 用户[0:0:0:0:0:0:0:1],在[2021-10-12 21:48:36],访问了[com.nowcoder.community.service.UserService.findUserById].
2021-10-12 21:48:36,326 INFO [http-nio-8080-exec-5] c.n.c.a.ServiceLogAspect [ServiceLogAspect.java:37] 用户[0:0:0:0:0:0:0:1],在[2021-10-12 21:48:36],访问了[com.nowcoder.community.service.LikeService.findEntityLikeCount].
2021-10-12 21:48:36,327 INFO [http-nio-8080-exec-5] c.n.c.a.ServiceLogAspect [ServiceLogAspect.java:37] 用户[0:0:0:0:0:0:0:1],在[2021-10-12 21:48:36],访问了[com.nowcoder.community.service.UserService.findUserById].
2021-10-12 21:48:36,329 INFO [http-nio-8080-exec-5] c.n.c.a.ServiceLogAspect [ServiceLogAspect.java:37] 用户[0:0:0:0:0:0:0:1],在[2021-10-12 21:48:36],访问了[com.nowcoder.community.service.LikeService.findEntityLikeCount].
2021-10-12 21:48:36,330 INFO [http-nio-8080-exec-5] c.n.c.a.ServiceLogAspect [ServiceLogAspect.java:37] 用户[0:0:0:0:0:0:0:1],在[2021-10-12 21:48:36],访问了[com.nowcoder.community.service.UserService.findUserById].
2021-10-12 21:48:36,333 INFO [http-nio-8080-exec-5] c.n.c.a.ServiceLogAspect [ServiceLogAspect.java:37] 用户[0:0:0:0:0:0:0:1],在[2021-10-12 21:48:36],访问了[com.nowcoder.community.service.LikeService.findEntityLikeCount].
2021-10-12 21:48:36,335 INFO [http-nio-8080-exec-5] c.n.c.a.ServiceLogAspect [ServiceLogAspect.java:37] 用户[0:0:0:0:0:0:0:1],在[2021-10-12 21:48:36],访问了[com.nowcoder.community.service.UserService.findUserById].
2021-10-12 21:48:36,337 INFO [http-nio-8080-exec-5] c.n.c.a.ServiceLogAspect [ServiceLogAspect.java:37] 用户[0:0:0:0:0:0:0:1],在[2021-10-12 21:48:36],访问了[com.nowcoder.community.service.LikeService.findEntityLikeCount].
2021-10-12 21:48:36,338 INFO [http-nio-8080-exec-5] c.n.c.a.ServiceLogAspect [ServiceLogAspect.java:37] 用户[0:0:0:0:0:0:0:1],在[2021-10-12 21:48:36],访问了[com.nowcoder.community.service.UserService.findUserById].
2021-10-12 21:48:36,341 INFO [http-nio-8080-exec-5] c.n.c.a.ServiceLogAspect [ServiceLogAspect.java:37] 用户[0:0:0:0:0:0:0:1],在[2021-10-12 21:48:36],访问了[com.nowcoder.community.service.LikeService.findEntityLikeCount].
2021-10-12 21:48:36,342 INFO [http-nio-8080-exec-5] c.n.c.a.ServiceLogAspect [ServiceLogAspect.java:37] 用户[0:0:0:0:0:0:0:1],在[2021-10-12 21:48:36],访问了[com.nowcoder.community.service.UserService.findUserById].
2021-10-12 21:48:36,344 INFO [http-nio-8080-exec-5] c.n.c.a.ServiceLogAspect [ServiceLogAspect.java:37] 用户[0:0:0:0:0:0:0:1],在[2021-10-12 21:48:36],访问了[com.nowcoder.community.service.LikeService.findEntityLikeCount].
2021-10-12 21:48:36,345 INFO [http-nio-8080-exec-5] c.n.c.a.ServiceLogAspect [ServiceLogAspect.java:37] 用户[0:0:0:0:0:0:0:1],在[2021-10-12 21:48:36],访问了[com.nowcoder.community.service.UserService.findUserById].
2021-10-12 21:48:36,347 INFO [http-nio-8080-exec-5] c.n.c.a.ServiceLogAspect [ServiceLogAspect.java:37] 用户[0:0:0:0:0:0:0:1],在[2021-10-12 21:48:36],访问了[com.nowcoder.community.service.LikeService.findEntityLikeCount].
2021-10-12 21:48:36,349 INFO [http-nio-8080-exec-5] c.n.c.a.ServiceLogAspect [ServiceLogAspect.java:37] 用户[0:0:0:0:0:0:0:1],在[2021-10-12 21:48:36],访问了[com.nowcoder.community.service.UserService.findUserById].
2021-10-12 21:48:36,351 INFO [http-nio-8080-exec-5] c.n.c.a.ServiceLogAspect [ServiceLogAspect.java:37] 用户[0:0:0:0:0:0:0:1],在[2021-10-12 21:48:36],访问了[com.nowcoder.community.service.LikeService.findEntityLikeCount].
2021-10-12 21:48:37,492 INFO [http-nio-8080-exec-10] c.n.c.a.ServiceLogAspect [ServiceLogAspect.java:37] 用户[0:0:0:0:0:0:0:1],在[2021-10-12 21:48:37],访问了[com.nowcoder.community.service.UserService.findLoginTicket].
2021-10-12 21:48:37,495 INFO [http-nio-8080-exec-10] c.n.c.a.ServiceLogAspect [ServiceLogAspect.java:37] 用户[0:0:0:0:0:0:0:1],在[2021-10-12 21:48:37],访问了[com.nowcoder.community.service.UserService.findUserById].
2021-10-12 21:48:37,499 INFO [http-nio-8080-exec-10] c.n.c.a.ServiceLogAspect [ServiceLogAspect.java:37] 用户[0:0:0:0:0:0:0:1],在[2021-10-12 21:48:37],访问了[com.nowcoder.community.service.UserService.findLoginTicket].
2021-10-12 21:48:37,502 INFO [http-nio-8080-exec-10] c.n.c.a.ServiceLogAspect [ServiceLogAspect.java:37] 用户[0:0:0:0:0:0:0:1],在[2021-10-12 21:48:37],访问了[com.nowcoder.community.service.UserService.findUserById].
2021-10-12 21:48:39,562 INFO [http-nio-8080-exec-4] c.n.c.a.ServiceLogAspect [ServiceLogAspect.java:37] 用户[0:0:0:0:0:0:0:1],在[2021-10-12 21:48:39],访问了[com.nowcoder.community.service.UserService.findLoginTicket].
2021-10-12 21:48:39,565 INFO [http-nio-8080-exec-4] c.n.c.a.ServiceLogAspect [ServiceLogAspect.java:37] 用户[0:0:0:0:0:0:0:1],在[2021-10-12 21:48:39],访问了[com.nowcoder.community.service.UserService.findUserById].
2021-10-12 21:48:39,567 INFO [http-nio-8080-exec-4] c.n.c.a.ServiceLogAspect [ServiceLogAspect.java:37] 用户[0:0:0:0:0:0:0:1],在[2021-10-12 21:48:39],访问了[com.nowcoder.community.service.DiscussPostService.findDiscussPostRows].
2021-10-12 21:48:39,570 INFO [http-nio-8080-exec-4] c.n.c.a.ServiceLogAspect [ServiceLogAspect.java:37] 用户[0:0:0:0:0:0:0:1],在[2021-10-12 21:48:39],访问了[com.nowcoder.community.service.DiscussPostService.findDiscussPosts].
2021-10-12 21:48:39,572 INFO [http-nio-8080-exec-4] c.n.c.a.ServiceLogAspect [ServiceLogAspect.java:37] 用户[0:0:0:0:0:0:0:1],在[2021-10-12 21:48:39],访问了[com.nowcoder.community.service.UserService.findUserById].
2021-10-12 21:48:39,574 INFO [http-nio-8080-exec-4] c.n.c.a.ServiceLogAspect [ServiceLogAspect.java:37] 用户[0:0:0:0:0:0:0:1],在[2021-10-12 21:48:39],访问了[com.nowcoder.community.service.LikeService.findEntityLikeCount].
2021-10-12 21:48:39,575 INFO [http-nio-8080-exec-4] c.n.c.a.ServiceLogAspect [ServiceLogAspect.java:37] 用户[0:0:0:0:0:0:0:1],在[2021-10-12 21:48:39],访问了[com.nowcoder.community.service.UserService.findUserById].
2021-10-12 21:48:39,577 INFO [http-nio-8080-exec-4] c.n.c.a.ServiceLogAspect [ServiceLogAspect.java:37] 用户[0:0:0:0:0:0:0:1],在[2021-10-12 21:48:39],访问了[com.nowcoder.community.service.LikeService.findEntityLikeCount].
2021-10-12 21:48:39,578 INFO [http-nio-8080-exec-4] c.n.c.a.ServiceLogAspect [ServiceLogAspect.java:37] 用户[0:0:0:0:0:0:0:1],在[2021-10-12 21:48:39],访问了[com.nowcoder.community.service.UserService.findUserById].
2021-10-12 21:48:39,580 INFO [http-nio-8080-exec-4] c.n.c.a.ServiceLogAspect [ServiceLogAspect.java:37] 用户[0:0:0:0:0:0:0:1],在[2021-10-12 21:48:39],访问了[com.nowcoder.community.service.LikeService.findEntityLikeCount].
2021-10-12 21:48:39,581 INFO [http-nio-8080-exec-4] c.n.c.a.ServiceLogAspect [ServiceLogAspect.java:37] 用户[0:0:0:0:0:0:0:1],在[2021-10-12 21:48:39],访问了[com.nowcoder.community.service.UserService.findUserById].
2021-10-12 21:48:39,583 INFO [http-nio-8080-exec-4] c.n.c.a.ServiceLogAspect [ServiceLogAspect.java:37] 用户[0:0:0:0:0:0:0:1],在[2021-10-12 21:48:39],访问了[com.nowcoder.community.service.LikeService.findEntityLikeCount].
2021-10-12 21:48:39,584 INFO [http-nio-8080-exec-4] c.n.c.a.ServiceLogAspect [ServiceLogAspect.java:37] 用户[0:0:0:0:0:0:0:1],在[2021-10-12 21:48:39],访问了[com.nowcoder.community.service.UserService.findUserById].
2021-10-12 21:48:39,588 INFO [http-nio-8080-exec-4] c.n.c.a.ServiceLogAspect [ServiceLogAspect.java:37] 用户[0:0:0:0:0:0:0:1],在[2021-10-12 21:48:39],访问了[com.nowcoder.community.service.LikeService.findEntityLikeCount].
2021-10-12 21:48:39,589 INFO [http-nio-8080-exec-4] c.n.c.a.ServiceLogAspect [ServiceLogAspect.java:37] 用户[0:0:0:0:0:0:0:1],在[2021-10-12 21:48:39],访问了[com.nowcoder.community.service.UserService.findUserById].
2021-10-12 21:48:39,590 INFO [http-nio-8080-exec-4] c.n.c.a.ServiceLogAspect [ServiceLogAspect.java:37] 用户[0:0:0:0:0:0:0:1],在[2021-10-12 21:48:39],访问了[com.nowcoder.community.service.LikeService.findEntityLikeCount].
2021-10-12 21:48:39,592 INFO [http-nio-8080-exec-4] c.n.c.a.ServiceLogAspect [ServiceLogAspect.java:37] 用户[0:0:0:0:0:0:0:1],在[2021-10-12 21:48:39],访问了[com.nowcoder.community.service.UserService.findUserById].
2021-10-12 21:48:39,593 INFO [http-nio-8080-exec-4] c.n.c.a.ServiceLogAspect [ServiceLogAspect.java:37] 用户[0:0:0:0:0:0:0:1],在[2021-10-12 21:48:39],访问了[com.nowcoder.community.service.LikeService.findEntityLikeCount].
2021-10-12 21:48:39,594 INFO [http-nio-8080-exec-4] c.n.c.a.ServiceLogAspect [ServiceLogAspect.java:37] 用户[0:0:0:0:0:0:0:1],在[2021-10-12 21:48:39],访问了[com.nowcoder.community.service.UserService.findUserById].
2021-10-12 21:48:39,596 INFO [http-nio-8080-exec-4] c.n.c.a.ServiceLogAspect [ServiceLogAspect.java:37] 用户[0:0:0:0:0:0:0:1],在[2021-10-12 21:48:39],访问了[com.nowcoder.community.service.LikeService.findEntityLikeCount].
2021-10-12 21:48:39,598 INFO [http-nio-8080-exec-4] c.n.c.a.ServiceLogAspect [ServiceLogAspect.java:37] 用户[0:0:0:0:0:0:0:1],在[2021-10-12 21:48:39],访问了[com.nowcoder.community.service.UserService.findUserById].
2021-10-12 21:48:39,599 INFO [http-nio-8080-exec-4] c.n.c.a.ServiceLogAspect [ServiceLogAspect.java:37] 用户[0:0:0:0:0:0:0:1],在[2021-10-12 21:48:39],访问了[com.nowcoder.community.service.LikeService.findEntityLikeCount].
2021-10-12 21:48:39,600 INFO [http-nio-8080-exec-4] c.n.c.a.ServiceLogAspect [ServiceLogAspect.java:37] 用户[0:0:0:0:0:0:0:1],在[2021-10-12 21:48:39],访问了[com.nowcoder.community.service.UserService.findUserById].
2021-10-12 21:48:39,603 INFO [http-nio-8080-exec-4] c.n.c.a.ServiceLogAspect [ServiceLogAspect.java:37] 用户[0:0:0:0:0:0:0:1],在[2021-10-12 21:48:39],访问了[com.nowcoder.community.service.LikeService.findEntityLikeCount].
