2021-07-23 11:57:37,185 INFO [restartedMain] c.n.c.CommunityApplication [StartupInfoLogger.java:50] Starting CommunityApplication on Lenovo-PC with PID 1208 (D:\CSLearning\ideaProjects\community\target\classes started by Noahs_Ark in D:\CSLearning\ideaProjects\community)
2021-07-23 11:57:37,200 INFO [restartedMain] c.n.c.CommunityApplication [SpringApplication.java:675] No active profile set, falling back to default profiles: default
2021-07-23 11:57:37,372 INFO [restartedMain] o.s.b.d.e.DevToolsPropertyDefaultsPostProcessor [DeferredLog.java:227] Devtools property defaults active! Set 'spring.devtools.add-properties' to 'false' to disable
2021-07-23 11:57:37,372 INFO [restartedMain] o.s.b.d.e.DevToolsPropertyDefaultsPostProcessor [DeferredLog.java:227] For additional web related logging consider setting the 'logging.level.web' property to 'DEBUG'
2021-07-23 11:57:39,372 INFO [restartedMain] o.s.d.r.c.RepositoryConfigurationDelegate [RepositoryConfigurationDelegate.java:244] Multiple Spring Data modules found, entering strict repository configuration mode!
2021-07-23 11:57:39,372 INFO [restartedMain] o.s.d.r.c.RepositoryConfigurationDelegate [RepositoryConfigurationDelegate.java:126] Bootstrapping Spring Data repositories in DEFAULT mode.
2021-07-23 11:57:39,435 INFO [restartedMain] o.s.d.r.c.RepositoryConfigurationDelegate [RepositoryConfigurationDelegate.java:182] Finished Spring Data repository scanning in 16ms. Found 0 repository interfaces.
2021-07-23 11:57:40,466 INFO [restartedMain] o.s.c.s.PostProcessorRegistrationDelegate$BeanPostProcessorChecker [PostProcessorRegistrationDelegate.java:330] Bean 'org.springframework.transaction.annotation.ProxyTransactionManagementConfiguration' of type [org.springframework.transaction.annotation.ProxyTransactionManagementConfiguration$$EnhancerBySpringCGLIB$$4f5d99f5] is not eligible for getting processed by all BeanPostProcessors (for example: not eligible for auto-proxying)
2021-07-23 11:57:41,656 INFO [restartedMain] o.s.b.w.e.t.TomcatWebServer [TomcatWebServer.java:90] Tomcat initialized with port(s): 8080 (http)
2021-07-23 11:57:41,719 INFO [restartedMain] o.a.c.h.Http11NioProtocol [DirectJDKLog.java:173] Initializing ProtocolHandler ["http-nio-8080"]
2021-07-23 11:57:41,781 INFO [restartedMain] o.a.c.c.StandardService [DirectJDKLog.java:173] Starting service [Tomcat]
2021-07-23 11:57:41,797 INFO [restartedMain] o.a.c.c.StandardEngine [DirectJDKLog.java:173] Starting Servlet engine: [Apache Tomcat/9.0.19]
2021-07-23 11:57:42,266 INFO [restartedMain] o.a.c.c.C.[.[.[/community] [DirectJDKLog.java:173] Initializing Spring embedded WebApplicationContext
2021-07-23 11:57:42,266 INFO [restartedMain] o.s.w.c.ContextLoader [ServletWebServerApplicationContext.java:296] Root WebApplicationContext: initialization completed in 4878 ms
2021-07-23 11:57:44,146 INFO [restartedMain] o.s.s.c.ThreadPoolTaskExecutor [ExecutorConfigurationSupport.java:171] Initializing ExecutorService 'applicationTaskExecutor'
2021-07-23 11:57:44,287 INFO [restartedMain] o.s.b.a.w.s.WelcomePageHandlerMapping [WelcomePageHandlerMapping.java:61] Adding welcome page template: index
2021-07-23 11:57:45,178 INFO [restartedMain] o.s.b.d.a.OptionalLiveReloadServer [OptionalLiveReloadServer.java:57] LiveReload server is running on port 35729
2021-07-23 11:57:45,231 INFO [restartedMain] o.a.c.h.Http11NioProtocol [DirectJDKLog.java:173] Starting ProtocolHandler ["http-nio-8080"]
2021-07-23 11:57:45,258 INFO [restartedMain] o.s.b.w.e.t.TomcatWebServer [TomcatWebServer.java:204] Tomcat started on port(s): 8080 (http) with context path '/community'
2021-07-23 11:57:45,264 INFO [restartedMain] c.n.c.CommunityApplication [StartupInfoLogger.java:59] Started CommunityApplication in 8.838 seconds (JVM running for 13.809)
2021-07-23 11:57:48,953 INFO [http-nio-8080-exec-1] o.a.c.c.C.[.[.[/community] [DirectJDKLog.java:173] Initializing Spring DispatcherServlet 'dispatcherServlet'
2021-07-23 11:57:48,954 INFO [http-nio-8080-exec-1] o.s.w.s.DispatcherServlet [FrameworkServlet.java:524] Initializing Servlet 'dispatcherServlet'
2021-07-23 11:57:48,970 INFO [http-nio-8080-exec-1] o.s.w.s.DispatcherServlet [FrameworkServlet.java:546] Completed initialization in 15 ms
2021-07-23 11:57:49,007 INFO [http-nio-8080-exec-1] c.n.c.a.ServiceLogAspect [ServiceLogAspect.java:37] 用户[0:0:0:0:0:0:0:1],在[2021-07-23 11:57:49],访问了[com.nowcoder.community.service.DiscussPostService.findDiscussPostRows].
2021-07-23 11:57:49,037 INFO [http-nio-8080-exec-1] c.z.h.HikariDataSource [HikariDataSource.java:110] HikariPool-1 - Starting...
2021-07-23 11:57:49,158 INFO [http-nio-8080-exec-1] c.z.h.HikariDataSource [HikariDataSource.java:123] HikariPool-1 - Start completed.
2021-07-23 11:57:49,255 INFO [http-nio-8080-exec-1] c.n.c.a.ServiceLogAspect [ServiceLogAspect.java:37] 用户[0:0:0:0:0:0:0:1],在[2021-07-23 11:57:49],访问了[com.nowcoder.community.service.DiscussPostService.findDiscussPosts].
2021-07-23 11:57:49,274 INFO [http-nio-8080-exec-1] c.n.c.a.ServiceLogAspect [ServiceLogAspect.java:37] 用户[0:0:0:0:0:0:0:1],在[2021-07-23 11:57:49],访问了[com.nowcoder.community.service.UserService.findUserById].
2021-07-23 11:57:49,299 INFO [http-nio-8080-exec-1] c.n.c.a.ServiceLogAspect [ServiceLogAspect.java:37] 用户[0:0:0:0:0:0:0:1],在[2021-07-23 11:57:49],访问了[com.nowcoder.community.service.LikeService.findEntityLikeCount].
2021-07-23 11:57:49,467 INFO [http-nio-8080-exec-1] i.l.c.EpollProvider [EpollProvider.java:68] Starting without optional epoll library
2021-07-23 11:57:49,469 INFO [http-nio-8080-exec-1] i.l.c.KqueueProvider [KqueueProvider.java:70] Starting without optional kqueue library
2021-07-23 11:57:50,215 INFO [http-nio-8080-exec-1] c.n.c.a.ServiceLogAspect [ServiceLogAspect.java:37] 用户[0:0:0:0:0:0:0:1],在[2021-07-23 11:57:50],访问了[com.nowcoder.community.service.UserService.findUserById].
2021-07-23 11:57:50,219 INFO [http-nio-8080-exec-1] c.n.c.a.ServiceLogAspect [ServiceLogAspect.java:37] 用户[0:0:0:0:0:0:0:1],在[2021-07-23 11:57:50],访问了[com.nowcoder.community.service.LikeService.findEntityLikeCount].
2021-07-23 11:57:50,221 INFO [http-nio-8080-exec-1] c.n.c.a.ServiceLogAspect [ServiceLogAspect.java:37] 用户[0:0:0:0:0:0:0:1],在[2021-07-23 11:57:50],访问了[com.nowcoder.community.service.UserService.findUserById].
2021-07-23 11:57:50,225 INFO [http-nio-8080-exec-1] c.n.c.a.ServiceLogAspect [ServiceLogAspect.java:37] 用户[0:0:0:0:0:0:0:1],在[2021-07-23 11:57:50],访问了[com.nowcoder.community.service.LikeService.findEntityLikeCount].
2021-07-23 11:57:50,227 INFO [http-nio-8080-exec-1] c.n.c.a.ServiceLogAspect [ServiceLogAspect.java:37] 用户[0:0:0:0:0:0:0:1],在[2021-07-23 11:57:50],访问了[com.nowcoder.community.service.UserService.findUserById].
2021-07-23 11:57:50,231 INFO [http-nio-8080-exec-1] c.n.c.a.ServiceLogAspect [ServiceLogAspect.java:37] 用户[0:0:0:0:0:0:0:1],在[2021-07-23 11:57:50],访问了[com.nowcoder.community.service.LikeService.findEntityLikeCount].
2021-07-23 11:57:50,233 INFO [http-nio-8080-exec-1] c.n.c.a.ServiceLogAspect [ServiceLogAspect.java:37] 用户[0:0:0:0:0:0:0:1],在[2021-07-23 11:57:50],访问了[com.nowcoder.community.service.UserService.findUserById].
2021-07-23 11:57:50,235 INFO [http-nio-8080-exec-1] c.n.c.a.ServiceLogAspect [ServiceLogAspect.java:37] 用户[0:0:0:0:0:0:0:1],在[2021-07-23 11:57:50],访问了[com.nowcoder.community.service.LikeService.findEntityLikeCount].
2021-07-23 11:57:50,237 INFO [http-nio-8080-exec-1] c.n.c.a.ServiceLogAspect [ServiceLogAspect.java:37] 用户[0:0:0:0:0:0:0:1],在[2021-07-23 11:57:50],访问了[com.nowcoder.community.service.UserService.findUserById].
2021-07-23 11:57:50,241 INFO [http-nio-8080-exec-1] c.n.c.a.ServiceLogAspect [ServiceLogAspect.java:37] 用户[0:0:0:0:0:0:0:1],在[2021-07-23 11:57:50],访问了[com.nowcoder.community.service.LikeService.findEntityLikeCount].
2021-07-23 11:57:50,242 INFO [http-nio-8080-exec-1] c.n.c.a.ServiceLogAspect [ServiceLogAspect.java:37] 用户[0:0:0:0:0:0:0:1],在[2021-07-23 11:57:50],访问了[com.nowcoder.community.service.UserService.findUserById].
2021-07-23 11:57:50,247 INFO [http-nio-8080-exec-1] c.n.c.a.ServiceLogAspect [ServiceLogAspect.java:37] 用户[0:0:0:0:0:0:0:1],在[2021-07-23 11:57:50],访问了[com.nowcoder.community.service.LikeService.findEntityLikeCount].
2021-07-23 11:57:50,248 INFO [http-nio-8080-exec-1] c.n.c.a.ServiceLogAspect [ServiceLogAspect.java:37] 用户[0:0:0:0:0:0:0:1],在[2021-07-23 11:57:50],访问了[com.nowcoder.community.service.UserService.findUserById].
2021-07-23 11:57:50,251 INFO [http-nio-8080-exec-1] c.n.c.a.ServiceLogAspect [ServiceLogAspect.java:37] 用户[0:0:0:0:0:0:0:1],在[2021-07-23 11:57:50],访问了[com.nowcoder.community.service.LikeService.findEntityLikeCount].
2021-07-23 11:57:50,253 INFO [http-nio-8080-exec-1] c.n.c.a.ServiceLogAspect [ServiceLogAspect.java:37] 用户[0:0:0:0:0:0:0:1],在[2021-07-23 11:57:50],访问了[com.nowcoder.community.service.UserService.findUserById].
2021-07-23 11:57:50,256 INFO [http-nio-8080-exec-1] c.n.c.a.ServiceLogAspect [ServiceLogAspect.java:37] 用户[0:0:0:0:0:0:0:1],在[2021-07-23 11:57:50],访问了[com.nowcoder.community.service.LikeService.findEntityLikeCount].
2021-07-23 11:57:50,258 INFO [http-nio-8080-exec-1] c.n.c.a.ServiceLogAspect [ServiceLogAspect.java:37] 用户[0:0:0:0:0:0:0:1],在[2021-07-23 11:57:50],访问了[com.nowcoder.community.service.UserService.findUserById].
2021-07-23 11:57:50,260 INFO [http-nio-8080-exec-1] c.n.c.a.ServiceLogAspect [ServiceLogAspect.java:37] 用户[0:0:0:0:0:0:0:1],在[2021-07-23 11:57:50],访问了[com.nowcoder.community.service.LikeService.findEntityLikeCount].
2021-07-23 11:57:56,027 INFO [http-nio-8080-exec-7] c.n.c.a.ServiceLogAspect [ServiceLogAspect.java:37] 用户[0:0:0:0:0:0:0:1],在[2021-07-23 11:57:56],访问了[com.nowcoder.community.service.DiscussPostService.findDiscussPostRows].
2021-07-23 11:57:56,031 INFO [http-nio-8080-exec-7] c.n.c.a.ServiceLogAspect [ServiceLogAspect.java:37] 用户[0:0:0:0:0:0:0:1],在[2021-07-23 11:57:56],访问了[com.nowcoder.community.service.DiscussPostService.findDiscussPosts].
2021-07-23 11:57:56,042 INFO [http-nio-8080-exec-7] c.n.c.a.ServiceLogAspect [ServiceLogAspect.java:37] 用户[0:0:0:0:0:0:0:1],在[2021-07-23 11:57:56],访问了[com.nowcoder.community.service.UserService.findUserById].
2021-07-23 11:57:56,046 INFO [http-nio-8080-exec-7] c.n.c.a.ServiceLogAspect [ServiceLogAspect.java:37] 用户[0:0:0:0:0:0:0:1],在[2021-07-23 11:57:56],访问了[com.nowcoder.community.service.LikeService.findEntityLikeCount].
2021-07-23 11:57:56,047 INFO [http-nio-8080-exec-7] c.n.c.a.ServiceLogAspect [ServiceLogAspect.java:37] 用户[0:0:0:0:0:0:0:1],在[2021-07-23 11:57:56],访问了[com.nowcoder.community.service.UserService.findUserById].
2021-07-23 11:57:56,055 INFO [http-nio-8080-exec-7] c.n.c.a.ServiceLogAspect [ServiceLogAspect.java:37] 用户[0:0:0:0:0:0:0:1],在[2021-07-23 11:57:56],访问了[com.nowcoder.community.service.LikeService.findEntityLikeCount].
2021-07-23 11:57:56,057 INFO [http-nio-8080-exec-7] c.n.c.a.ServiceLogAspect [ServiceLogAspect.java:37] 用户[0:0:0:0:0:0:0:1],在[2021-07-23 11:57:56],访问了[com.nowcoder.community.service.UserService.findUserById].
2021-07-23 11:57:56,060 INFO [http-nio-8080-exec-7] c.n.c.a.ServiceLogAspect [ServiceLogAspect.java:37] 用户[0:0:0:0:0:0:0:1],在[2021-07-23 11:57:56],访问了[com.nowcoder.community.service.LikeService.findEntityLikeCount].
2021-07-23 11:57:56,061 INFO [http-nio-8080-exec-7] c.n.c.a.ServiceLogAspect [ServiceLogAspect.java:37] 用户[0:0:0:0:0:0:0:1],在[2021-07-23 11:57:56],访问了[com.nowcoder.community.service.UserService.findUserById].
2021-07-23 11:57:56,065 INFO [http-nio-8080-exec-7] c.n.c.a.ServiceLogAspect [ServiceLogAspect.java:37] 用户[0:0:0:0:0:0:0:1],在[2021-07-23 11:57:56],访问了[com.nowcoder.community.service.LikeService.findEntityLikeCount].
2021-07-23 11:57:56,066 INFO [http-nio-8080-exec-7] c.n.c.a.ServiceLogAspect [ServiceLogAspect.java:37] 用户[0:0:0:0:0:0:0:1],在[2021-07-23 11:57:56],访问了[com.nowcoder.community.service.UserService.findUserById].
2021-07-23 11:57:56,071 INFO [http-nio-8080-exec-7] c.n.c.a.ServiceLogAspect [ServiceLogAspect.java:37] 用户[0:0:0:0:0:0:0:1],在[2021-07-23 11:57:56],访问了[com.nowcoder.community.service.LikeService.findEntityLikeCount].
2021-07-23 11:57:56,072 INFO [http-nio-8080-exec-7] c.n.c.a.ServiceLogAspect [ServiceLogAspect.java:37] 用户[0:0:0:0:0:0:0:1],在[2021-07-23 11:57:56],访问了[com.nowcoder.community.service.UserService.findUserById].
2021-07-23 11:57:56,078 INFO [http-nio-8080-exec-7] c.n.c.a.ServiceLogAspect [ServiceLogAspect.java:37] 用户[0:0:0:0:0:0:0:1],在[2021-07-23 11:57:56],访问了[com.nowcoder.community.service.LikeService.findEntityLikeCount].
2021-07-23 11:57:56,079 INFO [http-nio-8080-exec-7] c.n.c.a.ServiceLogAspect [ServiceLogAspect.java:37] 用户[0:0:0:0:0:0:0:1],在[2021-07-23 11:57:56],访问了[com.nowcoder.community.service.UserService.findUserById].
2021-07-23 11:57:56,082 INFO [http-nio-8080-exec-7] c.n.c.a.ServiceLogAspect [ServiceLogAspect.java:37] 用户[0:0:0:0:0:0:0:1],在[2021-07-23 11:57:56],访问了[com.nowcoder.community.service.LikeService.findEntityLikeCount].
2021-07-23 11:57:56,086 INFO [http-nio-8080-exec-7] c.n.c.a.ServiceLogAspect [ServiceLogAspect.java:37] 用户[0:0:0:0:0:0:0:1],在[2021-07-23 11:57:56],访问了[com.nowcoder.community.service.UserService.findUserById].
2021-07-23 11:57:56,089 INFO [http-nio-8080-exec-7] c.n.c.a.ServiceLogAspect [ServiceLogAspect.java:37] 用户[0:0:0:0:0:0:0:1],在[2021-07-23 11:57:56],访问了[com.nowcoder.community.service.LikeService.findEntityLikeCount].
2021-07-23 11:57:56,090 INFO [http-nio-8080-exec-7] c.n.c.a.ServiceLogAspect [ServiceLogAspect.java:37] 用户[0:0:0:0:0:0:0:1],在[2021-07-23 11:57:56],访问了[com.nowcoder.community.service.UserService.findUserById].
2021-07-23 11:57:56,093 INFO [http-nio-8080-exec-7] c.n.c.a.ServiceLogAspect [ServiceLogAspect.java:37] 用户[0:0:0:0:0:0:0:1],在[2021-07-23 11:57:56],访问了[com.nowcoder.community.service.LikeService.findEntityLikeCount].
2021-07-23 11:57:56,094 INFO [http-nio-8080-exec-7] c.n.c.a.ServiceLogAspect [ServiceLogAspect.java:37] 用户[0:0:0:0:0:0:0:1],在[2021-07-23 11:57:56],访问了[com.nowcoder.community.service.UserService.findUserById].
2021-07-23 11:57:56,097 INFO [http-nio-8080-exec-7] c.n.c.a.ServiceLogAspect [ServiceLogAspect.java:37] 用户[0:0:0:0:0:0:0:1],在[2021-07-23 11:57:56],访问了[com.nowcoder.community.service.LikeService.findEntityLikeCount].
2021-07-23 11:58:32,252 INFO [http-nio-8080-exec-5] c.n.c.a.ServiceLogAspect [ServiceLogAspect.java:37] 用户[0:0:0:0:0:0:0:1],在[2021-07-23 11:58:32],访问了[com.nowcoder.community.service.DiscussPostService.findDiscussPostRows].
2021-07-23 11:58:32,256 INFO [http-nio-8080-exec-5] c.n.c.a.ServiceLogAspect [ServiceLogAspect.java:37] 用户[0:0:0:0:0:0:0:1],在[2021-07-23 11:58:32],访问了[com.nowcoder.community.service.DiscussPostService.findDiscussPosts].
2021-07-23 11:58:32,261 INFO [http-nio-8080-exec-5] c.n.c.a.ServiceLogAspect [ServiceLogAspect.java:37] 用户[0:0:0:0:0:0:0:1],在[2021-07-23 11:58:32],访问了[com.nowcoder.community.service.UserService.findUserById].
2021-07-23 11:58:32,264 INFO [http-nio-8080-exec-5] c.n.c.a.ServiceLogAspect [ServiceLogAspect.java:37] 用户[0:0:0:0:0:0:0:1],在[2021-07-23 11:58:32],访问了[com.nowcoder.community.service.LikeService.findEntityLikeCount].
2021-07-23 11:58:32,267 INFO [http-nio-8080-exec-5] c.n.c.a.ServiceLogAspect [ServiceLogAspect.java:37] 用户[0:0:0:0:0:0:0:1],在[2021-07-23 11:58:32],访问了[com.nowcoder.community.service.UserService.findUserById].
2021-07-23 11:58:32,270 INFO [http-nio-8080-exec-5] c.n.c.a.ServiceLogAspect [ServiceLogAspect.java:37] 用户[0:0:0:0:0:0:0:1],在[2021-07-23 11:58:32],访问了[com.nowcoder.community.service.LikeService.findEntityLikeCount].
2021-07-23 11:58:32,272 INFO [http-nio-8080-exec-5] c.n.c.a.ServiceLogAspect [ServiceLogAspect.java:37] 用户[0:0:0:0:0:0:0:1],在[2021-07-23 11:58:32],访问了[com.nowcoder.community.service.UserService.findUserById].
2021-07-23 11:58:32,275 INFO [http-nio-8080-exec-5] c.n.c.a.ServiceLogAspect [ServiceLogAspect.java:37] 用户[0:0:0:0:0:0:0:1],在[2021-07-23 11:58:32],访问了[com.nowcoder.community.service.LikeService.findEntityLikeCount].
2021-07-23 11:58:32,277 INFO [http-nio-8080-exec-5] c.n.c.a.ServiceLogAspect [ServiceLogAspect.java:37] 用户[0:0:0:0:0:0:0:1],在[2021-07-23 11:58:32],访问了[com.nowcoder.community.service.UserService.findUserById].
2021-07-23 11:58:32,280 INFO [http-nio-8080-exec-5] c.n.c.a.ServiceLogAspect [ServiceLogAspect.java:37] 用户[0:0:0:0:0:0:0:1],在[2021-07-23 11:58:32],访问了[com.nowcoder.community.service.LikeService.findEntityLikeCount].
2021-07-23 11:58:32,283 INFO [http-nio-8080-exec-5] c.n.c.a.ServiceLogAspect [ServiceLogAspect.java:37] 用户[0:0:0:0:0:0:0:1],在[2021-07-23 11:58:32],访问了[com.nowcoder.community.service.UserService.findUserById].
2021-07-23 11:58:32,286 INFO [http-nio-8080-exec-5] c.n.c.a.ServiceLogAspect [ServiceLogAspect.java:37] 用户[0:0:0:0:0:0:0:1],在[2021-07-23 11:58:32],访问了[com.nowcoder.community.service.LikeService.findEntityLikeCount].
2021-07-23 11:58:32,287 INFO [http-nio-8080-exec-5] c.n.c.a.ServiceLogAspect [ServiceLogAspect.java:37] 用户[0:0:0:0:0:0:0:1],在[2021-07-23 11:58:32],访问了[com.nowcoder.community.service.UserService.findUserById].
2021-07-23 11:58:32,290 INFO [http-nio-8080-exec-5] c.n.c.a.ServiceLogAspect [ServiceLogAspect.java:37] 用户[0:0:0:0:0:0:0:1],在[2021-07-23 11:58:32],访问了[com.nowcoder.community.service.LikeService.findEntityLikeCount].
2021-07-23 11:58:32,291 INFO [http-nio-8080-exec-5] c.n.c.a.ServiceLogAspect [ServiceLogAspect.java:37] 用户[0:0:0:0:0:0:0:1],在[2021-07-23 11:58:32],访问了[com.nowcoder.community.service.UserService.findUserById].
2021-07-23 11:58:32,293 INFO [http-nio-8080-exec-5] c.n.c.a.ServiceLogAspect [ServiceLogAspect.java:37] 用户[0:0:0:0:0:0:0:1],在[2021-07-23 11:58:32],访问了[com.nowcoder.community.service.LikeService.findEntityLikeCount].
2021-07-23 11:58:32,295 INFO [http-nio-8080-exec-5] c.n.c.a.ServiceLogAspect [ServiceLogAspect.java:37] 用户[0:0:0:0:0:0:0:1],在[2021-07-23 11:58:32],访问了[com.nowcoder.community.service.UserService.findUserById].
2021-07-23 11:58:32,298 INFO [http-nio-8080-exec-5] c.n.c.a.ServiceLogAspect [ServiceLogAspect.java:37] 用户[0:0:0:0:0:0:0:1],在[2021-07-23 11:58:32],访问了[com.nowcoder.community.service.LikeService.findEntityLikeCount].
2021-07-23 11:58:32,300 INFO [http-nio-8080-exec-5] c.n.c.a.ServiceLogAspect [ServiceLogAspect.java:37] 用户[0:0:0:0:0:0:0:1],在[2021-07-23 11:58:32],访问了[com.nowcoder.community.service.UserService.findUserById].
2021-07-23 11:58:32,302 INFO [http-nio-8080-exec-5] c.n.c.a.ServiceLogAspect [ServiceLogAspect.java:37] 用户[0:0:0:0:0:0:0:1],在[2021-07-23 11:58:32],访问了[com.nowcoder.community.service.LikeService.findEntityLikeCount].
2021-07-23 11:58:32,304 INFO [http-nio-8080-exec-5] c.n.c.a.ServiceLogAspect [ServiceLogAspect.java:37] 用户[0:0:0:0:0:0:0:1],在[2021-07-23 11:58:32],访问了[com.nowcoder.community.service.UserService.findUserById].
2021-07-23 11:58:32,306 INFO [http-nio-8080-exec-5] c.n.c.a.ServiceLogAspect [ServiceLogAspect.java:37] 用户[0:0:0:0:0:0:0:1],在[2021-07-23 11:58:32],访问了[com.nowcoder.community.service.LikeService.findEntityLikeCount].
2021-07-23 11:58:45,290 INFO [http-nio-8080-exec-1] c.n.c.a.ServiceLogAspect [ServiceLogAspect.java:37] 用户[0:0:0:0:0:0:0:1],在[2021-07-23 11:58:45],访问了[com.nowcoder.community.service.DiscussPostService.findDiscussPostRows].
2021-07-23 11:58:45,294 INFO [http-nio-8080-exec-1] c.n.c.a.ServiceLogAspect [ServiceLogAspect.java:37] 用户[0:0:0:0:0:0:0:1],在[2021-07-23 11:58:45],访问了[com.nowcoder.community.service.DiscussPostService.findDiscussPosts].
2021-07-23 11:58:45,299 INFO [http-nio-8080-exec-1] c.n.c.a.ServiceLogAspect [ServiceLogAspect.java:37] 用户[0:0:0:0:0:0:0:1],在[2021-07-23 11:58:45],访问了[com.nowcoder.community.service.UserService.findUserById].
2021-07-23 11:58:45,306 INFO [http-nio-8080-exec-1] c.n.c.a.ServiceLogAspect [ServiceLogAspect.java:37] 用户[0:0:0:0:0:0:0:1],在[2021-07-23 11:58:45],访问了[com.nowcoder.community.service.LikeService.findEntityLikeCount].
2021-07-23 11:58:45,307 INFO [http-nio-8080-exec-1] c.n.c.a.ServiceLogAspect [ServiceLogAspect.java:37] 用户[0:0:0:0:0:0:0:1],在[2021-07-23 11:58:45],访问了[com.nowcoder.community.service.UserService.findUserById].
2021-07-23 11:58:45,310 INFO [http-nio-8080-exec-1] c.n.c.a.ServiceLogAspect [ServiceLogAspect.java:37] 用户[0:0:0:0:0:0:0:1],在[2021-07-23 11:58:45],访问了[com.nowcoder.community.service.LikeService.findEntityLikeCount].
2021-07-23 11:58:45,311 INFO [http-nio-8080-exec-1] c.n.c.a.ServiceLogAspect [ServiceLogAspect.java:37] 用户[0:0:0:0:0:0:0:1],在[2021-07-23 11:58:45],访问了[com.nowcoder.community.service.UserService.findUserById].
2021-07-23 11:58:45,314 INFO [http-nio-8080-exec-1] c.n.c.a.ServiceLogAspect [ServiceLogAspect.java:37] 用户[0:0:0:0:0:0:0:1],在[2021-07-23 11:58:45],访问了[com.nowcoder.community.service.LikeService.findEntityLikeCount].
2021-07-23 11:58:45,315 INFO [http-nio-8080-exec-1] c.n.c.a.ServiceLogAspect [ServiceLogAspect.java:37] 用户[0:0:0:0:0:0:0:1],在[2021-07-23 11:58:45],访问了[com.nowcoder.community.service.UserService.findUserById].
2021-07-23 11:58:45,321 INFO [http-nio-8080-exec-1] c.n.c.a.ServiceLogAspect [ServiceLogAspect.java:37] 用户[0:0:0:0:0:0:0:1],在[2021-07-23 11:58:45],访问了[com.nowcoder.community.service.LikeService.findEntityLikeCount].
2021-07-23 11:58:45,322 INFO [http-nio-8080-exec-1] c.n.c.a.ServiceLogAspect [ServiceLogAspect.java:37] 用户[0:0:0:0:0:0:0:1],在[2021-07-23 11:58:45],访问了[com.nowcoder.community.service.UserService.findUserById].
2021-07-23 11:58:45,325 INFO [http-nio-8080-exec-1] c.n.c.a.ServiceLogAspect [ServiceLogAspect.java:37] 用户[0:0:0:0:0:0:0:1],在[2021-07-23 11:58:45],访问了[com.nowcoder.community.service.LikeService.findEntityLikeCount].
2021-07-23 11:58:45,327 INFO [http-nio-8080-exec-1] c.n.c.a.ServiceLogAspect [ServiceLogAspect.java:37] 用户[0:0:0:0:0:0:0:1],在[2021-07-23 11:58:45],访问了[com.nowcoder.community.service.UserService.findUserById].
2021-07-23 11:58:45,330 INFO [http-nio-8080-exec-1] c.n.c.a.ServiceLogAspect [ServiceLogAspect.java:37] 用户[0:0:0:0:0:0:0:1],在[2021-07-23 11:58:45],访问了[com.nowcoder.community.service.LikeService.findEntityLikeCount].
2021-07-23 11:58:45,332 INFO [http-nio-8080-exec-1] c.n.c.a.ServiceLogAspect [ServiceLogAspect.java:37] 用户[0:0:0:0:0:0:0:1],在[2021-07-23 11:58:45],访问了[com.nowcoder.community.service.UserService.findUserById].
2021-07-23 11:58:45,338 INFO [http-nio-8080-exec-1] c.n.c.a.ServiceLogAspect [ServiceLogAspect.java:37] 用户[0:0:0:0:0:0:0:1],在[2021-07-23 11:58:45],访问了[com.nowcoder.community.service.LikeService.findEntityLikeCount].
2021-07-23 11:58:45,339 INFO [http-nio-8080-exec-1] c.n.c.a.ServiceLogAspect [ServiceLogAspect.java:37] 用户[0:0:0:0:0:0:0:1],在[2021-07-23 11:58:45],访问了[com.nowcoder.community.service.UserService.findUserById].
2021-07-23 11:58:45,343 INFO [http-nio-8080-exec-1] c.n.c.a.ServiceLogAspect [ServiceLogAspect.java:37] 用户[0:0:0:0:0:0:0:1],在[2021-07-23 11:58:45],访问了[com.nowcoder.community.service.LikeService.findEntityLikeCount].
2021-07-23 11:58:45,345 INFO [http-nio-8080-exec-1] c.n.c.a.ServiceLogAspect [ServiceLogAspect.java:37] 用户[0:0:0:0:0:0:0:1],在[2021-07-23 11:58:45],访问了[com.nowcoder.community.service.UserService.findUserById].
2021-07-23 11:58:45,348 INFO [http-nio-8080-exec-1] c.n.c.a.ServiceLogAspect [ServiceLogAspect.java:37] 用户[0:0:0:0:0:0:0:1],在[2021-07-23 11:58:45],访问了[com.nowcoder.community.service.LikeService.findEntityLikeCount].
2021-07-23 11:58:45,349 INFO [http-nio-8080-exec-1] c.n.c.a.ServiceLogAspect [ServiceLogAspect.java:37] 用户[0:0:0:0:0:0:0:1],在[2021-07-23 11:58:45],访问了[com.nowcoder.community.service.UserService.findUserById].
2021-07-23 11:58:45,354 INFO [http-nio-8080-exec-1] c.n.c.a.ServiceLogAspect [ServiceLogAspect.java:37] 用户[0:0:0:0:0:0:0:1],在[2021-07-23 11:58:45],访问了[com.nowcoder.community.service.LikeService.findEntityLikeCount].
2021-07-23 11:59:17,928 INFO [http-nio-8080-exec-4] c.n.c.a.ServiceLogAspect [ServiceLogAspect.java:37] 用户[0:0:0:0:0:0:0:1],在[2021-07-23 11:59:17],访问了[com.nowcoder.community.service.DiscussPostService.findDiscussPostRows].
2021-07-23 11:59:17,931 INFO [http-nio-8080-exec-4] c.n.c.a.ServiceLogAspect [ServiceLogAspect.java:37] 用户[0:0:0:0:0:0:0:1],在[2021-07-23 11:59:17],访问了[com.nowcoder.community.service.DiscussPostService.findDiscussPosts].
2021-07-23 11:59:17,939 INFO [http-nio-8080-exec-4] c.n.c.a.ServiceLogAspect [ServiceLogAspect.java:37] 用户[0:0:0:0:0:0:0:1],在[2021-07-23 11:59:17],访问了[com.nowcoder.community.service.UserService.findUserById].
2021-07-23 11:59:17,941 INFO [http-nio-8080-exec-4] c.n.c.a.ServiceLogAspect [ServiceLogAspect.java:37] 用户[0:0:0:0:0:0:0:1],在[2021-07-23 11:59:17],访问了[com.nowcoder.community.service.LikeService.findEntityLikeCount].
2021-07-23 11:59:17,942 INFO [http-nio-8080-exec-4] c.n.c.a.ServiceLogAspect [ServiceLogAspect.java:37] 用户[0:0:0:0:0:0:0:1],在[2021-07-23 11:59:17],访问了[com.nowcoder.community.service.UserService.findUserById].
2021-07-23 11:59:17,944 INFO [http-nio-8080-exec-4] c.n.c.a.ServiceLogAspect [ServiceLogAspect.java:37] 用户[0:0:0:0:0:0:0:1],在[2021-07-23 11:59:17],访问了[com.nowcoder.community.service.LikeService.findEntityLikeCount].
2021-07-23 11:59:17,945 INFO [http-nio-8080-exec-4] c.n.c.a.ServiceLogAspect [ServiceLogAspect.java:37] 用户[0:0:0:0:0:0:0:1],在[2021-07-23 11:59:17],访问了[com.nowcoder.community.service.UserService.findUserById].
2021-07-23 11:59:17,948 INFO [http-nio-8080-exec-4] c.n.c.a.ServiceLogAspect [ServiceLogAspect.java:37] 用户[0:0:0:0:0:0:0:1],在[2021-07-23 11:59:17],访问了[com.nowcoder.community.service.LikeService.findEntityLikeCount].
2021-07-23 11:59:17,950 INFO [http-nio-8080-exec-4] c.n.c.a.ServiceLogAspect [ServiceLogAspect.java:37] 用户[0:0:0:0:0:0:0:1],在[2021-07-23 11:59:17],访问了[com.nowcoder.community.service.UserService.findUserById].
2021-07-23 11:59:17,954 INFO [http-nio-8080-exec-4] c.n.c.a.ServiceLogAspect [ServiceLogAspect.java:37] 用户[0:0:0:0:0:0:0:1],在[2021-07-23 11:59:17],访问了[com.nowcoder.community.service.LikeService.findEntityLikeCount].
2021-07-23 11:59:17,956 INFO [http-nio-8080-exec-4] c.n.c.a.ServiceLogAspect [ServiceLogAspect.java:37] 用户[0:0:0:0:0:0:0:1],在[2021-07-23 11:59:17],访问了[com.nowcoder.community.service.UserService.findUserById].
2021-07-23 11:59:17,958 INFO [http-nio-8080-exec-4] c.n.c.a.ServiceLogAspect [ServiceLogAspect.java:37] 用户[0:0:0:0:0:0:0:1],在[2021-07-23 11:59:17],访问了[com.nowcoder.community.service.LikeService.findEntityLikeCount].
2021-07-23 11:59:17,959 INFO [http-nio-8080-exec-4] c.n.c.a.ServiceLogAspect [ServiceLogAspect.java:37] 用户[0:0:0:0:0:0:0:1],在[2021-07-23 11:59:17],访问了[com.nowcoder.community.service.UserService.findUserById].
2021-07-23 11:59:17,961 INFO [http-nio-8080-exec-4] c.n.c.a.ServiceLogAspect [ServiceLogAspect.java:37] 用户[0:0:0:0:0:0:0:1],在[2021-07-23 11:59:17],访问了[com.nowcoder.community.service.LikeService.findEntityLikeCount].
2021-07-23 11:59:17,962 INFO [http-nio-8080-exec-4] c.n.c.a.ServiceLogAspect [ServiceLogAspect.java:37] 用户[0:0:0:0:0:0:0:1],在[2021-07-23 11:59:17],访问了[com.nowcoder.community.service.UserService.findUserById].
2021-07-23 11:59:17,964 INFO [http-nio-8080-exec-4] c.n.c.a.ServiceLogAspect [ServiceLogAspect.java:37] 用户[0:0:0:0:0:0:0:1],在[2021-07-23 11:59:17],访问了[com.nowcoder.community.service.LikeService.findEntityLikeCount].
2021-07-23 11:59:17,966 INFO [http-nio-8080-exec-4] c.n.c.a.ServiceLogAspect [ServiceLogAspect.java:37] 用户[0:0:0:0:0:0:0:1],在[2021-07-23 11:59:17],访问了[com.nowcoder.community.service.UserService.findUserById].
2021-07-23 11:59:17,969 INFO [http-nio-8080-exec-4] c.n.c.a.ServiceLogAspect [ServiceLogAspect.java:37] 用户[0:0:0:0:0:0:0:1],在[2021-07-23 11:59:17],访问了[com.nowcoder.community.service.LikeService.findEntityLikeCount].
2021-07-23 11:59:17,971 INFO [http-nio-8080-exec-4] c.n.c.a.ServiceLogAspect [ServiceLogAspect.java:37] 用户[0:0:0:0:0:0:0:1],在[2021-07-23 11:59:17],访问了[com.nowcoder.community.service.UserService.findUserById].
2021-07-23 11:59:17,973 INFO [http-nio-8080-exec-4] c.n.c.a.ServiceLogAspect [ServiceLogAspect.java:37] 用户[0:0:0:0:0:0:0:1],在[2021-07-23 11:59:17],访问了[com.nowcoder.community.service.LikeService.findEntityLikeCount].
2021-07-23 11:59:17,975 INFO [http-nio-8080-exec-4] c.n.c.a.ServiceLogAspect [ServiceLogAspect.java:37] 用户[0:0:0:0:0:0:0:1],在[2021-07-23 11:59:17],访问了[com.nowcoder.community.service.UserService.findUserById].
2021-07-23 11:59:17,977 INFO [http-nio-8080-exec-4] c.n.c.a.ServiceLogAspect [ServiceLogAspect.java:37] 用户[0:0:0:0:0:0:0:1],在[2021-07-23 11:59:17],访问了[com.nowcoder.community.service.LikeService.findEntityLikeCount].
2021-07-23 11:59:18,576 INFO [http-nio-8080-exec-1] c.n.c.a.ServiceLogAspect [ServiceLogAspect.java:37] 用户[0:0:0:0:0:0:0:1],在[2021-07-23 11:59:18],访问了[com.nowcoder.community.service.DiscussPostService.findDiscussPostRows].
2021-07-23 11:59:18,578 INFO [http-nio-8080-exec-1] c.n.c.a.ServiceLogAspect [ServiceLogAspect.java:37] 用户[0:0:0:0:0:0:0:1],在[2021-07-23 11:59:18],访问了[com.nowcoder.community.service.DiscussPostService.findDiscussPosts].
2021-07-23 11:59:18,581 INFO [http-nio-8080-exec-1] c.n.c.a.ServiceLogAspect [ServiceLogAspect.java:37] 用户[0:0:0:0:0:0:0:1],在[2021-07-23 11:59:18],访问了[com.nowcoder.community.service.UserService.findUserById].
2021-07-23 11:59:18,585 INFO [http-nio-8080-exec-1] c.n.c.a.ServiceLogAspect [ServiceLogAspect.java:37] 用户[0:0:0:0:0:0:0:1],在[2021-07-23 11:59:18],访问了[com.nowcoder.community.service.LikeService.findEntityLikeCount].
2021-07-23 11:59:18,588 INFO [http-nio-8080-exec-1] c.n.c.a.ServiceLogAspect [ServiceLogAspect.java:37] 用户[0:0:0:0:0:0:0:1],在[2021-07-23 11:59:18],访问了[com.nowcoder.community.service.UserService.findUserById].
2021-07-23 11:59:18,590 INFO [http-nio-8080-exec-1] c.n.c.a.ServiceLogAspect [ServiceLogAspect.java:37] 用户[0:0:0:0:0:0:0:1],在[2021-07-23 11:59:18],访问了[com.nowcoder.community.service.LikeService.findEntityLikeCount].
2021-07-23 11:59:18,591 INFO [http-nio-8080-exec-1] c.n.c.a.ServiceLogAspect [ServiceLogAspect.java:37] 用户[0:0:0:0:0:0:0:1],在[2021-07-23 11:59:18],访问了[com.nowcoder.community.service.UserService.findUserById].
2021-07-23 11:59:18,593 INFO [http-nio-8080-exec-1] c.n.c.a.ServiceLogAspect [ServiceLogAspect.java:37] 用户[0:0:0:0:0:0:0:1],在[2021-07-23 11:59:18],访问了[com.nowcoder.community.service.LikeService.findEntityLikeCount].
2021-07-23 11:59:18,594 INFO [http-nio-8080-exec-1] c.n.c.a.ServiceLogAspect [ServiceLogAspect.java:37] 用户[0:0:0:0:0:0:0:1],在[2021-07-23 11:59:18],访问了[com.nowcoder.community.service.UserService.findUserById].
2021-07-23 11:59:18,596 INFO [http-nio-8080-exec-1] c.n.c.a.ServiceLogAspect [ServiceLogAspect.java:37] 用户[0:0:0:0:0:0:0:1],在[2021-07-23 11:59:18],访问了[com.nowcoder.community.service.LikeService.findEntityLikeCount].
2021-07-23 11:59:18,597 INFO [http-nio-8080-exec-1] c.n.c.a.ServiceLogAspect [ServiceLogAspect.java:37] 用户[0:0:0:0:0:0:0:1],在[2021-07-23 11:59:18],访问了[com.nowcoder.community.service.UserService.findUserById].
2021-07-23 11:59:18,600 INFO [http-nio-8080-exec-1] c.n.c.a.ServiceLogAspect [ServiceLogAspect.java:37] 用户[0:0:0:0:0:0:0:1],在[2021-07-23 11:59:18],访问了[com.nowcoder.community.service.LikeService.findEntityLikeCount].
2021-07-23 11:59:18,602 INFO [http-nio-8080-exec-1] c.n.c.a.ServiceLogAspect [ServiceLogAspect.java:37] 用户[0:0:0:0:0:0:0:1],在[2021-07-23 11:59:18],访问了[com.nowcoder.community.service.UserService.findUserById].
2021-07-23 11:59:18,605 INFO [http-nio-8080-exec-1] c.n.c.a.ServiceLogAspect [ServiceLogAspect.java:37] 用户[0:0:0:0:0:0:0:1],在[2021-07-23 11:59:18],访问了[com.nowcoder.community.service.LikeService.findEntityLikeCount].
2021-07-23 11:59:18,606 INFO [http-nio-8080-exec-1] c.n.c.a.ServiceLogAspect [ServiceLogAspect.java:37] 用户[0:0:0:0:0:0:0:1],在[2021-07-23 11:59:18],访问了[com.nowcoder.community.service.UserService.findUserById].
2021-07-23 11:59:18,608 INFO [http-nio-8080-exec-1] c.n.c.a.ServiceLogAspect [ServiceLogAspect.java:37] 用户[0:0:0:0:0:0:0:1],在[2021-07-23 11:59:18],访问了[com.nowcoder.community.service.LikeService.findEntityLikeCount].
2021-07-23 11:59:18,610 INFO [http-nio-8080-exec-1] c.n.c.a.ServiceLogAspect [ServiceLogAspect.java:37] 用户[0:0:0:0:0:0:0:1],在[2021-07-23 11:59:18],访问了[com.nowcoder.community.service.UserService.findUserById].
2021-07-23 11:59:18,612 INFO [http-nio-8080-exec-1] c.n.c.a.ServiceLogAspect [ServiceLogAspect.java:37] 用户[0:0:0:0:0:0:0:1],在[2021-07-23 11:59:18],访问了[com.nowcoder.community.service.LikeService.findEntityLikeCount].
2021-07-23 11:59:18,613 INFO [http-nio-8080-exec-1] c.n.c.a.ServiceLogAspect [ServiceLogAspect.java:37] 用户[0:0:0:0:0:0:0:1],在[2021-07-23 11:59:18],访问了[com.nowcoder.community.service.UserService.findUserById].
2021-07-23 11:59:18,617 INFO [http-nio-8080-exec-1] c.n.c.a.ServiceLogAspect [ServiceLogAspect.java:37] 用户[0:0:0:0:0:0:0:1],在[2021-07-23 11:59:18],访问了[com.nowcoder.community.service.LikeService.findEntityLikeCount].
2021-07-23 11:59:18,619 INFO [http-nio-8080-exec-1] c.n.c.a.ServiceLogAspect [ServiceLogAspect.java:37] 用户[0:0:0:0:0:0:0:1],在[2021-07-23 11:59:18],访问了[com.nowcoder.community.service.UserService.findUserById].
2021-07-23 11:59:18,621 INFO [http-nio-8080-exec-1] c.n.c.a.ServiceLogAspect [ServiceLogAspect.java:37] 用户[0:0:0:0:0:0:0:1],在[2021-07-23 11:59:18],访问了[com.nowcoder.community.service.LikeService.findEntityLikeCount].
2021-07-23 11:59:39,598 INFO [restartedMain] c.n.c.CommunityApplication [StartupInfoLogger.java:50] Starting CommunityApplication on Lenovo-PC with PID 8244 (D:\CSLearning\ideaProjects\community\target\classes started by Noahs_Ark in D:\CSLearning\ideaProjects\community)
2021-07-23 11:59:39,598 INFO [restartedMain] c.n.c.CommunityApplication [SpringApplication.java:675] No active profile set, falling back to default profiles: default
2021-07-23 11:59:39,660 INFO [restartedMain] o.s.b.d.e.DevToolsPropertyDefaultsPostProcessor [DeferredLog.java:227] Devtools property defaults active! Set 'spring.devtools.add-properties' to 'false' to disable
2021-07-23 11:59:39,660 INFO [restartedMain] o.s.b.d.e.DevToolsPropertyDefaultsPostProcessor [DeferredLog.java:227] For additional web related logging consider setting the 'logging.level.web' property to 'DEBUG'
2021-07-23 11:59:40,395 INFO [restartedMain] o.s.d.r.c.RepositoryConfigurationDelegate [RepositoryConfigurationDelegate.java:244] Multiple Spring Data modules found, entering strict repository configuration mode!
2021-07-23 11:59:40,395 INFO [restartedMain] o.s.d.r.c.RepositoryConfigurationDelegate [RepositoryConfigurationDelegate.java:126] Bootstrapping Spring Data repositories in DEFAULT mode.
2021-07-23 11:59:40,410 INFO [restartedMain] o.s.d.r.c.RepositoryConfigurationDelegate [RepositoryConfigurationDelegate.java:182] Finished Spring Data repository scanning in 15ms. Found 0 repository interfaces.
2021-07-23 11:59:40,782 INFO [restartedMain] o.s.c.s.PostProcessorRegistrationDelegate$BeanPostProcessorChecker [PostProcessorRegistrationDelegate.java:330] Bean 'org.springframework.transaction.annotation.ProxyTransactionManagementConfiguration' of type [org.springframework.transaction.annotation.ProxyTransactionManagementConfiguration$$EnhancerBySpringCGLIB$$ff8912e8] is not eligible for getting processed by all BeanPostProcessors (for example: not eligible for auto-proxying)
2021-07-23 11:59:41,172 INFO [restartedMain] o.s.b.w.e.t.TomcatWebServer [TomcatWebServer.java:90] Tomcat initialized with port(s): 8080 (http)
2021-07-23 11:59:41,188 INFO [restartedMain] o.a.c.h.Http11NioProtocol [DirectJDKLog.java:173] Initializing ProtocolHandler ["http-nio-8080"]
2021-07-23 11:59:41,203 INFO [restartedMain] o.a.c.c.StandardService [DirectJDKLog.java:173] Starting service [Tomcat]
2021-07-23 11:59:41,203 INFO [restartedMain] o.a.c.c.StandardEngine [DirectJDKLog.java:173] Starting Servlet engine: [Apache Tomcat/9.0.19]
2021-07-23 11:59:41,297 INFO [restartedMain] o.a.c.c.C.[.[.[/community] [DirectJDKLog.java:173] Initializing Spring embedded WebApplicationContext
2021-07-23 11:59:41,297 INFO [restartedMain] o.s.w.c.ContextLoader [ServletWebServerApplicationContext.java:296] Root WebApplicationContext: initialization completed in 1637 ms
2021-07-23 11:59:42,273 INFO [restartedMain] o.s.s.c.ThreadPoolTaskExecutor [ExecutorConfigurationSupport.java:171] Initializing ExecutorService 'applicationTaskExecutor'
2021-07-23 11:59:42,390 INFO [restartedMain] o.s.b.a.w.s.WelcomePageHandlerMapping [WelcomePageHandlerMapping.java:61] Adding welcome page template: index
2021-07-23 11:59:42,671 INFO [restartedMain] o.s.b.d.a.OptionalLiveReloadServer [OptionalLiveReloadServer.java:57] LiveReload server is running on port 35729
2021-07-23 11:59:42,703 INFO [restartedMain] o.a.c.h.Http11NioProtocol [DirectJDKLog.java:173] Starting ProtocolHandler ["http-nio-8080"]
2021-07-23 11:59:42,734 INFO [restartedMain] o.s.b.w.e.t.TomcatWebServer [TomcatWebServer.java:204] Tomcat started on port(s): 8080 (http) with context path '/community'
2021-07-23 11:59:42,734 INFO [restartedMain] c.n.c.CommunityApplication [StartupInfoLogger.java:59] Started CommunityApplication in 3.712 seconds (JVM running for 5.294)
2021-07-23 11:59:49,037 INFO [http-nio-8080-exec-1] o.a.c.c.C.[.[.[/community] [DirectJDKLog.java:173] Initializing Spring DispatcherServlet 'dispatcherServlet'
2021-07-23 11:59:49,037 INFO [http-nio-8080-exec-1] o.s.w.s.DispatcherServlet [FrameworkServlet.java:524] Initializing Servlet 'dispatcherServlet'
2021-07-23 11:59:49,058 INFO [http-nio-8080-exec-1] o.s.w.s.DispatcherServlet [FrameworkServlet.java:546] Completed initialization in 21 ms
2021-07-23 11:59:49,090 INFO [http-nio-8080-exec-1] c.n.c.a.ServiceLogAspect [ServiceLogAspect.java:37] 用户[0:0:0:0:0:0:0:1],在[2021-07-23 11:59:49],访问了[com.nowcoder.community.service.DiscussPostService.findDiscussPostRows].
2021-07-23 11:59:49,123 INFO [http-nio-8080-exec-1] c.z.h.HikariDataSource [HikariDataSource.java:110] HikariPool-1 - Starting...
2021-07-23 11:59:49,233 INFO [http-nio-8080-exec-1] c.z.h.HikariDataSource [HikariDataSource.java:123] HikariPool-1 - Start completed.
2021-07-23 11:59:49,296 INFO [http-nio-8080-exec-1] c.n.c.a.ServiceLogAspect [ServiceLogAspect.java:37] 用户[0:0:0:0:0:0:0:1],在[2021-07-23 11:59:49],访问了[com.nowcoder.community.service.DiscussPostService.findDiscussPosts].
2021-07-23 11:59:49,308 INFO [http-nio-8080-exec-1] c.n.c.a.ServiceLogAspect [ServiceLogAspect.java:37] 用户[0:0:0:0:0:0:0:1],在[2021-07-23 11:59:49],访问了[com.nowcoder.community.service.UserService.findUserById].
2021-07-23 11:59:49,313 INFO [http-nio-8080-exec-1] c.n.c.a.ServiceLogAspect [ServiceLogAspect.java:37] 用户[0:0:0:0:0:0:0:1],在[2021-07-23 11:59:49],访问了[com.nowcoder.community.service.LikeService.findEntityLikeCount].
2021-07-23 11:59:49,473 INFO [http-nio-8080-exec-1] i.l.c.EpollProvider [EpollProvider.java:68] Starting without optional epoll library
2021-07-23 11:59:49,474 INFO [http-nio-8080-exec-1] i.l.c.KqueueProvider [KqueueProvider.java:70] Starting without optional kqueue library
2021-07-23 11:59:50,120 INFO [http-nio-8080-exec-1] c.n.c.a.ServiceLogAspect [ServiceLogAspect.java:37] 用户[0:0:0:0:0:0:0:1],在[2021-07-23 11:59:50],访问了[com.nowcoder.community.service.UserService.findUserById].
2021-07-23 11:59:50,123 INFO [http-nio-8080-exec-1] c.n.c.a.ServiceLogAspect [ServiceLogAspect.java:37] 用户[0:0:0:0:0:0:0:1],在[2021-07-23 11:59:50],访问了[com.nowcoder.community.service.LikeService.findEntityLikeCount].
2021-07-23 11:59:50,125 INFO [http-nio-8080-exec-1] c.n.c.a.ServiceLogAspect [ServiceLogAspect.java:37] 用户[0:0:0:0:0:0:0:1],在[2021-07-23 11:59:50],访问了[com.nowcoder.community.service.UserService.findUserById].
2021-07-23 11:59:50,128 INFO [http-nio-8080-exec-1] c.n.c.a.ServiceLogAspect [ServiceLogAspect.java:37] 用户[0:0:0:0:0:0:0:1],在[2021-07-23 11:59:50],访问了[com.nowcoder.community.service.LikeService.findEntityLikeCount].
2021-07-23 11:59:50,130 INFO [http-nio-8080-exec-1] c.n.c.a.ServiceLogAspect [ServiceLogAspect.java:37] 用户[0:0:0:0:0:0:0:1],在[2021-07-23 11:59:50],访问了[com.nowcoder.community.service.UserService.findUserById].
2021-07-23 11:59:50,133 INFO [http-nio-8080-exec-1] c.n.c.a.ServiceLogAspect [ServiceLogAspect.java:37] 用户[0:0:0:0:0:0:0:1],在[2021-07-23 11:59:50],访问了[com.nowcoder.community.service.LikeService.findEntityLikeCount].
2021-07-23 11:59:50,134 INFO [http-nio-8080-exec-1] c.n.c.a.ServiceLogAspect [ServiceLogAspect.java:37] 用户[0:0:0:0:0:0:0:1],在[2021-07-23 11:59:50],访问了[com.nowcoder.community.service.UserService.findUserById].
2021-07-23 11:59:50,137 INFO [http-nio-8080-exec-1] c.n.c.a.ServiceLogAspect [ServiceLogAspect.java:37] 用户[0:0:0:0:0:0:0:1],在[2021-07-23 11:59:50],访问了[com.nowcoder.community.service.LikeService.findEntityLikeCount].
2021-07-23 11:59:50,140 INFO [http-nio-8080-exec-1] c.n.c.a.ServiceLogAspect [ServiceLogAspect.java:37] 用户[0:0:0:0:0:0:0:1],在[2021-07-23 11:59:50],访问了[com.nowcoder.community.service.UserService.findUserById].
2021-07-23 11:59:50,143 INFO [http-nio-8080-exec-1] c.n.c.a.ServiceLogAspect [ServiceLogAspect.java:37] 用户[0:0:0:0:0:0:0:1],在[2021-07-23 11:59:50],访问了[com.nowcoder.community.service.LikeService.findEntityLikeCount].
2021-07-23 11:59:50,145 INFO [http-nio-8080-exec-1] c.n.c.a.ServiceLogAspect [ServiceLogAspect.java:37] 用户[0:0:0:0:0:0:0:1],在[2021-07-23 11:59:50],访问了[com.nowcoder.community.service.UserService.findUserById].
2021-07-23 11:59:50,149 INFO [http-nio-8080-exec-1] c.n.c.a.ServiceLogAspect [ServiceLogAspect.java:37] 用户[0:0:0:0:0:0:0:1],在[2021-07-23 11:59:50],访问了[com.nowcoder.community.service.LikeService.findEntityLikeCount].
2021-07-23 11:59:50,151 INFO [http-nio-8080-exec-1] c.n.c.a.ServiceLogAspect [ServiceLogAspect.java:37] 用户[0:0:0:0:0:0:0:1],在[2021-07-23 11:59:50],访问了[com.nowcoder.community.service.UserService.findUserById].
2021-07-23 11:59:50,154 INFO [http-nio-8080-exec-1] c.n.c.a.ServiceLogAspect [ServiceLogAspect.java:37] 用户[0:0:0:0:0:0:0:1],在[2021-07-23 11:59:50],访问了[com.nowcoder.community.service.LikeService.findEntityLikeCount].
2021-07-23 11:59:50,155 INFO [http-nio-8080-exec-1] c.n.c.a.ServiceLogAspect [ServiceLogAspect.java:37] 用户[0:0:0:0:0:0:0:1],在[2021-07-23 11:59:50],访问了[com.nowcoder.community.service.UserService.findUserById].
2021-07-23 11:59:50,158 INFO [http-nio-8080-exec-1] c.n.c.a.ServiceLogAspect [ServiceLogAspect.java:37] 用户[0:0:0:0:0:0:0:1],在[2021-07-23 11:59:50],访问了[com.nowcoder.community.service.LikeService.findEntityLikeCount].
2021-07-23 11:59:50,160 INFO [http-nio-8080-exec-1] c.n.c.a.ServiceLogAspect [ServiceLogAspect.java:37] 用户[0:0:0:0:0:0:0:1],在[2021-07-23 11:59:50],访问了[com.nowcoder.community.service.UserService.findUserById].
2021-07-23 11:59:50,163 INFO [http-nio-8080-exec-1] c.n.c.a.ServiceLogAspect [ServiceLogAspect.java:37] 用户[0:0:0:0:0:0:0:1],在[2021-07-23 11:59:50],访问了[com.nowcoder.community.service.LikeService.findEntityLikeCount].
2021-07-23 12:05:03,009 INFO [http-nio-8080-exec-9] c.n.c.a.ServiceLogAspect [ServiceLogAspect.java:37] 用户[0:0:0:0:0:0:0:1],在[2021-07-23 12:05:03],访问了[com.nowcoder.community.service.DiscussPostService.findDiscussPostRows].
2021-07-23 12:05:03,018 INFO [http-nio-8080-exec-9] c.n.c.a.ServiceLogAspect [ServiceLogAspect.java:37] 用户[0:0:0:0:0:0:0:1],在[2021-07-23 12:05:03],访问了[com.nowcoder.community.service.DiscussPostService.findDiscussPosts].
2021-07-23 12:05:03,033 INFO [http-nio-8080-exec-9] c.n.c.a.ServiceLogAspect [ServiceLogAspect.java:37] 用户[0:0:0:0:0:0:0:1],在[2021-07-23 12:05:03],访问了[com.nowcoder.community.service.UserService.findUserById].
2021-07-23 12:05:03,038 INFO [http-nio-8080-exec-9] c.n.c.a.ServiceLogAspect [ServiceLogAspect.java:37] 用户[0:0:0:0:0:0:0:1],在[2021-07-23 12:05:03],访问了[com.nowcoder.community.service.LikeService.findEntityLikeCount].
2021-07-23 12:05:03,040 INFO [http-nio-8080-exec-9] c.n.c.a.ServiceLogAspect [ServiceLogAspect.java:37] 用户[0:0:0:0:0:0:0:1],在[2021-07-23 12:05:03],访问了[com.nowcoder.community.service.UserService.findUserById].
2021-07-23 12:05:03,048 INFO [http-nio-8080-exec-9] c.n.c.a.ServiceLogAspect [ServiceLogAspect.java:37] 用户[0:0:0:0:0:0:0:1],在[2021-07-23 12:05:03],访问了[com.nowcoder.community.service.LikeService.findEntityLikeCount].
2021-07-23 12:05:03,050 INFO [http-nio-8080-exec-9] c.n.c.a.ServiceLogAspect [ServiceLogAspect.java:37] 用户[0:0:0:0:0:0:0:1],在[2021-07-23 12:05:03],访问了[com.nowcoder.community.service.UserService.findUserById].
2021-07-23 12:05:03,054 INFO [http-nio-8080-exec-9] c.n.c.a.ServiceLogAspect [ServiceLogAspect.java:37] 用户[0:0:0:0:0:0:0:1],在[2021-07-23 12:05:03],访问了[com.nowcoder.community.service.LikeService.findEntityLikeCount].
2021-07-23 12:05:03,055 INFO [http-nio-8080-exec-9] c.n.c.a.ServiceLogAspect [ServiceLogAspect.java:37] 用户[0:0:0:0:0:0:0:1],在[2021-07-23 12:05:03],访问了[com.nowcoder.community.service.UserService.findUserById].
2021-07-23 12:05:03,059 INFO [http-nio-8080-exec-9] c.n.c.a.ServiceLogAspect [ServiceLogAspect.java:37] 用户[0:0:0:0:0:0:0:1],在[2021-07-23 12:05:03],访问了[com.nowcoder.community.service.LikeService.findEntityLikeCount].
2021-07-23 12:05:03,062 INFO [http-nio-8080-exec-9] c.n.c.a.ServiceLogAspect [ServiceLogAspect.java:37] 用户[0:0:0:0:0:0:0:1],在[2021-07-23 12:05:03],访问了[com.nowcoder.community.service.UserService.findUserById].
2021-07-23 12:05:03,066 INFO [http-nio-8080-exec-9] c.n.c.a.ServiceLogAspect [ServiceLogAspect.java:37] 用户[0:0:0:0:0:0:0:1],在[2021-07-23 12:05:03],访问了[com.nowcoder.community.service.LikeService.findEntityLikeCount].
2021-07-23 12:05:03,068 INFO [http-nio-8080-exec-9] c.n.c.a.ServiceLogAspect [ServiceLogAspect.java:37] 用户[0:0:0:0:0:0:0:1],在[2021-07-23 12:05:03],访问了[com.nowcoder.community.service.UserService.findUserById].
2021-07-23 12:05:03,073 INFO [http-nio-8080-exec-9] c.n.c.a.ServiceLogAspect [ServiceLogAspect.java:37] 用户[0:0:0:0:0:0:0:1],在[2021-07-23 12:05:03],访问了[com.nowcoder.community.service.LikeService.findEntityLikeCount].
2021-07-23 12:05:03,075 INFO [http-nio-8080-exec-9] c.n.c.a.ServiceLogAspect [ServiceLogAspect.java:37] 用户[0:0:0:0:0:0:0:1],在[2021-07-23 12:05:03],访问了[com.nowcoder.community.service.UserService.findUserById].
2021-07-23 12:05:03,079 INFO [http-nio-8080-exec-9] c.n.c.a.ServiceLogAspect [ServiceLogAspect.java:37] 用户[0:0:0:0:0:0:0:1],在[2021-07-23 12:05:03],访问了[com.nowcoder.community.service.LikeService.findEntityLikeCount].
2021-07-23 12:05:03,081 INFO [http-nio-8080-exec-9] c.n.c.a.ServiceLogAspect [ServiceLogAspect.java:37] 用户[0:0:0:0:0:0:0:1],在[2021-07-23 12:05:03],访问了[com.nowcoder.community.service.UserService.findUserById].
2021-07-23 12:05:03,084 INFO [http-nio-8080-exec-9] c.n.c.a.ServiceLogAspect [ServiceLogAspect.java:37] 用户[0:0:0:0:0:0:0:1],在[2021-07-23 12:05:03],访问了[com.nowcoder.community.service.LikeService.findEntityLikeCount].
2021-07-23 12:05:03,086 INFO [http-nio-8080-exec-9] c.n.c.a.ServiceLogAspect [ServiceLogAspect.java:37] 用户[0:0:0:0:0:0:0:1],在[2021-07-23 12:05:03],访问了[com.nowcoder.community.service.UserService.findUserById].
2021-07-23 12:05:03,089 INFO [http-nio-8080-exec-9] c.n.c.a.ServiceLogAspect [ServiceLogAspect.java:37] 用户[0:0:0:0:0:0:0:1],在[2021-07-23 12:05:03],访问了[com.nowcoder.community.service.LikeService.findEntityLikeCount].
2021-07-23 12:05:03,091 INFO [http-nio-8080-exec-9] c.n.c.a.ServiceLogAspect [ServiceLogAspect.java:37] 用户[0:0:0:0:0:0:0:1],在[2021-07-23 12:05:03],访问了[com.nowcoder.community.service.UserService.findUserById].
2021-07-23 12:05:03,095 INFO [http-nio-8080-exec-9] c.n.c.a.ServiceLogAspect [ServiceLogAspect.java:37] 用户[0:0:0:0:0:0:0:1],在[2021-07-23 12:05:03],访问了[com.nowcoder.community.service.LikeService.findEntityLikeCount].
2021-07-23 12:05:24,295 INFO [http-nio-8080-exec-7] c.n.c.a.ServiceLogAspect [ServiceLogAspect.java:37] 用户[0:0:0:0:0:0:0:1],在[2021-07-23 12:05:24],访问了[com.nowcoder.community.service.DiscussPostService.findDiscussPostRows].
2021-07-23 12:05:24,300 INFO [http-nio-8080-exec-7] c.n.c.a.ServiceLogAspect [ServiceLogAspect.java:37] 用户[0:0:0:0:0:0:0:1],在[2021-07-23 12:05:24],访问了[com.nowcoder.community.service.DiscussPostService.findDiscussPosts].
2021-07-23 12:05:24,305 INFO [http-nio-8080-exec-7] c.n.c.a.ServiceLogAspect [ServiceLogAspect.java:37] 用户[0:0:0:0:0:0:0:1],在[2021-07-23 12:05:24],访问了[com.nowcoder.community.service.UserService.findUserById].
2021-07-23 12:05:24,309 INFO [http-nio-8080-exec-7] c.n.c.a.ServiceLogAspect [ServiceLogAspect.java:37] 用户[0:0:0:0:0:0:0:1],在[2021-07-23 12:05:24],访问了[com.nowcoder.community.service.LikeService.findEntityLikeCount].
2021-07-23 12:05:24,311 INFO [http-nio-8080-exec-7] c.n.c.a.ServiceLogAspect [ServiceLogAspect.java:37] 用户[0:0:0:0:0:0:0:1],在[2021-07-23 12:05:24],访问了[com.nowcoder.community.service.UserService.findUserById].
2021-07-23 12:05:24,313 INFO [http-nio-8080-exec-7] c.n.c.a.ServiceLogAspect [ServiceLogAspect.java:37] 用户[0:0:0:0:0:0:0:1],在[2021-07-23 12:05:24],访问了[com.nowcoder.community.service.LikeService.findEntityLikeCount].
2021-07-23 12:05:24,315 INFO [http-nio-8080-exec-7] c.n.c.a.ServiceLogAspect [ServiceLogAspect.java:37] 用户[0:0:0:0:0:0:0:1],在[2021-07-23 12:05:24],访问了[com.nowcoder.community.service.UserService.findUserById].
2021-07-23 12:05:24,317 INFO [http-nio-8080-exec-7] c.n.c.a.ServiceLogAspect [ServiceLogAspect.java:37] 用户[0:0:0:0:0:0:0:1],在[2021-07-23 12:05:24],访问了[com.nowcoder.community.service.LikeService.findEntityLikeCount].
2021-07-23 12:05:24,319 INFO [http-nio-8080-exec-7] c.n.c.a.ServiceLogAspect [ServiceLogAspect.java:37] 用户[0:0:0:0:0:0:0:1],在[2021-07-23 12:05:24],访问了[com.nowcoder.community.service.UserService.findUserById].
2021-07-23 12:05:24,321 INFO [http-nio-8080-exec-7] c.n.c.a.ServiceLogAspect [ServiceLogAspect.java:37] 用户[0:0:0:0:0:0:0:1],在[2021-07-23 12:05:24],访问了[com.nowcoder.community.service.LikeService.findEntityLikeCount].
2021-07-23 12:05:24,322 INFO [http-nio-8080-exec-7] c.n.c.a.ServiceLogAspect [ServiceLogAspect.java:37] 用户[0:0:0:0:0:0:0:1],在[2021-07-23 12:05:24],访问了[com.nowcoder.community.service.UserService.findUserById].
2021-07-23 12:05:24,325 INFO [http-nio-8080-exec-7] c.n.c.a.ServiceLogAspect [ServiceLogAspect.java:37] 用户[0:0:0:0:0:0:0:1],在[2021-07-23 12:05:24],访问了[com.nowcoder.community.service.LikeService.findEntityLikeCount].
2021-07-23 12:05:24,327 INFO [http-nio-8080-exec-7] c.n.c.a.ServiceLogAspect [ServiceLogAspect.java:37] 用户[0:0:0:0:0:0:0:1],在[2021-07-23 12:05:24],访问了[com.nowcoder.community.service.UserService.findUserById].
2021-07-23 12:05:24,330 INFO [http-nio-8080-exec-7] c.n.c.a.ServiceLogAspect [ServiceLogAspect.java:37] 用户[0:0:0:0:0:0:0:1],在[2021-07-23 12:05:24],访问了[com.nowcoder.community.service.LikeService.findEntityLikeCount].
2021-07-23 12:05:24,331 INFO [http-nio-8080-exec-7] c.n.c.a.ServiceLogAspect [ServiceLogAspect.java:37] 用户[0:0:0:0:0:0:0:1],在[2021-07-23 12:05:24],访问了[com.nowcoder.community.service.UserService.findUserById].
2021-07-23 12:05:24,333 INFO [http-nio-8080-exec-7] c.n.c.a.ServiceLogAspect [ServiceLogAspect.java:37] 用户[0:0:0:0:0:0:0:1],在[2021-07-23 12:05:24],访问了[com.nowcoder.community.service.LikeService.findEntityLikeCount].
2021-07-23 12:05:24,335 INFO [http-nio-8080-exec-7] c.n.c.a.ServiceLogAspect [ServiceLogAspect.java:37] 用户[0:0:0:0:0:0:0:1],在[2021-07-23 12:05:24],访问了[com.nowcoder.community.service.UserService.findUserById].
2021-07-23 12:05:24,337 INFO [http-nio-8080-exec-7] c.n.c.a.ServiceLogAspect [ServiceLogAspect.java:37] 用户[0:0:0:0:0:0:0:1],在[2021-07-23 12:05:24],访问了[com.nowcoder.community.service.LikeService.findEntityLikeCount].
2021-07-23 12:05:24,338 INFO [http-nio-8080-exec-7] c.n.c.a.ServiceLogAspect [ServiceLogAspect.java:37] 用户[0:0:0:0:0:0:0:1],在[2021-07-23 12:05:24],访问了[com.nowcoder.community.service.UserService.findUserById].
2021-07-23 12:05:24,342 INFO [http-nio-8080-exec-7] c.n.c.a.ServiceLogAspect [ServiceLogAspect.java:37] 用户[0:0:0:0:0:0:0:1],在[2021-07-23 12:05:24],访问了[com.nowcoder.community.service.LikeService.findEntityLikeCount].
2021-07-23 12:05:24,343 INFO [http-nio-8080-exec-7] c.n.c.a.ServiceLogAspect [ServiceLogAspect.java:37] 用户[0:0:0:0:0:0:0:1],在[2021-07-23 12:05:24],访问了[com.nowcoder.community.service.UserService.findUserById].
2021-07-23 12:05:24,345 INFO [http-nio-8080-exec-7] c.n.c.a.ServiceLogAspect [ServiceLogAspect.java:37] 用户[0:0:0:0:0:0:0:1],在[2021-07-23 12:05:24],访问了[com.nowcoder.community.service.LikeService.findEntityLikeCount].
2021-07-23 12:05:28,059 INFO [http-nio-8080-exec-2] c.n.c.a.ServiceLogAspect [ServiceLogAspect.java:37] 用户[0:0:0:0:0:0:0:1],在[2021-07-23 12:05:28],访问了[com.nowcoder.community.service.DiscussPostService.findDiscussPostRows].
2021-07-23 12:05:28,064 INFO [http-nio-8080-exec-2] c.n.c.a.ServiceLogAspect [ServiceLogAspect.java:37] 用户[0:0:0:0:0:0:0:1],在[2021-07-23 12:05:28],访问了[com.nowcoder.community.service.DiscussPostService.findDiscussPosts].
2021-07-23 12:05:28,068 INFO [http-nio-8080-exec-2] c.n.c.a.ServiceLogAspect [ServiceLogAspect.java:37] 用户[0:0:0:0:0:0:0:1],在[2021-07-23 12:05:28],访问了[com.nowcoder.community.service.UserService.findUserById].
2021-07-23 12:05:28,073 INFO [http-nio-8080-exec-2] c.n.c.a.ServiceLogAspect [ServiceLogAspect.java:37] 用户[0:0:0:0:0:0:0:1],在[2021-07-23 12:05:28],访问了[com.nowcoder.community.service.LikeService.findEntityLikeCount].
2021-07-23 12:05:28,074 INFO [http-nio-8080-exec-2] c.n.c.a.ServiceLogAspect [ServiceLogAspect.java:37] 用户[0:0:0:0:0:0:0:1],在[2021-07-23 12:05:28],访问了[com.nowcoder.community.service.UserService.findUserById].
2021-07-23 12:05:28,076 INFO [http-nio-8080-exec-2] c.n.c.a.ServiceLogAspect [ServiceLogAspect.java:37] 用户[0:0:0:0:0:0:0:1],在[2021-07-23 12:05:28],访问了[com.nowcoder.community.service.LikeService.findEntityLikeCount].
2021-07-23 12:05:28,078 INFO [http-nio-8080-exec-2] c.n.c.a.ServiceLogAspect [ServiceLogAspect.java:37] 用户[0:0:0:0:0:0:0:1],在[2021-07-23 12:05:28],访问了[com.nowcoder.community.service.UserService.findUserById].
2021-07-23 12:05:28,080 INFO [http-nio-8080-exec-2] c.n.c.a.ServiceLogAspect [ServiceLogAspect.java:37] 用户[0:0:0:0:0:0:0:1],在[2021-07-23 12:05:28],访问了[com.nowcoder.community.service.LikeService.findEntityLikeCount].
2021-07-23 12:05:28,081 INFO [http-nio-8080-exec-2] c.n.c.a.ServiceLogAspect [ServiceLogAspect.java:37] 用户[0:0:0:0:0:0:0:1],在[2021-07-23 12:05:28],访问了[com.nowcoder.community.service.UserService.findUserById].
2021-07-23 12:05:28,084 INFO [http-nio-8080-exec-2] c.n.c.a.ServiceLogAspect [ServiceLogAspect.java:37] 用户[0:0:0:0:0:0:0:1],在[2021-07-23 12:05:28],访问了[com.nowcoder.community.service.LikeService.findEntityLikeCount].
2021-07-23 12:05:28,087 INFO [http-nio-8080-exec-2] c.n.c.a.ServiceLogAspect [ServiceLogAspect.java:37] 用户[0:0:0:0:0:0:0:1],在[2021-07-23 12:05:28],访问了[com.nowcoder.community.service.UserService.findUserById].
2021-07-23 12:05:28,090 INFO [http-nio-8080-exec-2] c.n.c.a.ServiceLogAspect [ServiceLogAspect.java:37] 用户[0:0:0:0:0:0:0:1],在[2021-07-23 12:05:28],访问了[com.nowcoder.community.service.LikeService.findEntityLikeCount].
2021-07-23 12:05:28,091 INFO [http-nio-8080-exec-2] c.n.c.a.ServiceLogAspect [ServiceLogAspect.java:37] 用户[0:0:0:0:0:0:0:1],在[2021-07-23 12:05:28],访问了[com.nowcoder.community.service.UserService.findUserById].
2021-07-23 12:05:28,093 INFO [http-nio-8080-exec-2] c.n.c.a.ServiceLogAspect [ServiceLogAspect.java:37] 用户[0:0:0:0:0:0:0:1],在[2021-07-23 12:05:28],访问了[com.nowcoder.community.service.LikeService.findEntityLikeCount].
2021-07-23 12:05:28,095 INFO [http-nio-8080-exec-2] c.n.c.a.ServiceLogAspect [ServiceLogAspect.java:37] 用户[0:0:0:0:0:0:0:1],在[2021-07-23 12:05:28],访问了[com.nowcoder.community.service.UserService.findUserById].
2021-07-23 12:05:28,097 INFO [http-nio-8080-exec-2] c.n.c.a.ServiceLogAspect [ServiceLogAspect.java:37] 用户[0:0:0:0:0:0:0:1],在[2021-07-23 12:05:28],访问了[com.nowcoder.community.service.LikeService.findEntityLikeCount].
2021-07-23 12:05:28,098 INFO [http-nio-8080-exec-2] c.n.c.a.ServiceLogAspect [ServiceLogAspect.java:37] 用户[0:0:0:0:0:0:0:1],在[2021-07-23 12:05:28],访问了[com.nowcoder.community.service.UserService.findUserById].
2021-07-23 12:05:28,100 INFO [http-nio-8080-exec-2] c.n.c.a.ServiceLogAspect [ServiceLogAspect.java:37] 用户[0:0:0:0:0:0:0:1],在[2021-07-23 12:05:28],访问了[com.nowcoder.community.service.LikeService.findEntityLikeCount].
2021-07-23 12:05:28,102 INFO [http-nio-8080-exec-2] c.n.c.a.ServiceLogAspect [ServiceLogAspect.java:37] 用户[0:0:0:0:0:0:0:1],在[2021-07-23 12:05:28],访问了[com.nowcoder.community.service.UserService.findUserById].
2021-07-23 12:05:28,104 INFO [http-nio-8080-exec-2] c.n.c.a.ServiceLogAspect [ServiceLogAspect.java:37] 用户[0:0:0:0:0:0:0:1],在[2021-07-23 12:05:28],访问了[com.nowcoder.community.service.LikeService.findEntityLikeCount].
2021-07-23 12:05:28,105 INFO [http-nio-8080-exec-2] c.n.c.a.ServiceLogAspect [ServiceLogAspect.java:37] 用户[0:0:0:0:0:0:0:1],在[2021-07-23 12:05:28],访问了[com.nowcoder.community.service.UserService.findUserById].
2021-07-23 12:05:28,108 INFO [http-nio-8080-exec-2] c.n.c.a.ServiceLogAspect [ServiceLogAspect.java:37] 用户[0:0:0:0:0:0:0:1],在[2021-07-23 12:05:28],访问了[com.nowcoder.community.service.LikeService.findEntityLikeCount].
2021-07-23 12:05:47,458 INFO [http-nio-8080-exec-2] c.n.c.a.ServiceLogAspect [ServiceLogAspect.java:37] 用户[0:0:0:0:0:0:0:1],在[2021-07-23 12:05:47],访问了[com.nowcoder.community.service.UserService.login].
2021-07-23 12:05:47,493 INFO [http-nio-8080-exec-1] c.n.c.a.ServiceLogAspect [ServiceLogAspect.java:37] 用户[0:0:0:0:0:0:0:1],在[2021-07-23 12:05:47],访问了[com.nowcoder.community.service.UserService.findLoginTicket].
2021-07-23 12:05:47,495 INFO [http-nio-8080-exec-1] c.n.c.a.ServiceLogAspect [ServiceLogAspect.java:37] 用户[0:0:0:0:0:0:0:1],在[2021-07-23 12:05:47],访问了[com.nowcoder.community.service.UserService.findUserById].
2021-07-23 12:05:47,497 INFO [http-nio-8080-exec-1] c.n.c.a.ServiceLogAspect [ServiceLogAspect.java:37] 用户[0:0:0:0:0:0:0:1],在[2021-07-23 12:05:47],访问了[com.nowcoder.community.service.DiscussPostService.findDiscussPostRows].
2021-07-23 12:05:47,501 INFO [http-nio-8080-exec-1] c.n.c.a.ServiceLogAspect [ServiceLogAspect.java:37] 用户[0:0:0:0:0:0:0:1],在[2021-07-23 12:05:47],访问了[com.nowcoder.community.service.DiscussPostService.findDiscussPosts].
2021-07-23 12:05:47,504 INFO [http-nio-8080-exec-1] c.n.c.a.ServiceLogAspect [ServiceLogAspect.java:37] 用户[0:0:0:0:0:0:0:1],在[2021-07-23 12:05:47],访问了[com.nowcoder.community.service.UserService.findUserById].
2021-07-23 12:05:47,507 INFO [http-nio-8080-exec-1] c.n.c.a.ServiceLogAspect [ServiceLogAspect.java:37] 用户[0:0:0:0:0:0:0:1],在[2021-07-23 12:05:47],访问了[com.nowcoder.community.service.LikeService.findEntityLikeCount].
2021-07-23 12:05:47,508 INFO [http-nio-8080-exec-1] c.n.c.a.ServiceLogAspect [ServiceLogAspect.java:37] 用户[0:0:0:0:0:0:0:1],在[2021-07-23 12:05:47],访问了[com.nowcoder.community.service.UserService.findUserById].
2021-07-23 12:05:47,510 INFO [http-nio-8080-exec-1] c.n.c.a.ServiceLogAspect [ServiceLogAspect.java:37] 用户[0:0:0:0:0:0:0:1],在[2021-07-23 12:05:47],访问了[com.nowcoder.community.service.LikeService.findEntityLikeCount].
2021-07-23 12:05:47,511 INFO [http-nio-8080-exec-1] c.n.c.a.ServiceLogAspect [ServiceLogAspect.java:37] 用户[0:0:0:0:0:0:0:1],在[2021-07-23 12:05:47],访问了[com.nowcoder.community.service.UserService.findUserById].
2021-07-23 12:05:47,513 INFO [http-nio-8080-exec-1] c.n.c.a.ServiceLogAspect [ServiceLogAspect.java:37] 用户[0:0:0:0:0:0:0:1],在[2021-07-23 12:05:47],访问了[com.nowcoder.community.service.LikeService.findEntityLikeCount].
2021-07-23 12:05:47,514 INFO [http-nio-8080-exec-1] c.n.c.a.ServiceLogAspect [ServiceLogAspect.java:37] 用户[0:0:0:0:0:0:0:1],在[2021-07-23 12:05:47],访问了[com.nowcoder.community.service.UserService.findUserById].
2021-07-23 12:05:47,518 INFO [http-nio-8080-exec-1] c.n.c.a.ServiceLogAspect [ServiceLogAspect.java:37] 用户[0:0:0:0:0:0:0:1],在[2021-07-23 12:05:47],访问了[com.nowcoder.community.service.LikeService.findEntityLikeCount].
2021-07-23 12:05:47,519 INFO [http-nio-8080-exec-1] c.n.c.a.ServiceLogAspect [ServiceLogAspect.java:37] 用户[0:0:0:0:0:0:0:1],在[2021-07-23 12:05:47],访问了[com.nowcoder.community.service.UserService.findUserById].
2021-07-23 12:05:47,521 INFO [http-nio-8080-exec-1] c.n.c.a.ServiceLogAspect [ServiceLogAspect.java:37] 用户[0:0:0:0:0:0:0:1],在[2021-07-23 12:05:47],访问了[com.nowcoder.community.service.LikeService.findEntityLikeCount].
2021-07-23 12:05:47,522 INFO [http-nio-8080-exec-1] c.n.c.a.ServiceLogAspect [ServiceLogAspect.java:37] 用户[0:0:0:0:0:0:0:1],在[2021-07-23 12:05:47],访问了[com.nowcoder.community.service.UserService.findUserById].
2021-07-23 12:05:47,524 INFO [http-nio-8080-exec-1] c.n.c.a.ServiceLogAspect [ServiceLogAspect.java:37] 用户[0:0:0:0:0:0:0:1],在[2021-07-23 12:05:47],访问了[com.nowcoder.community.service.LikeService.findEntityLikeCount].
2021-07-23 12:05:47,525 INFO [http-nio-8080-exec-1] c.n.c.a.ServiceLogAspect [ServiceLogAspect.java:37] 用户[0:0:0:0:0:0:0:1],在[2021-07-23 12:05:47],访问了[com.nowcoder.community.service.UserService.findUserById].
2021-07-23 12:05:47,528 INFO [http-nio-8080-exec-1] c.n.c.a.ServiceLogAspect [ServiceLogAspect.java:37] 用户[0:0:0:0:0:0:0:1],在[2021-07-23 12:05:47],访问了[com.nowcoder.community.service.LikeService.findEntityLikeCount].
2021-07-23 12:05:47,528 INFO [http-nio-8080-exec-1] c.n.c.a.ServiceLogAspect [ServiceLogAspect.java:37] 用户[0:0:0:0:0:0:0:1],在[2021-07-23 12:05:47],访问了[com.nowcoder.community.service.UserService.findUserById].
2021-07-23 12:05:47,530 INFO [http-nio-8080-exec-1] c.n.c.a.ServiceLogAspect [ServiceLogAspect.java:37] 用户[0:0:0:0:0:0:0:1],在[2021-07-23 12:05:47],访问了[com.nowcoder.community.service.LikeService.findEntityLikeCount].
2021-07-23 12:05:47,531 INFO [http-nio-8080-exec-1] c.n.c.a.ServiceLogAspect [ServiceLogAspect.java:37] 用户[0:0:0:0:0:0:0:1],在[2021-07-23 12:05:47],访问了[com.nowcoder.community.service.UserService.findUserById].
2021-07-23 12:05:47,535 INFO [http-nio-8080-exec-1] c.n.c.a.ServiceLogAspect [ServiceLogAspect.java:37] 用户[0:0:0:0:0:0:0:1],在[2021-07-23 12:05:47],访问了[com.nowcoder.community.service.LikeService.findEntityLikeCount].
2021-07-23 12:05:47,536 INFO [http-nio-8080-exec-1] c.n.c.a.ServiceLogAspect [ServiceLogAspect.java:37] 用户[0:0:0:0:0:0:0:1],在[2021-07-23 12:05:47],访问了[com.nowcoder.community.service.UserService.findUserById].
2021-07-23 12:05:47,538 INFO [http-nio-8080-exec-1] c.n.c.a.ServiceLogAspect [ServiceLogAspect.java:37] 用户[0:0:0:0:0:0:0:1],在[2021-07-23 12:05:47],访问了[com.nowcoder.community.service.LikeService.findEntityLikeCount].
2021-07-23 12:05:51,488 INFO [http-nio-8080-exec-9] c.n.c.a.ServiceLogAspect [ServiceLogAspect.java:37] 用户[0:0:0:0:0:0:0:1],在[2021-07-23 12:05:51],访问了[com.nowcoder.community.service.UserService.findLoginTicket].
2021-07-23 12:05:51,491 INFO [http-nio-8080-exec-9] c.n.c.a.ServiceLogAspect [ServiceLogAspect.java:37] 用户[0:0:0:0:0:0:0:1],在[2021-07-23 12:05:51],访问了[com.nowcoder.community.service.UserService.findUserById].
2021-07-23 12:05:51,499 INFO [http-nio-8080-exec-9] c.n.c.a.ServiceLogAspect [ServiceLogAspect.java:37] 用户[0:0:0:0:0:0:0:1],在[2021-07-23 12:05:51],访问了[com.nowcoder.community.service.DiscussPostService.findDiscussPostById].
2021-07-23 12:05:51,501 INFO [http-nio-8080-exec-9] c.n.c.a.ServiceLogAspect [ServiceLogAspect.java:37] 用户[0:0:0:0:0:0:0:1],在[2021-07-23 12:05:51],访问了[com.nowcoder.community.service.UserService.findUserById].
2021-07-23 12:05:51,503 INFO [http-nio-8080-exec-9] c.n.c.a.ServiceLogAspect [ServiceLogAspect.java:37] 用户[0:0:0:0:0:0:0:1],在[2021-07-23 12:05:51],访问了[com.nowcoder.community.service.LikeService.findEntityLikeCount].
2021-07-23 12:05:51,505 INFO [http-nio-8080-exec-9] c.n.c.a.ServiceLogAspect [ServiceLogAspect.java:37] 用户[0:0:0:0:0:0:0:1],在[2021-07-23 12:05:51],访问了[com.nowcoder.community.service.LikeService.findEntityLikeStatus].
2021-07-23 12:05:51,537 INFO [http-nio-8080-exec-9] c.n.c.a.ServiceLogAspect [ServiceLogAspect.java:37] 用户[0:0:0:0:0:0:0:1],在[2021-07-23 12:05:51],访问了[com.nowcoder.community.service.CommentService.findCommentsByEntity].
2021-07-23 12:05:51,551 INFO [http-nio-8080-exec-9] c.n.c.a.ServiceLogAspect [ServiceLogAspect.java:37] 用户[0:0:0:0:0:0:0:1],在[2021-07-23 12:05:51],访问了[com.nowcoder.community.service.UserService.findUserById].
2021-07-23 12:05:51,553 INFO [http-nio-8080-exec-9] c.n.c.a.ServiceLogAspect [ServiceLogAspect.java:37] 用户[0:0:0:0:0:0:0:1],在[2021-07-23 12:05:51],访问了[com.nowcoder.community.service.LikeService.findEntityLikeCount].
2021-07-23 12:05:51,555 INFO [http-nio-8080-exec-9] c.n.c.a.ServiceLogAspect [ServiceLogAspect.java:37] 用户[0:0:0:0:0:0:0:1],在[2021-07-23 12:05:51],访问了[com.nowcoder.community.service.LikeService.findEntityLikeStatus].
2021-07-23 12:05:51,556 INFO [http-nio-8080-exec-9] c.n.c.a.ServiceLogAspect [ServiceLogAspect.java:37] 用户[0:0:0:0:0:0:0:1],在[2021-07-23 12:05:51],访问了[com.nowcoder.community.service.CommentService.findCommentsByEntity].
2021-07-23 12:05:51,559 INFO [http-nio-8080-exec-9] c.n.c.a.ServiceLogAspect [ServiceLogAspect.java:37] 用户[0:0:0:0:0:0:0:1],在[2021-07-23 12:05:51],访问了[com.nowcoder.community.service.UserService.findUserById].
2021-07-23 12:05:51,561 INFO [http-nio-8080-exec-9] c.n.c.a.ServiceLogAspect [ServiceLogAspect.java:37] 用户[0:0:0:0:0:0:0:1],在[2021-07-23 12:05:51],访问了[com.nowcoder.community.service.LikeService.findEntityLikeCount].
2021-07-23 12:05:51,562 INFO [http-nio-8080-exec-9] c.n.c.a.ServiceLogAspect [ServiceLogAspect.java:37] 用户[0:0:0:0:0:0:0:1],在[2021-07-23 12:05:51],访问了[com.nowcoder.community.service.LikeService.findEntityLikeStatus].
2021-07-23 12:05:51,563 INFO [http-nio-8080-exec-9] c.n.c.a.ServiceLogAspect [ServiceLogAspect.java:37] 用户[0:0:0:0:0:0:0:1],在[2021-07-23 12:05:51],访问了[com.nowcoder.community.service.UserService.findUserById].
2021-07-23 12:05:51,565 INFO [http-nio-8080-exec-9] c.n.c.a.ServiceLogAspect [ServiceLogAspect.java:37] 用户[0:0:0:0:0:0:0:1],在[2021-07-23 12:05:51],访问了[com.nowcoder.community.service.LikeService.findEntityLikeCount].
2021-07-23 12:05:51,566 INFO [http-nio-8080-exec-9] c.n.c.a.ServiceLogAspect [ServiceLogAspect.java:37] 用户[0:0:0:0:0:0:0:1],在[2021-07-23 12:05:51],访问了[com.nowcoder.community.service.LikeService.findEntityLikeStatus].
2021-07-23 12:05:51,569 INFO [http-nio-8080-exec-9] c.n.c.a.ServiceLogAspect [ServiceLogAspect.java:37] 用户[0:0:0:0:0:0:0:1],在[2021-07-23 12:05:51],访问了[com.nowcoder.community.service.CommentService.findCommentCount].
2021-07-23 12:05:51,571 INFO [http-nio-8080-exec-9] c.n.c.a.ServiceLogAspect [ServiceLogAspect.java:37] 用户[0:0:0:0:0:0:0:1],在[2021-07-23 12:05:51],访问了[com.nowcoder.community.service.UserService.findUserById].
2021-07-23 12:05:51,574 INFO [http-nio-8080-exec-9] c.n.c.a.ServiceLogAspect [ServiceLogAspect.java:37] 用户[0:0:0:0:0:0:0:1],在[2021-07-23 12:05:51],访问了[com.nowcoder.community.service.LikeService.findEntityLikeCount].
2021-07-23 12:05:51,575 INFO [http-nio-8080-exec-9] c.n.c.a.ServiceLogAspect [ServiceLogAspect.java:37] 用户[0:0:0:0:0:0:0:1],在[2021-07-23 12:05:51],访问了[com.nowcoder.community.service.LikeService.findEntityLikeStatus].
2021-07-23 12:05:51,576 INFO [http-nio-8080-exec-9] c.n.c.a.ServiceLogAspect [ServiceLogAspect.java:37] 用户[0:0:0:0:0:0:0:1],在[2021-07-23 12:05:51],访问了[com.nowcoder.community.service.CommentService.findCommentsByEntity].
2021-07-23 12:05:51,580 INFO [http-nio-8080-exec-9] c.n.c.a.ServiceLogAspect [ServiceLogAspect.java:37] 用户[0:0:0:0:0:0:0:1],在[2021-07-23 12:05:51],访问了[com.nowcoder.community.service.CommentService.findCommentCount].
2021-07-23 12:05:51,582 INFO [http-nio-8080-exec-9] c.n.c.a.ServiceLogAspect [ServiceLogAspect.java:37] 用户[0:0:0:0:0:0:0:1],在[2021-07-23 12:05:51],访问了[com.nowcoder.community.service.UserService.findUserById].
2021-07-23 12:05:51,584 INFO [http-nio-8080-exec-9] c.n.c.a.ServiceLogAspect [ServiceLogAspect.java:37] 用户[0:0:0:0:0:0:0:1],在[2021-07-23 12:05:51],访问了[com.nowcoder.community.service.LikeService.findEntityLikeCount].
2021-07-23 12:05:51,585 INFO [http-nio-8080-exec-9] c.n.c.a.ServiceLogAspect [ServiceLogAspect.java:37] 用户[0:0:0:0:0:0:0:1],在[2021-07-23 12:05:51],访问了[com.nowcoder.community.service.LikeService.findEntityLikeStatus].
2021-07-23 12:05:51,586 INFO [http-nio-8080-exec-9] c.n.c.a.ServiceLogAspect [ServiceLogAspect.java:37] 用户[0:0:0:0:0:0:0:1],在[2021-07-23 12:05:51],访问了[com.nowcoder.community.service.CommentService.findCommentsByEntity].
2021-07-23 12:05:51,589 INFO [http-nio-8080-exec-9] c.n.c.a.ServiceLogAspect [ServiceLogAspect.java:37] 用户[0:0:0:0:0:0:0:1],在[2021-07-23 12:05:51],访问了[com.nowcoder.community.service.CommentService.findCommentCount].
2021-07-23 12:05:51,590 INFO [http-nio-8080-exec-9] c.n.c.a.ServiceLogAspect [ServiceLogAspect.java:37] 用户[0:0:0:0:0:0:0:1],在[2021-07-23 12:05:51],访问了[com.nowcoder.community.service.UserService.findUserById].
2021-07-23 12:05:51,599 INFO [http-nio-8080-exec-9] c.n.c.a.ServiceLogAspect [ServiceLogAspect.java:37] 用户[0:0:0:0:0:0:0:1],在[2021-07-23 12:05:51],访问了[com.nowcoder.community.service.LikeService.findEntityLikeCount].
2021-07-23 12:05:51,600 INFO [http-nio-8080-exec-9] c.n.c.a.ServiceLogAspect [ServiceLogAspect.java:37] 用户[0:0:0:0:0:0:0:1],在[2021-07-23 12:05:51],访问了[com.nowcoder.community.service.LikeService.findEntityLikeStatus].
2021-07-23 12:05:51,601 INFO [http-nio-8080-exec-9] c.n.c.a.ServiceLogAspect [ServiceLogAspect.java:37] 用户[0:0:0:0:0:0:0:1],在[2021-07-23 12:05:51],访问了[com.nowcoder.community.service.CommentService.findCommentsByEntity].
2021-07-23 12:05:51,603 INFO [http-nio-8080-exec-9] c.n.c.a.ServiceLogAspect [ServiceLogAspect.java:37] 用户[0:0:0:0:0:0:0:1],在[2021-07-23 12:05:51],访问了[com.nowcoder.community.service.CommentService.findCommentCount].
2021-07-23 12:05:51,605 INFO [http-nio-8080-exec-9] c.n.c.a.ServiceLogAspect [ServiceLogAspect.java:37] 用户[0:0:0:0:0:0:0:1],在[2021-07-23 12:05:51],访问了[com.nowcoder.community.service.UserService.findUserById].
2021-07-23 12:05:51,607 INFO [http-nio-8080-exec-9] c.n.c.a.ServiceLogAspect [ServiceLogAspect.java:37] 用户[0:0:0:0:0:0:0:1],在[2021-07-23 12:05:51],访问了[com.nowcoder.community.service.LikeService.findEntityLikeCount].
2021-07-23 12:05:51,608 INFO [http-nio-8080-exec-9] c.n.c.a.ServiceLogAspect [ServiceLogAspect.java:37] 用户[0:0:0:0:0:0:0:1],在[2021-07-23 12:05:51],访问了[com.nowcoder.community.service.LikeService.findEntityLikeStatus].
2021-07-23 12:05:51,609 INFO [http-nio-8080-exec-9] c.n.c.a.ServiceLogAspect [ServiceLogAspect.java:37] 用户[0:0:0:0:0:0:0:1],在[2021-07-23 12:05:51],访问了[com.nowcoder.community.service.CommentService.findCommentsByEntity].
2021-07-23 12:05:51,616 INFO [http-nio-8080-exec-9] c.n.c.a.ServiceLogAspect [ServiceLogAspect.java:37] 用户[0:0:0:0:0:0:0:1],在[2021-07-23 12:05:51],访问了[com.nowcoder.community.service.CommentService.findCommentCount].
2021-07-23 12:05:53,333 INFO [http-nio-8080-exec-1] c.n.c.a.ServiceLogAspect [ServiceLogAspect.java:37] 用户[0:0:0:0:0:0:0:1],在[2021-07-23 12:05:53],访问了[com.nowcoder.community.service.UserService.findLoginTicket].
2021-07-23 12:05:53,335 INFO [http-nio-8080-exec-1] c.n.c.a.ServiceLogAspect [ServiceLogAspect.java:37] 用户[0:0:0:0:0:0:0:1],在[2021-07-23 12:05:53],访问了[com.nowcoder.community.service.UserService.findUserById].
2021-07-23 12:05:53,338 INFO [http-nio-8080-exec-1] c.n.c.a.ServiceLogAspect [ServiceLogAspect.java:37] 用户[0:0:0:0:0:0:0:1],在[2021-07-23 12:05:53],访问了[com.nowcoder.community.service.LikeService.like].
2021-07-23 12:05:53,341 INFO [http-nio-8080-exec-1] c.n.c.a.ServiceLogAspect [ServiceLogAspect.java:37] 用户[0:0:0:0:0:0:0:1],在[2021-07-23 12:05:53],访问了[com.nowcoder.community.service.LikeService.findEntityLikeCount].
2021-07-23 12:05:53,342 INFO [http-nio-8080-exec-1] c.n.c.a.ServiceLogAspect [ServiceLogAspect.java:37] 用户[0:0:0:0:0:0:0:1],在[2021-07-23 12:05:53],访问了[com.nowcoder.community.service.LikeService.findEntityLikeStatus].
2021-07-23 12:05:55,592 INFO [http-nio-8080-exec-5] c.n.c.a.ServiceLogAspect [ServiceLogAspect.java:37] 用户[0:0:0:0:0:0:0:1],在[2021-07-23 12:05:55],访问了[com.nowcoder.community.service.UserService.findLoginTicket].
2021-07-23 12:05:55,595 INFO [http-nio-8080-exec-5] c.n.c.a.ServiceLogAspect [ServiceLogAspect.java:37] 用户[0:0:0:0:0:0:0:1],在[2021-07-23 12:05:55],访问了[com.nowcoder.community.service.UserService.findUserById].
2021-07-23 12:05:55,598 INFO [http-nio-8080-exec-5] c.n.c.a.ServiceLogAspect [ServiceLogAspect.java:37] 用户[0:0:0:0:0:0:0:1],在[2021-07-23 12:05:55],访问了[com.nowcoder.community.service.LikeService.like].
2021-07-23 12:05:55,600 INFO [http-nio-8080-exec-5] c.n.c.a.ServiceLogAspect [ServiceLogAspect.java:37] 用户[0:0:0:0:0:0:0:1],在[2021-07-23 12:05:55],访问了[com.nowcoder.community.service.LikeService.findEntityLikeCount].
2021-07-23 12:05:55,602 INFO [http-nio-8080-exec-5] c.n.c.a.ServiceLogAspect [ServiceLogAspect.java:37] 用户[0:0:0:0:0:0:0:1],在[2021-07-23 12:05:55],访问了[com.nowcoder.community.service.LikeService.findEntityLikeStatus].
2021-07-23 12:05:59,315 INFO [http-nio-8080-exec-7] c.n.c.a.ServiceLogAspect [ServiceLogAspect.java:37] 用户[0:0:0:0:0:0:0:1],在[2021-07-23 12:05:59],访问了[com.nowcoder.community.service.UserService.findLoginTicket].
2021-07-23 12:05:59,318 INFO [http-nio-8080-exec-7] c.n.c.a.ServiceLogAspect [ServiceLogAspect.java:37] 用户[0:0:0:0:0:0:0:1],在[2021-07-23 12:05:59],访问了[com.nowcoder.community.service.UserService.findUserById].
2021-07-23 12:05:59,320 INFO [http-nio-8080-exec-7] c.n.c.a.ServiceLogAspect [ServiceLogAspect.java:37] 用户[0:0:0:0:0:0:0:1],在[2021-07-23 12:05:59],访问了[com.nowcoder.community.service.LikeService.like].
2021-07-23 12:05:59,322 INFO [http-nio-8080-exec-7] c.n.c.a.ServiceLogAspect [ServiceLogAspect.java:37] 用户[0:0:0:0:0:0:0:1],在[2021-07-23 12:05:59],访问了[com.nowcoder.community.service.LikeService.findEntityLikeCount].
2021-07-23 12:05:59,323 INFO [http-nio-8080-exec-7] c.n.c.a.ServiceLogAspect [ServiceLogAspect.java:37] 用户[0:0:0:0:0:0:0:1],在[2021-07-23 12:05:59],访问了[com.nowcoder.community.service.LikeService.findEntityLikeStatus].
2021-07-23 12:06:01,490 INFO [http-nio-8080-exec-6] c.n.c.a.ServiceLogAspect [ServiceLogAspect.java:37] 用户[0:0:0:0:0:0:0:1],在[2021-07-23 12:06:01],访问了[com.nowcoder.community.service.UserService.findLoginTicket].
2021-07-23 12:06:01,492 INFO [http-nio-8080-exec-6] c.n.c.a.ServiceLogAspect [ServiceLogAspect.java:37] 用户[0:0:0:0:0:0:0:1],在[2021-07-23 12:06:01],访问了[com.nowcoder.community.service.UserService.findUserById].
2021-07-23 12:06:01,494 INFO [http-nio-8080-exec-6] c.n.c.a.ServiceLogAspect [ServiceLogAspect.java:37] 用户[0:0:0:0:0:0:0:1],在[2021-07-23 12:06:01],访问了[com.nowcoder.community.service.LikeService.like].
2021-07-23 12:06:01,495 INFO [http-nio-8080-exec-6] c.n.c.a.ServiceLogAspect [ServiceLogAspect.java:37] 用户[0:0:0:0:0:0:0:1],在[2021-07-23 12:06:01],访问了[com.nowcoder.community.service.LikeService.findEntityLikeCount].
2021-07-23 12:06:01,496 INFO [http-nio-8080-exec-6] c.n.c.a.ServiceLogAspect [ServiceLogAspect.java:37] 用户[0:0:0:0:0:0:0:1],在[2021-07-23 12:06:01],访问了[com.nowcoder.community.service.LikeService.findEntityLikeStatus].
2021-07-23 12:06:04,935 INFO [http-nio-8080-exec-3] c.n.c.a.ServiceLogAspect [ServiceLogAspect.java:37] 用户[0:0:0:0:0:0:0:1],在[2021-07-23 12:06:04],访问了[com.nowcoder.community.service.UserService.findLoginTicket].
2021-07-23 12:06:04,939 INFO [http-nio-8080-exec-3] c.n.c.a.ServiceLogAspect [ServiceLogAspect.java:37] 用户[0:0:0:0:0:0:0:1],在[2021-07-23 12:06:04],访问了[com.nowcoder.community.service.UserService.findUserById].
2021-07-23 12:06:04,941 INFO [http-nio-8080-exec-3] c.n.c.a.ServiceLogAspect [ServiceLogAspect.java:37] 用户[0:0:0:0:0:0:0:1],在[2021-07-23 12:06:04],访问了[com.nowcoder.community.service.DiscussPostService.findDiscussPostRows].
2021-07-23 12:06:04,942 INFO [http-nio-8080-exec-3] c.n.c.a.ServiceLogAspect [ServiceLogAspect.java:37] 用户[0:0:0:0:0:0:0:1],在[2021-07-23 12:06:04],访问了[com.nowcoder.community.service.DiscussPostService.findDiscussPosts].
2021-07-23 12:06:04,946 INFO [http-nio-8080-exec-3] c.n.c.a.ServiceLogAspect [ServiceLogAspect.java:37] 用户[0:0:0:0:0:0:0:1],在[2021-07-23 12:06:04],访问了[com.nowcoder.community.service.UserService.findUserById].
2021-07-23 12:06:04,950 INFO [http-nio-8080-exec-3] c.n.c.a.ServiceLogAspect [ServiceLogAspect.java:37] 用户[0:0:0:0:0:0:0:1],在[2021-07-23 12:06:04],访问了[com.nowcoder.community.service.LikeService.findEntityLikeCount].
2021-07-23 12:06:04,951 INFO [http-nio-8080-exec-3] c.n.c.a.ServiceLogAspect [ServiceLogAspect.java:37] 用户[0:0:0:0:0:0:0:1],在[2021-07-23 12:06:04],访问了[com.nowcoder.community.service.UserService.findUserById].
2021-07-23 12:06:04,953 INFO [http-nio-8080-exec-3] c.n.c.a.ServiceLogAspect [ServiceLogAspect.java:37] 用户[0:0:0:0:0:0:0:1],在[2021-07-23 12:06:04],访问了[com.nowcoder.community.service.LikeService.findEntityLikeCount].
2021-07-23 12:06:04,954 INFO [http-nio-8080-exec-3] c.n.c.a.ServiceLogAspect [ServiceLogAspect.java:37] 用户[0:0:0:0:0:0:0:1],在[2021-07-23 12:06:04],访问了[com.nowcoder.community.service.UserService.findUserById].
2021-07-23 12:06:04,956 INFO [http-nio-8080-exec-3] c.n.c.a.ServiceLogAspect [ServiceLogAspect.java:37] 用户[0:0:0:0:0:0:0:1],在[2021-07-23 12:06:04],访问了[com.nowcoder.community.service.LikeService.findEntityLikeCount].
2021-07-23 12:06:04,957 INFO [http-nio-8080-exec-3] c.n.c.a.ServiceLogAspect [ServiceLogAspect.java:37] 用户[0:0:0:0:0:0:0:1],在[2021-07-23 12:06:04],访问了[com.nowcoder.community.service.UserService.findUserById].
2021-07-23 12:06:04,959 INFO [http-nio-8080-exec-3] c.n.c.a.ServiceLogAspect [ServiceLogAspect.java:37] 用户[0:0:0:0:0:0:0:1],在[2021-07-23 12:06:04],访问了[com.nowcoder.community.service.LikeService.findEntityLikeCount].
2021-07-23 12:06:04,960 INFO [http-nio-8080-exec-3] c.n.c.a.ServiceLogAspect [ServiceLogAspect.java:37] 用户[0:0:0:0:0:0:0:1],在[2021-07-23 12:06:04],访问了[com.nowcoder.community.service.UserService.findUserById].
2021-07-23 12:06:04,963 INFO [http-nio-8080-exec-3] c.n.c.a.ServiceLogAspect [ServiceLogAspect.java:37] 用户[0:0:0:0:0:0:0:1],在[2021-07-23 12:06:04],访问了[com.nowcoder.community.service.LikeService.findEntityLikeCount].
2021-07-23 12:06:04,964 INFO [http-nio-8080-exec-3] c.n.c.a.ServiceLogAspect [ServiceLogAspect.java:37] 用户[0:0:0:0:0:0:0:1],在[2021-07-23 12:06:04],访问了[com.nowcoder.community.service.UserService.findUserById].
2021-07-23 12:06:04,967 INFO [http-nio-8080-exec-3] c.n.c.a.ServiceLogAspect [ServiceLogAspect.java:37] 用户[0:0:0:0:0:0:0:1],在[2021-07-23 12:06:04],访问了[com.nowcoder.community.service.LikeService.findEntityLikeCount].
2021-07-23 12:06:04,968 INFO [http-nio-8080-exec-3] c.n.c.a.ServiceLogAspect [ServiceLogAspect.java:37] 用户[0:0:0:0:0:0:0:1],在[2021-07-23 12:06:04],访问了[com.nowcoder.community.service.UserService.findUserById].
2021-07-23 12:06:04,969 INFO [http-nio-8080-exec-3] c.n.c.a.ServiceLogAspect [ServiceLogAspect.java:37] 用户[0:0:0:0:0:0:0:1],在[2021-07-23 12:06:04],访问了[com.nowcoder.community.service.LikeService.findEntityLikeCount].
2021-07-23 12:06:04,970 INFO [http-nio-8080-exec-3] c.n.c.a.ServiceLogAspect [ServiceLogAspect.java:37] 用户[0:0:0:0:0:0:0:1],在[2021-07-23 12:06:04],访问了[com.nowcoder.community.service.UserService.findUserById].
2021-07-23 12:06:04,972 INFO [http-nio-8080-exec-3] c.n.c.a.ServiceLogAspect [ServiceLogAspect.java:37] 用户[0:0:0:0:0:0:0:1],在[2021-07-23 12:06:04],访问了[com.nowcoder.community.service.LikeService.findEntityLikeCount].
2021-07-23 12:06:04,973 INFO [http-nio-8080-exec-3] c.n.c.a.ServiceLogAspect [ServiceLogAspect.java:37] 用户[0:0:0:0:0:0:0:1],在[2021-07-23 12:06:04],访问了[com.nowcoder.community.service.UserService.findUserById].
2021-07-23 12:06:04,975 INFO [http-nio-8080-exec-3] c.n.c.a.ServiceLogAspect [ServiceLogAspect.java:37] 用户[0:0:0:0:0:0:0:1],在[2021-07-23 12:06:04],访问了[com.nowcoder.community.service.LikeService.findEntityLikeCount].
2021-07-23 12:06:04,976 INFO [http-nio-8080-exec-3] c.n.c.a.ServiceLogAspect [ServiceLogAspect.java:37] 用户[0:0:0:0:0:0:0:1],在[2021-07-23 12:06:04],访问了[com.nowcoder.community.service.UserService.findUserById].
2021-07-23 12:06:04,979 INFO [http-nio-8080-exec-3] c.n.c.a.ServiceLogAspect [ServiceLogAspect.java:37] 用户[0:0:0:0:0:0:0:1],在[2021-07-23 12:06:04],访问了[com.nowcoder.community.service.LikeService.findEntityLikeCount].
