2021-06-22 14:38:23,477 INFO [restartedMain] c.n.c.CommunityApplication [StartupInfoLogger.java:50] Starting CommunityApplication on Lenovo-PC with PID 13648 (D:\CSLearning\ideaProjects\community\target\classes started by Noahs_Ark in D:\CSLearning\ideaProjects\community)
2021-06-22 14:38:23,477 INFO [restartedMain] c.n.c.CommunityApplication [SpringApplication.java:675] No active profile set, falling back to default profiles: default
2021-06-22 14:38:23,539 INFO [restartedMain] o.s.b.d.e.DevToolsPropertyDefaultsPostProcessor [DeferredLog.java:227] Devtools property defaults active! Set 'spring.devtools.add-properties' to 'false' to disable
2021-06-22 14:38:23,555 INFO [restartedMain] o.s.b.d.e.DevToolsPropertyDefaultsPostProcessor [DeferredLog.java:227] For additional web related logging consider setting the 'logging.level.web' property to 'DEBUG'
2021-06-22 14:38:25,134 INFO [restartedMain] o.s.b.w.e.t.TomcatWebServer [TomcatWebServer.java:90] Tomcat initialized with port(s): 8080 (http)
2021-06-22 14:38:25,149 INFO [restartedMain] o.a.c.h.Http11NioProtocol [DirectJDKLog.java:173] Initializing ProtocolHandler ["http-nio-8080"]
2021-06-22 14:38:25,165 INFO [restartedMain] o.a.c.c.StandardService [DirectJDKLog.java:173] Starting service [Tomcat]
2021-06-22 14:38:25,165 INFO [restartedMain] o.a.c.c.StandardEngine [DirectJDKLog.java:173] Starting Servlet engine: [Apache Tomcat/9.0.19]
2021-06-22 14:38:25,259 INFO [restartedMain] o.a.c.c.C.[.[.[/community] [DirectJDKLog.java:173] Initializing Spring embedded WebApplicationContext
2021-06-22 14:38:25,259 INFO [restartedMain] o.s.w.c.ContextLoader [ServletWebServerApplicationContext.java:296] Root WebApplicationContext: initialization completed in 1704 ms
2021-06-22 14:38:25,915 INFO [restartedMain] o.s.s.c.ThreadPoolTaskExecutor [ExecutorConfigurationSupport.java:171] Initializing ExecutorService 'applicationTaskExecutor'
2021-06-22 14:38:26,009 INFO [restartedMain] o.s.b.a.w.s.WelcomePageHandlerMapping [WelcomePageHandlerMapping.java:61] Adding welcome page template: index
2021-06-22 14:38:26,102 INFO [restartedMain] o.s.b.d.a.OptionalLiveReloadServer [OptionalLiveReloadServer.java:57] LiveReload server is running on port 35729
2021-06-22 14:38:26,134 INFO [restartedMain] o.a.c.h.Http11NioProtocol [DirectJDKLog.java:173] Starting ProtocolHandler ["http-nio-8080"]
2021-06-22 14:38:26,165 INFO [restartedMain] o.s.b.w.e.t.TomcatWebServer [TomcatWebServer.java:204] Tomcat started on port(s): 8080 (http) with context path '/community'
2021-06-22 14:38:26,165 INFO [restartedMain] c.n.c.CommunityApplication [StartupInfoLogger.java:59] Started CommunityApplication in 3.454 seconds (JVM running for 5.791)
2021-06-22 14:38:51,644 INFO [http-nio-8080-exec-1] o.a.c.c.C.[.[.[/community] [DirectJDKLog.java:173] Initializing Spring DispatcherServlet 'dispatcherServlet'
2021-06-22 14:38:51,644 INFO [http-nio-8080-exec-1] o.s.w.s.DispatcherServlet [FrameworkServlet.java:524] Initializing Servlet 'dispatcherServlet'
2021-06-22 14:38:51,655 INFO [http-nio-8080-exec-1] o.s.w.s.DispatcherServlet [FrameworkServlet.java:546] Completed initialization in 10 ms
2021-06-22 14:38:51,728 INFO [http-nio-8080-exec-1] c.z.h.HikariDataSource [HikariDataSource.java:110] HikariPool-1 - Starting...
2021-06-22 14:38:51,872 INFO [http-nio-8080-exec-1] c.z.h.HikariDataSource [HikariDataSource.java:123] HikariPool-1 - Start completed.
2021-06-22 20:03:41,042 INFO [restartedMain] c.n.c.CommunityApplication [StartupInfoLogger.java:50] Starting CommunityApplication on Lenovo-PC with PID 9516 (D:\CSLearning\ideaProjects\community\target\classes started by Noahs_Ark in D:\CSLearning\ideaProjects\community)
2021-06-22 20:03:41,058 INFO [restartedMain] c.n.c.CommunityApplication [SpringApplication.java:675] No active profile set, falling back to default profiles: default
2021-06-22 20:03:41,121 INFO [restartedMain] o.s.b.d.e.DevToolsPropertyDefaultsPostProcessor [DeferredLog.java:227] Devtools property defaults active! Set 'spring.devtools.add-properties' to 'false' to disable
2021-06-22 20:03:41,121 INFO [restartedMain] o.s.b.d.e.DevToolsPropertyDefaultsPostProcessor [DeferredLog.java:227] For additional web related logging consider setting the 'logging.level.web' property to 'DEBUG'
2021-06-22 20:03:43,236 INFO [restartedMain] o.s.b.w.e.t.TomcatWebServer [TomcatWebServer.java:90] Tomcat initialized with port(s): 8080 (http)
2021-06-22 20:03:43,267 INFO [restartedMain] o.a.c.h.Http11NioProtocol [DirectJDKLog.java:173] Initializing ProtocolHandler ["http-nio-8080"]
2021-06-22 20:03:43,298 INFO [restartedMain] o.a.c.c.StandardService [DirectJDKLog.java:173] Starting service [Tomcat]
2021-06-22 20:03:43,299 INFO [restartedMain] o.a.c.c.StandardEngine [DirectJDKLog.java:173] Starting Servlet engine: [Apache Tomcat/9.0.19]
2021-06-22 20:03:43,428 INFO [restartedMain] o.a.c.c.C.[.[.[/community] [DirectJDKLog.java:173] Initializing Spring embedded WebApplicationContext
2021-06-22 20:03:43,428 INFO [restartedMain] o.s.w.c.ContextLoader [ServletWebServerApplicationContext.java:296] Root WebApplicationContext: initialization completed in 2307 ms
2021-06-22 20:03:44,363 INFO [restartedMain] o.s.s.c.ThreadPoolTaskExecutor [ExecutorConfigurationSupport.java:171] Initializing ExecutorService 'applicationTaskExecutor'
2021-06-22 20:03:44,582 INFO [restartedMain] o.s.b.a.w.s.WelcomePageHandlerMapping [WelcomePageHandlerMapping.java:61] Adding welcome page template: index
2021-06-22 20:03:44,769 INFO [restartedMain] o.s.b.d.a.OptionalLiveReloadServer [OptionalLiveReloadServer.java:57] LiveReload server is running on port 35729
2021-06-22 20:03:44,816 INFO [restartedMain] o.a.c.h.Http11NioProtocol [DirectJDKLog.java:173] Starting ProtocolHandler ["http-nio-8080"]
2021-06-22 20:03:44,847 INFO [restartedMain] o.s.b.w.e.t.TomcatWebServer [TomcatWebServer.java:204] Tomcat started on port(s): 8080 (http) with context path '/community'
2021-06-22 20:03:44,847 INFO [restartedMain] c.n.c.CommunityApplication [StartupInfoLogger.java:59] Started CommunityApplication in 4.428 seconds (JVM running for 6.37)
2021-06-22 20:03:49,871 INFO [http-nio-8080-exec-1] o.a.c.c.C.[.[.[/community] [DirectJDKLog.java:173] Initializing Spring DispatcherServlet 'dispatcherServlet'
2021-06-22 20:03:49,872 INFO [http-nio-8080-exec-1] o.s.w.s.DispatcherServlet [FrameworkServlet.java:524] Initializing Servlet 'dispatcherServlet'
2021-06-22 20:03:49,887 INFO [http-nio-8080-exec-1] o.s.w.s.DispatcherServlet [FrameworkServlet.java:546] Completed initialization in 15 ms
2021-06-22 20:03:49,941 INFO [http-nio-8080-exec-1] c.z.h.HikariDataSource [HikariDataSource.java:110] HikariPool-1 - Starting...
2021-06-22 20:03:51,128 INFO [http-nio-8080-exec-1] c.z.h.HikariDataSource [HikariDataSource.java:110] HikariPool-1 - Starting...
2021-06-22 20:04:12,854 INFO [http-nio-8080-exec-3] c.z.h.HikariDataSource [HikariDataSource.java:110] HikariPool-1 - Starting...
2021-06-22 20:04:12,890 INFO [http-nio-8080-exec-3] c.z.h.HikariDataSource [HikariDataSource.java:123] HikariPool-1 - Start completed.
