2021-09-25 16:42:46,121 INFO [restartedMain] c.n.c.CommunityApplication [StartupInfoLogger.java:50] Starting CommunityApplication on Lenovo-PC with PID 6224 (D:\CSLearning\ideaProjects\community\target\classes started by Noahs_Ark in D:\CSLearning\ideaProjects\community)
2021-09-25 16:42:46,142 INFO [restartedMain] c.n.c.CommunityApplication [SpringApplication.java:675] No active profile set, falling back to default profiles: default
2021-09-25 16:42:46,257 INFO [restartedMain] o.s.b.d.e.DevToolsPropertyDefaultsPostProcessor [DeferredLog.java:227] Devtools property defaults active! Set 'spring.devtools.add-properties' to 'false' to disable
2021-09-25 16:42:46,258 INFO [restartedMain] o.s.b.d.e.DevToolsPropertyDefaultsPostProcessor [DeferredLog.java:227] For additional web related logging consider setting the 'logging.level.web' property to 'DEBUG'
2021-09-25 16:42:47,435 INFO [restartedMain] o.s.d.r.c.RepositoryConfigurationDelegate [RepositoryConfigurationDelegate.java:244] Multiple Spring Data modules found, entering strict repository configuration mode!
2021-09-25 16:42:47,438 INFO [restartedMain] o.s.d.r.c.RepositoryConfigurationDelegate [RepositoryConfigurationDelegate.java:126] Bootstrapping Spring Data repositories in DEFAULT mode.
2021-09-25 16:42:47,471 INFO [restartedMain] o.s.d.r.c.RepositoryConfigurationDelegate [RepositoryConfigurationDelegate.java:182] Finished Spring Data repository scanning in 17ms. Found 0 repository interfaces.
2021-09-25 16:42:48,093 INFO [restartedMain] o.s.c.s.PostProcessorRegistrationDelegate$BeanPostProcessorChecker [PostProcessorRegistrationDelegate.java:330] Bean 'org.springframework.transaction.annotation.ProxyTransactionManagementConfiguration' of type [org.springframework.transaction.annotation.ProxyTransactionManagementConfiguration$$EnhancerBySpringCGLIB$$db3cead1] is not eligible for getting processed by all BeanPostProcessors (for example: not eligible for auto-proxying)
2021-09-25 16:42:48,868 INFO [restartedMain] o.s.b.w.e.t.TomcatWebServer [TomcatWebServer.java:90] Tomcat initialized with port(s): 8080 (http)
2021-09-25 16:42:48,888 INFO [restartedMain] o.a.c.h.Http11NioProtocol [DirectJDKLog.java:173] Initializing ProtocolHandler ["http-nio-8080"]
2021-09-25 16:42:48,902 INFO [restartedMain] o.a.c.c.StandardService [DirectJDKLog.java:173] Starting service [Tomcat]
2021-09-25 16:42:48,902 INFO [restartedMain] o.a.c.c.StandardEngine [DirectJDKLog.java:173] Starting Servlet engine: [Apache Tomcat/9.0.19]
2021-09-25 16:42:49,041 INFO [restartedMain] o.a.c.c.C.[.[.[/community] [DirectJDKLog.java:173] Initializing Spring embedded WebApplicationContext
2021-09-25 16:42:49,042 INFO [restartedMain] o.s.w.c.ContextLoader [ServletWebServerApplicationContext.java:296] Root WebApplicationContext: initialization completed in 2783 ms
2021-09-25 16:42:50,483 INFO [restartedMain] o.s.s.c.ThreadPoolTaskExecutor [ExecutorConfigurationSupport.java:171] Initializing ExecutorService 'applicationTaskExecutor'
2021-09-25 16:42:50,649 INFO [restartedMain] o.s.b.a.w.s.WelcomePageHandlerMapping [WelcomePageHandlerMapping.java:61] Adding welcome page template: index
2021-09-25 16:42:51,065 INFO [restartedMain] o.s.b.d.a.OptionalLiveReloadServer [OptionalLiveReloadServer.java:57] LiveReload server is running on port 35729
2021-09-25 16:42:51,112 INFO [restartedMain] o.a.c.h.Http11NioProtocol [DirectJDKLog.java:173] Starting ProtocolHandler ["http-nio-8080"]
2021-09-25 16:42:51,139 INFO [restartedMain] o.s.b.w.e.t.TomcatWebServer [TomcatWebServer.java:204] Tomcat started on port(s): 8080 (http) with context path '/community'
2021-09-25 16:42:51,144 INFO [restartedMain] c.n.c.CommunityApplication [StartupInfoLogger.java:59] Started CommunityApplication in 6.107 seconds (JVM running for 8.493)
2021-09-25 16:43:03,912 INFO [http-nio-8080-exec-1] o.a.c.c.C.[.[.[/community] [DirectJDKLog.java:173] Initializing Spring DispatcherServlet 'dispatcherServlet'
2021-09-25 16:43:03,913 INFO [http-nio-8080-exec-1] o.s.w.s.DispatcherServlet [FrameworkServlet.java:524] Initializing Servlet 'dispatcherServlet'
2021-09-25 16:43:03,929 INFO [http-nio-8080-exec-1] o.s.w.s.DispatcherServlet [FrameworkServlet.java:546] Completed initialization in 16 ms
2021-09-25 16:43:03,970 INFO [http-nio-8080-exec-1] c.n.c.a.ServiceLogAspect [ServiceLogAspect.java:37] 用户[0:0:0:0:0:0:0:1],在[2021-09-25 16:43:03],访问了[com.nowcoder.community.service.DiscussPostService.findDiscussPostRows].
2021-09-25 16:43:04,008 INFO [http-nio-8080-exec-1] c.z.h.HikariDataSource [HikariDataSource.java:110] HikariPool-1 - Starting...
2021-09-25 16:43:04,186 INFO [http-nio-8080-exec-1] c.z.h.HikariDataSource [HikariDataSource.java:123] HikariPool-1 - Start completed.
2021-09-25 16:43:04,268 INFO [http-nio-8080-exec-1] c.n.c.a.ServiceLogAspect [ServiceLogAspect.java:37] 用户[0:0:0:0:0:0:0:1],在[2021-09-25 16:43:04],访问了[com.nowcoder.community.service.DiscussPostService.findDiscussPosts].
2021-09-25 16:43:04,284 INFO [http-nio-8080-exec-1] c.n.c.a.ServiceLogAspect [ServiceLogAspect.java:37] 用户[0:0:0:0:0:0:0:1],在[2021-09-25 16:43:04],访问了[com.nowcoder.community.service.UserService.findUserById].
2021-09-25 16:43:04,308 INFO [http-nio-8080-exec-1] c.n.c.a.ServiceLogAspect [ServiceLogAspect.java:37] 用户[0:0:0:0:0:0:0:1],在[2021-09-25 16:43:04],访问了[com.nowcoder.community.service.LikeService.findEntityLikeCount].
2021-09-25 16:43:04,519 INFO [http-nio-8080-exec-1] i.l.c.EpollProvider [EpollProvider.java:68] Starting without optional epoll library
2021-09-25 16:43:04,522 INFO [http-nio-8080-exec-1] i.l.c.KqueueProvider [KqueueProvider.java:70] Starting without optional kqueue library
2021-09-25 16:43:05,384 INFO [http-nio-8080-exec-1] c.n.c.a.ServiceLogAspect [ServiceLogAspect.java:37] 用户[0:0:0:0:0:0:0:1],在[2021-09-25 16:43:05],访问了[com.nowcoder.community.service.UserService.findUserById].
2021-09-25 16:43:05,390 INFO [http-nio-8080-exec-1] c.n.c.a.ServiceLogAspect [ServiceLogAspect.java:37] 用户[0:0:0:0:0:0:0:1],在[2021-09-25 16:43:05],访问了[com.nowcoder.community.service.LikeService.findEntityLikeCount].
2021-09-25 16:43:05,392 INFO [http-nio-8080-exec-1] c.n.c.a.ServiceLogAspect [ServiceLogAspect.java:37] 用户[0:0:0:0:0:0:0:1],在[2021-09-25 16:43:05],访问了[com.nowcoder.community.service.UserService.findUserById].
2021-09-25 16:43:05,395 INFO [http-nio-8080-exec-1] c.n.c.a.ServiceLogAspect [ServiceLogAspect.java:37] 用户[0:0:0:0:0:0:0:1],在[2021-09-25 16:43:05],访问了[com.nowcoder.community.service.LikeService.findEntityLikeCount].
2021-09-25 16:43:05,398 INFO [http-nio-8080-exec-1] c.n.c.a.ServiceLogAspect [ServiceLogAspect.java:37] 用户[0:0:0:0:0:0:0:1],在[2021-09-25 16:43:05],访问了[com.nowcoder.community.service.UserService.findUserById].
2021-09-25 16:43:05,403 INFO [http-nio-8080-exec-1] c.n.c.a.ServiceLogAspect [ServiceLogAspect.java:37] 用户[0:0:0:0:0:0:0:1],在[2021-09-25 16:43:05],访问了[com.nowcoder.community.service.LikeService.findEntityLikeCount].
2021-09-25 16:43:05,405 INFO [http-nio-8080-exec-1] c.n.c.a.ServiceLogAspect [ServiceLogAspect.java:37] 用户[0:0:0:0:0:0:0:1],在[2021-09-25 16:43:05],访问了[com.nowcoder.community.service.UserService.findUserById].
2021-09-25 16:43:05,409 INFO [http-nio-8080-exec-1] c.n.c.a.ServiceLogAspect [ServiceLogAspect.java:37] 用户[0:0:0:0:0:0:0:1],在[2021-09-25 16:43:05],访问了[com.nowcoder.community.service.LikeService.findEntityLikeCount].
2021-09-25 16:43:05,411 INFO [http-nio-8080-exec-1] c.n.c.a.ServiceLogAspect [ServiceLogAspect.java:37] 用户[0:0:0:0:0:0:0:1],在[2021-09-25 16:43:05],访问了[com.nowcoder.community.service.UserService.findUserById].
2021-09-25 16:43:05,416 INFO [http-nio-8080-exec-1] c.n.c.a.ServiceLogAspect [ServiceLogAspect.java:37] 用户[0:0:0:0:0:0:0:1],在[2021-09-25 16:43:05],访问了[com.nowcoder.community.service.LikeService.findEntityLikeCount].
2021-09-25 16:43:05,418 INFO [http-nio-8080-exec-1] c.n.c.a.ServiceLogAspect [ServiceLogAspect.java:37] 用户[0:0:0:0:0:0:0:1],在[2021-09-25 16:43:05],访问了[com.nowcoder.community.service.UserService.findUserById].
2021-09-25 16:43:05,423 INFO [http-nio-8080-exec-1] c.n.c.a.ServiceLogAspect [ServiceLogAspect.java:37] 用户[0:0:0:0:0:0:0:1],在[2021-09-25 16:43:05],访问了[com.nowcoder.community.service.LikeService.findEntityLikeCount].
2021-09-25 16:43:05,426 INFO [http-nio-8080-exec-1] c.n.c.a.ServiceLogAspect [ServiceLogAspect.java:37] 用户[0:0:0:0:0:0:0:1],在[2021-09-25 16:43:05],访问了[com.nowcoder.community.service.UserService.findUserById].
2021-09-25 16:43:05,429 INFO [http-nio-8080-exec-1] c.n.c.a.ServiceLogAspect [ServiceLogAspect.java:37] 用户[0:0:0:0:0:0:0:1],在[2021-09-25 16:43:05],访问了[com.nowcoder.community.service.LikeService.findEntityLikeCount].
2021-09-25 16:43:05,432 INFO [http-nio-8080-exec-1] c.n.c.a.ServiceLogAspect [ServiceLogAspect.java:37] 用户[0:0:0:0:0:0:0:1],在[2021-09-25 16:43:05],访问了[com.nowcoder.community.service.UserService.findUserById].
2021-09-25 16:43:05,438 INFO [http-nio-8080-exec-1] c.n.c.a.ServiceLogAspect [ServiceLogAspect.java:37] 用户[0:0:0:0:0:0:0:1],在[2021-09-25 16:43:05],访问了[com.nowcoder.community.service.LikeService.findEntityLikeCount].
2021-09-25 16:43:05,440 INFO [http-nio-8080-exec-1] c.n.c.a.ServiceLogAspect [ServiceLogAspect.java:37] 用户[0:0:0:0:0:0:0:1],在[2021-09-25 16:43:05],访问了[com.nowcoder.community.service.UserService.findUserById].
2021-09-25 16:43:05,443 INFO [http-nio-8080-exec-1] c.n.c.a.ServiceLogAspect [ServiceLogAspect.java:37] 用户[0:0:0:0:0:0:0:1],在[2021-09-25 16:43:05],访问了[com.nowcoder.community.service.LikeService.findEntityLikeCount].
2021-09-25 16:43:10,237 INFO [http-nio-8080-exec-6] c.n.c.a.ServiceLogAspect [ServiceLogAspect.java:37] 用户[0:0:0:0:0:0:0:1],在[2021-09-25 16:43:10],访问了[com.nowcoder.community.service.DiscussPostService.findDiscussPostById].
2021-09-25 16:43:10,242 INFO [http-nio-8080-exec-6] c.n.c.a.ServiceLogAspect [ServiceLogAspect.java:37] 用户[0:0:0:0:0:0:0:1],在[2021-09-25 16:43:10],访问了[com.nowcoder.community.service.UserService.findUserById].
2021-09-25 16:43:10,249 INFO [http-nio-8080-exec-6] c.n.c.a.ServiceLogAspect [ServiceLogAspect.java:37] 用户[0:0:0:0:0:0:0:1],在[2021-09-25 16:43:10],访问了[com.nowcoder.community.service.LikeService.findEntityLikeCount].
2021-09-25 16:43:10,251 INFO [http-nio-8080-exec-6] c.n.c.a.ServiceLogAspect [ServiceLogAspect.java:37] 用户[0:0:0:0:0:0:0:1],在[2021-09-25 16:43:10],访问了[com.nowcoder.community.service.CommentService.findCommentsByEntity].
2021-09-25 16:43:10,270 INFO [http-nio-8080-exec-6] c.n.c.a.ServiceLogAspect [ServiceLogAspect.java:37] 用户[0:0:0:0:0:0:0:1],在[2021-09-25 16:43:10],访问了[com.nowcoder.community.service.UserService.findUserById].
2021-09-25 16:43:10,274 INFO [http-nio-8080-exec-6] c.n.c.a.ServiceLogAspect [ServiceLogAspect.java:37] 用户[0:0:0:0:0:0:0:1],在[2021-09-25 16:43:10],访问了[com.nowcoder.community.service.LikeService.findEntityLikeCount].
2021-09-25 16:43:10,276 INFO [http-nio-8080-exec-6] c.n.c.a.ServiceLogAspect [ServiceLogAspect.java:37] 用户[0:0:0:0:0:0:0:1],在[2021-09-25 16:43:10],访问了[com.nowcoder.community.service.CommentService.findCommentsByEntity].
2021-09-25 16:43:10,282 INFO [http-nio-8080-exec-6] c.n.c.a.ServiceLogAspect [ServiceLogAspect.java:37] 用户[0:0:0:0:0:0:0:1],在[2021-09-25 16:43:10],访问了[com.nowcoder.community.service.UserService.findUserById].
2021-09-25 16:43:10,286 INFO [http-nio-8080-exec-6] c.n.c.a.ServiceLogAspect [ServiceLogAspect.java:37] 用户[0:0:0:0:0:0:0:1],在[2021-09-25 16:43:10],访问了[com.nowcoder.community.service.LikeService.findEntityLikeCount].
2021-09-25 16:43:10,288 INFO [http-nio-8080-exec-6] c.n.c.a.ServiceLogAspect [ServiceLogAspect.java:37] 用户[0:0:0:0:0:0:0:1],在[2021-09-25 16:43:10],访问了[com.nowcoder.community.service.CommentService.findCommentCount].
2021-09-25 16:43:10,292 INFO [http-nio-8080-exec-6] c.n.c.a.ServiceLogAspect [ServiceLogAspect.java:37] 用户[0:0:0:0:0:0:0:1],在[2021-09-25 16:43:10],访问了[com.nowcoder.community.service.UserService.findUserById].
2021-09-25 16:43:10,299 INFO [http-nio-8080-exec-6] c.n.c.a.ServiceLogAspect [ServiceLogAspect.java:37] 用户[0:0:0:0:0:0:0:1],在[2021-09-25 16:43:10],访问了[com.nowcoder.community.service.LikeService.findEntityLikeCount].
2021-09-25 16:43:10,301 INFO [http-nio-8080-exec-6] c.n.c.a.ServiceLogAspect [ServiceLogAspect.java:37] 用户[0:0:0:0:0:0:0:1],在[2021-09-25 16:43:10],访问了[com.nowcoder.community.service.CommentService.findCommentsByEntity].
2021-09-25 16:43:10,305 INFO [http-nio-8080-exec-6] c.n.c.a.ServiceLogAspect [ServiceLogAspect.java:37] 用户[0:0:0:0:0:0:0:1],在[2021-09-25 16:43:10],访问了[com.nowcoder.community.service.CommentService.findCommentCount].
2021-09-25 16:43:10,309 INFO [http-nio-8080-exec-6] c.n.c.a.ServiceLogAspect [ServiceLogAspect.java:37] 用户[0:0:0:0:0:0:0:1],在[2021-09-25 16:43:10],访问了[com.nowcoder.community.service.UserService.findUserById].
2021-09-25 16:43:10,314 INFO [http-nio-8080-exec-6] c.n.c.a.ServiceLogAspect [ServiceLogAspect.java:37] 用户[0:0:0:0:0:0:0:1],在[2021-09-25 16:43:10],访问了[com.nowcoder.community.service.LikeService.findEntityLikeCount].
2021-09-25 16:43:10,320 INFO [http-nio-8080-exec-6] c.n.c.a.ServiceLogAspect [ServiceLogAspect.java:37] 用户[0:0:0:0:0:0:0:1],在[2021-09-25 16:43:10],访问了[com.nowcoder.community.service.CommentService.findCommentsByEntity].
2021-09-25 16:43:10,323 INFO [http-nio-8080-exec-6] c.n.c.a.ServiceLogAspect [ServiceLogAspect.java:37] 用户[0:0:0:0:0:0:0:1],在[2021-09-25 16:43:10],访问了[com.nowcoder.community.service.CommentService.findCommentCount].
2021-09-25 16:43:10,327 INFO [http-nio-8080-exec-6] c.n.c.a.ServiceLogAspect [ServiceLogAspect.java:37] 用户[0:0:0:0:0:0:0:1],在[2021-09-25 16:43:10],访问了[com.nowcoder.community.service.UserService.findUserById].
2021-09-25 16:43:10,334 INFO [http-nio-8080-exec-6] c.n.c.a.ServiceLogAspect [ServiceLogAspect.java:37] 用户[0:0:0:0:0:0:0:1],在[2021-09-25 16:43:10],访问了[com.nowcoder.community.service.LikeService.findEntityLikeCount].
2021-09-25 16:43:10,336 INFO [http-nio-8080-exec-6] c.n.c.a.ServiceLogAspect [ServiceLogAspect.java:37] 用户[0:0:0:0:0:0:0:1],在[2021-09-25 16:43:10],访问了[com.nowcoder.community.service.CommentService.findCommentsByEntity].
2021-09-25 16:43:10,340 INFO [http-nio-8080-exec-6] c.n.c.a.ServiceLogAspect [ServiceLogAspect.java:37] 用户[0:0:0:0:0:0:0:1],在[2021-09-25 16:43:10],访问了[com.nowcoder.community.service.CommentService.findCommentCount].
2021-09-25 16:43:10,344 INFO [http-nio-8080-exec-6] c.n.c.a.ServiceLogAspect [ServiceLogAspect.java:37] 用户[0:0:0:0:0:0:0:1],在[2021-09-25 16:43:10],访问了[com.nowcoder.community.service.UserService.findUserById].
2021-09-25 16:43:10,349 INFO [http-nio-8080-exec-6] c.n.c.a.ServiceLogAspect [ServiceLogAspect.java:37] 用户[0:0:0:0:0:0:0:1],在[2021-09-25 16:43:10],访问了[com.nowcoder.community.service.LikeService.findEntityLikeCount].
2021-09-25 16:43:10,351 INFO [http-nio-8080-exec-6] c.n.c.a.ServiceLogAspect [ServiceLogAspect.java:37] 用户[0:0:0:0:0:0:0:1],在[2021-09-25 16:43:10],访问了[com.nowcoder.community.service.CommentService.findCommentsByEntity].
2021-09-25 16:43:10,354 INFO [http-nio-8080-exec-6] c.n.c.a.ServiceLogAspect [ServiceLogAspect.java:37] 用户[0:0:0:0:0:0:0:1],在[2021-09-25 16:43:10],访问了[com.nowcoder.community.service.CommentService.findCommentCount].
2021-09-25 16:54:43,929 INFO [Thread-5] o.s.s.c.ThreadPoolTaskExecutor [ExecutorConfigurationSupport.java:208] Shutting down ExecutorService 'applicationTaskExecutor'
2021-09-25 16:54:45,079 INFO [Thread-5] c.z.h.HikariDataSource [HikariDataSource.java:350] HikariPool-1 - Shutdown initiated...
2021-09-25 16:54:45,094 INFO [Thread-5] c.z.h.HikariDataSource [HikariDataSource.java:352] HikariPool-1 - Shutdown completed.
2021-09-25 16:54:45,737 INFO [restartedMain] c.n.c.CommunityApplication [StartupInfoLogger.java:50] Starting CommunityApplication on Lenovo-PC with PID 6224 (D:\CSLearning\ideaProjects\community\target\classes started by Noahs_Ark in D:\CSLearning\ideaProjects\community)
2021-09-25 16:54:45,737 INFO [restartedMain] c.n.c.CommunityApplication [SpringApplication.java:675] No active profile set, falling back to default profiles: default
2021-09-25 16:54:46,112 INFO [restartedMain] o.s.d.r.c.RepositoryConfigurationDelegate [RepositoryConfigurationDelegate.java:244] Multiple Spring Data modules found, entering strict repository configuration mode!
2021-09-25 16:54:46,112 INFO [restartedMain] o.s.d.r.c.RepositoryConfigurationDelegate [RepositoryConfigurationDelegate.java:126] Bootstrapping Spring Data repositories in DEFAULT mode.
2021-09-25 16:54:46,128 INFO [restartedMain] o.s.d.r.c.RepositoryConfigurationDelegate [RepositoryConfigurationDelegate.java:182] Finished Spring Data repository scanning in 16ms. Found 0 repository interfaces.
2021-09-25 16:54:46,221 INFO [restartedMain] o.s.c.s.PostProcessorRegistrationDelegate$BeanPostProcessorChecker [PostProcessorRegistrationDelegate.java:330] Bean 'org.springframework.transaction.annotation.ProxyTransactionManagementConfiguration' of type [org.springframework.transaction.annotation.ProxyTransactionManagementConfiguration$$EnhancerBySpringCGLIB$$db3cead1] is not eligible for getting processed by all BeanPostProcessors (for example: not eligible for auto-proxying)
2021-09-25 16:54:46,393 INFO [restartedMain] o.s.b.w.e.t.TomcatWebServer [TomcatWebServer.java:90] Tomcat initialized with port(s): 8080 (http)
2021-09-25 16:54:46,393 INFO [restartedMain] o.a.c.h.Http11NioProtocol [DirectJDKLog.java:173] Initializing ProtocolHandler ["http-nio-8080"]
2021-09-25 16:54:46,393 INFO [restartedMain] o.a.c.c.StandardService [DirectJDKLog.java:173] Starting service [Tomcat]
2021-09-25 16:54:46,393 INFO [restartedMain] o.a.c.c.StandardEngine [DirectJDKLog.java:173] Starting Servlet engine: [Apache Tomcat/9.0.19]
2021-09-25 16:54:46,440 INFO [restartedMain] o.a.c.c.C.[.[.[/community] [DirectJDKLog.java:173] Initializing Spring embedded WebApplicationContext
2021-09-25 16:54:46,440 INFO [restartedMain] o.s.w.c.ContextLoader [ServletWebServerApplicationContext.java:296] Root WebApplicationContext: initialization completed in 703 ms
2021-09-25 16:54:47,174 INFO [restartedMain] o.s.s.c.ThreadPoolTaskExecutor [ExecutorConfigurationSupport.java:171] Initializing ExecutorService 'applicationTaskExecutor'
2021-09-25 16:54:47,237 INFO [restartedMain] o.s.b.a.w.s.WelcomePageHandlerMapping [WelcomePageHandlerMapping.java:61] Adding welcome page template: index
2021-09-25 16:54:47,378 INFO [restartedMain] o.s.b.d.a.OptionalLiveReloadServer [OptionalLiveReloadServer.java:57] LiveReload server is running on port 35729
2021-09-25 16:54:47,393 INFO [restartedMain] o.a.c.h.Http11NioProtocol [DirectJDKLog.java:173] Starting ProtocolHandler ["http-nio-8080"]
2021-09-25 16:54:47,393 INFO [restartedMain] o.s.b.w.e.t.TomcatWebServer [TomcatWebServer.java:204] Tomcat started on port(s): 8080 (http) with context path '/community'
2021-09-25 16:54:47,393 INFO [restartedMain] c.n.c.CommunityApplication [StartupInfoLogger.java:59] Started CommunityApplication in 1.718 seconds (JVM running for 724.75)
2021-09-25 16:54:47,393 INFO [restartedMain] o.s.b.d.a.ConditionEvaluationDeltaLoggingListener [ConditionEvaluationDeltaLoggingListener.java:70] Condition evaluation unchanged
2021-09-25 17:09:06,519 INFO [http-nio-8080-exec-1] o.a.c.c.C.[.[.[/community] [DirectJDKLog.java:173] Initializing Spring DispatcherServlet 'dispatcherServlet'
2021-09-25 17:09:06,520 INFO [http-nio-8080-exec-1] o.s.w.s.DispatcherServlet [FrameworkServlet.java:524] Initializing Servlet 'dispatcherServlet'
2021-09-25 17:09:06,529 INFO [http-nio-8080-exec-1] o.s.w.s.DispatcherServlet [FrameworkServlet.java:546] Completed initialization in 9 ms
2021-09-25 17:09:21,567 INFO [http-nio-8080-exec-6] c.n.c.a.ServiceLogAspect [ServiceLogAspect.java:37] 用户[0:0:0:0:0:0:0:1],在[2021-09-25 17:09:21],访问了[com.nowcoder.community.service.UserService.login].
2021-09-25 17:09:21,571 INFO [http-nio-8080-exec-6] c.z.h.HikariDataSource [HikariDataSource.java:110] HikariPool-2 - Starting...
2021-09-25 17:09:21,579 INFO [http-nio-8080-exec-6] c.z.h.HikariDataSource [HikariDataSource.java:123] HikariPool-2 - Start completed.
2021-09-25 17:09:21,622 INFO [http-nio-8080-exec-7] c.n.c.a.ServiceLogAspect [ServiceLogAspect.java:37] 用户[0:0:0:0:0:0:0:1],在[2021-09-25 17:09:21],访问了[com.nowcoder.community.service.UserService.findLoginTicket].
2021-09-25 17:09:21,627 INFO [http-nio-8080-exec-7] c.n.c.a.ServiceLogAspect [ServiceLogAspect.java:37] 用户[0:0:0:0:0:0:0:1],在[2021-09-25 17:09:21],访问了[com.nowcoder.community.service.UserService.findUserById].
2021-09-25 17:09:21,631 INFO [http-nio-8080-exec-7] c.n.c.a.ServiceLogAspect [ServiceLogAspect.java:37] 用户[0:0:0:0:0:0:0:1],在[2021-09-25 17:09:21],访问了[com.nowcoder.community.service.DiscussPostService.findDiscussPostRows].
2021-09-25 17:09:21,638 INFO [http-nio-8080-exec-7] c.n.c.a.ServiceLogAspect [ServiceLogAspect.java:37] 用户[0:0:0:0:0:0:0:1],在[2021-09-25 17:09:21],访问了[com.nowcoder.community.service.DiscussPostService.findDiscussPosts].
2021-09-25 17:09:21,646 INFO [http-nio-8080-exec-7] c.n.c.a.ServiceLogAspect [ServiceLogAspect.java:37] 用户[0:0:0:0:0:0:0:1],在[2021-09-25 17:09:21],访问了[com.nowcoder.community.service.UserService.findUserById].
2021-09-25 17:09:21,648 INFO [http-nio-8080-exec-7] c.n.c.a.ServiceLogAspect [ServiceLogAspect.java:37] 用户[0:0:0:0:0:0:0:1],在[2021-09-25 17:09:21],访问了[com.nowcoder.community.service.LikeService.findEntityLikeCount].
2021-09-25 17:09:21,662 INFO [http-nio-8080-exec-7] c.n.c.a.ServiceLogAspect [ServiceLogAspect.java:37] 用户[0:0:0:0:0:0:0:1],在[2021-09-25 17:09:21],访问了[com.nowcoder.community.service.UserService.findUserById].
2021-09-25 17:09:21,671 INFO [http-nio-8080-exec-7] c.n.c.a.ServiceLogAspect [ServiceLogAspect.java:37] 用户[0:0:0:0:0:0:0:1],在[2021-09-25 17:09:21],访问了[com.nowcoder.community.service.LikeService.findEntityLikeCount].
2021-09-25 17:09:21,671 INFO [http-nio-8080-exec-7] c.n.c.a.ServiceLogAspect [ServiceLogAspect.java:37] 用户[0:0:0:0:0:0:0:1],在[2021-09-25 17:09:21],访问了[com.nowcoder.community.service.UserService.findUserById].
2021-09-25 17:09:21,677 INFO [http-nio-8080-exec-7] c.n.c.a.ServiceLogAspect [ServiceLogAspect.java:37] 用户[0:0:0:0:0:0:0:1],在[2021-09-25 17:09:21],访问了[com.nowcoder.community.service.LikeService.findEntityLikeCount].
2021-09-25 17:09:21,678 INFO [http-nio-8080-exec-7] c.n.c.a.ServiceLogAspect [ServiceLogAspect.java:37] 用户[0:0:0:0:0:0:0:1],在[2021-09-25 17:09:21],访问了[com.nowcoder.community.service.UserService.findUserById].
2021-09-25 17:09:21,680 INFO [http-nio-8080-exec-7] c.n.c.a.ServiceLogAspect [ServiceLogAspect.java:37] 用户[0:0:0:0:0:0:0:1],在[2021-09-25 17:09:21],访问了[com.nowcoder.community.service.LikeService.findEntityLikeCount].
2021-09-25 17:09:21,681 INFO [http-nio-8080-exec-7] c.n.c.a.ServiceLogAspect [ServiceLogAspect.java:37] 用户[0:0:0:0:0:0:0:1],在[2021-09-25 17:09:21],访问了[com.nowcoder.community.service.UserService.findUserById].
2021-09-25 17:09:21,685 INFO [http-nio-8080-exec-7] c.n.c.a.ServiceLogAspect [ServiceLogAspect.java:37] 用户[0:0:0:0:0:0:0:1],在[2021-09-25 17:09:21],访问了[com.nowcoder.community.service.LikeService.findEntityLikeCount].
2021-09-25 17:09:21,685 INFO [http-nio-8080-exec-7] c.n.c.a.ServiceLogAspect [ServiceLogAspect.java:37] 用户[0:0:0:0:0:0:0:1],在[2021-09-25 17:09:21],访问了[com.nowcoder.community.service.UserService.findUserById].
2021-09-25 17:09:21,699 INFO [http-nio-8080-exec-7] c.n.c.a.ServiceLogAspect [ServiceLogAspect.java:37] 用户[0:0:0:0:0:0:0:1],在[2021-09-25 17:09:21],访问了[com.nowcoder.community.service.LikeService.findEntityLikeCount].
2021-09-25 17:09:21,700 INFO [http-nio-8080-exec-7] c.n.c.a.ServiceLogAspect [ServiceLogAspect.java:37] 用户[0:0:0:0:0:0:0:1],在[2021-09-25 17:09:21],访问了[com.nowcoder.community.service.UserService.findUserById].
2021-09-25 17:09:21,703 INFO [http-nio-8080-exec-7] c.n.c.a.ServiceLogAspect [ServiceLogAspect.java:37] 用户[0:0:0:0:0:0:0:1],在[2021-09-25 17:09:21],访问了[com.nowcoder.community.service.LikeService.findEntityLikeCount].
2021-09-25 17:09:21,705 INFO [http-nio-8080-exec-7] c.n.c.a.ServiceLogAspect [ServiceLogAspect.java:37] 用户[0:0:0:0:0:0:0:1],在[2021-09-25 17:09:21],访问了[com.nowcoder.community.service.UserService.findUserById].
2021-09-25 17:09:21,708 INFO [http-nio-8080-exec-7] c.n.c.a.ServiceLogAspect [ServiceLogAspect.java:37] 用户[0:0:0:0:0:0:0:1],在[2021-09-25 17:09:21],访问了[com.nowcoder.community.service.LikeService.findEntityLikeCount].
2021-09-25 17:09:21,710 INFO [http-nio-8080-exec-7] c.n.c.a.ServiceLogAspect [ServiceLogAspect.java:37] 用户[0:0:0:0:0:0:0:1],在[2021-09-25 17:09:21],访问了[com.nowcoder.community.service.UserService.findUserById].
2021-09-25 17:09:21,712 INFO [http-nio-8080-exec-7] c.n.c.a.ServiceLogAspect [ServiceLogAspect.java:37] 用户[0:0:0:0:0:0:0:1],在[2021-09-25 17:09:21],访问了[com.nowcoder.community.service.LikeService.findEntityLikeCount].
2021-09-25 17:09:21,714 INFO [http-nio-8080-exec-7] c.n.c.a.ServiceLogAspect [ServiceLogAspect.java:37] 用户[0:0:0:0:0:0:0:1],在[2021-09-25 17:09:21],访问了[com.nowcoder.community.service.UserService.findUserById].
2021-09-25 17:09:21,716 INFO [http-nio-8080-exec-7] c.n.c.a.ServiceLogAspect [ServiceLogAspect.java:37] 用户[0:0:0:0:0:0:0:1],在[2021-09-25 17:09:21],访问了[com.nowcoder.community.service.LikeService.findEntityLikeCount].
2021-09-25 17:09:33,857 INFO [http-nio-8080-exec-2] c.n.c.a.ServiceLogAspect [ServiceLogAspect.java:37] 用户[0:0:0:0:0:0:0:1],在[2021-09-25 17:09:33],访问了[com.nowcoder.community.service.UserService.findLoginTicket].
2021-09-25 17:09:33,864 INFO [http-nio-8080-exec-2] c.n.c.a.ServiceLogAspect [ServiceLogAspect.java:37] 用户[0:0:0:0:0:0:0:1],在[2021-09-25 17:09:33],访问了[com.nowcoder.community.service.UserService.findUserById].
2021-09-25 17:09:33,869 INFO [http-nio-8080-exec-2] c.n.c.a.ServiceLogAspect [ServiceLogAspect.java:37] 用户[0:0:0:0:0:0:0:1],在[2021-09-25 17:09:33],访问了[com.nowcoder.community.service.DiscussPostService.findDiscussPostById].
2021-09-25 17:09:33,872 INFO [http-nio-8080-exec-2] c.n.c.a.ServiceLogAspect [ServiceLogAspect.java:37] 用户[0:0:0:0:0:0:0:1],在[2021-09-25 17:09:33],访问了[com.nowcoder.community.service.UserService.findUserById].
2021-09-25 17:09:33,874 INFO [http-nio-8080-exec-2] c.n.c.a.ServiceLogAspect [ServiceLogAspect.java:37] 用户[0:0:0:0:0:0:0:1],在[2021-09-25 17:09:33],访问了[com.nowcoder.community.service.LikeService.findEntityLikeCount].
2021-09-25 17:09:33,876 INFO [http-nio-8080-exec-2] c.n.c.a.ServiceLogAspect [ServiceLogAspect.java:37] 用户[0:0:0:0:0:0:0:1],在[2021-09-25 17:09:33],访问了[com.nowcoder.community.service.LikeService.findEntityLikeStatus].
2021-09-25 17:09:33,899 INFO [http-nio-8080-exec-2] c.n.c.a.ServiceLogAspect [ServiceLogAspect.java:37] 用户[0:0:0:0:0:0:0:1],在[2021-09-25 17:09:33],访问了[com.nowcoder.community.service.CommentService.findCommentsByEntity].
2021-09-25 17:09:33,906 INFO [http-nio-8080-exec-2] c.n.c.a.ServiceLogAspect [ServiceLogAspect.java:37] 用户[0:0:0:0:0:0:0:1],在[2021-09-25 17:09:33],访问了[com.nowcoder.community.service.UserService.findUserById].
2021-09-25 17:09:33,908 INFO [http-nio-8080-exec-2] c.n.c.a.ServiceLogAspect [ServiceLogAspect.java:37] 用户[0:0:0:0:0:0:0:1],在[2021-09-25 17:09:33],访问了[com.nowcoder.community.service.LikeService.findEntityLikeCount].
2021-09-25 17:09:33,909 INFO [http-nio-8080-exec-2] c.n.c.a.ServiceLogAspect [ServiceLogAspect.java:37] 用户[0:0:0:0:0:0:0:1],在[2021-09-25 17:09:33],访问了[com.nowcoder.community.service.LikeService.findEntityLikeStatus].
2021-09-25 17:09:33,911 INFO [http-nio-8080-exec-2] c.n.c.a.ServiceLogAspect [ServiceLogAspect.java:37] 用户[0:0:0:0:0:0:0:1],在[2021-09-25 17:09:33],访问了[com.nowcoder.community.service.CommentService.findCommentsByEntity].
2021-09-25 17:09:33,914 INFO [http-nio-8080-exec-2] c.n.c.a.ServiceLogAspect [ServiceLogAspect.java:37] 用户[0:0:0:0:0:0:0:1],在[2021-09-25 17:09:33],访问了[com.nowcoder.community.service.UserService.findUserById].
2021-09-25 17:09:33,919 INFO [http-nio-8080-exec-2] c.n.c.a.ServiceLogAspect [ServiceLogAspect.java:37] 用户[0:0:0:0:0:0:0:1],在[2021-09-25 17:09:33],访问了[com.nowcoder.community.service.LikeService.findEntityLikeCount].
2021-09-25 17:09:33,920 INFO [http-nio-8080-exec-2] c.n.c.a.ServiceLogAspect [ServiceLogAspect.java:37] 用户[0:0:0:0:0:0:0:1],在[2021-09-25 17:09:33],访问了[com.nowcoder.community.service.LikeService.findEntityLikeStatus].
2021-09-25 17:09:33,922 INFO [http-nio-8080-exec-2] c.n.c.a.ServiceLogAspect [ServiceLogAspect.java:37] 用户[0:0:0:0:0:0:0:1],在[2021-09-25 17:09:33],访问了[com.nowcoder.community.service.CommentService.findCommentCount].
2021-09-25 17:09:33,924 INFO [http-nio-8080-exec-2] c.n.c.a.ServiceLogAspect [ServiceLogAspect.java:37] 用户[0:0:0:0:0:0:0:1],在[2021-09-25 17:09:33],访问了[com.nowcoder.community.service.UserService.findUserById].
2021-09-25 17:09:33,927 INFO [http-nio-8080-exec-2] c.n.c.a.ServiceLogAspect [ServiceLogAspect.java:37] 用户[0:0:0:0:0:0:0:1],在[2021-09-25 17:09:33],访问了[com.nowcoder.community.service.LikeService.findEntityLikeCount].
2021-09-25 17:09:33,929 INFO [http-nio-8080-exec-2] c.n.c.a.ServiceLogAspect [ServiceLogAspect.java:37] 用户[0:0:0:0:0:0:0:1],在[2021-09-25 17:09:33],访问了[com.nowcoder.community.service.LikeService.findEntityLikeStatus].
2021-09-25 17:09:33,930 INFO [http-nio-8080-exec-2] c.n.c.a.ServiceLogAspect [ServiceLogAspect.java:37] 用户[0:0:0:0:0:0:0:1],在[2021-09-25 17:09:33],访问了[com.nowcoder.community.service.CommentService.findCommentsByEntity].
2021-09-25 17:09:33,932 INFO [http-nio-8080-exec-2] c.n.c.a.ServiceLogAspect [ServiceLogAspect.java:37] 用户[0:0:0:0:0:0:0:1],在[2021-09-25 17:09:33],访问了[com.nowcoder.community.service.CommentService.findCommentCount].
2021-09-25 17:09:33,934 INFO [http-nio-8080-exec-2] c.n.c.a.ServiceLogAspect [ServiceLogAspect.java:37] 用户[0:0:0:0:0:0:0:1],在[2021-09-25 17:09:33],访问了[com.nowcoder.community.service.UserService.findUserById].
2021-09-25 17:09:33,936 INFO [http-nio-8080-exec-2] c.n.c.a.ServiceLogAspect [ServiceLogAspect.java:37] 用户[0:0:0:0:0:0:0:1],在[2021-09-25 17:09:33],访问了[com.nowcoder.community.service.LikeService.findEntityLikeCount].
2021-09-25 17:09:33,938 INFO [http-nio-8080-exec-2] c.n.c.a.ServiceLogAspect [ServiceLogAspect.java:37] 用户[0:0:0:0:0:0:0:1],在[2021-09-25 17:09:33],访问了[com.nowcoder.community.service.LikeService.findEntityLikeStatus].
2021-09-25 17:09:33,939 INFO [http-nio-8080-exec-2] c.n.c.a.ServiceLogAspect [ServiceLogAspect.java:37] 用户[0:0:0:0:0:0:0:1],在[2021-09-25 17:09:33],访问了[com.nowcoder.community.service.CommentService.findCommentsByEntity].
2021-09-25 17:09:33,941 INFO [http-nio-8080-exec-2] c.n.c.a.ServiceLogAspect [ServiceLogAspect.java:37] 用户[0:0:0:0:0:0:0:1],在[2021-09-25 17:09:33],访问了[com.nowcoder.community.service.CommentService.findCommentCount].
2021-09-25 17:09:33,943 INFO [http-nio-8080-exec-2] c.n.c.a.ServiceLogAspect [ServiceLogAspect.java:37] 用户[0:0:0:0:0:0:0:1],在[2021-09-25 17:09:33],访问了[com.nowcoder.community.service.UserService.findUserById].
2021-09-25 17:09:33,945 INFO [http-nio-8080-exec-2] c.n.c.a.ServiceLogAspect [ServiceLogAspect.java:37] 用户[0:0:0:0:0:0:0:1],在[2021-09-25 17:09:33],访问了[com.nowcoder.community.service.LikeService.findEntityLikeCount].
2021-09-25 17:09:33,946 INFO [http-nio-8080-exec-2] c.n.c.a.ServiceLogAspect [ServiceLogAspect.java:37] 用户[0:0:0:0:0:0:0:1],在[2021-09-25 17:09:33],访问了[com.nowcoder.community.service.LikeService.findEntityLikeStatus].
2021-09-25 17:09:33,948 INFO [http-nio-8080-exec-2] c.n.c.a.ServiceLogAspect [ServiceLogAspect.java:37] 用户[0:0:0:0:0:0:0:1],在[2021-09-25 17:09:33],访问了[com.nowcoder.community.service.CommentService.findCommentsByEntity].
2021-09-25 17:09:33,951 INFO [http-nio-8080-exec-2] c.n.c.a.ServiceLogAspect [ServiceLogAspect.java:37] 用户[0:0:0:0:0:0:0:1],在[2021-09-25 17:09:33],访问了[com.nowcoder.community.service.CommentService.findCommentCount].
2021-09-25 17:09:33,954 INFO [http-nio-8080-exec-2] c.n.c.a.ServiceLogAspect [ServiceLogAspect.java:37] 用户[0:0:0:0:0:0:0:1],在[2021-09-25 17:09:33],访问了[com.nowcoder.community.service.UserService.findUserById].
2021-09-25 17:09:33,956 INFO [http-nio-8080-exec-2] c.n.c.a.ServiceLogAspect [ServiceLogAspect.java:37] 用户[0:0:0:0:0:0:0:1],在[2021-09-25 17:09:33],访问了[com.nowcoder.community.service.LikeService.findEntityLikeCount].
2021-09-25 17:09:33,957 INFO [http-nio-8080-exec-2] c.n.c.a.ServiceLogAspect [ServiceLogAspect.java:37] 用户[0:0:0:0:0:0:0:1],在[2021-09-25 17:09:33],访问了[com.nowcoder.community.service.LikeService.findEntityLikeStatus].
2021-09-25 17:09:33,958 INFO [http-nio-8080-exec-2] c.n.c.a.ServiceLogAspect [ServiceLogAspect.java:37] 用户[0:0:0:0:0:0:0:1],在[2021-09-25 17:09:33],访问了[com.nowcoder.community.service.CommentService.findCommentsByEntity].
2021-09-25 17:09:33,961 INFO [http-nio-8080-exec-2] c.n.c.a.ServiceLogAspect [ServiceLogAspect.java:37] 用户[0:0:0:0:0:0:0:1],在[2021-09-25 17:09:33],访问了[com.nowcoder.community.service.CommentService.findCommentCount].
2021-09-25 17:09:41,215 INFO [http-nio-8080-exec-7] c.n.c.a.ServiceLogAspect [ServiceLogAspect.java:37] 用户[0:0:0:0:0:0:0:1],在[2021-09-25 17:09:41],访问了[com.nowcoder.community.service.UserService.findLoginTicket].
2021-09-25 17:09:41,220 INFO [http-nio-8080-exec-7] c.n.c.a.ServiceLogAspect [ServiceLogAspect.java:37] 用户[0:0:0:0:0:0:0:1],在[2021-09-25 17:09:41],访问了[com.nowcoder.community.service.UserService.findUserById].
2021-09-25 17:09:41,223 INFO [http-nio-8080-exec-7] c.n.c.a.ServiceLogAspect [ServiceLogAspect.java:37] 用户[0:0:0:0:0:0:0:1],在[2021-09-25 17:09:41],访问了[com.nowcoder.community.service.DiscussPostService.findDiscussPostRows].
2021-09-25 17:09:41,225 INFO [http-nio-8080-exec-7] c.n.c.a.ServiceLogAspect [ServiceLogAspect.java:37] 用户[0:0:0:0:0:0:0:1],在[2021-09-25 17:09:41],访问了[com.nowcoder.community.service.DiscussPostService.findDiscussPosts].
2021-09-25 17:09:41,231 INFO [http-nio-8080-exec-7] c.n.c.a.ServiceLogAspect [ServiceLogAspect.java:37] 用户[0:0:0:0:0:0:0:1],在[2021-09-25 17:09:41],访问了[com.nowcoder.community.service.UserService.findUserById].
2021-09-25 17:09:41,235 INFO [http-nio-8080-exec-7] c.n.c.a.ServiceLogAspect [ServiceLogAspect.java:37] 用户[0:0:0:0:0:0:0:1],在[2021-09-25 17:09:41],访问了[com.nowcoder.community.service.LikeService.findEntityLikeCount].
2021-09-25 17:09:41,238 INFO [http-nio-8080-exec-7] c.n.c.a.ServiceLogAspect [ServiceLogAspect.java:37] 用户[0:0:0:0:0:0:0:1],在[2021-09-25 17:09:41],访问了[com.nowcoder.community.service.UserService.findUserById].
2021-09-25 17:09:41,239 INFO [http-nio-8080-exec-7] c.n.c.a.ServiceLogAspect [ServiceLogAspect.java:37] 用户[0:0:0:0:0:0:0:1],在[2021-09-25 17:09:41],访问了[com.nowcoder.community.service.LikeService.findEntityLikeCount].
2021-09-25 17:09:41,241 INFO [http-nio-8080-exec-7] c.n.c.a.ServiceLogAspect [ServiceLogAspect.java:37] 用户[0:0:0:0:0:0:0:1],在[2021-09-25 17:09:41],访问了[com.nowcoder.community.service.UserService.findUserById].
2021-09-25 17:09:41,243 INFO [http-nio-8080-exec-7] c.n.c.a.ServiceLogAspect [ServiceLogAspect.java:37] 用户[0:0:0:0:0:0:0:1],在[2021-09-25 17:09:41],访问了[com.nowcoder.community.service.LikeService.findEntityLikeCount].
2021-09-25 17:09:41,244 INFO [http-nio-8080-exec-7] c.n.c.a.ServiceLogAspect [ServiceLogAspect.java:37] 用户[0:0:0:0:0:0:0:1],在[2021-09-25 17:09:41],访问了[com.nowcoder.community.service.UserService.findUserById].
2021-09-25 17:09:41,246 INFO [http-nio-8080-exec-7] c.n.c.a.ServiceLogAspect [ServiceLogAspect.java:37] 用户[0:0:0:0:0:0:0:1],在[2021-09-25 17:09:41],访问了[com.nowcoder.community.service.LikeService.findEntityLikeCount].
2021-09-25 17:09:41,247 INFO [http-nio-8080-exec-7] c.n.c.a.ServiceLogAspect [ServiceLogAspect.java:37] 用户[0:0:0:0:0:0:0:1],在[2021-09-25 17:09:41],访问了[com.nowcoder.community.service.UserService.findUserById].
2021-09-25 17:09:41,249 INFO [http-nio-8080-exec-7] c.n.c.a.ServiceLogAspect [ServiceLogAspect.java:37] 用户[0:0:0:0:0:0:0:1],在[2021-09-25 17:09:41],访问了[com.nowcoder.community.service.LikeService.findEntityLikeCount].
2021-09-25 17:09:41,250 INFO [http-nio-8080-exec-7] c.n.c.a.ServiceLogAspect [ServiceLogAspect.java:37] 用户[0:0:0:0:0:0:0:1],在[2021-09-25 17:09:41],访问了[com.nowcoder.community.service.UserService.findUserById].
2021-09-25 17:09:41,252 INFO [http-nio-8080-exec-7] c.n.c.a.ServiceLogAspect [ServiceLogAspect.java:37] 用户[0:0:0:0:0:0:0:1],在[2021-09-25 17:09:41],访问了[com.nowcoder.community.service.LikeService.findEntityLikeCount].
2021-09-25 17:09:41,254 INFO [http-nio-8080-exec-7] c.n.c.a.ServiceLogAspect [ServiceLogAspect.java:37] 用户[0:0:0:0:0:0:0:1],在[2021-09-25 17:09:41],访问了[com.nowcoder.community.service.UserService.findUserById].
2021-09-25 17:09:41,256 INFO [http-nio-8080-exec-7] c.n.c.a.ServiceLogAspect [ServiceLogAspect.java:37] 用户[0:0:0:0:0:0:0:1],在[2021-09-25 17:09:41],访问了[com.nowcoder.community.service.LikeService.findEntityLikeCount].
2021-09-25 17:09:41,257 INFO [http-nio-8080-exec-7] c.n.c.a.ServiceLogAspect [ServiceLogAspect.java:37] 用户[0:0:0:0:0:0:0:1],在[2021-09-25 17:09:41],访问了[com.nowcoder.community.service.UserService.findUserById].
2021-09-25 17:09:41,259 INFO [http-nio-8080-exec-7] c.n.c.a.ServiceLogAspect [ServiceLogAspect.java:37] 用户[0:0:0:0:0:0:0:1],在[2021-09-25 17:09:41],访问了[com.nowcoder.community.service.LikeService.findEntityLikeCount].
2021-09-25 17:09:41,261 INFO [http-nio-8080-exec-7] c.n.c.a.ServiceLogAspect [ServiceLogAspect.java:37] 用户[0:0:0:0:0:0:0:1],在[2021-09-25 17:09:41],访问了[com.nowcoder.community.service.UserService.findUserById].
2021-09-25 17:09:41,262 INFO [http-nio-8080-exec-7] c.n.c.a.ServiceLogAspect [ServiceLogAspect.java:37] 用户[0:0:0:0:0:0:0:1],在[2021-09-25 17:09:41],访问了[com.nowcoder.community.service.LikeService.findEntityLikeCount].
2021-09-25 17:09:41,264 INFO [http-nio-8080-exec-7] c.n.c.a.ServiceLogAspect [ServiceLogAspect.java:37] 用户[0:0:0:0:0:0:0:1],在[2021-09-25 17:09:41],访问了[com.nowcoder.community.service.UserService.findUserById].
2021-09-25 17:09:41,266 INFO [http-nio-8080-exec-7] c.n.c.a.ServiceLogAspect [ServiceLogAspect.java:37] 用户[0:0:0:0:0:0:0:1],在[2021-09-25 17:09:41],访问了[com.nowcoder.community.service.LikeService.findEntityLikeCount].
2021-09-25 17:11:28,249 INFO [Thread-9] o.s.s.c.ThreadPoolTaskExecutor [ExecutorConfigurationSupport.java:208] Shutting down ExecutorService 'applicationTaskExecutor'
2021-09-25 17:11:29,386 INFO [Thread-9] c.z.h.HikariDataSource [HikariDataSource.java:350] HikariPool-2 - Shutdown initiated...
2021-09-25 17:11:29,390 INFO [Thread-9] c.z.h.HikariDataSource [HikariDataSource.java:352] HikariPool-2 - Shutdown completed.
2021-09-25 17:11:29,832 INFO [restartedMain] c.n.c.CommunityApplication [StartupInfoLogger.java:50] Starting CommunityApplication on Lenovo-PC with PID 6224 (D:\CSLearning\ideaProjects\community\target\classes started by Noahs_Ark in D:\CSLearning\ideaProjects\community)
2021-09-25 17:11:29,833 INFO [restartedMain] c.n.c.CommunityApplication [SpringApplication.java:675] No active profile set, falling back to default profiles: default
2021-09-25 17:11:30,119 INFO [restartedMain] o.s.d.r.c.RepositoryConfigurationDelegate [RepositoryConfigurationDelegate.java:244] Multiple Spring Data modules found, entering strict repository configuration mode!
2021-09-25 17:11:30,119 INFO [restartedMain] o.s.d.r.c.RepositoryConfigurationDelegate [RepositoryConfigurationDelegate.java:126] Bootstrapping Spring Data repositories in DEFAULT mode.
2021-09-25 17:11:30,126 INFO [restartedMain] o.s.d.r.c.RepositoryConfigurationDelegate [RepositoryConfigurationDelegate.java:182] Finished Spring Data repository scanning in 7ms. Found 0 repository interfaces.
2021-09-25 17:11:30,188 INFO [restartedMain] o.s.c.s.PostProcessorRegistrationDelegate$BeanPostProcessorChecker [PostProcessorRegistrationDelegate.java:330] Bean 'org.springframework.transaction.annotation.ProxyTransactionManagementConfiguration' of type [org.springframework.transaction.annotation.ProxyTransactionManagementConfiguration$$EnhancerBySpringCGLIB$$db3cead1] is not eligible for getting processed by all BeanPostProcessors (for example: not eligible for auto-proxying)
2021-09-25 17:11:30,273 INFO [restartedMain] o.s.b.w.e.t.TomcatWebServer [TomcatWebServer.java:90] Tomcat initialized with port(s): 8080 (http)
2021-09-25 17:11:30,274 INFO [restartedMain] o.a.c.h.Http11NioProtocol [DirectJDKLog.java:173] Initializing ProtocolHandler ["http-nio-8080"]
2021-09-25 17:11:30,275 INFO [restartedMain] o.a.c.c.StandardService [DirectJDKLog.java:173] Starting service [Tomcat]
2021-09-25 17:11:30,275 INFO [restartedMain] o.a.c.c.StandardEngine [DirectJDKLog.java:173] Starting Servlet engine: [Apache Tomcat/9.0.19]
2021-09-25 17:11:30,303 INFO [restartedMain] o.a.c.c.C.[.[.[/community] [DirectJDKLog.java:173] Initializing Spring embedded WebApplicationContext
2021-09-25 17:11:30,303 INFO [restartedMain] o.s.w.c.ContextLoader [ServletWebServerApplicationContext.java:296] Root WebApplicationContext: initialization completed in 468 ms
2021-09-25 17:11:30,675 INFO [restartedMain] o.s.s.c.ThreadPoolTaskExecutor [ExecutorConfigurationSupport.java:171] Initializing ExecutorService 'applicationTaskExecutor'
2021-09-25 17:11:30,728 INFO [restartedMain] o.s.b.a.w.s.WelcomePageHandlerMapping [WelcomePageHandlerMapping.java:61] Adding welcome page template: index
2021-09-25 17:11:30,864 INFO [restartedMain] o.s.b.d.a.OptionalLiveReloadServer [OptionalLiveReloadServer.java:57] LiveReload server is running on port 35729
2021-09-25 17:11:30,880 INFO [restartedMain] o.a.c.h.Http11NioProtocol [DirectJDKLog.java:173] Starting ProtocolHandler ["http-nio-8080"]
2021-09-25 17:11:30,885 INFO [restartedMain] o.s.b.w.e.t.TomcatWebServer [TomcatWebServer.java:204] Tomcat started on port(s): 8080 (http) with context path '/community'
2021-09-25 17:11:30,886 INFO [restartedMain] c.n.c.CommunityApplication [StartupInfoLogger.java:59] Started CommunityApplication in 1.095 seconds (JVM running for 1728.235)
2021-09-25 17:11:30,888 INFO [restartedMain] o.s.b.d.a.ConditionEvaluationDeltaLoggingListener [ConditionEvaluationDeltaLoggingListener.java:70] Condition evaluation unchanged
2021-09-25 17:12:46,147 INFO [http-nio-8080-exec-1] o.a.c.c.C.[.[.[/community] [DirectJDKLog.java:173] Initializing Spring DispatcherServlet 'dispatcherServlet'
2021-09-25 17:12:46,148 INFO [http-nio-8080-exec-1] o.s.w.s.DispatcherServlet [FrameworkServlet.java:524] Initializing Servlet 'dispatcherServlet'
2021-09-25 17:12:46,154 INFO [http-nio-8080-exec-1] o.s.w.s.DispatcherServlet [FrameworkServlet.java:546] Completed initialization in 6 ms
2021-09-25 17:12:46,156 INFO [http-nio-8080-exec-1] c.n.c.a.ServiceLogAspect [ServiceLogAspect.java:37] 用户[0:0:0:0:0:0:0:1],在[2021-09-25 17:12:46],访问了[com.nowcoder.community.service.UserService.findLoginTicket].
2021-09-25 17:12:46,159 INFO [http-nio-8080-exec-1] c.z.h.HikariDataSource [HikariDataSource.java:110] HikariPool-3 - Starting...
2021-09-25 17:12:46,164 INFO [http-nio-8080-exec-1] c.z.h.HikariDataSource [HikariDataSource.java:123] HikariPool-3 - Start completed.
2021-09-25 17:12:46,167 INFO [http-nio-8080-exec-1] c.n.c.a.ServiceLogAspect [ServiceLogAspect.java:37] 用户[0:0:0:0:0:0:0:1],在[2021-09-25 17:12:46],访问了[com.nowcoder.community.service.UserService.findUserById].
2021-09-25 17:12:46,171 INFO [http-nio-8080-exec-1] c.n.c.a.ServiceLogAspect [ServiceLogAspect.java:37] 用户[0:0:0:0:0:0:0:1],在[2021-09-25 17:12:46],访问了[com.nowcoder.community.service.MessageService.findConversationCount].
2021-09-25 17:12:46,189 INFO [http-nio-8080-exec-1] c.n.c.a.ServiceLogAspect [ServiceLogAspect.java:37] 用户[0:0:0:0:0:0:0:1],在[2021-09-25 17:12:46],访问了[com.nowcoder.community.service.MessageService.findConversations].
2021-09-25 17:12:46,194 INFO [http-nio-8080-exec-1] c.n.c.a.ServiceLogAspect [ServiceLogAspect.java:37] 用户[0:0:0:0:0:0:0:1],在[2021-09-25 17:12:46],访问了[com.nowcoder.community.service.MessageService.findLetterCount].
2021-09-25 17:12:46,197 INFO [http-nio-8080-exec-1] c.n.c.a.ServiceLogAspect [ServiceLogAspect.java:37] 用户[0:0:0:0:0:0:0:1],在[2021-09-25 17:12:46],访问了[com.nowcoder.community.service.MessageService.findLetterUnreadCount].
2021-09-25 17:12:46,199 INFO [http-nio-8080-exec-1] c.n.c.a.ServiceLogAspect [ServiceLogAspect.java:37] 用户[0:0:0:0:0:0:0:1],在[2021-09-25 17:12:46],访问了[com.nowcoder.community.service.UserService.findUserById].
2021-09-25 17:12:46,201 INFO [http-nio-8080-exec-1] c.n.c.a.ServiceLogAspect [ServiceLogAspect.java:37] 用户[0:0:0:0:0:0:0:1],在[2021-09-25 17:12:46],访问了[com.nowcoder.community.service.MessageService.findLetterCount].
2021-09-25 17:12:46,203 INFO [http-nio-8080-exec-1] c.n.c.a.ServiceLogAspect [ServiceLogAspect.java:37] 用户[0:0:0:0:0:0:0:1],在[2021-09-25 17:12:46],访问了[com.nowcoder.community.service.MessageService.findLetterUnreadCount].
2021-09-25 17:12:46,205 INFO [http-nio-8080-exec-1] c.n.c.a.ServiceLogAspect [ServiceLogAspect.java:37] 用户[0:0:0:0:0:0:0:1],在[2021-09-25 17:12:46],访问了[com.nowcoder.community.service.UserService.findUserById].
2021-09-25 17:12:46,206 INFO [http-nio-8080-exec-1] c.n.c.a.ServiceLogAspect [ServiceLogAspect.java:37] 用户[0:0:0:0:0:0:0:1],在[2021-09-25 17:12:46],访问了[com.nowcoder.community.service.MessageService.findLetterCount].
2021-09-25 17:12:46,208 INFO [http-nio-8080-exec-1] c.n.c.a.ServiceLogAspect [ServiceLogAspect.java:37] 用户[0:0:0:0:0:0:0:1],在[2021-09-25 17:12:46],访问了[com.nowcoder.community.service.MessageService.findLetterUnreadCount].
2021-09-25 17:12:46,210 INFO [http-nio-8080-exec-1] c.n.c.a.ServiceLogAspect [ServiceLogAspect.java:37] 用户[0:0:0:0:0:0:0:1],在[2021-09-25 17:12:46],访问了[com.nowcoder.community.service.UserService.findUserById].
2021-09-25 17:12:46,212 INFO [http-nio-8080-exec-1] c.n.c.a.ServiceLogAspect [ServiceLogAspect.java:37] 用户[0:0:0:0:0:0:0:1],在[2021-09-25 17:12:46],访问了[com.nowcoder.community.service.MessageService.findLetterCount].
2021-09-25 17:12:46,214 INFO [http-nio-8080-exec-1] c.n.c.a.ServiceLogAspect [ServiceLogAspect.java:37] 用户[0:0:0:0:0:0:0:1],在[2021-09-25 17:12:46],访问了[com.nowcoder.community.service.MessageService.findLetterUnreadCount].
2021-09-25 17:12:46,216 INFO [http-nio-8080-exec-1] c.n.c.a.ServiceLogAspect [ServiceLogAspect.java:37] 用户[0:0:0:0:0:0:0:1],在[2021-09-25 17:12:46],访问了[com.nowcoder.community.service.UserService.findUserById].
2021-09-25 17:12:46,218 INFO [http-nio-8080-exec-1] c.n.c.a.ServiceLogAspect [ServiceLogAspect.java:37] 用户[0:0:0:0:0:0:0:1],在[2021-09-25 17:12:46],访问了[com.nowcoder.community.service.MessageService.findLetterCount].
2021-09-25 17:12:46,220 INFO [http-nio-8080-exec-1] c.n.c.a.ServiceLogAspect [ServiceLogAspect.java:37] 用户[0:0:0:0:0:0:0:1],在[2021-09-25 17:12:46],访问了[com.nowcoder.community.service.MessageService.findLetterUnreadCount].
2021-09-25 17:12:46,222 INFO [http-nio-8080-exec-1] c.n.c.a.ServiceLogAspect [ServiceLogAspect.java:37] 用户[0:0:0:0:0:0:0:1],在[2021-09-25 17:12:46],访问了[com.nowcoder.community.service.UserService.findUserById].
2021-09-25 17:12:46,224 INFO [http-nio-8080-exec-1] c.n.c.a.ServiceLogAspect [ServiceLogAspect.java:37] 用户[0:0:0:0:0:0:0:1],在[2021-09-25 17:12:46],访问了[com.nowcoder.community.service.MessageService.findLetterUnreadCount].
2021-09-25 17:12:52,395 INFO [http-nio-8080-exec-7] c.n.c.a.ServiceLogAspect [ServiceLogAspect.java:37] 用户[0:0:0:0:0:0:0:1],在[2021-09-25 17:12:52],访问了[com.nowcoder.community.service.UserService.findLoginTicket].
2021-09-25 17:12:52,398 INFO [http-nio-8080-exec-7] c.n.c.a.ServiceLogAspect [ServiceLogAspect.java:37] 用户[0:0:0:0:0:0:0:1],在[2021-09-25 17:12:52],访问了[com.nowcoder.community.service.UserService.findUserById].
2021-09-25 17:12:52,403 INFO [http-nio-8080-exec-7] c.n.c.a.ServiceLogAspect [ServiceLogAspect.java:37] 用户[0:0:0:0:0:0:0:1],在[2021-09-25 17:12:52],访问了[com.nowcoder.community.service.MessageService.findConversationCount].
2021-09-25 17:12:52,405 INFO [http-nio-8080-exec-7] c.n.c.a.ServiceLogAspect [ServiceLogAspect.java:37] 用户[0:0:0:0:0:0:0:1],在[2021-09-25 17:12:52],访问了[com.nowcoder.community.service.MessageService.findConversations].
2021-09-25 17:12:52,409 INFO [http-nio-8080-exec-7] c.n.c.a.ServiceLogAspect [ServiceLogAspect.java:37] 用户[0:0:0:0:0:0:0:1],在[2021-09-25 17:12:52],访问了[com.nowcoder.community.service.MessageService.findLetterCount].
2021-09-25 17:12:52,411 INFO [http-nio-8080-exec-7] c.n.c.a.ServiceLogAspect [ServiceLogAspect.java:37] 用户[0:0:0:0:0:0:0:1],在[2021-09-25 17:12:52],访问了[com.nowcoder.community.service.MessageService.findLetterUnreadCount].
2021-09-25 17:12:52,413 INFO [http-nio-8080-exec-7] c.n.c.a.ServiceLogAspect [ServiceLogAspect.java:37] 用户[0:0:0:0:0:0:0:1],在[2021-09-25 17:12:52],访问了[com.nowcoder.community.service.UserService.findUserById].
2021-09-25 17:12:52,415 INFO [http-nio-8080-exec-7] c.n.c.a.ServiceLogAspect [ServiceLogAspect.java:37] 用户[0:0:0:0:0:0:0:1],在[2021-09-25 17:12:52],访问了[com.nowcoder.community.service.MessageService.findLetterCount].
2021-09-25 17:12:52,417 INFO [http-nio-8080-exec-7] c.n.c.a.ServiceLogAspect [ServiceLogAspect.java:37] 用户[0:0:0:0:0:0:0:1],在[2021-09-25 17:12:52],访问了[com.nowcoder.community.service.MessageService.findLetterUnreadCount].
2021-09-25 17:12:52,419 INFO [http-nio-8080-exec-7] c.n.c.a.ServiceLogAspect [ServiceLogAspect.java:37] 用户[0:0:0:0:0:0:0:1],在[2021-09-25 17:12:52],访问了[com.nowcoder.community.service.UserService.findUserById].
2021-09-25 17:12:52,421 INFO [http-nio-8080-exec-7] c.n.c.a.ServiceLogAspect [ServiceLogAspect.java:37] 用户[0:0:0:0:0:0:0:1],在[2021-09-25 17:12:52],访问了[com.nowcoder.community.service.MessageService.findLetterCount].
2021-09-25 17:12:52,423 INFO [http-nio-8080-exec-7] c.n.c.a.ServiceLogAspect [ServiceLogAspect.java:37] 用户[0:0:0:0:0:0:0:1],在[2021-09-25 17:12:52],访问了[com.nowcoder.community.service.MessageService.findLetterUnreadCount].
2021-09-25 17:12:52,425 INFO [http-nio-8080-exec-7] c.n.c.a.ServiceLogAspect [ServiceLogAspect.java:37] 用户[0:0:0:0:0:0:0:1],在[2021-09-25 17:12:52],访问了[com.nowcoder.community.service.UserService.findUserById].
2021-09-25 17:12:52,427 INFO [http-nio-8080-exec-7] c.n.c.a.ServiceLogAspect [ServiceLogAspect.java:37] 用户[0:0:0:0:0:0:0:1],在[2021-09-25 17:12:52],访问了[com.nowcoder.community.service.MessageService.findLetterCount].
2021-09-25 17:12:52,428 INFO [http-nio-8080-exec-7] c.n.c.a.ServiceLogAspect [ServiceLogAspect.java:37] 用户[0:0:0:0:0:0:0:1],在[2021-09-25 17:12:52],访问了[com.nowcoder.community.service.MessageService.findLetterUnreadCount].
2021-09-25 17:12:52,431 INFO [http-nio-8080-exec-7] c.n.c.a.ServiceLogAspect [ServiceLogAspect.java:37] 用户[0:0:0:0:0:0:0:1],在[2021-09-25 17:12:52],访问了[com.nowcoder.community.service.UserService.findUserById].
2021-09-25 17:12:52,433 INFO [http-nio-8080-exec-7] c.n.c.a.ServiceLogAspect [ServiceLogAspect.java:37] 用户[0:0:0:0:0:0:0:1],在[2021-09-25 17:12:52],访问了[com.nowcoder.community.service.MessageService.findLetterCount].
2021-09-25 17:12:52,435 INFO [http-nio-8080-exec-7] c.n.c.a.ServiceLogAspect [ServiceLogAspect.java:37] 用户[0:0:0:0:0:0:0:1],在[2021-09-25 17:12:52],访问了[com.nowcoder.community.service.MessageService.findLetterUnreadCount].
2021-09-25 17:12:52,437 INFO [http-nio-8080-exec-7] c.n.c.a.ServiceLogAspect [ServiceLogAspect.java:37] 用户[0:0:0:0:0:0:0:1],在[2021-09-25 17:12:52],访问了[com.nowcoder.community.service.UserService.findUserById].
2021-09-25 17:12:52,439 INFO [http-nio-8080-exec-7] c.n.c.a.ServiceLogAspect [ServiceLogAspect.java:37] 用户[0:0:0:0:0:0:0:1],在[2021-09-25 17:12:52],访问了[com.nowcoder.community.service.MessageService.findLetterUnreadCount].
2021-09-25 17:12:54,493 INFO [http-nio-8080-exec-2] c.n.c.a.ServiceLogAspect [ServiceLogAspect.java:37] 用户[0:0:0:0:0:0:0:1],在[2021-09-25 17:12:54],访问了[com.nowcoder.community.service.UserService.findLoginTicket].
2021-09-25 17:12:54,495 INFO [http-nio-8080-exec-2] c.n.c.a.ServiceLogAspect [ServiceLogAspect.java:37] 用户[0:0:0:0:0:0:0:1],在[2021-09-25 17:12:54],访问了[com.nowcoder.community.service.UserService.findUserById].
2021-09-25 17:12:54,497 INFO [http-nio-8080-exec-2] c.n.c.a.ServiceLogAspect [ServiceLogAspect.java:37] 用户[0:0:0:0:0:0:0:1],在[2021-09-25 17:12:54],访问了[com.nowcoder.community.service.DiscussPostService.findDiscussPostRows].
2021-09-25 17:12:54,503 INFO [http-nio-8080-exec-2] c.n.c.a.ServiceLogAspect [ServiceLogAspect.java:37] 用户[0:0:0:0:0:0:0:1],在[2021-09-25 17:12:54],访问了[com.nowcoder.community.service.DiscussPostService.findDiscussPosts].
2021-09-25 17:12:54,508 INFO [http-nio-8080-exec-2] c.n.c.a.ServiceLogAspect [ServiceLogAspect.java:37] 用户[0:0:0:0:0:0:0:1],在[2021-09-25 17:12:54],访问了[com.nowcoder.community.service.UserService.findUserById].
2021-09-25 17:12:54,511 INFO [http-nio-8080-exec-2] c.n.c.a.ServiceLogAspect [ServiceLogAspect.java:37] 用户[0:0:0:0:0:0:0:1],在[2021-09-25 17:12:54],访问了[com.nowcoder.community.service.LikeService.findEntityLikeCount].
2021-09-25 17:12:54,523 INFO [http-nio-8080-exec-2] c.n.c.a.ServiceLogAspect [ServiceLogAspect.java:37] 用户[0:0:0:0:0:0:0:1],在[2021-09-25 17:12:54],访问了[com.nowcoder.community.service.UserService.findUserById].
2021-09-25 17:12:54,525 INFO [http-nio-8080-exec-2] c.n.c.a.ServiceLogAspect [ServiceLogAspect.java:37] 用户[0:0:0:0:0:0:0:1],在[2021-09-25 17:12:54],访问了[com.nowcoder.community.service.LikeService.findEntityLikeCount].
2021-09-25 17:12:54,527 INFO [http-nio-8080-exec-2] c.n.c.a.ServiceLogAspect [ServiceLogAspect.java:37] 用户[0:0:0:0:0:0:0:1],在[2021-09-25 17:12:54],访问了[com.nowcoder.community.service.UserService.findUserById].
2021-09-25 17:12:54,531 INFO [http-nio-8080-exec-2] c.n.c.a.ServiceLogAspect [ServiceLogAspect.java:37] 用户[0:0:0:0:0:0:0:1],在[2021-09-25 17:12:54],访问了[com.nowcoder.community.service.LikeService.findEntityLikeCount].
2021-09-25 17:12:54,532 INFO [http-nio-8080-exec-2] c.n.c.a.ServiceLogAspect [ServiceLogAspect.java:37] 用户[0:0:0:0:0:0:0:1],在[2021-09-25 17:12:54],访问了[com.nowcoder.community.service.UserService.findUserById].
2021-09-25 17:12:54,535 INFO [http-nio-8080-exec-2] c.n.c.a.ServiceLogAspect [ServiceLogAspect.java:37] 用户[0:0:0:0:0:0:0:1],在[2021-09-25 17:12:54],访问了[com.nowcoder.community.service.LikeService.findEntityLikeCount].
2021-09-25 17:12:54,536 INFO [http-nio-8080-exec-2] c.n.c.a.ServiceLogAspect [ServiceLogAspect.java:37] 用户[0:0:0:0:0:0:0:1],在[2021-09-25 17:12:54],访问了[com.nowcoder.community.service.UserService.findUserById].
2021-09-25 17:12:54,538 INFO [http-nio-8080-exec-2] c.n.c.a.ServiceLogAspect [ServiceLogAspect.java:37] 用户[0:0:0:0:0:0:0:1],在[2021-09-25 17:12:54],访问了[com.nowcoder.community.service.LikeService.findEntityLikeCount].
2021-09-25 17:12:54,539 INFO [http-nio-8080-exec-2] c.n.c.a.ServiceLogAspect [ServiceLogAspect.java:37] 用户[0:0:0:0:0:0:0:1],在[2021-09-25 17:12:54],访问了[com.nowcoder.community.service.UserService.findUserById].
2021-09-25 17:12:54,541 INFO [http-nio-8080-exec-2] c.n.c.a.ServiceLogAspect [ServiceLogAspect.java:37] 用户[0:0:0:0:0:0:0:1],在[2021-09-25 17:12:54],访问了[com.nowcoder.community.service.LikeService.findEntityLikeCount].
2021-09-25 17:12:54,542 INFO [http-nio-8080-exec-2] c.n.c.a.ServiceLogAspect [ServiceLogAspect.java:37] 用户[0:0:0:0:0:0:0:1],在[2021-09-25 17:12:54],访问了[com.nowcoder.community.service.UserService.findUserById].
2021-09-25 17:12:54,544 INFO [http-nio-8080-exec-2] c.n.c.a.ServiceLogAspect [ServiceLogAspect.java:37] 用户[0:0:0:0:0:0:0:1],在[2021-09-25 17:12:54],访问了[com.nowcoder.community.service.LikeService.findEntityLikeCount].
2021-09-25 17:12:54,545 INFO [http-nio-8080-exec-2] c.n.c.a.ServiceLogAspect [ServiceLogAspect.java:37] 用户[0:0:0:0:0:0:0:1],在[2021-09-25 17:12:54],访问了[com.nowcoder.community.service.UserService.findUserById].
2021-09-25 17:12:54,547 INFO [http-nio-8080-exec-2] c.n.c.a.ServiceLogAspect [ServiceLogAspect.java:37] 用户[0:0:0:0:0:0:0:1],在[2021-09-25 17:12:54],访问了[com.nowcoder.community.service.LikeService.findEntityLikeCount].
2021-09-25 17:12:54,548 INFO [http-nio-8080-exec-2] c.n.c.a.ServiceLogAspect [ServiceLogAspect.java:37] 用户[0:0:0:0:0:0:0:1],在[2021-09-25 17:12:54],访问了[com.nowcoder.community.service.UserService.findUserById].
2021-09-25 17:12:54,550 INFO [http-nio-8080-exec-2] c.n.c.a.ServiceLogAspect [ServiceLogAspect.java:37] 用户[0:0:0:0:0:0:0:1],在[2021-09-25 17:12:54],访问了[com.nowcoder.community.service.LikeService.findEntityLikeCount].
2021-09-25 17:12:54,551 INFO [http-nio-8080-exec-2] c.n.c.a.ServiceLogAspect [ServiceLogAspect.java:37] 用户[0:0:0:0:0:0:0:1],在[2021-09-25 17:12:54],访问了[com.nowcoder.community.service.UserService.findUserById].
2021-09-25 17:12:54,553 INFO [http-nio-8080-exec-2] c.n.c.a.ServiceLogAspect [ServiceLogAspect.java:37] 用户[0:0:0:0:0:0:0:1],在[2021-09-25 17:12:54],访问了[com.nowcoder.community.service.LikeService.findEntityLikeCount].
2021-09-25 17:13:07,352 INFO [http-nio-8080-exec-7] c.n.c.a.ServiceLogAspect [ServiceLogAspect.java:37] 用户[0:0:0:0:0:0:0:1],在[2021-09-25 17:13:07],访问了[com.nowcoder.community.service.UserService.findLoginTicket].
2021-09-25 17:13:07,357 INFO [http-nio-8080-exec-7] c.n.c.a.ServiceLogAspect [ServiceLogAspect.java:37] 用户[0:0:0:0:0:0:0:1],在[2021-09-25 17:13:07],访问了[com.nowcoder.community.service.UserService.findUserById].
2021-09-25 17:13:07,359 INFO [http-nio-8080-exec-7] c.n.c.a.ServiceLogAspect [ServiceLogAspect.java:37] 用户[0:0:0:0:0:0:0:1],在[2021-09-25 17:13:07],访问了[com.nowcoder.community.service.MessageService.findConversationCount].
2021-09-25 17:13:07,361 INFO [http-nio-8080-exec-7] c.n.c.a.ServiceLogAspect [ServiceLogAspect.java:37] 用户[0:0:0:0:0:0:0:1],在[2021-09-25 17:13:07],访问了[com.nowcoder.community.service.MessageService.findConversations].
2021-09-25 17:13:07,363 INFO [http-nio-8080-exec-7] c.n.c.a.ServiceLogAspect [ServiceLogAspect.java:37] 用户[0:0:0:0:0:0:0:1],在[2021-09-25 17:13:07],访问了[com.nowcoder.community.service.MessageService.findLetterCount].
2021-09-25 17:13:07,365 INFO [http-nio-8080-exec-7] c.n.c.a.ServiceLogAspect [ServiceLogAspect.java:37] 用户[0:0:0:0:0:0:0:1],在[2021-09-25 17:13:07],访问了[com.nowcoder.community.service.MessageService.findLetterUnreadCount].
2021-09-25 17:13:07,367 INFO [http-nio-8080-exec-7] c.n.c.a.ServiceLogAspect [ServiceLogAspect.java:37] 用户[0:0:0:0:0:0:0:1],在[2021-09-25 17:13:07],访问了[com.nowcoder.community.service.UserService.findUserById].
2021-09-25 17:13:07,368 INFO [http-nio-8080-exec-7] c.n.c.a.ServiceLogAspect [ServiceLogAspect.java:37] 用户[0:0:0:0:0:0:0:1],在[2021-09-25 17:13:07],访问了[com.nowcoder.community.service.MessageService.findLetterCount].
2021-09-25 17:13:07,376 INFO [http-nio-8080-exec-7] c.n.c.a.ServiceLogAspect [ServiceLogAspect.java:37] 用户[0:0:0:0:0:0:0:1],在[2021-09-25 17:13:07],访问了[com.nowcoder.community.service.MessageService.findLetterUnreadCount].
2021-09-25 17:13:07,378 INFO [http-nio-8080-exec-7] c.n.c.a.ServiceLogAspect [ServiceLogAspect.java:37] 用户[0:0:0:0:0:0:0:1],在[2021-09-25 17:13:07],访问了[com.nowcoder.community.service.UserService.findUserById].
2021-09-25 17:13:07,380 INFO [http-nio-8080-exec-7] c.n.c.a.ServiceLogAspect [ServiceLogAspect.java:37] 用户[0:0:0:0:0:0:0:1],在[2021-09-25 17:13:07],访问了[com.nowcoder.community.service.MessageService.findLetterCount].
2021-09-25 17:13:07,381 INFO [http-nio-8080-exec-7] c.n.c.a.ServiceLogAspect [ServiceLogAspect.java:37] 用户[0:0:0:0:0:0:0:1],在[2021-09-25 17:13:07],访问了[com.nowcoder.community.service.MessageService.findLetterUnreadCount].
2021-09-25 17:13:07,384 INFO [http-nio-8080-exec-7] c.n.c.a.ServiceLogAspect [ServiceLogAspect.java:37] 用户[0:0:0:0:0:0:0:1],在[2021-09-25 17:13:07],访问了[com.nowcoder.community.service.UserService.findUserById].
2021-09-25 17:13:07,386 INFO [http-nio-8080-exec-7] c.n.c.a.ServiceLogAspect [ServiceLogAspect.java:37] 用户[0:0:0:0:0:0:0:1],在[2021-09-25 17:13:07],访问了[com.nowcoder.community.service.MessageService.findLetterCount].
2021-09-25 17:13:07,387 INFO [http-nio-8080-exec-7] c.n.c.a.ServiceLogAspect [ServiceLogAspect.java:37] 用户[0:0:0:0:0:0:0:1],在[2021-09-25 17:13:07],访问了[com.nowcoder.community.service.MessageService.findLetterUnreadCount].
2021-09-25 17:13:07,389 INFO [http-nio-8080-exec-7] c.n.c.a.ServiceLogAspect [ServiceLogAspect.java:37] 用户[0:0:0:0:0:0:0:1],在[2021-09-25 17:13:07],访问了[com.nowcoder.community.service.UserService.findUserById].
2021-09-25 17:13:07,392 INFO [http-nio-8080-exec-7] c.n.c.a.ServiceLogAspect [ServiceLogAspect.java:37] 用户[0:0:0:0:0:0:0:1],在[2021-09-25 17:13:07],访问了[com.nowcoder.community.service.MessageService.findLetterCount].
2021-09-25 17:13:07,395 INFO [http-nio-8080-exec-7] c.n.c.a.ServiceLogAspect [ServiceLogAspect.java:37] 用户[0:0:0:0:0:0:0:1],在[2021-09-25 17:13:07],访问了[com.nowcoder.community.service.MessageService.findLetterUnreadCount].
2021-09-25 17:13:07,397 INFO [http-nio-8080-exec-7] c.n.c.a.ServiceLogAspect [ServiceLogAspect.java:37] 用户[0:0:0:0:0:0:0:1],在[2021-09-25 17:13:07],访问了[com.nowcoder.community.service.UserService.findUserById].
2021-09-25 17:13:07,399 INFO [http-nio-8080-exec-7] c.n.c.a.ServiceLogAspect [ServiceLogAspect.java:37] 用户[0:0:0:0:0:0:0:1],在[2021-09-25 17:13:07],访问了[com.nowcoder.community.service.MessageService.findLetterUnreadCount].
2021-09-25 17:13:09,586 INFO [http-nio-8080-exec-2] c.n.c.a.ServiceLogAspect [ServiceLogAspect.java:37] 用户[0:0:0:0:0:0:0:1],在[2021-09-25 17:13:09],访问了[com.nowcoder.community.service.UserService.findLoginTicket].
2021-09-25 17:13:09,591 INFO [http-nio-8080-exec-2] c.n.c.a.ServiceLogAspect [ServiceLogAspect.java:37] 用户[0:0:0:0:0:0:0:1],在[2021-09-25 17:13:09],访问了[com.nowcoder.community.service.UserService.findUserById].
2021-09-25 17:13:09,593 INFO [http-nio-8080-exec-2] c.n.c.a.ServiceLogAspect [ServiceLogAspect.java:37] 用户[0:0:0:0:0:0:0:1],在[2021-09-25 17:13:09],访问了[com.nowcoder.community.service.MessageService.findConversationCount].
2021-09-25 17:13:09,594 INFO [http-nio-8080-exec-2] c.n.c.a.ServiceLogAspect [ServiceLogAspect.java:37] 用户[0:0:0:0:0:0:0:1],在[2021-09-25 17:13:09],访问了[com.nowcoder.community.service.MessageService.findConversations].
2021-09-25 17:13:09,598 INFO [http-nio-8080-exec-2] c.n.c.a.ServiceLogAspect [ServiceLogAspect.java:37] 用户[0:0:0:0:0:0:0:1],在[2021-09-25 17:13:09],访问了[com.nowcoder.community.service.MessageService.findLetterCount].
2021-09-25 17:13:09,600 INFO [http-nio-8080-exec-2] c.n.c.a.ServiceLogAspect [ServiceLogAspect.java:37] 用户[0:0:0:0:0:0:0:1],在[2021-09-25 17:13:09],访问了[com.nowcoder.community.service.MessageService.findLetterUnreadCount].
2021-09-25 17:13:09,603 INFO [http-nio-8080-exec-2] c.n.c.a.ServiceLogAspect [ServiceLogAspect.java:37] 用户[0:0:0:0:0:0:0:1],在[2021-09-25 17:13:09],访问了[com.nowcoder.community.service.UserService.findUserById].
2021-09-25 17:13:09,605 INFO [http-nio-8080-exec-2] c.n.c.a.ServiceLogAspect [ServiceLogAspect.java:37] 用户[0:0:0:0:0:0:0:1],在[2021-09-25 17:13:09],访问了[com.nowcoder.community.service.MessageService.findLetterCount].
2021-09-25 17:13:09,607 INFO [http-nio-8080-exec-2] c.n.c.a.ServiceLogAspect [ServiceLogAspect.java:37] 用户[0:0:0:0:0:0:0:1],在[2021-09-25 17:13:09],访问了[com.nowcoder.community.service.MessageService.findLetterUnreadCount].
2021-09-25 17:13:09,609 INFO [http-nio-8080-exec-2] c.n.c.a.ServiceLogAspect [ServiceLogAspect.java:37] 用户[0:0:0:0:0:0:0:1],在[2021-09-25 17:13:09],访问了[com.nowcoder.community.service.UserService.findUserById].
2021-09-25 17:13:09,610 INFO [http-nio-8080-exec-2] c.n.c.a.ServiceLogAspect [ServiceLogAspect.java:37] 用户[0:0:0:0:0:0:0:1],在[2021-09-25 17:13:09],访问了[com.nowcoder.community.service.MessageService.findLetterCount].
2021-09-25 17:13:09,612 INFO [http-nio-8080-exec-2] c.n.c.a.ServiceLogAspect [ServiceLogAspect.java:37] 用户[0:0:0:0:0:0:0:1],在[2021-09-25 17:13:09],访问了[com.nowcoder.community.service.MessageService.findLetterUnreadCount].
2021-09-25 17:13:09,614 INFO [http-nio-8080-exec-2] c.n.c.a.ServiceLogAspect [ServiceLogAspect.java:37] 用户[0:0:0:0:0:0:0:1],在[2021-09-25 17:13:09],访问了[com.nowcoder.community.service.UserService.findUserById].
2021-09-25 17:13:09,616 INFO [http-nio-8080-exec-2] c.n.c.a.ServiceLogAspect [ServiceLogAspect.java:37] 用户[0:0:0:0:0:0:0:1],在[2021-09-25 17:13:09],访问了[com.nowcoder.community.service.MessageService.findLetterCount].
2021-09-25 17:13:09,617 INFO [http-nio-8080-exec-2] c.n.c.a.ServiceLogAspect [ServiceLogAspect.java:37] 用户[0:0:0:0:0:0:0:1],在[2021-09-25 17:13:09],访问了[com.nowcoder.community.service.MessageService.findLetterUnreadCount].
2021-09-25 17:13:09,619 INFO [http-nio-8080-exec-2] c.n.c.a.ServiceLogAspect [ServiceLogAspect.java:37] 用户[0:0:0:0:0:0:0:1],在[2021-09-25 17:13:09],访问了[com.nowcoder.community.service.UserService.findUserById].
2021-09-25 17:13:09,621 INFO [http-nio-8080-exec-2] c.n.c.a.ServiceLogAspect [ServiceLogAspect.java:37] 用户[0:0:0:0:0:0:0:1],在[2021-09-25 17:13:09],访问了[com.nowcoder.community.service.MessageService.findLetterCount].
2021-09-25 17:13:09,624 INFO [http-nio-8080-exec-2] c.n.c.a.ServiceLogAspect [ServiceLogAspect.java:37] 用户[0:0:0:0:0:0:0:1],在[2021-09-25 17:13:09],访问了[com.nowcoder.community.service.MessageService.findLetterUnreadCount].
2021-09-25 17:13:09,626 INFO [http-nio-8080-exec-2] c.n.c.a.ServiceLogAspect [ServiceLogAspect.java:37] 用户[0:0:0:0:0:0:0:1],在[2021-09-25 17:13:09],访问了[com.nowcoder.community.service.UserService.findUserById].
2021-09-25 17:13:09,628 INFO [http-nio-8080-exec-2] c.n.c.a.ServiceLogAspect [ServiceLogAspect.java:37] 用户[0:0:0:0:0:0:0:1],在[2021-09-25 17:13:09],访问了[com.nowcoder.community.service.MessageService.findLetterUnreadCount].
2021-09-25 17:13:13,732 INFO [http-nio-8080-exec-7] c.n.c.a.ServiceLogAspect [ServiceLogAspect.java:37] 用户[0:0:0:0:0:0:0:1],在[2021-09-25 17:13:13],访问了[com.nowcoder.community.service.UserService.findLoginTicket].
2021-09-25 17:13:13,737 INFO [http-nio-8080-exec-7] c.n.c.a.ServiceLogAspect [ServiceLogAspect.java:37] 用户[0:0:0:0:0:0:0:1],在[2021-09-25 17:13:13],访问了[com.nowcoder.community.service.UserService.findUserById].
2021-09-25 17:13:13,739 INFO [http-nio-8080-exec-7] c.n.c.a.ServiceLogAspect [ServiceLogAspect.java:37] 用户[0:0:0:0:0:0:0:1],在[2021-09-25 17:13:13],访问了[com.nowcoder.community.service.MessageService.findConversationCount].
2021-09-25 17:13:13,742 INFO [http-nio-8080-exec-7] c.n.c.a.ServiceLogAspect [ServiceLogAspect.java:37] 用户[0:0:0:0:0:0:0:1],在[2021-09-25 17:13:13],访问了[com.nowcoder.community.service.MessageService.findConversations].
2021-09-25 17:13:13,746 INFO [http-nio-8080-exec-7] c.n.c.a.ServiceLogAspect [ServiceLogAspect.java:37] 用户[0:0:0:0:0:0:0:1],在[2021-09-25 17:13:13],访问了[com.nowcoder.community.service.MessageService.findLetterCount].
2021-09-25 17:13:13,748 INFO [http-nio-8080-exec-7] c.n.c.a.ServiceLogAspect [ServiceLogAspect.java:37] 用户[0:0:0:0:0:0:0:1],在[2021-09-25 17:13:13],访问了[com.nowcoder.community.service.MessageService.findLetterUnreadCount].
2021-09-25 17:13:13,750 INFO [http-nio-8080-exec-7] c.n.c.a.ServiceLogAspect [ServiceLogAspect.java:37] 用户[0:0:0:0:0:0:0:1],在[2021-09-25 17:13:13],访问了[com.nowcoder.community.service.UserService.findUserById].
2021-09-25 17:13:13,753 INFO [http-nio-8080-exec-7] c.n.c.a.ServiceLogAspect [ServiceLogAspect.java:37] 用户[0:0:0:0:0:0:0:1],在[2021-09-25 17:13:13],访问了[com.nowcoder.community.service.MessageService.findLetterCount].
2021-09-25 17:13:13,755 INFO [http-nio-8080-exec-7] c.n.c.a.ServiceLogAspect [ServiceLogAspect.java:37] 用户[0:0:0:0:0:0:0:1],在[2021-09-25 17:13:13],访问了[com.nowcoder.community.service.MessageService.findLetterUnreadCount].
2021-09-25 17:13:13,757 INFO [http-nio-8080-exec-7] c.n.c.a.ServiceLogAspect [ServiceLogAspect.java:37] 用户[0:0:0:0:0:0:0:1],在[2021-09-25 17:13:13],访问了[com.nowcoder.community.service.UserService.findUserById].
2021-09-25 17:13:13,760 INFO [http-nio-8080-exec-7] c.n.c.a.ServiceLogAspect [ServiceLogAspect.java:37] 用户[0:0:0:0:0:0:0:1],在[2021-09-25 17:13:13],访问了[com.nowcoder.community.service.MessageService.findLetterCount].
2021-09-25 17:13:13,762 INFO [http-nio-8080-exec-7] c.n.c.a.ServiceLogAspect [ServiceLogAspect.java:37] 用户[0:0:0:0:0:0:0:1],在[2021-09-25 17:13:13],访问了[com.nowcoder.community.service.MessageService.findLetterUnreadCount].
2021-09-25 17:13:13,765 INFO [http-nio-8080-exec-7] c.n.c.a.ServiceLogAspect [ServiceLogAspect.java:37] 用户[0:0:0:0:0:0:0:1],在[2021-09-25 17:13:13],访问了[com.nowcoder.community.service.UserService.findUserById].
2021-09-25 17:13:13,767 INFO [http-nio-8080-exec-7] c.n.c.a.ServiceLogAspect [ServiceLogAspect.java:37] 用户[0:0:0:0:0:0:0:1],在[2021-09-25 17:13:13],访问了[com.nowcoder.community.service.MessageService.findLetterCount].
2021-09-25 17:13:13,770 INFO [http-nio-8080-exec-7] c.n.c.a.ServiceLogAspect [ServiceLogAspect.java:37] 用户[0:0:0:0:0:0:0:1],在[2021-09-25 17:13:13],访问了[com.nowcoder.community.service.MessageService.findLetterUnreadCount].
2021-09-25 17:13:13,773 INFO [http-nio-8080-exec-7] c.n.c.a.ServiceLogAspect [ServiceLogAspect.java:37] 用户[0:0:0:0:0:0:0:1],在[2021-09-25 17:13:13],访问了[com.nowcoder.community.service.UserService.findUserById].
2021-09-25 17:13:13,776 INFO [http-nio-8080-exec-7] c.n.c.a.ServiceLogAspect [ServiceLogAspect.java:37] 用户[0:0:0:0:0:0:0:1],在[2021-09-25 17:13:13],访问了[com.nowcoder.community.service.MessageService.findLetterUnreadCount].
2021-09-25 20:29:51,473 INFO [http-nio-8080-exec-7] c.n.c.a.ServiceLogAspect [ServiceLogAspect.java:37] 用户[0:0:0:0:0:0:0:1],在[2021-09-25 20:29:51],访问了[com.nowcoder.community.service.UserService.findLoginTicket].
2021-09-25 20:29:51,491 INFO [http-nio-8080-exec-7] c.n.c.a.ServiceLogAspect [ServiceLogAspect.java:37] 用户[0:0:0:0:0:0:0:1],在[2021-09-25 20:29:51],访问了[com.nowcoder.community.service.UserService.findUserById].
2021-09-25 20:29:51,495 INFO [http-nio-8080-exec-7] c.n.c.a.ServiceLogAspect [ServiceLogAspect.java:37] 用户[0:0:0:0:0:0:0:1],在[2021-09-25 20:29:51],访问了[com.nowcoder.community.service.DiscussPostService.findDiscussPostRows].
2021-09-25 20:29:51,497 INFO [http-nio-8080-exec-7] c.n.c.a.ServiceLogAspect [ServiceLogAspect.java:37] 用户[0:0:0:0:0:0:0:1],在[2021-09-25 20:29:51],访问了[com.nowcoder.community.service.DiscussPostService.findDiscussPosts].
2021-09-25 20:29:51,502 INFO [http-nio-8080-exec-7] c.n.c.a.ServiceLogAspect [ServiceLogAspect.java:37] 用户[0:0:0:0:0:0:0:1],在[2021-09-25 20:29:51],访问了[com.nowcoder.community.service.UserService.findUserById].
2021-09-25 20:29:51,504 INFO [http-nio-8080-exec-7] c.n.c.a.ServiceLogAspect [ServiceLogAspect.java:37] 用户[0:0:0:0:0:0:0:1],在[2021-09-25 20:29:51],访问了[com.nowcoder.community.service.LikeService.findEntityLikeCount].
2021-09-25 20:29:51,505 INFO [http-nio-8080-exec-7] c.n.c.a.ServiceLogAspect [ServiceLogAspect.java:37] 用户[0:0:0:0:0:0:0:1],在[2021-09-25 20:29:51],访问了[com.nowcoder.community.service.UserService.findUserById].
2021-09-25 20:29:51,508 INFO [http-nio-8080-exec-7] c.n.c.a.ServiceLogAspect [ServiceLogAspect.java:37] 用户[0:0:0:0:0:0:0:1],在[2021-09-25 20:29:51],访问了[com.nowcoder.community.service.LikeService.findEntityLikeCount].
2021-09-25 20:29:51,509 INFO [http-nio-8080-exec-7] c.n.c.a.ServiceLogAspect [ServiceLogAspect.java:37] 用户[0:0:0:0:0:0:0:1],在[2021-09-25 20:29:51],访问了[com.nowcoder.community.service.UserService.findUserById].
2021-09-25 20:29:51,511 INFO [http-nio-8080-exec-7] c.n.c.a.ServiceLogAspect [ServiceLogAspect.java:37] 用户[0:0:0:0:0:0:0:1],在[2021-09-25 20:29:51],访问了[com.nowcoder.community.service.LikeService.findEntityLikeCount].
2021-09-25 20:29:51,512 INFO [http-nio-8080-exec-7] c.n.c.a.ServiceLogAspect [ServiceLogAspect.java:37] 用户[0:0:0:0:0:0:0:1],在[2021-09-25 20:29:51],访问了[com.nowcoder.community.service.UserService.findUserById].
2021-09-25 20:29:51,514 INFO [http-nio-8080-exec-7] c.n.c.a.ServiceLogAspect [ServiceLogAspect.java:37] 用户[0:0:0:0:0:0:0:1],在[2021-09-25 20:29:51],访问了[com.nowcoder.community.service.LikeService.findEntityLikeCount].
2021-09-25 20:29:51,515 INFO [http-nio-8080-exec-7] c.n.c.a.ServiceLogAspect [ServiceLogAspect.java:37] 用户[0:0:0:0:0:0:0:1],在[2021-09-25 20:29:51],访问了[com.nowcoder.community.service.UserService.findUserById].
2021-09-25 20:29:51,517 INFO [http-nio-8080-exec-7] c.n.c.a.ServiceLogAspect [ServiceLogAspect.java:37] 用户[0:0:0:0:0:0:0:1],在[2021-09-25 20:29:51],访问了[com.nowcoder.community.service.LikeService.findEntityLikeCount].
2021-09-25 20:29:51,518 INFO [http-nio-8080-exec-7] c.n.c.a.ServiceLogAspect [ServiceLogAspect.java:37] 用户[0:0:0:0:0:0:0:1],在[2021-09-25 20:29:51],访问了[com.nowcoder.community.service.UserService.findUserById].
2021-09-25 20:29:51,520 INFO [http-nio-8080-exec-7] c.n.c.a.ServiceLogAspect [ServiceLogAspect.java:37] 用户[0:0:0:0:0:0:0:1],在[2021-09-25 20:29:51],访问了[com.nowcoder.community.service.LikeService.findEntityLikeCount].
2021-09-25 20:29:51,521 INFO [http-nio-8080-exec-7] c.n.c.a.ServiceLogAspect [ServiceLogAspect.java:37] 用户[0:0:0:0:0:0:0:1],在[2021-09-25 20:29:51],访问了[com.nowcoder.community.service.UserService.findUserById].
2021-09-25 20:29:51,523 INFO [http-nio-8080-exec-7] c.n.c.a.ServiceLogAspect [ServiceLogAspect.java:37] 用户[0:0:0:0:0:0:0:1],在[2021-09-25 20:29:51],访问了[com.nowcoder.community.service.LikeService.findEntityLikeCount].
2021-09-25 20:29:51,525 INFO [http-nio-8080-exec-7] c.n.c.a.ServiceLogAspect [ServiceLogAspect.java:37] 用户[0:0:0:0:0:0:0:1],在[2021-09-25 20:29:51],访问了[com.nowcoder.community.service.UserService.findUserById].
2021-09-25 20:29:51,528 INFO [http-nio-8080-exec-7] c.n.c.a.ServiceLogAspect [ServiceLogAspect.java:37] 用户[0:0:0:0:0:0:0:1],在[2021-09-25 20:29:51],访问了[com.nowcoder.community.service.LikeService.findEntityLikeCount].
2021-09-25 20:29:51,529 INFO [http-nio-8080-exec-7] c.n.c.a.ServiceLogAspect [ServiceLogAspect.java:37] 用户[0:0:0:0:0:0:0:1],在[2021-09-25 20:29:51],访问了[com.nowcoder.community.service.UserService.findUserById].
2021-09-25 20:29:51,531 INFO [http-nio-8080-exec-7] c.n.c.a.ServiceLogAspect [ServiceLogAspect.java:37] 用户[0:0:0:0:0:0:0:1],在[2021-09-25 20:29:51],访问了[com.nowcoder.community.service.LikeService.findEntityLikeCount].
2021-09-25 20:29:51,532 INFO [http-nio-8080-exec-7] c.n.c.a.ServiceLogAspect [ServiceLogAspect.java:37] 用户[0:0:0:0:0:0:0:1],在[2021-09-25 20:29:51],访问了[com.nowcoder.community.service.UserService.findUserById].
2021-09-25 20:29:51,535 INFO [http-nio-8080-exec-7] c.n.c.a.ServiceLogAspect [ServiceLogAspect.java:37] 用户[0:0:0:0:0:0:0:1],在[2021-09-25 20:29:51],访问了[com.nowcoder.community.service.LikeService.findEntityLikeCount].
2021-09-25 20:30:57,443 INFO [http-nio-8080-exec-3] c.n.c.a.ServiceLogAspect [ServiceLogAspect.java:37] 用户[0:0:0:0:0:0:0:1],在[2021-09-25 20:30:57],访问了[com.nowcoder.community.service.UserService.findLoginTicket].
2021-09-25 20:30:57,447 INFO [http-nio-8080-exec-3] c.n.c.a.ServiceLogAspect [ServiceLogAspect.java:37] 用户[0:0:0:0:0:0:0:1],在[2021-09-25 20:30:57],访问了[com.nowcoder.community.service.UserService.findUserById].
2021-09-25 20:30:57,449 INFO [http-nio-8080-exec-3] c.n.c.a.ServiceLogAspect [ServiceLogAspect.java:37] 用户[0:0:0:0:0:0:0:1],在[2021-09-25 20:30:57],访问了[com.nowcoder.community.service.UserService.findUserById].
2021-09-25 20:30:57,451 INFO [http-nio-8080-exec-3] c.n.c.a.ServiceLogAspect [ServiceLogAspect.java:37] 用户[0:0:0:0:0:0:0:1],在[2021-09-25 20:30:57],访问了[com.nowcoder.community.service.LikeService.findUserLikeCount].
2021-09-25 20:30:57,564 INFO [http-nio-8080-exec-5] c.n.c.a.ServiceLogAspect [ServiceLogAspect.java:37] 用户[0:0:0:0:0:0:0:1],在[2021-09-25 20:30:57],访问了[com.nowcoder.community.service.UserService.findLoginTicket].
2021-09-25 20:30:57,564 INFO [http-nio-8080-exec-7] c.n.c.a.ServiceLogAspect [ServiceLogAspect.java:37] 用户[0:0:0:0:0:0:0:1],在[2021-09-25 20:30:57],访问了[com.nowcoder.community.service.UserService.findLoginTicket].
2021-09-25 20:30:57,567 INFO [http-nio-8080-exec-5] c.n.c.a.ServiceLogAspect [ServiceLogAspect.java:37] 用户[0:0:0:0:0:0:0:1],在[2021-09-25 20:30:57],访问了[com.nowcoder.community.service.UserService.findUserById].
2021-09-25 20:30:57,567 INFO [http-nio-8080-exec-7] c.n.c.a.ServiceLogAspect [ServiceLogAspect.java:37] 用户[0:0:0:0:0:0:0:1],在[2021-09-25 20:30:57],访问了[com.nowcoder.community.service.UserService.findUserById].
2021-09-25 20:30:59,753 INFO [http-nio-8080-exec-9] c.n.c.a.ServiceLogAspect [ServiceLogAspect.java:37] 用户[0:0:0:0:0:0:0:1],在[2021-09-25 20:30:59],访问了[com.nowcoder.community.service.UserService.findLoginTicket].
2021-09-25 20:30:59,757 INFO [http-nio-8080-exec-9] c.n.c.a.ServiceLogAspect [ServiceLogAspect.java:37] 用户[0:0:0:0:0:0:0:1],在[2021-09-25 20:30:59],访问了[com.nowcoder.community.service.UserService.findUserById].
2021-09-25 20:30:59,778 INFO [http-nio-8080-exec-8] c.n.c.a.ServiceLogAspect [ServiceLogAspect.java:37] 用户[0:0:0:0:0:0:0:1],在[2021-09-25 20:30:59],访问了[com.nowcoder.community.service.UserService.findLoginTicket].
2021-09-25 20:30:59,780 INFO [http-nio-8080-exec-8] c.n.c.a.ServiceLogAspect [ServiceLogAspect.java:37] 用户[0:0:0:0:0:0:0:1],在[2021-09-25 20:30:59],访问了[com.nowcoder.community.service.UserService.findUserById].
2021-09-25 20:31:02,813 INFO [http-nio-8080-exec-3] c.n.c.a.ServiceLogAspect [ServiceLogAspect.java:37] 用户[0:0:0:0:0:0:0:1],在[2021-09-25 20:31:02],访问了[com.nowcoder.community.service.UserService.findLoginTicket].
2021-09-25 20:31:02,816 INFO [http-nio-8080-exec-3] c.n.c.a.ServiceLogAspect [ServiceLogAspect.java:37] 用户[0:0:0:0:0:0:0:1],在[2021-09-25 20:31:02],访问了[com.nowcoder.community.service.UserService.findUserById].
2021-09-25 20:31:02,831 INFO [http-nio-8080-exec-6] c.n.c.a.ServiceLogAspect [ServiceLogAspect.java:37] 用户[0:0:0:0:0:0:0:1],在[2021-09-25 20:31:02],访问了[com.nowcoder.community.service.UserService.findLoginTicket].
2021-09-25 20:31:02,833 INFO [http-nio-8080-exec-6] c.n.c.a.ServiceLogAspect [ServiceLogAspect.java:37] 用户[0:0:0:0:0:0:0:1],在[2021-09-25 20:31:02],访问了[com.nowcoder.community.service.UserService.findUserById].
2021-09-25 20:31:05,502 INFO [http-nio-8080-exec-10] c.n.c.a.ServiceLogAspect [ServiceLogAspect.java:37] 用户[0:0:0:0:0:0:0:1],在[2021-09-25 20:31:05],访问了[com.nowcoder.community.service.UserService.findLoginTicket].
2021-09-25 20:31:05,505 INFO [http-nio-8080-exec-10] c.n.c.a.ServiceLogAspect [ServiceLogAspect.java:37] 用户[0:0:0:0:0:0:0:1],在[2021-09-25 20:31:05],访问了[com.nowcoder.community.service.UserService.findUserById].
2021-09-25 20:31:05,516 INFO [http-nio-8080-exec-1] c.n.c.a.ServiceLogAspect [ServiceLogAspect.java:37] 用户[0:0:0:0:0:0:0:1],在[2021-09-25 20:31:05],访问了[com.nowcoder.community.service.UserService.findLoginTicket].
2021-09-25 20:31:05,519 INFO [http-nio-8080-exec-1] c.n.c.a.ServiceLogAspect [ServiceLogAspect.java:37] 用户[0:0:0:0:0:0:0:1],在[2021-09-25 20:31:05],访问了[com.nowcoder.community.service.UserService.findUserById].
